[5.923s] Invoking command in '/home/ubuntu/PucksInDeep/rosHockey/keyboard_control': PYTHONPATH=/home/ubuntu/PucksInDeep/rosHockey/install/keyboard_control/lib/python3.8/site-packages:${PYTHONPATH} /usr/bin/python3 setup.py egg_info --egg-base ../build/keyboard_control build --build-base /home/ubuntu/PucksInDeep/rosHockey/build/keyboard_control/build install --prefix /home/ubuntu/PucksInDeep/rosHockey/install/keyboard_control --record /home/ubuntu/PucksInDeep/rosHockey/build/keyboard_control/install.log --single-version-externally-managed
[8.941s] running egg_info
[8.948s] writing ../build/keyboard_control/keyboard_control.egg-info/PKG-INFO
[8.961s] writing dependency_links to ../build/keyboard_control/keyboard_control.egg-info/dependency_links.txt
[8.962s] writing entry points to ../build/keyboard_control/keyboard_control.egg-info/entry_points.txt
[8.965s] writing requirements to ../build/keyboard_control/keyboard_control.egg-info/requires.txt
[8.968s] writing top-level names to ../build/keyboard_control/keyboard_control.egg-info/top_level.txt
[9.269s] reading manifest file '../build/keyboard_control/keyboard_control.egg-info/SOURCES.txt'
[9.278s] writing manifest file '../build/keyboard_control/keyboard_control.egg-info/SOURCES.txt'
[9.281s] running build
[9.281s] running build_py
[9.285s] running install
[9.291s] running install_lib
[9.301s] running install_data
[9.306s] running install_egg_info
[9.318s] removing '/home/ubuntu/PucksInDeep/rosHockey/install/keyboard_control/lib/python3.8/site-packages/keyboard_control-0.0.0-py3.8.egg-info' (and everything under it)
[9.325s] Copying ../build/keyboard_control/keyboard_control.egg-info to /home/ubuntu/PucksInDeep/rosHockey/install/keyboard_control/lib/python3.8/site-packages/keyboard_control-0.0.0-py3.8.egg-info
[9.338s] running install_scripts
[9.458s] writing list of installed files to '/home/ubuntu/PucksInDeep/rosHockey/build/keyboard_control/install.log'
[9.623s] Invoked command in '/home/ubuntu/PucksInDeep/rosHockey/keyboard_control' returned '0': PYTHONPATH=/home/ubuntu/PucksInDeep/rosHockey/install/keyboard_control/lib/python3.8/site-packages:${PYTHONPATH} /usr/bin/python3 setup.py egg_info --egg-base ../build/keyboard_control build --build-base /home/ubuntu/PucksInDeep/rosHockey/build/keyboard_control/build install --prefix /home/ubuntu/PucksInDeep/rosHockey/install/keyboard_control --record /home/ubuntu/PucksInDeep/rosHockey/build/keyboard_control/install.log --single-version-externally-managed
