[6.154s] Invoking command in '/home/ubuntu/PucksInDeep/rosHockey/visualizer': BYOBU_DATE=%Y-%m-%d PYTHONPATH=/home/ubuntu/PucksInDeep/rosHockey/install/visualizer/lib/python3.8/site-packages:${PYTHONPATH} /usr/bin/python3 setup.py egg_info --egg-base ../build/visualizer build --build-base /home/ubuntu/PucksInDeep/rosHockey/build/visualizer/build install --prefix /home/ubuntu/PucksInDeep/rosHockey/install/visualizer --record /home/ubuntu/PucksInDeep/rosHockey/build/visualizer/install.log --single-version-externally-managed
[8.240s] running egg_info
[8.253s] writing ../build/visualizer/visualizer.egg-info/PKG-INFO
[8.254s] writing dependency_links to ../build/visualizer/visualizer.egg-info/dependency_links.txt
[8.255s] writing entry points to ../build/visualizer/visualizer.egg-info/entry_points.txt
[8.262s] writing requirements to ../build/visualizer/visualizer.egg-info/requires.txt
[8.263s] writing top-level names to ../build/visualizer/visualizer.egg-info/top_level.txt
[8.504s] reading manifest file '../build/visualizer/visualizer.egg-info/SOURCES.txt'
[8.509s] writing manifest file '../build/visualizer/visualizer.egg-info/SOURCES.txt'
[8.516s] running build
[8.517s] running build_py
[8.518s] copying visualizer/sub.py -> /home/ubuntu/PucksInDeep/rosHockey/build/visualizer/build/lib/visualizer
[8.520s] copying visualizer/__init__.py -> /home/ubuntu/PucksInDeep/rosHockey/build/visualizer/build/lib/visualizer
[13.224s] copying visualizer/viz.py -> /home/ubuntu/PucksInDeep/rosHockey/build/visualizer/build/lib/visualizer
[13.225s] running install
[13.226s] running install_lib
[13.233s] copying /home/ubuntu/PucksInDeep/rosHockey/build/visualizer/build/lib/visualizer/sub.py -> /home/ubuntu/PucksInDeep/rosHockey/install/visualizer/lib/python3.8/site-packages/visualizer
[13.236s] copying /home/ubuntu/PucksInDeep/rosHockey/build/visualizer/build/lib/visualizer/__init__.py -> /home/ubuntu/PucksInDeep/rosHockey/install/visualizer/lib/python3.8/site-packages/visualizer
[13.242s] copying /home/ubuntu/PucksInDeep/rosHockey/build/visualizer/build/lib/visualizer/viz.py -> /home/ubuntu/PucksInDeep/rosHockey/install/visualizer/lib/python3.8/site-packages/visualizer
[13.247s] byte-compiling /home/ubuntu/PucksInDeep/rosHockey/install/visualizer/lib/python3.8/site-packages/visualizer/sub.py to sub.cpython-38.pyc
[13.251s] byte-compiling /home/ubuntu/PucksInDeep/rosHockey/install/visualizer/lib/python3.8/site-packages/visualizer/__init__.py to __init__.cpython-38.pyc
[13.266s] byte-compiling /home/ubuntu/PucksInDeep/rosHockey/install/visualizer/lib/python3.8/site-packages/visualizer/viz.py to viz.cpython-38.pyc
[13.277s] running install_data
[13.336s] copying resource/visualizer -> /home/ubuntu/PucksInDeep/rosHockey/install/visualizer/share/ament_index/resource_index/packages
[13.346s] copying package.xml -> /home/ubuntu/PucksInDeep/rosHockey/install/visualizer/share/visualizer
[13.355s] running install_egg_info
[13.388s] Copying ../build/visualizer/visualizer.egg-info to /home/ubuntu/PucksInDeep/rosHockey/install/visualizer/lib/python3.8/site-packages/visualizer-0.0.0-py3.8.egg-info
[13.402s] running install_scripts
[13.477s] Installing sub script to /home/ubuntu/PucksInDeep/rosHockey/install/visualizer/lib/visualizer
[13.480s] Installing viz script to /home/ubuntu/PucksInDeep/rosHockey/install/visualizer/lib/visualizer
[13.492s] writing list of installed files to '/home/ubuntu/PucksInDeep/rosHockey/build/visualizer/install.log'
[13.747s] Invoked command in '/home/ubuntu/PucksInDeep/rosHockey/visualizer' returned '0': BYOBU_DATE=%Y-%m-%d PYTHONPATH=/home/ubuntu/PucksInDeep/rosHockey/install/visualizer/lib/python3.8/site-packages:${PYTHONPATH} /usr/bin/python3 setup.py egg_info --egg-base ../build/visualizer build --build-base /home/ubuntu/PucksInDeep/rosHockey/build/visualizer/build install --prefix /home/ubuntu/PucksInDeep/rosHockey/install/visualizer --record /home/ubuntu/PucksInDeep/rosHockey/build/visualizer/install.log --single-version-externally-managed
