[  9%] Built target hockey_msgs__rosidl_generator_c
[ 12%] Built target hockey_msgs__cpp
[ 22%] Built target hockey_msgs__rosidl_typesupport_c
[ 32%] Built target hockey_msgs__rosidl_typesupport_introspection_c
[ 41%] Built target hockey_msgs__rosidl_typesupport_introspection_cpp
[ 51%] Built target hockey_msgs__rosidl_typesupport_cpp
[ 61%] Built target hockey_msgs__rosidl_typesupport_fastrtps_cpp
[ 70%] Built target hockey_msgs__rosidl_typesupport_fastrtps_c
[ 70%] Built target hockey_msgs
[ 74%] Built target hockey_msgs__py
[ 80%] Built target hockey_msgs__python
[ 87%] Built target hockey_msgs__rosidl_typesupport_c__pyext
[ 93%] Built target hockey_msgs__rosidl_typesupport_introspection_c__pyext
[100%] Built target hockey_msgs__rosidl_typesupport_fastrtps_c__pyext
-- Install configuration: ""
-- Up-to-date: /home/ubuntu/PucksInDeep/rosHockey/install/hockey_msgs/share/ament_index/resource_index/rosidl_interfaces/hockey_msgs
-- Up-to-date: /home/ubuntu/PucksInDeep/rosHockey/install/hockey_msgs/include/hockey_msgs
-- Up-to-date: /home/ubuntu/PucksInDeep/rosHockey/install/hockey_msgs/include/hockey_msgs/msg
-- Up-to-date: /home/ubuntu/PucksInDeep/rosHockey/install/hockey_msgs/include/hockey_msgs/msg/detail
-- Up-to-date: /home/ubuntu/PucksInDeep/rosHockey/install/hockey_msgs/include/hockey_msgs/msg/detail/mallet_pos__type_support.h
-- Up-to-date: /home/ubuntu/PucksInDeep/rosHockey/install/hockey_msgs/include/hockey_msgs/msg/detail/mallet_pos__struct.h
-- Up-to-date: /home/ubuntu/PucksInDeep/rosHockey/install/hockey_msgs/include/hockey_msgs/msg/detail/mallet_pos__functions.h
-- Up-to-date: /home/ubuntu/PucksInDeep/rosHockey/install/hockey_msgs/include/hockey_msgs/msg/detail/mallet_pos__functions.c
-- Up-to-date: /home/ubuntu/PucksInDeep/rosHockey/install/hockey_msgs/include/hockey_msgs/msg/rosidl_generator_c__visibility_control.h
-- Up-to-date: /home/ubuntu/PucksInDeep/rosHockey/install/hockey_msgs/include/hockey_msgs/msg/mallet_pos.h
-- Up-to-date: /home/ubuntu/PucksInDeep/rosHockey/install/hockey_msgs/share/hockey_msgs/environment/library_path.sh
-- Up-to-date: /home/ubuntu/PucksInDeep/rosHockey/install/hockey_msgs/share/hockey_msgs/environment/library_path.dsv
-- Up-to-date: /home/ubuntu/PucksInDeep/rosHockey/install/hockey_msgs/lib/libhockey_msgs__rosidl_generator_c.so
-- Up-to-date: /home/ubuntu/PucksInDeep/rosHockey/install/hockey_msgs/include/hockey_msgs
-- Up-to-date: /home/ubuntu/PucksInDeep/rosHockey/install/hockey_msgs/include/hockey_msgs/msg
-- Up-to-date: /home/ubuntu/PucksInDeep/rosHockey/install/hockey_msgs/include/hockey_msgs/msg/detail
-- Up-to-date: /home/ubuntu/PucksInDeep/rosHockey/install/hockey_msgs/include/hockey_msgs/msg/detail/mallet_pos__rosidl_typesupport_fastrtps_c.h
-- Up-to-date: /home/ubuntu/PucksInDeep/rosHockey/install/hockey_msgs/include/hockey_msgs/msg/rosidl_typesupport_fastrtps_c__visibility_control.h
-- Up-to-date: /home/ubuntu/PucksInDeep/rosHockey/install/hockey_msgs/lib/libhockey_msgs__rosidl_typesupport_fastrtps_c.so
-- Up-to-date: /home/ubuntu/PucksInDeep/rosHockey/install/hockey_msgs/include/hockey_msgs
-- Up-to-date: /home/ubuntu/PucksInDeep/rosHockey/install/hockey_msgs/include/hockey_msgs/msg
-- Up-to-date: /home/ubuntu/PucksInDeep/rosHockey/install/hockey_msgs/include/hockey_msgs/msg/detail
-- Up-to-date: /home/ubuntu/PucksInDeep/rosHockey/install/hockey_msgs/include/hockey_msgs/msg/detail/dds_fastrtps
-- Up-to-date: /home/ubuntu/PucksInDeep/rosHockey/install/hockey_msgs/include/hockey_msgs/msg/detail/mallet_pos__rosidl_typesupport_fastrtps_cpp.hpp
-- Up-to-date: /home/ubuntu/PucksInDeep/rosHockey/install/hockey_msgs/include/hockey_msgs/msg/rosidl_typesupport_fastrtps_cpp__visibility_control.h
-- Up-to-date: /home/ubuntu/PucksInDeep/rosHockey/install/hockey_msgs/lib/libhockey_msgs__rosidl_typesupport_fastrtps_cpp.so
-- Up-to-date: /home/ubuntu/PucksInDeep/rosHockey/install/hockey_msgs/include/hockey_msgs
-- Up-to-date: /home/ubuntu/PucksInDeep/rosHockey/install/hockey_msgs/include/hockey_msgs/msg
-- Up-to-date: /home/ubuntu/PucksInDeep/rosHockey/install/hockey_msgs/include/hockey_msgs/msg/detail
-- Up-to-date: /home/ubuntu/PucksInDeep/rosHockey/install/hockey_msgs/include/hockey_msgs/msg/detail/mallet_pos__rosidl_typesupport_introspection_c.h
-- Up-to-date: /home/ubuntu/PucksInDeep/rosHockey/install/hockey_msgs/include/hockey_msgs/msg/detail/mallet_pos__type_support.c
-- Up-to-date: /home/ubuntu/PucksInDeep/rosHockey/install/hockey_msgs/include/hockey_msgs/msg/rosidl_typesupport_introspection_c__visibility_control.h
-- Up-to-date: /home/ubuntu/PucksInDeep/rosHockey/install/hockey_msgs/lib/libhockey_msgs__rosidl_typesupport_introspection_c.so
-- Up-to-date: /home/ubuntu/PucksInDeep/rosHockey/install/hockey_msgs/lib/libhockey_msgs__rosidl_typesupport_c.so
-- Up-to-date: /home/ubuntu/PucksInDeep/rosHockey/install/hockey_msgs/include/hockey_msgs
-- Up-to-date: /home/ubuntu/PucksInDeep/rosHockey/install/hockey_msgs/include/hockey_msgs/msg
-- Up-to-date: /home/ubuntu/PucksInDeep/rosHockey/install/hockey_msgs/include/hockey_msgs/msg/detail
-- Up-to-date: /home/ubuntu/PucksInDeep/rosHockey/install/hockey_msgs/include/hockey_msgs/msg/detail/mallet_pos__traits.hpp
-- Up-to-date: /home/ubuntu/PucksInDeep/rosHockey/install/hockey_msgs/include/hockey_msgs/msg/detail/mallet_pos__struct.hpp
-- Up-to-date: /home/ubuntu/PucksInDeep/rosHockey/install/hockey_msgs/include/hockey_msgs/msg/detail/mallet_pos__builder.hpp
-- Up-to-date: /home/ubuntu/PucksInDeep/rosHockey/install/hockey_msgs/include/hockey_msgs/msg/mallet_pos.hpp
-- Up-to-date: /home/ubuntu/PucksInDeep/rosHockey/install/hockey_msgs/include/hockey_msgs
-- Up-to-date: /home/ubuntu/PucksInDeep/rosHockey/install/hockey_msgs/include/hockey_msgs/msg
-- Up-to-date: /home/ubuntu/PucksInDeep/rosHockey/install/hockey_msgs/include/hockey_msgs/msg/detail
-- Up-to-date: /home/ubuntu/PucksInDeep/rosHockey/install/hockey_msgs/include/hockey_msgs/msg/detail/mallet_pos__type_support.cpp
-- Up-to-date: /home/ubuntu/PucksInDeep/rosHockey/install/hockey_msgs/include/hockey_msgs/msg/detail/mallet_pos__rosidl_typesupport_introspection_cpp.hpp
-- Up-to-date: /home/ubuntu/PucksInDeep/rosHockey/install/hockey_msgs/lib/libhockey_msgs__rosidl_typesupport_introspection_cpp.so
-- Up-to-date: /home/ubuntu/PucksInDeep/rosHockey/install/hockey_msgs/lib/libhockey_msgs__rosidl_typesupport_cpp.so
-- Up-to-date: /home/ubuntu/PucksInDeep/rosHockey/install/hockey_msgs/share/hockey_msgs/environment/pythonpath.sh
-- Up-to-date: /home/ubuntu/PucksInDeep/rosHockey/install/hockey_msgs/share/hockey_msgs/environment/pythonpath.dsv
-- Up-to-date: /home/ubuntu/PucksInDeep/rosHockey/install/hockey_msgs/lib/python3.8/site-packages/hockey_msgs/__init__.py
-- Up-to-date: /home/ubuntu/PucksInDeep/rosHockey/install/hockey_msgs/lib/python3.8/site-packages/hockey_msgs/msg
-- Up-to-date: /home/ubuntu/PucksInDeep/rosHockey/install/hockey_msgs/lib/python3.8/site-packages/hockey_msgs/msg/__init__.py
-- Up-to-date: /home/ubuntu/PucksInDeep/rosHockey/install/hockey_msgs/lib/python3.8/site-packages/hockey_msgs/msg/_mallet_pos_s.c
-- Up-to-date: /home/ubuntu/PucksInDeep/rosHockey/install/hockey_msgs/lib/python3.8/site-packages/hockey_msgs/msg/_mallet_pos.py
-- Up-to-date: /home/ubuntu/PucksInDeep/rosHockey/install/hockey_msgs/lib/python3.8/site-packages/hockey_msgs/hockey_msgs_s__rosidl_typesupport_fastrtps_c.cpython-38-aarch64-linux-gnu.so
-- Up-to-date: /home/ubuntu/PucksInDeep/rosHockey/install/hockey_msgs/lib/python3.8/site-packages/hockey_msgs/hockey_msgs_s__rosidl_typesupport_introspection_c.cpython-38-aarch64-linux-gnu.so
-- Up-to-date: /home/ubuntu/PucksInDeep/rosHockey/install/hockey_msgs/lib/python3.8/site-packages/hockey_msgs/hockey_msgs_s__rosidl_typesupport_c.cpython-38-aarch64-linux-gnu.so
-- Up-to-date: /home/ubuntu/PucksInDeep/rosHockey/install/hockey_msgs/lib/libhockey_msgs__python.so
-- Up-to-date: /home/ubuntu/PucksInDeep/rosHockey/install/hockey_msgs/share/hockey_msgs/msg/MalletPos.idl
-- Up-to-date: /home/ubuntu/PucksInDeep/rosHockey/install/hockey_msgs/share/hockey_msgs/msg/MalletPos.msg
-- Up-to-date: /home/ubuntu/PucksInDeep/rosHockey/install/hockey_msgs/share/ament_index/resource_index/package_run_dependencies/hockey_msgs
-- Up-to-date: /home/ubuntu/PucksInDeep/rosHockey/install/hockey_msgs/share/ament_index/resource_index/parent_prefix_path/hockey_msgs
-- Up-to-date: /home/ubuntu/PucksInDeep/rosHockey/install/hockey_msgs/share/hockey_msgs/environment/ament_prefix_path.sh
-- Up-to-date: /home/ubuntu/PucksInDeep/rosHockey/install/hockey_msgs/share/hockey_msgs/environment/ament_prefix_path.dsv
-- Up-to-date: /home/ubuntu/PucksInDeep/rosHockey/install/hockey_msgs/share/hockey_msgs/environment/path.sh
-- Up-to-date: /home/ubuntu/PucksInDeep/rosHockey/install/hockey_msgs/share/hockey_msgs/environment/path.dsv
-- Up-to-date: /home/ubuntu/PucksInDeep/rosHockey/install/hockey_msgs/share/hockey_msgs/local_setup.bash
-- Up-to-date: /home/ubuntu/PucksInDeep/rosHockey/install/hockey_msgs/share/hockey_msgs/local_setup.sh
-- Up-to-date: /home/ubuntu/PucksInDeep/rosHockey/install/hockey_msgs/share/hockey_msgs/local_setup.zsh
-- Up-to-date: /home/ubuntu/PucksInDeep/rosHockey/install/hockey_msgs/share/hockey_msgs/local_setup.dsv
-- Installing: /home/ubuntu/PucksInDeep/rosHockey/install/hockey_msgs/share/hockey_msgs/package.dsv
-- Up-to-date: /home/ubuntu/PucksInDeep/rosHockey/install/hockey_msgs/share/ament_index/resource_index/packages/hockey_msgs
-- Up-to-date: /home/ubuntu/PucksInDeep/rosHockey/install/hockey_msgs/share/hockey_msgs/cmake/hockey_msgs__rosidl_generator_cExport.cmake
-- Up-to-date: /home/ubuntu/PucksInDeep/rosHockey/install/hockey_msgs/share/hockey_msgs/cmake/hockey_msgs__rosidl_generator_cExport-noconfig.cmake
-- Up-to-date: /home/ubuntu/PucksInDeep/rosHockey/install/hockey_msgs/share/hockey_msgs/cmake/hockey_msgs__rosidl_typesupport_introspection_cExport.cmake
-- Up-to-date: /home/ubuntu/PucksInDeep/rosHockey/install/hockey_msgs/share/hockey_msgs/cmake/hockey_msgs__rosidl_typesupport_introspection_cExport-noconfig.cmake
-- Up-to-date: /home/ubuntu/PucksInDeep/rosHockey/install/hockey_msgs/share/hockey_msgs/cmake/hockey_msgs__rosidl_typesupport_cExport.cmake
-- Up-to-date: /home/ubuntu/PucksInDeep/rosHockey/install/hockey_msgs/share/hockey_msgs/cmake/hockey_msgs__rosidl_typesupport_cExport-noconfig.cmake
-- Up-to-date: /home/ubuntu/PucksInDeep/rosHockey/install/hockey_msgs/share/hockey_msgs/cmake/hockey_msgs__rosidl_generator_cppExport.cmake
-- Up-to-date: /home/ubuntu/PucksInDeep/rosHockey/install/hockey_msgs/share/hockey_msgs/cmake/hockey_msgs__rosidl_typesupport_introspection_cppExport.cmake
-- Up-to-date: /home/ubuntu/PucksInDeep/rosHockey/install/hockey_msgs/share/hockey_msgs/cmake/hockey_msgs__rosidl_typesupport_introspection_cppExport-noconfig.cmake
-- Up-to-date: /home/ubuntu/PucksInDeep/rosHockey/install/hockey_msgs/share/hockey_msgs/cmake/hockey_msgs__rosidl_typesupport_cppExport.cmake
-- Up-to-date: /home/ubuntu/PucksInDeep/rosHockey/install/hockey_msgs/share/hockey_msgs/cmake/hockey_msgs__rosidl_typesupport_cppExport-noconfig.cmake
-- Up-to-date: /home/ubuntu/PucksInDeep/rosHockey/install/hockey_msgs/share/hockey_msgs/cmake/rosidl_cmake-extras.cmake
-- Up-to-date: /home/ubuntu/PucksInDeep/rosHockey/install/hockey_msgs/share/hockey_msgs/cmake/ament_cmake_export_dependencies-extras.cmake
-- Up-to-date: /home/ubuntu/PucksInDeep/rosHockey/install/hockey_msgs/share/hockey_msgs/cmake/ament_cmake_export_libraries-extras.cmake
-- Up-to-date: /home/ubuntu/PucksInDeep/rosHockey/install/hockey_msgs/share/hockey_msgs/cmake/ament_cmake_export_targets-extras.cmake
-- Up-to-date: /home/ubuntu/PucksInDeep/rosHockey/install/hockey_msgs/share/hockey_msgs/cmake/ament_cmake_export_include_directories-extras.cmake
-- Up-to-date: /home/ubuntu/PucksInDeep/rosHockey/install/hockey_msgs/share/hockey_msgs/cmake/rosidl_cmake_export_typesupport_libraries-extras.cmake
-- Up-to-date: /home/ubuntu/PucksInDeep/rosHockey/install/hockey_msgs/share/hockey_msgs/cmake/rosidl_cmake_export_typesupport_targets-extras.cmake
-- Up-to-date: /home/ubuntu/PucksInDeep/rosHockey/install/hockey_msgs/share/hockey_msgs/cmake/hockey_msgsConfig.cmake
-- Up-to-date: /home/ubuntu/PucksInDeep/rosHockey/install/hockey_msgs/share/hockey_msgs/cmake/hockey_msgsConfig-version.cmake
-- Up-to-date: /home/ubuntu/PucksInDeep/rosHockey/install/hockey_msgs/share/hockey_msgs/package.xml
