[0.289s] Invoking command in '/home/ubuntu/PucksInDeep/rosHockey/build/hockey_msgs': BYOBU_DATE=%Y-%m-%d CMAKE_PREFIX_PATH=/opt/ros/foxy /usr/bin/cmake --build /home/ubuntu/PucksInDeep/rosHockey/build/hockey_msgs -- -j4 -l4
[10.116s] [  3%] [34m[1mGenerating C code for ROS interfaces[0m
[10.117s] [35m[1mScanning dependencies of target hockey_msgs__cpp[0m
[10.117s] [  6%] [34m[1mGenerating C++ code for ROS interfaces[0m
[10.118s] [  6%] Built target hockey_msgs__cpp
[10.119s] [35m[1mScanning dependencies of target hockey_msgs__rosidl_generator_c[0m
[10.119s] [  9%] [34m[1mGenerating C++ type support dispatch for ROS interfaces[0m
[10.120s] [ 12%] [34m[1mGenerating C++ introspection for ROS interfaces[0m
[10.121s] [ 16%] [32mBuilding C object CMakeFiles/hockey_msgs__rosidl_generator_c.dir/rosidl_generator_c/hockey_msgs/msg/detail/mallet_pos__functions.c.o[0m
[10.134s] [ 19%] [34m[1mGenerating C++ type support for eProsima Fast-RTPS[0m
[10.138s] [ 22%] [32m[1mLinking C shared library libhockey_msgs__rosidl_generator_c.so[0m
[10.144s] [ 22%] Built target hockey_msgs__rosidl_generator_c
[10.145s] [ 25%] [34m[1mGenerating C type support dispatch for ROS interfaces[0m
[10.145s] [35m[1mScanning dependencies of target hockey_msgs__rosidl_typesupport_cpp[0m
[10.146s] [ 29%] [32mBuilding CXX object CMakeFiles/hockey_msgs__rosidl_typesupport_cpp.dir/rosidl_typesupport_cpp/hockey_msgs/msg/mallet_pos__type_support.cpp.o[0m
[10.147s] [35m[1mScanning dependencies of target hockey_msgs__rosidl_typesupport_introspection_cpp[0m
[10.148s] [ 32%] [32mBuilding CXX object CMakeFiles/hockey_msgs__rosidl_typesupport_introspection_cpp.dir/rosidl_typesupport_introspection_cpp/hockey_msgs/msg/detail/mallet_pos__type_support.cpp.o[0m
[10.149s] [35m[1mScanning dependencies of target hockey_msgs__rosidl_typesupport_fastrtps_cpp[0m
[10.163s] [ 35%] [32mBuilding CXX object CMakeFiles/hockey_msgs__rosidl_typesupport_fastrtps_cpp.dir/rosidl_typesupport_fastrtps_cpp/hockey_msgs/msg/detail/dds_fastrtps/mallet_pos__type_support.cpp.o[0m
[10.164s] [35m[1mScanning dependencies of target hockey_msgs__rosidl_typesupport_c[0m
[10.165s] [ 38%] [32mBuilding CXX object CMakeFiles/hockey_msgs__rosidl_typesupport_c.dir/rosidl_typesupport_c/hockey_msgs/msg/mallet_pos__type_support.cpp.o[0m
[10.174s] [ 41%] [32m[1mLinking CXX shared library libhockey_msgs__rosidl_typesupport_c.so[0m
[10.175s] [ 41%] Built target hockey_msgs__rosidl_typesupport_c
[10.175s] [ 45%] [34m[1mGenerating C introspection for ROS interfaces[0m
[10.623s] [ 48%] [32m[1mLinking CXX shared library libhockey_msgs__rosidl_typesupport_cpp.so[0m
[11.059s] [ 51%] [32m[1mLinking CXX shared library libhockey_msgs__rosidl_typesupport_introspection_cpp.so[0m
[11.253s] [ 51%] Built target hockey_msgs__rosidl_typesupport_cpp
[11.743s] [ 51%] Built target hockey_msgs__rosidl_typesupport_introspection_cpp
[12.453s] [35m[1mScanning dependencies of target hockey_msgs__rosidl_typesupport_introspection_c[0m
[12.667s] [ 54%] [32mBuilding C object CMakeFiles/hockey_msgs__rosidl_typesupport_introspection_c.dir/rosidl_typesupport_introspection_c/hockey_msgs/msg/detail/mallet_pos__type_support.c.o[0m
[13.319s] [ 58%] [32m[1mLinking C shared library libhockey_msgs__rosidl_typesupport_introspection_c.so[0m
[13.465s] [ 61%] [32m[1mLinking CXX shared library libhockey_msgs__rosidl_typesupport_fastrtps_cpp.so[0m
[13.992s] [ 61%] Built target hockey_msgs__rosidl_typesupport_introspection_c
[15.395s] [ 61%] Built target hockey_msgs__rosidl_typesupport_fastrtps_cpp
[15.557s] [ 64%] [34m[1mGenerating C type support for eProsima Fast-RTPS[0m
[17.674s] [35m[1mScanning dependencies of target hockey_msgs__rosidl_typesupport_fastrtps_c[0m
[17.847s] [ 67%] [32mBuilding CXX object CMakeFiles/hockey_msgs__rosidl_typesupport_fastrtps_c.dir/rosidl_typesupport_fastrtps_c/hockey_msgs/msg/detail/mallet_pos__type_support_c.cpp.o[0m
[20.099s] [ 70%] [32m[1mLinking CXX shared library libhockey_msgs__rosidl_typesupport_fastrtps_c.so[0m
[20.670s] [ 70%] Built target hockey_msgs__rosidl_typesupport_fastrtps_c
[20.719s] [35m[1mScanning dependencies of target hockey_msgs[0m
[20.812s] [ 70%] Built target hockey_msgs
[20.881s] [35m[1mScanning dependencies of target hockey_msgs__py[0m
[20.968s] [ 74%] [34m[1mGenerating Python code for ROS interfaces[0m
[23.924s] [ 74%] Built target hockey_msgs__py
[24.059s] [35m[1mScanning dependencies of target hockey_msgs__python[0m
[24.258s] [ 77%] [32mBuilding C object CMakeFiles/hockey_msgs__python.dir/rosidl_generator_py/hockey_msgs/msg/_mallet_pos_s.c.o[0m
[24.854s] [ 80%] [32m[1mLinking C shared library rosidl_generator_py/hockey_msgs/libhockey_msgs__python.so[0m
[25.065s] [ 80%] Built target hockey_msgs__python
[25.120s] [35m[1mScanning dependencies of target hockey_msgs__rosidl_typesupport_introspection_c__pyext[0m
[25.246s] [ 83%] [32mBuilding C object CMakeFiles/hockey_msgs__rosidl_typesupport_introspection_c__pyext.dir/rosidl_generator_py/hockey_msgs/_hockey_msgs_s.ep.rosidl_typesupport_introspection_c.c.o[0m
[26.247s] [ 87%] [32m[1mLinking C shared library rosidl_generator_py/hockey_msgs/hockey_msgs_s__rosidl_typesupport_introspection_c.cpython-38-aarch64-linux-gnu.so[0m
[26.616s] [ 87%] Built target hockey_msgs__rosidl_typesupport_introspection_c__pyext
[26.809s] [35m[1mScanning dependencies of target hockey_msgs__rosidl_typesupport_fastrtps_c__pyext[0m
[27.115s] [ 90%] [32mBuilding C object CMakeFiles/hockey_msgs__rosidl_typesupport_fastrtps_c__pyext.dir/rosidl_generator_py/hockey_msgs/_hockey_msgs_s.ep.rosidl_typesupport_fastrtps_c.c.o[0m
[27.852s] [ 93%] [32m[1mLinking CXX shared library rosidl_generator_py/hockey_msgs/hockey_msgs_s__rosidl_typesupport_fastrtps_c.cpython-38-aarch64-linux-gnu.so[0m
[28.153s] [ 93%] Built target hockey_msgs__rosidl_typesupport_fastrtps_c__pyext
[28.218s] [35m[1mScanning dependencies of target hockey_msgs__rosidl_typesupport_c__pyext[0m
[28.312s] [ 96%] [32mBuilding C object CMakeFiles/hockey_msgs__rosidl_typesupport_c__pyext.dir/rosidl_generator_py/hockey_msgs/_hockey_msgs_s.ep.rosidl_typesupport_c.c.o[0m
[29.053s] [100%] [32m[1mLinking C shared library rosidl_generator_py/hockey_msgs/hockey_msgs_s__rosidl_typesupport_c.cpython-38-aarch64-linux-gnu.so[0m
[29.315s] [100%] Built target hockey_msgs__rosidl_typesupport_c__pyext
