[0.831s] DEBUG:colcon:Command line arguments: ['/usr/bin/colcon', 'build']
[0.832s] DEBUG:colcon:Parsed command line arguments: Namespace(allow_overriding=[], ament_cmake_args=None, base_paths=['.'], build_base='build', catkin_cmake_args=None, catkin_skip_building_tests=False, cmake_args=None, cmake_clean_cache=False, cmake_clean_first=False, cmake_force_configure=False, cmake_target=None, cmake_target_skip_unavailable=False, continue_on_error=False, event_handlers=None, executor='parallel', ignore_user_meta=False, install_base='install', log_base=None, log_level=None, main=<bound method BuildVerb.main of <colcon_core.verb.build.BuildVerb object at 0xffffb5ed9700>>, merge_install=False, metas=['./colcon.meta'], packages_above=None, packages_above_and_dependencies=None, packages_above_depth=None, packages_end=None, packages_ignore=None, packages_ignore_regex=None, packages_select=None, packages_select_build_failed=False, packages_select_by_dep=None, packages_select_regex=None, packages_select_test_failures=False, packages_skip=None, packages_skip_build_finished=False, packages_skip_by_dep=None, packages_skip_regex=None, packages_skip_test_passed=False, packages_skip_up_to=None, packages_start=None, packages_up_to=None, packages_up_to_regex=None, parallel_workers=4, paths=None, symlink_install=False, test_result_base=None, verb_extension=<colcon_core.verb.build.BuildVerb object at 0xffffb5ed9700>, verb_name='build', verb_parser=<colcon_defaults.argument_parser.defaults.DefaultArgumentsDecorator object at 0xffffb5ed9c70>)
[0.866s] Level 1:colcon.colcon_core.package_discovery:discover_packages(colcon_meta) check parameters
[0.867s] Level 1:colcon.colcon_core.package_discovery:discover_packages(recursive) check parameters
[0.867s] Level 1:colcon.colcon_core.package_discovery:discover_packages(ignore) check parameters
[0.867s] Level 1:colcon.colcon_core.package_discovery:discover_packages(path) check parameters
[0.867s] Level 1:colcon.colcon_core.package_discovery:discover_packages(colcon_meta) discover
[0.867s] Level 1:colcon.colcon_core.package_discovery:discover_packages(recursive) discover
[0.868s] INFO:colcon.colcon_core.package_discovery:Crawling recursively for packages in '/home/ubuntu/PucksInDeep/RPi/rosHockey'
[0.868s] Level 1:colcon.colcon_core.package_identification:_identify(.) by extensions ['ignore', 'ignore_ament_install']
[0.869s] Level 1:colcon.colcon_core.package_identification:_identify(.) by extension 'ignore'
[0.869s] Level 1:colcon.colcon_core.package_identification:_identify(.) by extension 'ignore_ament_install'
[0.869s] Level 1:colcon.colcon_core.package_identification:_identify(.) by extensions ['colcon_pkg']
[0.870s] Level 1:colcon.colcon_core.package_identification:_identify(.) by extension 'colcon_pkg'
[0.870s] Level 1:colcon.colcon_core.package_identification:_identify(.) by extensions ['colcon_meta']
[0.870s] Level 1:colcon.colcon_core.package_identification:_identify(.) by extension 'colcon_meta'
[0.870s] Level 1:colcon.colcon_core.package_identification:_identify(.) by extensions ['ros']
[0.870s] Level 1:colcon.colcon_core.package_identification:_identify(.) by extension 'ros'
[0.948s] Level 1:colcon.colcon_core.package_identification:_identify(.) by extensions ['cmake', 'python']
[0.948s] Level 1:colcon.colcon_core.package_identification:_identify(.) by extension 'cmake'
[0.948s] Level 1:colcon.colcon_core.package_identification:_identify(.) by extension 'python'
[0.949s] Level 1:colcon.colcon_core.package_identification:_identify(.) by extensions ['python_setup_py']
[0.949s] Level 1:colcon.colcon_core.package_identification:_identify(.) by extension 'python_setup_py'
[0.950s] Level 1:colcon.colcon_core.package_identification:_identify(build) by extensions ['ignore', 'ignore_ament_install']
[0.950s] Level 1:colcon.colcon_core.package_identification:_identify(build) by extension 'ignore'
[0.950s] Level 1:colcon.colcon_core.package_identification:_identify(build) ignored
[0.951s] Level 1:colcon.colcon_core.package_identification:_identify(hockey_msgs) by extensions ['ignore', 'ignore_ament_install']
[0.952s] Level 1:colcon.colcon_core.package_identification:_identify(hockey_msgs) by extension 'ignore'
[0.952s] Level 1:colcon.colcon_core.package_identification:_identify(hockey_msgs) by extension 'ignore_ament_install'
[0.953s] Level 1:colcon.colcon_core.package_identification:_identify(hockey_msgs) by extensions ['colcon_pkg']
[0.953s] Level 1:colcon.colcon_core.package_identification:_identify(hockey_msgs) by extension 'colcon_pkg'
[0.953s] Level 1:colcon.colcon_core.package_identification:_identify(hockey_msgs) by extensions ['colcon_meta']
[0.953s] Level 1:colcon.colcon_core.package_identification:_identify(hockey_msgs) by extension 'colcon_meta'
[0.954s] Level 1:colcon.colcon_core.package_identification:_identify(hockey_msgs) by extensions ['ros']
[0.954s] Level 1:colcon.colcon_core.package_identification:_identify(hockey_msgs) by extension 'ros'
[0.968s] DEBUG:colcon.colcon_core.package_identification:Package 'hockey_msgs' with type 'ros.ament_cmake' and name 'hockey_msgs'
[0.969s] Level 1:colcon.colcon_core.package_identification:_identify(install) by extensions ['ignore', 'ignore_ament_install']
[0.970s] Level 1:colcon.colcon_core.package_identification:_identify(install) by extension 'ignore'
[0.970s] Level 1:colcon.colcon_core.package_identification:_identify(install) ignored
[0.971s] Level 1:colcon.colcon_core.package_identification:_identify(keyboard_control) by extensions ['ignore', 'ignore_ament_install']
[0.971s] Level 1:colcon.colcon_core.package_identification:_identify(keyboard_control) by extension 'ignore'
[0.972s] Level 1:colcon.colcon_core.package_identification:_identify(keyboard_control) by extension 'ignore_ament_install'
[0.972s] Level 1:colcon.colcon_core.package_identification:_identify(keyboard_control) by extensions ['colcon_pkg']
[0.972s] Level 1:colcon.colcon_core.package_identification:_identify(keyboard_control) by extension 'colcon_pkg'
[0.973s] Level 1:colcon.colcon_core.package_identification:_identify(keyboard_control) by extensions ['colcon_meta']
[0.973s] Level 1:colcon.colcon_core.package_identification:_identify(keyboard_control) by extension 'colcon_meta'
[0.973s] Level 1:colcon.colcon_core.package_identification:_identify(keyboard_control) by extensions ['ros']
[0.973s] Level 1:colcon.colcon_core.package_identification:_identify(keyboard_control) by extension 'ros'
[0.976s] DEBUG:colcon.colcon_core.package_identification:Package 'keyboard_control' with type 'ros.ament_python' and name 'keyboard_control'
[0.978s] Level 1:colcon.colcon_core.package_identification:_identify(log) by extensions ['ignore', 'ignore_ament_install']
[0.978s] Level 1:colcon.colcon_core.package_identification:_identify(log) by extension 'ignore'
[0.979s] Level 1:colcon.colcon_core.package_identification:_identify(log) ignored
[0.979s] Level 1:colcon.colcon_core.package_identification:_identify(position_publisher) by extensions ['ignore', 'ignore_ament_install']
[0.980s] Level 1:colcon.colcon_core.package_identification:_identify(position_publisher) by extension 'ignore'
[0.980s] Level 1:colcon.colcon_core.package_identification:_identify(position_publisher) by extension 'ignore_ament_install'
[0.981s] Level 1:colcon.colcon_core.package_identification:_identify(position_publisher) by extensions ['colcon_pkg']
[0.981s] Level 1:colcon.colcon_core.package_identification:_identify(position_publisher) by extension 'colcon_pkg'
[0.981s] Level 1:colcon.colcon_core.package_identification:_identify(position_publisher) by extensions ['colcon_meta']
[0.981s] Level 1:colcon.colcon_core.package_identification:_identify(position_publisher) by extension 'colcon_meta'
[0.982s] Level 1:colcon.colcon_core.package_identification:_identify(position_publisher) by extensions ['ros']
[0.982s] Level 1:colcon.colcon_core.package_identification:_identify(position_publisher) by extension 'ros'
[0.985s] DEBUG:colcon.colcon_core.package_identification:Package 'position_publisher' with type 'ros.ament_python' and name 'position_publisher'
[0.986s] Level 1:colcon.colcon_core.package_identification:_identify(puck_tracker) by extensions ['ignore', 'ignore_ament_install']
[0.986s] Level 1:colcon.colcon_core.package_identification:_identify(puck_tracker) by extension 'ignore'
[0.987s] Level 1:colcon.colcon_core.package_identification:_identify(puck_tracker) by extension 'ignore_ament_install'
[0.988s] Level 1:colcon.colcon_core.package_identification:_identify(puck_tracker) by extensions ['colcon_pkg']
[0.989s] Level 1:colcon.colcon_core.package_identification:_identify(puck_tracker) by extension 'colcon_pkg'
[0.990s] Level 1:colcon.colcon_core.package_identification:_identify(puck_tracker) by extensions ['colcon_meta']
[0.991s] Level 1:colcon.colcon_core.package_identification:_identify(puck_tracker) by extension 'colcon_meta'
[0.991s] Level 1:colcon.colcon_core.package_identification:_identify(puck_tracker) by extensions ['ros']
[0.991s] Level 1:colcon.colcon_core.package_identification:_identify(puck_tracker) by extension 'ros'
[0.994s] DEBUG:colcon.colcon_core.package_identification:Package 'puck_tracker' with type 'ros.ament_python' and name 'puck_tracker'
[0.995s] Level 1:colcon.colcon_core.package_identification:_identify(visualizer) by extensions ['ignore', 'ignore_ament_install']
[0.996s] Level 1:colcon.colcon_core.package_identification:_identify(visualizer) by extension 'ignore'
[0.996s] Level 1:colcon.colcon_core.package_identification:_identify(visualizer) by extension 'ignore_ament_install'
[0.997s] Level 1:colcon.colcon_core.package_identification:_identify(visualizer) by extensions ['colcon_pkg']
[0.997s] Level 1:colcon.colcon_core.package_identification:_identify(visualizer) by extension 'colcon_pkg'
[0.998s] Level 1:colcon.colcon_core.package_identification:_identify(visualizer) by extensions ['colcon_meta']
[0.998s] Level 1:colcon.colcon_core.package_identification:_identify(visualizer) by extension 'colcon_meta'
[0.998s] Level 1:colcon.colcon_core.package_identification:_identify(visualizer) by extensions ['ros']
[0.998s] Level 1:colcon.colcon_core.package_identification:_identify(visualizer) by extension 'ros'
[1.001s] DEBUG:colcon.colcon_core.package_identification:Package 'visualizer' with type 'ros.ament_python' and name 'visualizer'
[1.001s] Level 1:colcon.colcon_core.package_discovery:discover_packages(recursive) using defaults
[1.002s] Level 1:colcon.colcon_core.package_discovery:discover_packages(ignore) discover
[1.002s] Level 1:colcon.colcon_core.package_discovery:discover_packages(ignore) using defaults
[1.002s] Level 1:colcon.colcon_core.package_discovery:discover_packages(path) discover
[1.002s] Level 1:colcon.colcon_core.package_discovery:discover_packages(path) using defaults
[1.097s] Level 5:colcon.colcon_core.verb:set package 'hockey_msgs' build argument 'cmake_args' from command line to 'None'
[1.097s] Level 5:colcon.colcon_core.verb:set package 'hockey_msgs' build argument 'cmake_target' from command line to 'None'
[1.098s] Level 5:colcon.colcon_core.verb:set package 'hockey_msgs' build argument 'cmake_target_skip_unavailable' from command line to 'False'
[1.098s] Level 5:colcon.colcon_core.verb:set package 'hockey_msgs' build argument 'cmake_clean_cache' from command line to 'False'
[1.098s] Level 5:colcon.colcon_core.verb:set package 'hockey_msgs' build argument 'cmake_clean_first' from command line to 'False'
[1.098s] Level 5:colcon.colcon_core.verb:set package 'hockey_msgs' build argument 'cmake_force_configure' from command line to 'False'
[1.098s] Level 5:colcon.colcon_core.verb:set package 'hockey_msgs' build argument 'ament_cmake_args' from command line to 'None'
[1.098s] Level 5:colcon.colcon_core.verb:set package 'hockey_msgs' build argument 'catkin_cmake_args' from command line to 'None'
[1.099s] Level 5:colcon.colcon_core.verb:set package 'hockey_msgs' build argument 'catkin_skip_building_tests' from command line to 'False'
[1.099s] DEBUG:colcon.colcon_core.verb:Building package 'hockey_msgs' with the following arguments: {'ament_cmake_args': None, 'build_base': '/home/ubuntu/PucksInDeep/RPi/rosHockey/build/hockey_msgs', 'catkin_cmake_args': None, 'catkin_skip_building_tests': False, 'cmake_args': None, 'cmake_clean_cache': False, 'cmake_clean_first': False, 'cmake_force_configure': False, 'cmake_target': None, 'cmake_target_skip_unavailable': False, 'install_base': '/home/ubuntu/PucksInDeep/RPi/rosHockey/install/hockey_msgs', 'merge_install': False, 'path': '/home/ubuntu/PucksInDeep/RPi/rosHockey/hockey_msgs', 'symlink_install': False, 'test_result_base': None}
[1.102s] Level 5:colcon.colcon_core.verb:set package 'keyboard_control' build argument 'cmake_args' from command line to 'None'
[1.102s] Level 5:colcon.colcon_core.verb:set package 'keyboard_control' build argument 'cmake_target' from command line to 'None'
[1.102s] Level 5:colcon.colcon_core.verb:set package 'keyboard_control' build argument 'cmake_target_skip_unavailable' from command line to 'False'
[1.102s] Level 5:colcon.colcon_core.verb:set package 'keyboard_control' build argument 'cmake_clean_cache' from command line to 'False'
[1.103s] Level 5:colcon.colcon_core.verb:set package 'keyboard_control' build argument 'cmake_clean_first' from command line to 'False'
[1.103s] Level 5:colcon.colcon_core.verb:set package 'keyboard_control' build argument 'cmake_force_configure' from command line to 'False'
[1.103s] Level 5:colcon.colcon_core.verb:set package 'keyboard_control' build argument 'ament_cmake_args' from command line to 'None'
[1.103s] Level 5:colcon.colcon_core.verb:set package 'keyboard_control' build argument 'catkin_cmake_args' from command line to 'None'
[1.103s] Level 5:colcon.colcon_core.verb:set package 'keyboard_control' build argument 'catkin_skip_building_tests' from command line to 'False'
[1.103s] DEBUG:colcon.colcon_core.verb:Building package 'keyboard_control' with the following arguments: {'ament_cmake_args': None, 'build_base': '/home/ubuntu/PucksInDeep/RPi/rosHockey/build/keyboard_control', 'catkin_cmake_args': None, 'catkin_skip_building_tests': False, 'cmake_args': None, 'cmake_clean_cache': False, 'cmake_clean_first': False, 'cmake_force_configure': False, 'cmake_target': None, 'cmake_target_skip_unavailable': False, 'install_base': '/home/ubuntu/PucksInDeep/RPi/rosHockey/install/keyboard_control', 'merge_install': False, 'path': '/home/ubuntu/PucksInDeep/RPi/rosHockey/keyboard_control', 'symlink_install': False, 'test_result_base': None}
[1.106s] Level 5:colcon.colcon_core.verb:set package 'position_publisher' build argument 'cmake_args' from command line to 'None'
[1.107s] Level 5:colcon.colcon_core.verb:set package 'position_publisher' build argument 'cmake_target' from command line to 'None'
[1.107s] Level 5:colcon.colcon_core.verb:set package 'position_publisher' build argument 'cmake_target_skip_unavailable' from command line to 'False'
[1.107s] Level 5:colcon.colcon_core.verb:set package 'position_publisher' build argument 'cmake_clean_cache' from command line to 'False'
[1.107s] Level 5:colcon.colcon_core.verb:set package 'position_publisher' build argument 'cmake_clean_first' from command line to 'False'
[1.107s] Level 5:colcon.colcon_core.verb:set package 'position_publisher' build argument 'cmake_force_configure' from command line to 'False'
[1.107s] Level 5:colcon.colcon_core.verb:set package 'position_publisher' build argument 'ament_cmake_args' from command line to 'None'
[1.107s] Level 5:colcon.colcon_core.verb:set package 'position_publisher' build argument 'catkin_cmake_args' from command line to 'None'
[1.108s] Level 5:colcon.colcon_core.verb:set package 'position_publisher' build argument 'catkin_skip_building_tests' from command line to 'False'
[1.108s] DEBUG:colcon.colcon_core.verb:Building package 'position_publisher' with the following arguments: {'ament_cmake_args': None, 'build_base': '/home/ubuntu/PucksInDeep/RPi/rosHockey/build/position_publisher', 'catkin_cmake_args': None, 'catkin_skip_building_tests': False, 'cmake_args': None, 'cmake_clean_cache': False, 'cmake_clean_first': False, 'cmake_force_configure': False, 'cmake_target': None, 'cmake_target_skip_unavailable': False, 'install_base': '/home/ubuntu/PucksInDeep/RPi/rosHockey/install/position_publisher', 'merge_install': False, 'path': '/home/ubuntu/PucksInDeep/RPi/rosHockey/position_publisher', 'symlink_install': False, 'test_result_base': None}
[1.111s] Level 5:colcon.colcon_core.verb:set package 'puck_tracker' build argument 'cmake_args' from command line to 'None'
[1.111s] Level 5:colcon.colcon_core.verb:set package 'puck_tracker' build argument 'cmake_target' from command line to 'None'
[1.111s] Level 5:colcon.colcon_core.verb:set package 'puck_tracker' build argument 'cmake_target_skip_unavailable' from command line to 'False'
[1.111s] Level 5:colcon.colcon_core.verb:set package 'puck_tracker' build argument 'cmake_clean_cache' from command line to 'False'
[1.111s] Level 5:colcon.colcon_core.verb:set package 'puck_tracker' build argument 'cmake_clean_first' from command line to 'False'
[1.112s] Level 5:colcon.colcon_core.verb:set package 'puck_tracker' build argument 'cmake_force_configure' from command line to 'False'
[1.112s] Level 5:colcon.colcon_core.verb:set package 'puck_tracker' build argument 'ament_cmake_args' from command line to 'None'
[1.112s] Level 5:colcon.colcon_core.verb:set package 'puck_tracker' build argument 'catkin_cmake_args' from command line to 'None'
[1.112s] Level 5:colcon.colcon_core.verb:set package 'puck_tracker' build argument 'catkin_skip_building_tests' from command line to 'False'
[1.112s] DEBUG:colcon.colcon_core.verb:Building package 'puck_tracker' with the following arguments: {'ament_cmake_args': None, 'build_base': '/home/ubuntu/PucksInDeep/RPi/rosHockey/build/puck_tracker', 'catkin_cmake_args': None, 'catkin_skip_building_tests': False, 'cmake_args': None, 'cmake_clean_cache': False, 'cmake_clean_first': False, 'cmake_force_configure': False, 'cmake_target': None, 'cmake_target_skip_unavailable': False, 'install_base': '/home/ubuntu/PucksInDeep/RPi/rosHockey/install/puck_tracker', 'merge_install': False, 'path': '/home/ubuntu/PucksInDeep/RPi/rosHockey/puck_tracker', 'symlink_install': False, 'test_result_base': None}
[1.115s] Level 5:colcon.colcon_core.verb:set package 'visualizer' build argument 'cmake_args' from command line to 'None'
[1.116s] Level 5:colcon.colcon_core.verb:set package 'visualizer' build argument 'cmake_target' from command line to 'None'
[1.116s] Level 5:colcon.colcon_core.verb:set package 'visualizer' build argument 'cmake_target_skip_unavailable' from command line to 'False'
[1.116s] Level 5:colcon.colcon_core.verb:set package 'visualizer' build argument 'cmake_clean_cache' from command line to 'False'
[1.116s] Level 5:colcon.colcon_core.verb:set package 'visualizer' build argument 'cmake_clean_first' from command line to 'False'
[1.116s] Level 5:colcon.colcon_core.verb:set package 'visualizer' build argument 'cmake_force_configure' from command line to 'False'
[1.116s] Level 5:colcon.colcon_core.verb:set package 'visualizer' build argument 'ament_cmake_args' from command line to 'None'
[1.116s] Level 5:colcon.colcon_core.verb:set package 'visualizer' build argument 'catkin_cmake_args' from command line to 'None'
[1.117s] Level 5:colcon.colcon_core.verb:set package 'visualizer' build argument 'catkin_skip_building_tests' from command line to 'False'
[1.117s] DEBUG:colcon.colcon_core.verb:Building package 'visualizer' with the following arguments: {'ament_cmake_args': None, 'build_base': '/home/ubuntu/PucksInDeep/RPi/rosHockey/build/visualizer', 'catkin_cmake_args': None, 'catkin_skip_building_tests': False, 'cmake_args': None, 'cmake_clean_cache': False, 'cmake_clean_first': False, 'cmake_force_configure': False, 'cmake_target': None, 'cmake_target_skip_unavailable': False, 'install_base': '/home/ubuntu/PucksInDeep/RPi/rosHockey/install/visualizer', 'merge_install': False, 'path': '/home/ubuntu/PucksInDeep/RPi/rosHockey/visualizer', 'symlink_install': False, 'test_result_base': None}
[1.126s] INFO:colcon.colcon_core.executor:Executing jobs using 'parallel' executor
[1.134s] DEBUG:colcon.colcon_parallel_executor.executor.parallel:run_until_complete
[1.136s] INFO:colcon.colcon_ros.task.ament_cmake.build:Building ROS package in '/home/ubuntu/PucksInDeep/RPi/rosHockey/hockey_msgs' with build type 'ament_cmake'
[1.137s] INFO:colcon.colcon_cmake.task.cmake.build:Building CMake package in '/home/ubuntu/PucksInDeep/RPi/rosHockey/hockey_msgs'
[1.162s] INFO:colcon.colcon_core.plugin_system:Skipping extension 'colcon_core.shell.bat': Not used on non-Windows systems
[1.164s] INFO:colcon.colcon_core.shell:Skip shell extension 'powershell' for command environment: Not usable outside of PowerShell
[1.164s] DEBUG:colcon.colcon_core.shell:Skip shell extension 'dsv' for command environment
[1.181s] INFO:colcon.colcon_ros.task.ament_python.build:Building ROS package in '/home/ubuntu/PucksInDeep/RPi/rosHockey/keyboard_control' with build type 'ament_python'
[1.182s] Level 1:colcon.colcon_core.shell:create_environment_hook('keyboard_control', 'ament_prefix_path')
[1.185s] INFO:colcon.colcon_core.shell:Creating environment hook '/home/ubuntu/PucksInDeep/RPi/rosHockey/install/keyboard_control/share/keyboard_control/hook/ament_prefix_path.ps1'
[1.194s] INFO:colcon.colcon_core.shell:Creating environment descriptor '/home/ubuntu/PucksInDeep/RPi/rosHockey/install/keyboard_control/share/keyboard_control/hook/ament_prefix_path.dsv'
[2.369s] INFO:colcon.colcon_core.shell:Creating environment hook '/home/ubuntu/PucksInDeep/RPi/rosHockey/install/keyboard_control/share/keyboard_control/hook/ament_prefix_path.sh'
[2.378s] INFO:colcon.colcon_core.shell:Skip shell extension 'powershell' for command environment: Not usable outside of PowerShell
[2.378s] DEBUG:colcon.colcon_core.shell:Skip shell extension 'dsv' for command environment
[2.393s] INFO:colcon.colcon_ros.task.ament_python.build:Building ROS package in '/home/ubuntu/PucksInDeep/RPi/rosHockey/position_publisher' with build type 'ament_python'
[2.394s] Level 1:colcon.colcon_core.shell:create_environment_hook('position_publisher', 'ament_prefix_path')
[2.397s] INFO:colcon.colcon_core.shell:Creating environment hook '/home/ubuntu/PucksInDeep/RPi/rosHockey/install/position_publisher/share/position_publisher/hook/ament_prefix_path.ps1'
[2.400s] INFO:colcon.colcon_core.shell:Creating environment descriptor '/home/ubuntu/PucksInDeep/RPi/rosHockey/install/position_publisher/share/position_publisher/hook/ament_prefix_path.dsv'
[2.402s] INFO:colcon.colcon_core.shell:Creating environment hook '/home/ubuntu/PucksInDeep/RPi/rosHockey/install/position_publisher/share/position_publisher/hook/ament_prefix_path.sh'
[2.406s] INFO:colcon.colcon_core.shell:Skip shell extension 'powershell' for command environment: Not usable outside of PowerShell
[2.407s] DEBUG:colcon.colcon_core.shell:Skip shell extension 'dsv' for command environment
[2.422s] INFO:colcon.colcon_ros.task.ament_python.build:Building ROS package in '/home/ubuntu/PucksInDeep/RPi/rosHockey/puck_tracker' with build type 'ament_python'
[2.423s] Level 1:colcon.colcon_core.shell:create_environment_hook('puck_tracker', 'ament_prefix_path')
[2.427s] INFO:colcon.colcon_core.shell:Creating environment hook '/home/ubuntu/PucksInDeep/RPi/rosHockey/install/puck_tracker/share/puck_tracker/hook/ament_prefix_path.ps1'
[2.430s] INFO:colcon.colcon_core.shell:Creating environment descriptor '/home/ubuntu/PucksInDeep/RPi/rosHockey/install/puck_tracker/share/puck_tracker/hook/ament_prefix_path.dsv'
[2.432s] INFO:colcon.colcon_core.shell:Creating environment hook '/home/ubuntu/PucksInDeep/RPi/rosHockey/install/puck_tracker/share/puck_tracker/hook/ament_prefix_path.sh'
[2.436s] INFO:colcon.colcon_core.shell:Skip shell extension 'powershell' for command environment: Not usable outside of PowerShell
[2.436s] DEBUG:colcon.colcon_core.shell:Skip shell extension 'dsv' for command environment
[2.490s] DEBUG:colcon.colcon_core.event_handler.log_command:Invoking command in '/home/ubuntu/PucksInDeep/RPi/rosHockey/build/hockey_msgs': /usr/bin/cmake --build /home/ubuntu/PucksInDeep/RPi/rosHockey/build/hockey_msgs -- -j4 -l4
[4.061s] INFO:colcon.colcon_core.task.python.build:Building Python package in '/home/ubuntu/PucksInDeep/RPi/rosHockey/keyboard_control'
[4.067s] INFO:colcon.colcon_core.shell:Skip shell extension 'powershell' for command environment: Not usable outside of PowerShell
[4.067s] DEBUG:colcon.colcon_core.shell:Skip shell extension 'dsv' for command environment
[5.795s] INFO:colcon.colcon_core.task.python.build:Building Python package in '/home/ubuntu/PucksInDeep/RPi/rosHockey/position_publisher'
[5.798s] INFO:colcon.colcon_core.shell:Skip shell extension 'powershell' for command environment: Not usable outside of PowerShell
[5.798s] DEBUG:colcon.colcon_core.shell:Skip shell extension 'dsv' for command environment
[7.152s] INFO:colcon.colcon_core.task.python.build:Building Python package in '/home/ubuntu/PucksInDeep/RPi/rosHockey/puck_tracker'
[7.155s] INFO:colcon.colcon_core.shell:Skip shell extension 'powershell' for command environment: Not usable outside of PowerShell
[7.155s] DEBUG:colcon.colcon_core.shell:Skip shell extension 'dsv' for command environment
[7.207s] DEBUG:colcon.colcon_core.event_handler.log_command:Invoked command in '/home/ubuntu/PucksInDeep/RPi/rosHockey/build/hockey_msgs' returned '0': /usr/bin/cmake --build /home/ubuntu/PucksInDeep/RPi/rosHockey/build/hockey_msgs -- -j4 -l4
[7.795s] DEBUG:colcon.colcon_core.event_handler.log_command:Invoking command in '/home/ubuntu/PucksInDeep/RPi/rosHockey/build/hockey_msgs': /usr/bin/cmake --install /home/ubuntu/PucksInDeep/RPi/rosHockey/build/hockey_msgs
[8.652s] Level 1:colcon.colcon_core.environment:create_environment_scripts_only(hockey_msgs)
[8.686s] DEBUG:colcon.colcon_core.event_handler.log_command:Invoked command in '/home/ubuntu/PucksInDeep/RPi/rosHockey/build/hockey_msgs' returned '0': /usr/bin/cmake --install /home/ubuntu/PucksInDeep/RPi/rosHockey/build/hockey_msgs
[8.734s] Level 1:colcon.colcon_core.environment:checking '/home/ubuntu/PucksInDeep/RPi/rosHockey/install/hockey_msgs' for CMake module files
[8.739s] Level 1:colcon.colcon_core.environment:checking '/home/ubuntu/PucksInDeep/RPi/rosHockey/install/hockey_msgs' for CMake config files
[8.742s] Level 1:colcon.colcon_core.shell:create_environment_hook('hockey_msgs', 'cmake_prefix_path')
[8.759s] INFO:colcon.colcon_core.shell:Creating environment hook '/home/ubuntu/PucksInDeep/RPi/rosHockey/install/hockey_msgs/share/hockey_msgs/hook/cmake_prefix_path.ps1'
[8.764s] INFO:colcon.colcon_core.shell:Creating environment descriptor '/home/ubuntu/PucksInDeep/RPi/rosHockey/install/hockey_msgs/share/hockey_msgs/hook/cmake_prefix_path.dsv'
[8.768s] INFO:colcon.colcon_core.shell:Creating environment hook '/home/ubuntu/PucksInDeep/RPi/rosHockey/install/hockey_msgs/share/hockey_msgs/hook/cmake_prefix_path.sh'
[8.780s] Level 1:colcon.colcon_core.environment:checking '/home/ubuntu/PucksInDeep/RPi/rosHockey/install/hockey_msgs/lib'
[8.782s] Level 1:colcon.colcon_core.shell:create_environment_hook('hockey_msgs', 'ld_library_path_lib')
[8.810s] INFO:colcon.colcon_core.shell:Creating environment hook '/home/ubuntu/PucksInDeep/RPi/rosHockey/install/hockey_msgs/share/hockey_msgs/hook/ld_library_path_lib.ps1'
[8.817s] INFO:colcon.colcon_core.shell:Creating environment descriptor '/home/ubuntu/PucksInDeep/RPi/rosHockey/install/hockey_msgs/share/hockey_msgs/hook/ld_library_path_lib.dsv'
[8.820s] INFO:colcon.colcon_core.shell:Creating environment hook '/home/ubuntu/PucksInDeep/RPi/rosHockey/install/hockey_msgs/share/hockey_msgs/hook/ld_library_path_lib.sh'
[8.824s] Level 1:colcon.colcon_core.environment:checking '/home/ubuntu/PucksInDeep/RPi/rosHockey/install/hockey_msgs/bin'
[8.825s] Level 1:colcon.colcon_core.environment:checking '/home/ubuntu/PucksInDeep/RPi/rosHockey/install/hockey_msgs/lib/pkgconfig/hockey_msgs.pc'
[8.827s] Level 1:colcon.colcon_core.environment:checking '/home/ubuntu/PucksInDeep/RPi/rosHockey/install/hockey_msgs/lib/python3.8/site-packages'
[8.829s] Level 1:colcon.colcon_core.shell:create_environment_hook('hockey_msgs', 'pythonpath')
[8.835s] INFO:colcon.colcon_core.shell:Creating environment hook '/home/ubuntu/PucksInDeep/RPi/rosHockey/install/hockey_msgs/share/hockey_msgs/hook/pythonpath.ps1'
[8.843s] INFO:colcon.colcon_core.shell:Creating environment descriptor '/home/ubuntu/PucksInDeep/RPi/rosHockey/install/hockey_msgs/share/hockey_msgs/hook/pythonpath.dsv'
[8.847s] INFO:colcon.colcon_core.shell:Creating environment hook '/home/ubuntu/PucksInDeep/RPi/rosHockey/install/hockey_msgs/share/hockey_msgs/hook/pythonpath.sh'
[8.854s] INFO:colcon.colcon_core.shell:Creating package script '/home/ubuntu/PucksInDeep/RPi/rosHockey/install/hockey_msgs/share/hockey_msgs/package.ps1'
[8.881s] INFO:colcon.colcon_core.shell:Creating package descriptor '/home/ubuntu/PucksInDeep/RPi/rosHockey/install/hockey_msgs/share/hockey_msgs/package.dsv'
[8.897s] INFO:colcon.colcon_core.shell:Creating package script '/home/ubuntu/PucksInDeep/RPi/rosHockey/install/hockey_msgs/share/hockey_msgs/package.sh'
[8.904s] INFO:colcon.colcon_core.shell:Creating package script '/home/ubuntu/PucksInDeep/RPi/rosHockey/install/hockey_msgs/share/hockey_msgs/package.bash'
[8.926s] INFO:colcon.colcon_core.shell:Creating package script '/home/ubuntu/PucksInDeep/RPi/rosHockey/install/hockey_msgs/share/hockey_msgs/package.zsh'
[8.945s] Level 1:colcon.colcon_core.environment:create_file_with_runtime_dependencies(/home/ubuntu/PucksInDeep/RPi/rosHockey/install/hockey_msgs/share/colcon-core/packages/hockey_msgs)
[10.294s] Level 1:colcon.colcon_core.environment:create_environment_scripts_only(hockey_msgs)
[10.299s] Level 1:colcon.colcon_core.environment:checking '/home/ubuntu/PucksInDeep/RPi/rosHockey/install/hockey_msgs' for CMake module files
[10.304s] Level 1:colcon.colcon_core.environment:checking '/home/ubuntu/PucksInDeep/RPi/rosHockey/install/hockey_msgs' for CMake config files
[10.309s] Level 1:colcon.colcon_core.shell:create_environment_hook('hockey_msgs', 'cmake_prefix_path')
[10.312s] INFO:colcon.colcon_core.shell:Creating environment hook '/home/ubuntu/PucksInDeep/RPi/rosHockey/install/hockey_msgs/share/hockey_msgs/hook/cmake_prefix_path.ps1'
[10.316s] INFO:colcon.colcon_core.shell:Creating environment descriptor '/home/ubuntu/PucksInDeep/RPi/rosHockey/install/hockey_msgs/share/hockey_msgs/hook/cmake_prefix_path.dsv'
[10.320s] INFO:colcon.colcon_core.shell:Creating environment hook '/home/ubuntu/PucksInDeep/RPi/rosHockey/install/hockey_msgs/share/hockey_msgs/hook/cmake_prefix_path.sh'
[10.325s] Level 1:colcon.colcon_core.environment:checking '/home/ubuntu/PucksInDeep/RPi/rosHockey/install/hockey_msgs/lib'
[10.327s] Level 1:colcon.colcon_core.shell:create_environment_hook('hockey_msgs', 'ld_library_path_lib')
[10.331s] INFO:colcon.colcon_core.shell:Creating environment hook '/home/ubuntu/PucksInDeep/RPi/rosHockey/install/hockey_msgs/share/hockey_msgs/hook/ld_library_path_lib.ps1'
[10.336s] INFO:colcon.colcon_core.shell:Creating environment descriptor '/home/ubuntu/PucksInDeep/RPi/rosHockey/install/hockey_msgs/share/hockey_msgs/hook/ld_library_path_lib.dsv'
[10.340s] INFO:colcon.colcon_core.shell:Creating environment hook '/home/ubuntu/PucksInDeep/RPi/rosHockey/install/hockey_msgs/share/hockey_msgs/hook/ld_library_path_lib.sh'
[10.346s] Level 1:colcon.colcon_core.environment:checking '/home/ubuntu/PucksInDeep/RPi/rosHockey/install/hockey_msgs/bin'
[10.347s] Level 1:colcon.colcon_core.environment:checking '/home/ubuntu/PucksInDeep/RPi/rosHockey/install/hockey_msgs/lib/pkgconfig/hockey_msgs.pc'
[10.348s] Level 1:colcon.colcon_core.environment:checking '/home/ubuntu/PucksInDeep/RPi/rosHockey/install/hockey_msgs/lib/python3.8/site-packages'
[10.349s] Level 1:colcon.colcon_core.shell:create_environment_hook('hockey_msgs', 'pythonpath')
[10.352s] INFO:colcon.colcon_core.shell:Creating environment hook '/home/ubuntu/PucksInDeep/RPi/rosHockey/install/hockey_msgs/share/hockey_msgs/hook/pythonpath.ps1'
[10.357s] INFO:colcon.colcon_core.shell:Creating environment descriptor '/home/ubuntu/PucksInDeep/RPi/rosHockey/install/hockey_msgs/share/hockey_msgs/hook/pythonpath.dsv'
[10.361s] INFO:colcon.colcon_core.shell:Creating environment hook '/home/ubuntu/PucksInDeep/RPi/rosHockey/install/hockey_msgs/share/hockey_msgs/hook/pythonpath.sh'
[10.368s] INFO:colcon.colcon_core.shell:Creating package script '/home/ubuntu/PucksInDeep/RPi/rosHockey/install/hockey_msgs/share/hockey_msgs/package.ps1'
[10.373s] INFO:colcon.colcon_core.shell:Creating package descriptor '/home/ubuntu/PucksInDeep/RPi/rosHockey/install/hockey_msgs/share/hockey_msgs/package.dsv'
[10.379s] INFO:colcon.colcon_core.shell:Creating package script '/home/ubuntu/PucksInDeep/RPi/rosHockey/install/hockey_msgs/share/hockey_msgs/package.sh'
[10.384s] INFO:colcon.colcon_core.shell:Creating package script '/home/ubuntu/PucksInDeep/RPi/rosHockey/install/hockey_msgs/share/hockey_msgs/package.bash'
[10.390s] INFO:colcon.colcon_core.shell:Creating package script '/home/ubuntu/PucksInDeep/RPi/rosHockey/install/hockey_msgs/share/hockey_msgs/package.zsh'
[10.395s] Level 1:colcon.colcon_core.environment:create_file_with_runtime_dependencies(/home/ubuntu/PucksInDeep/RPi/rosHockey/install/hockey_msgs/share/colcon-core/packages/hockey_msgs)
[10.406s] INFO:colcon.colcon_ros.task.ament_python.build:Building ROS package in '/home/ubuntu/PucksInDeep/RPi/rosHockey/visualizer' with build type 'ament_python'
[10.409s] Level 1:colcon.colcon_core.shell:create_environment_hook('visualizer', 'ament_prefix_path')
[10.413s] INFO:colcon.colcon_core.shell:Creating environment hook '/home/ubuntu/PucksInDeep/RPi/rosHockey/install/visualizer/share/visualizer/hook/ament_prefix_path.ps1'
[10.427s] INFO:colcon.colcon_core.shell:Creating environment descriptor '/home/ubuntu/PucksInDeep/RPi/rosHockey/install/visualizer/share/visualizer/hook/ament_prefix_path.dsv'
[10.445s] INFO:colcon.colcon_core.shell:Creating environment hook '/home/ubuntu/PucksInDeep/RPi/rosHockey/install/visualizer/share/visualizer/hook/ament_prefix_path.sh'
[10.473s] INFO:colcon.colcon_core.shell:Skip shell extension 'powershell' for command environment: Not usable outside of PowerShell
[10.474s] DEBUG:colcon.colcon_core.shell:Skip shell extension 'dsv' for command environment
[12.217s] INFO:colcon.colcon_core.task.python.build:Building Python package in '/home/ubuntu/PucksInDeep/RPi/rosHockey/visualizer'
[12.223s] INFO:colcon.colcon_core.shell:Skip shell extension 'powershell' for command environment: Not usable outside of PowerShell
[12.225s] DEBUG:colcon.colcon_core.shell:Skip shell extension 'dsv' for command environment
[12.280s] DEBUG:colcon.colcon_core.event_handler.log_command:Invoking command in '/home/ubuntu/PucksInDeep/RPi/rosHockey/position_publisher': PYTHONPATH=/home/ubuntu/PucksInDeep/RPi/rosHockey/install/position_publisher/lib/python3.8/site-packages: /usr/bin/python3 setup.py egg_info --egg-base ../build/position_publisher build --build-base /home/ubuntu/PucksInDeep/RPi/rosHockey/build/position_publisher/build install --prefix /home/ubuntu/PucksInDeep/RPi/rosHockey/install/position_publisher --record /home/ubuntu/PucksInDeep/RPi/rosHockey/build/position_publisher/install.log --single-version-externally-managed
[12.319s] DEBUG:colcon.colcon_core.event_handler.log_command:Invoking command in '/home/ubuntu/PucksInDeep/RPi/rosHockey/keyboard_control': PYTHONPATH=/home/ubuntu/PucksInDeep/RPi/rosHockey/install/keyboard_control/lib/python3.8/site-packages: /usr/bin/python3 setup.py egg_info --egg-base ../build/keyboard_control build --build-base /home/ubuntu/PucksInDeep/RPi/rosHockey/build/keyboard_control/build install --prefix /home/ubuntu/PucksInDeep/RPi/rosHockey/install/keyboard_control --record /home/ubuntu/PucksInDeep/RPi/rosHockey/build/keyboard_control/install.log --single-version-externally-managed
[12.372s] DEBUG:colcon.colcon_core.event_handler.log_command:Invoking command in '/home/ubuntu/PucksInDeep/RPi/rosHockey/puck_tracker': PYTHONPATH=/home/ubuntu/PucksInDeep/RPi/rosHockey/install/puck_tracker/lib/python3.8/site-packages: /usr/bin/python3 setup.py egg_info --egg-base ../build/puck_tracker build --build-base /home/ubuntu/PucksInDeep/RPi/rosHockey/build/puck_tracker/build install --prefix /home/ubuntu/PucksInDeep/RPi/rosHockey/install/puck_tracker --record /home/ubuntu/PucksInDeep/RPi/rosHockey/build/puck_tracker/install.log --single-version-externally-managed
[14.256s] Level 1:colcon.colcon_core.environment:checking '/home/ubuntu/PucksInDeep/RPi/rosHockey/install/position_publisher' for CMake module files
[14.260s] DEBUG:colcon.colcon_core.event_handler.log_command:Invoked command in '/home/ubuntu/PucksInDeep/RPi/rosHockey/position_publisher' returned '0': PYTHONPATH=/home/ubuntu/PucksInDeep/RPi/rosHockey/install/position_publisher/lib/python3.8/site-packages: /usr/bin/python3 setup.py egg_info --egg-base ../build/position_publisher build --build-base /home/ubuntu/PucksInDeep/RPi/rosHockey/build/position_publisher/build install --prefix /home/ubuntu/PucksInDeep/RPi/rosHockey/install/position_publisher --record /home/ubuntu/PucksInDeep/RPi/rosHockey/build/position_publisher/install.log --single-version-externally-managed
[14.265s] Level 1:colcon.colcon_core.environment:checking '/home/ubuntu/PucksInDeep/RPi/rosHockey/install/position_publisher' for CMake config files
[14.269s] Level 1:colcon.colcon_core.environment:checking '/home/ubuntu/PucksInDeep/RPi/rosHockey/install/position_publisher/lib'
[14.271s] Level 1:colcon.colcon_core.environment:checking '/home/ubuntu/PucksInDeep/RPi/rosHockey/install/position_publisher/bin'
[14.272s] Level 1:colcon.colcon_core.environment:checking '/home/ubuntu/PucksInDeep/RPi/rosHockey/install/position_publisher/lib/pkgconfig/position_publisher.pc'
[14.273s] Level 1:colcon.colcon_core.environment:checking '/home/ubuntu/PucksInDeep/RPi/rosHockey/install/position_publisher/lib/python3.8/site-packages'
[14.273s] Level 1:colcon.colcon_core.shell:create_environment_hook('position_publisher', 'pythonpath')
[14.277s] INFO:colcon.colcon_core.shell:Creating environment hook '/home/ubuntu/PucksInDeep/RPi/rosHockey/install/position_publisher/share/position_publisher/hook/pythonpath.ps1'
[14.280s] INFO:colcon.colcon_core.shell:Creating environment descriptor '/home/ubuntu/PucksInDeep/RPi/rosHockey/install/position_publisher/share/position_publisher/hook/pythonpath.dsv'
[14.283s] INFO:colcon.colcon_core.shell:Creating environment hook '/home/ubuntu/PucksInDeep/RPi/rosHockey/install/position_publisher/share/position_publisher/hook/pythonpath.sh'
[14.288s] Level 1:colcon.colcon_core.environment:create_environment_scripts_only(position_publisher)
[14.292s] INFO:colcon.colcon_core.shell:Creating package script '/home/ubuntu/PucksInDeep/RPi/rosHockey/install/position_publisher/share/position_publisher/package.ps1'
[14.296s] INFO:colcon.colcon_core.shell:Creating package descriptor '/home/ubuntu/PucksInDeep/RPi/rosHockey/install/position_publisher/share/position_publisher/package.dsv'
[14.299s] INFO:colcon.colcon_core.shell:Creating package script '/home/ubuntu/PucksInDeep/RPi/rosHockey/install/position_publisher/share/position_publisher/package.sh'
[14.303s] INFO:colcon.colcon_core.shell:Creating package script '/home/ubuntu/PucksInDeep/RPi/rosHockey/install/position_publisher/share/position_publisher/package.bash'
[14.306s] INFO:colcon.colcon_core.shell:Creating package script '/home/ubuntu/PucksInDeep/RPi/rosHockey/install/position_publisher/share/position_publisher/package.zsh'
[14.309s] Level 1:colcon.colcon_core.environment:create_file_with_runtime_dependencies(/home/ubuntu/PucksInDeep/RPi/rosHockey/install/position_publisher/share/colcon-core/packages/position_publisher)
[14.502s] DEBUG:colcon.colcon_core.event_handler.log_command:Invoked command in '/home/ubuntu/PucksInDeep/RPi/rosHockey/keyboard_control' returned '0': PYTHONPATH=/home/ubuntu/PucksInDeep/RPi/rosHockey/install/keyboard_control/lib/python3.8/site-packages: /usr/bin/python3 setup.py egg_info --egg-base ../build/keyboard_control build --build-base /home/ubuntu/PucksInDeep/RPi/rosHockey/build/keyboard_control/build install --prefix /home/ubuntu/PucksInDeep/RPi/rosHockey/install/keyboard_control --record /home/ubuntu/PucksInDeep/RPi/rosHockey/build/keyboard_control/install.log --single-version-externally-managed
[14.514s] Level 1:colcon.colcon_core.environment:checking '/home/ubuntu/PucksInDeep/RPi/rosHockey/install/keyboard_control' for CMake module files
[14.518s] Level 1:colcon.colcon_core.environment:checking '/home/ubuntu/PucksInDeep/RPi/rosHockey/install/keyboard_control' for CMake config files
[14.524s] Level 1:colcon.colcon_core.environment:checking '/home/ubuntu/PucksInDeep/RPi/rosHockey/install/keyboard_control/lib'
[14.526s] Level 1:colcon.colcon_core.environment:checking '/home/ubuntu/PucksInDeep/RPi/rosHockey/install/keyboard_control/bin'
[14.528s] Level 1:colcon.colcon_core.environment:checking '/home/ubuntu/PucksInDeep/RPi/rosHockey/install/keyboard_control/lib/pkgconfig/keyboard_control.pc'
[14.530s] Level 1:colcon.colcon_core.environment:checking '/home/ubuntu/PucksInDeep/RPi/rosHockey/install/keyboard_control/lib/python3.8/site-packages'
[14.531s] Level 1:colcon.colcon_core.shell:create_environment_hook('keyboard_control', 'pythonpath')
[14.536s] INFO:colcon.colcon_core.shell:Creating environment hook '/home/ubuntu/PucksInDeep/RPi/rosHockey/install/keyboard_control/share/keyboard_control/hook/pythonpath.ps1'
[14.544s] INFO:colcon.colcon_core.shell:Creating environment descriptor '/home/ubuntu/PucksInDeep/RPi/rosHockey/install/keyboard_control/share/keyboard_control/hook/pythonpath.dsv'
[14.549s] INFO:colcon.colcon_core.shell:Creating environment hook '/home/ubuntu/PucksInDeep/RPi/rosHockey/install/keyboard_control/share/keyboard_control/hook/pythonpath.sh'
[14.555s] Level 1:colcon.colcon_core.environment:create_environment_scripts_only(keyboard_control)
[14.560s] INFO:colcon.colcon_core.shell:Creating package script '/home/ubuntu/PucksInDeep/RPi/rosHockey/install/keyboard_control/share/keyboard_control/package.ps1'
[14.566s] INFO:colcon.colcon_core.shell:Creating package descriptor '/home/ubuntu/PucksInDeep/RPi/rosHockey/install/keyboard_control/share/keyboard_control/package.dsv'
[14.571s] INFO:colcon.colcon_core.shell:Creating package script '/home/ubuntu/PucksInDeep/RPi/rosHockey/install/keyboard_control/share/keyboard_control/package.sh'
[14.577s] INFO:colcon.colcon_core.shell:Creating package script '/home/ubuntu/PucksInDeep/RPi/rosHockey/install/keyboard_control/share/keyboard_control/package.bash'
[14.582s] INFO:colcon.colcon_core.shell:Creating package script '/home/ubuntu/PucksInDeep/RPi/rosHockey/install/keyboard_control/share/keyboard_control/package.zsh'
[14.586s] Level 1:colcon.colcon_core.environment:create_file_with_runtime_dependencies(/home/ubuntu/PucksInDeep/RPi/rosHockey/install/keyboard_control/share/colcon-core/packages/keyboard_control)
[14.625s] Level 1:colcon.colcon_core.environment:checking '/home/ubuntu/PucksInDeep/RPi/rosHockey/install/puck_tracker' for CMake module files
[14.628s] DEBUG:colcon.colcon_core.event_handler.log_command:Invoked command in '/home/ubuntu/PucksInDeep/RPi/rosHockey/puck_tracker' returned '0': PYTHONPATH=/home/ubuntu/PucksInDeep/RPi/rosHockey/install/puck_tracker/lib/python3.8/site-packages: /usr/bin/python3 setup.py egg_info --egg-base ../build/puck_tracker build --build-base /home/ubuntu/PucksInDeep/RPi/rosHockey/build/puck_tracker/build install --prefix /home/ubuntu/PucksInDeep/RPi/rosHockey/install/puck_tracker --record /home/ubuntu/PucksInDeep/RPi/rosHockey/build/puck_tracker/install.log --single-version-externally-managed
[14.633s] Level 1:colcon.colcon_core.environment:checking '/home/ubuntu/PucksInDeep/RPi/rosHockey/install/puck_tracker' for CMake config files
[14.638s] Level 1:colcon.colcon_core.environment:checking '/home/ubuntu/PucksInDeep/RPi/rosHockey/install/puck_tracker/lib'
[14.639s] Level 1:colcon.colcon_core.environment:checking '/home/ubuntu/PucksInDeep/RPi/rosHockey/install/puck_tracker/bin'
[14.639s] Level 1:colcon.colcon_core.environment:checking '/home/ubuntu/PucksInDeep/RPi/rosHockey/install/puck_tracker/lib/pkgconfig/puck_tracker.pc'
[14.640s] Level 1:colcon.colcon_core.environment:checking '/home/ubuntu/PucksInDeep/RPi/rosHockey/install/puck_tracker/lib/python3.8/site-packages'
[14.646s] Level 1:colcon.colcon_core.shell:create_environment_hook('puck_tracker', 'pythonpath')
[14.649s] INFO:colcon.colcon_core.shell:Creating environment hook '/home/ubuntu/PucksInDeep/RPi/rosHockey/install/puck_tracker/share/puck_tracker/hook/pythonpath.ps1'
[14.652s] INFO:colcon.colcon_core.shell:Creating environment descriptor '/home/ubuntu/PucksInDeep/RPi/rosHockey/install/puck_tracker/share/puck_tracker/hook/pythonpath.dsv'
[14.655s] INFO:colcon.colcon_core.shell:Creating environment hook '/home/ubuntu/PucksInDeep/RPi/rosHockey/install/puck_tracker/share/puck_tracker/hook/pythonpath.sh'
[14.657s] Level 1:colcon.colcon_core.environment:create_environment_scripts_only(puck_tracker)
[14.661s] INFO:colcon.colcon_core.shell:Creating package script '/home/ubuntu/PucksInDeep/RPi/rosHockey/install/puck_tracker/share/puck_tracker/package.ps1'
[14.664s] INFO:colcon.colcon_core.shell:Creating package descriptor '/home/ubuntu/PucksInDeep/RPi/rosHockey/install/puck_tracker/share/puck_tracker/package.dsv'
[14.668s] INFO:colcon.colcon_core.shell:Creating package script '/home/ubuntu/PucksInDeep/RPi/rosHockey/install/puck_tracker/share/puck_tracker/package.sh'
[14.671s] INFO:colcon.colcon_core.shell:Creating package script '/home/ubuntu/PucksInDeep/RPi/rosHockey/install/puck_tracker/share/puck_tracker/package.bash'
[14.676s] INFO:colcon.colcon_core.shell:Creating package script '/home/ubuntu/PucksInDeep/RPi/rosHockey/install/puck_tracker/share/puck_tracker/package.zsh'
[14.678s] Level 1:colcon.colcon_core.environment:create_file_with_runtime_dependencies(/home/ubuntu/PucksInDeep/RPi/rosHockey/install/puck_tracker/share/colcon-core/packages/puck_tracker)
[15.198s] DEBUG:colcon.colcon_core.event_handler.log_command:Invoking command in '/home/ubuntu/PucksInDeep/RPi/rosHockey/visualizer': PYTHONPATH=/home/ubuntu/PucksInDeep/RPi/rosHockey/install/visualizer/lib/python3.8/site-packages: /usr/bin/python3 setup.py egg_info --egg-base ../build/visualizer build --build-base /home/ubuntu/PucksInDeep/RPi/rosHockey/build/visualizer/build install --prefix /home/ubuntu/PucksInDeep/RPi/rosHockey/install/visualizer --record /home/ubuntu/PucksInDeep/RPi/rosHockey/build/visualizer/install.log --single-version-externally-managed
[17.042s] Level 1:colcon.colcon_core.environment:checking '/home/ubuntu/PucksInDeep/RPi/rosHockey/install/visualizer' for CMake module files
[17.044s] DEBUG:colcon.colcon_core.event_handler.log_command:Invoked command in '/home/ubuntu/PucksInDeep/RPi/rosHockey/visualizer' returned '0': PYTHONPATH=/home/ubuntu/PucksInDeep/RPi/rosHockey/install/visualizer/lib/python3.8/site-packages: /usr/bin/python3 setup.py egg_info --egg-base ../build/visualizer build --build-base /home/ubuntu/PucksInDeep/RPi/rosHockey/build/visualizer/build install --prefix /home/ubuntu/PucksInDeep/RPi/rosHockey/install/visualizer --record /home/ubuntu/PucksInDeep/RPi/rosHockey/build/visualizer/install.log --single-version-externally-managed
[17.048s] Level 1:colcon.colcon_core.environment:checking '/home/ubuntu/PucksInDeep/RPi/rosHockey/install/visualizer' for CMake config files
[17.054s] Level 1:colcon.colcon_core.environment:checking '/home/ubuntu/PucksInDeep/RPi/rosHockey/install/visualizer/lib'
[17.062s] Level 1:colcon.colcon_core.environment:checking '/home/ubuntu/PucksInDeep/RPi/rosHockey/install/visualizer/bin'
[17.063s] Level 1:colcon.colcon_core.environment:checking '/home/ubuntu/PucksInDeep/RPi/rosHockey/install/visualizer/lib/pkgconfig/visualizer.pc'
[17.063s] Level 1:colcon.colcon_core.environment:checking '/home/ubuntu/PucksInDeep/RPi/rosHockey/install/visualizer/lib/python3.8/site-packages'
[17.064s] Level 1:colcon.colcon_core.shell:create_environment_hook('visualizer', 'pythonpath')
[17.066s] INFO:colcon.colcon_core.shell:Creating environment hook '/home/ubuntu/PucksInDeep/RPi/rosHockey/install/visualizer/share/visualizer/hook/pythonpath.ps1'
[17.070s] INFO:colcon.colcon_core.shell:Creating environment descriptor '/home/ubuntu/PucksInDeep/RPi/rosHockey/install/visualizer/share/visualizer/hook/pythonpath.dsv'
[17.073s] INFO:colcon.colcon_core.shell:Creating environment hook '/home/ubuntu/PucksInDeep/RPi/rosHockey/install/visualizer/share/visualizer/hook/pythonpath.sh'
[17.076s] Level 1:colcon.colcon_core.environment:create_environment_scripts_only(visualizer)
[17.079s] INFO:colcon.colcon_core.shell:Creating package script '/home/ubuntu/PucksInDeep/RPi/rosHockey/install/visualizer/share/visualizer/package.ps1'
[17.083s] INFO:colcon.colcon_core.shell:Creating package descriptor '/home/ubuntu/PucksInDeep/RPi/rosHockey/install/visualizer/share/visualizer/package.dsv'
[17.086s] INFO:colcon.colcon_core.shell:Creating package script '/home/ubuntu/PucksInDeep/RPi/rosHockey/install/visualizer/share/visualizer/package.sh'
[17.089s] INFO:colcon.colcon_core.shell:Creating package script '/home/ubuntu/PucksInDeep/RPi/rosHockey/install/visualizer/share/visualizer/package.bash'
[17.092s] INFO:colcon.colcon_core.shell:Creating package script '/home/ubuntu/PucksInDeep/RPi/rosHockey/install/visualizer/share/visualizer/package.zsh'
[17.095s] Level 1:colcon.colcon_core.environment:create_file_with_runtime_dependencies(/home/ubuntu/PucksInDeep/RPi/rosHockey/install/visualizer/share/colcon-core/packages/visualizer)
[17.100s] DEBUG:colcon.colcon_parallel_executor.executor.parallel:closing loop
[17.104s] DEBUG:colcon.colcon_parallel_executor.executor.parallel:loop closed
[17.104s] DEBUG:colcon.colcon_parallel_executor.executor.parallel:run_until_complete finished with '0'
[17.105s] DEBUG:colcon.colcon_core.event_reactor:joining thread
[17.166s] INFO:colcon.colcon_core.plugin_system:Skipping extension 'colcon_notification.desktop_notification.terminal_notifier': Not used on non-Darwin systems
[17.167s] INFO:colcon.colcon_core.plugin_system:Skipping extension 'colcon_notification.desktop_notification.win32': Not used on non-Windows systems
[17.167s] INFO:colcon.colcon_notification.desktop_notification:Sending desktop notification using 'notify2'
[17.269s] DEBUG:colcon.colcon_core.event_reactor:joined thread
[17.272s] INFO:colcon.colcon_core.shell:Creating prefix script '/home/ubuntu/PucksInDeep/RPi/rosHockey/install/local_setup.ps1'
[17.278s] INFO:colcon.colcon_core.shell:Creating prefix util module '/home/ubuntu/PucksInDeep/RPi/rosHockey/install/_local_setup_util_ps1.py'
[17.289s] INFO:colcon.colcon_core.shell:Creating prefix chain script '/home/ubuntu/PucksInDeep/RPi/rosHockey/install/setup.ps1'
[17.294s] INFO:colcon.colcon_core.shell:Creating prefix script '/home/ubuntu/PucksInDeep/RPi/rosHockey/install/local_setup.sh'
[17.299s] INFO:colcon.colcon_core.shell:Creating prefix util module '/home/ubuntu/PucksInDeep/RPi/rosHockey/install/_local_setup_util_sh.py'
[17.302s] INFO:colcon.colcon_core.shell:Creating prefix chain script '/home/ubuntu/PucksInDeep/RPi/rosHockey/install/setup.sh'
[17.307s] INFO:colcon.colcon_core.shell:Creating prefix script '/home/ubuntu/PucksInDeep/RPi/rosHockey/install/local_setup.bash'
[17.312s] INFO:colcon.colcon_core.shell:Creating prefix chain script '/home/ubuntu/PucksInDeep/RPi/rosHockey/install/setup.bash'
[17.320s] INFO:colcon.colcon_core.shell:Creating prefix script '/home/ubuntu/PucksInDeep/RPi/rosHockey/install/local_setup.zsh'
[18.488s] INFO:colcon.colcon_core.shell:Creating prefix chain script '/home/ubuntu/PucksInDeep/RPi/rosHockey/install/setup.zsh'
