running egg_info
writing ../build/visualizer/visualizer.egg-info/PKG-INFO
writing dependency_links to ../build/visualizer/visualizer.egg-info/dependency_links.txt
writing entry points to ../build/visualizer/visualizer.egg-info/entry_points.txt
writing requirements to ../build/visualizer/visualizer.egg-info/requires.txt
writing top-level names to ../build/visualizer/visualizer.egg-info/top_level.txt
reading manifest file '../build/visualizer/visualizer.egg-info/SOURCES.txt'
writing manifest file '../build/visualizer/visualizer.egg-info/SOURCES.txt'
running build
running build_py
running install
running install_lib
running install_data
running install_egg_info
removing '/home/ubuntu/PucksInDeep/rosHockey/install/visualizer/lib/python3.8/site-packages/visualizer-0.0.0-py3.8.egg-info' (and everything under it)
Copying ../build/visualizer/visualizer.egg-info to /home/ubuntu/PucksInDeep/rosHockey/install/visualizer/lib/python3.8/site-packages/visualizer-0.0.0-py3.8.egg-info
running install_scripts
Installing sub script to /home/ubuntu/PucksInDeep/rosHockey/install/visualizer/lib/visualizer
Installing viz script to /home/ubuntu/PucksInDeep/rosHockey/install/visualizer/lib/visualizer
writing list of installed files to '/home/ubuntu/PucksInDeep/rosHockey/build/visualizer/install.log'
