[5.065s] Invoking command in '/home/ubuntu/PucksInDeep/rosHockey/visualizer': PYTHONPATH=/home/ubuntu/PucksInDeep/rosHockey/install/visualizer/lib/python3.8/site-packages:${PYTHONPATH} /usr/bin/python3 setup.py egg_info --egg-base ../build/visualizer build --build-base /home/ubuntu/PucksInDeep/rosHockey/build/visualizer/build install --prefix /home/ubuntu/PucksInDeep/rosHockey/install/visualizer --record /home/ubuntu/PucksInDeep/rosHockey/build/visualizer/install.log --single-version-externally-managed
[7.575s] running egg_info
[7.590s] writing ../build/visualizer/visualizer.egg-info/PKG-INFO
[7.599s] writing dependency_links to ../build/visualizer/visualizer.egg-info/dependency_links.txt
[7.602s] writing entry points to ../build/visualizer/visualizer.egg-info/entry_points.txt
[7.606s] writing requirements to ../build/visualizer/visualizer.egg-info/requires.txt
[7.609s] writing top-level names to ../build/visualizer/visualizer.egg-info/top_level.txt
[7.938s] reading manifest file '../build/visualizer/visualizer.egg-info/SOURCES.txt'
[7.965s] writing manifest file '../build/visualizer/visualizer.egg-info/SOURCES.txt'
[7.966s] running build
[7.969s] running build_py
[7.981s] running install
[7.986s] running install_lib
[8.013s] running install_data
[8.024s] running install_egg_info
[8.062s] removing '/home/ubuntu/PucksInDeep/rosHockey/install/visualizer/lib/python3.8/site-packages/visualizer-0.0.0-py3.8.egg-info' (and everything under it)
[8.064s] Copying ../build/visualizer/visualizer.egg-info to /home/ubuntu/PucksInDeep/rosHockey/install/visualizer/lib/python3.8/site-packages/visualizer-0.0.0-py3.8.egg-info
[8.077s] running install_scripts
[8.204s] Installing sub script to /home/ubuntu/PucksInDeep/rosHockey/install/visualizer/lib/visualizer
[8.213s] Installing viz script to /home/ubuntu/PucksInDeep/rosHockey/install/visualizer/lib/visualizer
[8.214s] writing list of installed files to '/home/ubuntu/PucksInDeep/rosHockey/build/visualizer/install.log'
[8.534s] Invoked command in '/home/ubuntu/PucksInDeep/rosHockey/visualizer' returned '0': PYTHONPATH=/home/ubuntu/PucksInDeep/rosHockey/install/visualizer/lib/python3.8/site-packages:${PYTHONPATH} /usr/bin/python3 setup.py egg_info --egg-base ../build/visualizer build --build-base /home/ubuntu/PucksInDeep/rosHockey/build/visualizer/build install --prefix /home/ubuntu/PucksInDeep/rosHockey/install/visualizer --record /home/ubuntu/PucksInDeep/rosHockey/build/visualizer/install.log --single-version-externally-managed
