[8.282s] Invoking command in '/home/ubuntu/PucksInDeep/RPi/rosHockey/keyboard_control': PYTHONPATH=/home/ubuntu/PucksInDeep/RPi/rosHockey/install/keyboard_control/lib/python3.8/site-packages:${PYTHONPATH} /usr/bin/python3 setup.py egg_info --egg-base ../build/keyboard_control build --build-base /home/ubuntu/PucksInDeep/RPi/rosHockey/build/keyboard_control/build install --prefix /home/ubuntu/PucksInDeep/RPi/rosHockey/install/keyboard_control --record /home/ubuntu/PucksInDeep/RPi/rosHockey/build/keyboard_control/install.log --single-version-externally-managed
[10.576s] running egg_info
[10.579s] creating ../build/keyboard_control/keyboard_control.egg-info
[10.581s] writing ../build/keyboard_control/keyboard_control.egg-info/PKG-INFO
[10.584s] writing dependency_links to ../build/keyboard_control/keyboard_control.egg-info/dependency_links.txt
[10.586s] writing entry points to ../build/keyboard_control/keyboard_control.egg-info/entry_points.txt
[10.587s] writing requirements to ../build/keyboard_control/keyboard_control.egg-info/requires.txt
[10.589s] writing top-level names to ../build/keyboard_control/keyboard_control.egg-info/top_level.txt
[10.598s] writing manifest file '../build/keyboard_control/keyboard_control.egg-info/SOURCES.txt'
[10.982s] reading manifest file '../build/keyboard_control/keyboard_control.egg-info/SOURCES.txt'
[10.986s] writing manifest file '../build/keyboard_control/keyboard_control.egg-info/SOURCES.txt'
[10.988s] running build
[10.990s] running build_py
[10.991s] creating /home/ubuntu/PucksInDeep/RPi/rosHockey/build/keyboard_control/build
[10.991s] creating /home/ubuntu/PucksInDeep/RPi/rosHockey/build/keyboard_control/build/lib
[10.992s] creating /home/ubuntu/PucksInDeep/RPi/rosHockey/build/keyboard_control/build/lib/keyboard_control
[10.993s] copying keyboard_control/__init__.py -> /home/ubuntu/PucksInDeep/RPi/rosHockey/build/keyboard_control/build/lib/keyboard_control
[10.994s] running install
[10.997s] running install_lib
[11.011s] creating /home/ubuntu/PucksInDeep/RPi/rosHockey/install/keyboard_control/lib/python3.8/site-packages/keyboard_control
[11.012s] copying /home/ubuntu/PucksInDeep/RPi/rosHockey/build/keyboard_control/build/lib/keyboard_control/__init__.py -> /home/ubuntu/PucksInDeep/RPi/rosHockey/install/keyboard_control/lib/python3.8/site-packages/keyboard_control
[11.013s] byte-compiling /home/ubuntu/PucksInDeep/RPi/rosHockey/install/keyboard_control/lib/python3.8/site-packages/keyboard_control/__init__.py to __init__.cpython-38.pyc
[11.030s] running install_data
[11.031s] creating /home/ubuntu/PucksInDeep/RPi/rosHockey/install/keyboard_control/share/ament_index
[11.032s] creating /home/ubuntu/PucksInDeep/RPi/rosHockey/install/keyboard_control/share/ament_index/resource_index
[11.034s] creating /home/ubuntu/PucksInDeep/RPi/rosHockey/install/keyboard_control/share/ament_index/resource_index/packages
[11.036s] copying resource/keyboard_control -> /home/ubuntu/PucksInDeep/RPi/rosHockey/install/keyboard_control/share/ament_index/resource_index/packages
[11.037s] copying package.xml -> /home/ubuntu/PucksInDeep/RPi/rosHockey/install/keyboard_control/share/keyboard_control
[11.045s] running install_egg_info
[11.053s] Copying ../build/keyboard_control/keyboard_control.egg-info to /home/ubuntu/PucksInDeep/RPi/rosHockey/install/keyboard_control/lib/python3.8/site-packages/keyboard_control-0.0.0-py3.8.egg-info
[11.115s] running install_scripts
[11.235s] writing list of installed files to '/home/ubuntu/PucksInDeep/RPi/rosHockey/build/keyboard_control/install.log'
[11.464s] Invoked command in '/home/ubuntu/PucksInDeep/RPi/rosHockey/keyboard_control' returned '0': PYTHONPATH=/home/ubuntu/PucksInDeep/RPi/rosHockey/install/keyboard_control/lib/python3.8/site-packages:${PYTHONPATH} /usr/bin/python3 setup.py egg_info --egg-base ../build/keyboard_control build --build-base /home/ubuntu/PucksInDeep/RPi/rosHockey/build/keyboard_control/build install --prefix /home/ubuntu/PucksInDeep/RPi/rosHockey/install/keyboard_control --record /home/ubuntu/PucksInDeep/RPi/rosHockey/build/keyboard_control/install.log --single-version-externally-managed
