[5.884s] Invoking command in '/home/ubuntu/PucksInDeep/rosHockey/visualizer': PYTHONPATH=/home/ubuntu/PucksInDeep/rosHockey/install/visualizer/lib/python3.8/site-packages:${PYTHONPATH} /usr/bin/python3 setup.py egg_info --egg-base ../build/visualizer build --build-base /home/ubuntu/PucksInDeep/rosHockey/build/visualizer/build install --prefix /home/ubuntu/PucksInDeep/rosHockey/install/visualizer --record /home/ubuntu/PucksInDeep/rosHockey/build/visualizer/install.log --single-version-externally-managed
[8.249s] running egg_info
[8.278s] writing ../build/visualizer/visualizer.egg-info/PKG-INFO
[8.287s] writing dependency_links to ../build/visualizer/visualizer.egg-info/dependency_links.txt
[8.295s] writing entry points to ../build/visualizer/visualizer.egg-info/entry_points.txt
[8.302s] writing requirements to ../build/visualizer/visualizer.egg-info/requires.txt
[8.313s] writing top-level names to ../build/visualizer/visualizer.egg-info/top_level.txt
[9.654s] reading manifest file '../build/visualizer/visualizer.egg-info/SOURCES.txt'
[9.662s] writing manifest file '../build/visualizer/visualizer.egg-info/SOURCES.txt'
[9.663s] running build
[9.664s] running build_py
[9.672s] running install
[9.683s] running install_lib
[9.709s] running install_data
[9.717s] running install_egg_info
[9.748s] removing '/home/ubuntu/PucksInDeep/rosHockey/install/visualizer/lib/python3.8/site-packages/visualizer-0.0.0-py3.8.egg-info' (and everything under it)
[9.764s] Copying ../build/visualizer/visualizer.egg-info to /home/ubuntu/PucksInDeep/rosHockey/install/visualizer/lib/python3.8/site-packages/visualizer-0.0.0-py3.8.egg-info
[9.787s] running install_scripts
[9.990s] Installing sub script to /home/ubuntu/PucksInDeep/rosHockey/install/visualizer/lib/visualizer
[9.992s] Installing viz script to /home/ubuntu/PucksInDeep/rosHockey/install/visualizer/lib/visualizer
[9.998s] writing list of installed files to '/home/ubuntu/PucksInDeep/rosHockey/build/visualizer/install.log'
[10.273s] Invoked command in '/home/ubuntu/PucksInDeep/rosHockey/visualizer' returned '0': PYTHONPATH=/home/ubuntu/PucksInDeep/rosHockey/install/visualizer/lib/python3.8/site-packages:${PYTHONPATH} /usr/bin/python3 setup.py egg_info --egg-base ../build/visualizer build --build-base /home/ubuntu/PucksInDeep/rosHockey/build/visualizer/build install --prefix /home/ubuntu/PucksInDeep/rosHockey/install/visualizer --record /home/ubuntu/PucksInDeep/rosHockey/build/visualizer/install.log --single-version-externally-managed
