[2.117s] DEBUG:colcon:Command line arguments: ['/usr/bin/colcon', 'build']
[2.117s] DEBUG:colcon:Parsed command line arguments: Namespace(ament_cmake_args=None, base_paths=['.'], build_base='build', catkin_cmake_args=None, catkin_skip_building_tests=False, cmake_args=None, cmake_clean_cache=False, cmake_clean_first=False, cmake_force_configure=False, cmake_target=None, cmake_target_skip_unavailable=False, continue_on_error=False, event_handlers=None, executor='parallel', ignore_user_meta=False, install_base='install', log_base=None, log_level=None, main=<bound method BuildVerb.main of <colcon_core.verb.build.BuildVerb object at 0xffffa38d13d0>>, merge_install=False, metas=['./colcon.meta'], packages_above=None, packages_above_and_dependencies=None, packages_above_depth=None, packages_end=None, packages_ignore=None, packages_ignore_regex=None, packages_select=None, packages_select_build_failed=False, packages_select_by_dep=None, packages_select_regex=None, packages_select_test_failures=False, packages_skip=None, packages_skip_build_finished=False, packages_skip_by_dep=None, packages_skip_regex=None, packages_skip_test_passed=False, packages_skip_up_to=None, packages_start=None, packages_up_to=None, packages_up_to_regex=None, parallel_workers=4, paths=None, symlink_install=False, test_result_base=None, verb_extension=<colcon_core.verb.build.BuildVerb object at 0xffffa38d13d0>, verb_name='build', verb_parser=<colcon_defaults.argument_parser.defaults.DefaultArgumentsDecorator object at 0xffffa38d1910>)
[2.186s] Level 1:colcon.colcon_core.package_discovery:discover_packages(colcon_meta) check parameters
[2.186s] Level 1:colcon.colcon_core.package_discovery:discover_packages(recursive) check parameters
[2.187s] Level 1:colcon.colcon_core.package_discovery:discover_packages(ignore) check parameters
[2.187s] Level 1:colcon.colcon_core.package_discovery:discover_packages(path) check parameters
[2.187s] Level 1:colcon.colcon_core.package_discovery:discover_packages(colcon_meta) discover
[2.189s] Level 1:colcon.colcon_core.package_discovery:discover_packages(recursive) discover
[2.191s] INFO:colcon.colcon_core.package_discovery:Crawling recursively for packages in '/home/ubuntu/PucksInDeep/microros'
[2.193s] Level 1:colcon.colcon_core.package_identification:_identify(.) by extensions ['ignore', 'ignore_ament_install']
[2.194s] Level 1:colcon.colcon_core.package_identification:_identify(.) by extension 'ignore'
[2.197s] Level 1:colcon.colcon_core.package_identification:_identify(.) by extension 'ignore_ament_install'
[2.197s] Level 1:colcon.colcon_core.package_identification:_identify(.) by extensions ['colcon_pkg']
[2.198s] Level 1:colcon.colcon_core.package_identification:_identify(.) by extension 'colcon_pkg'
[2.198s] Level 1:colcon.colcon_core.package_identification:_identify(.) by extensions ['colcon_meta']
[2.198s] Level 1:colcon.colcon_core.package_identification:_identify(.) by extension 'colcon_meta'
[2.199s] Level 1:colcon.colcon_core.package_identification:_identify(.) by extensions ['ros']
[2.199s] Level 1:colcon.colcon_core.package_identification:_identify(.) by extension 'ros'
[2.294s] Level 1:colcon.colcon_core.package_identification:_identify(.) by extensions ['cmake', 'python']
[2.295s] Level 1:colcon.colcon_core.package_identification:_identify(.) by extension 'cmake'
[2.295s] Level 1:colcon.colcon_core.package_identification:_identify(.) by extension 'python'
[2.296s] Level 1:colcon.colcon_core.package_identification:_identify(.) by extensions ['python_setup_py']
[2.296s] Level 1:colcon.colcon_core.package_identification:_identify(.) by extension 'python_setup_py'
[2.297s] Level 1:colcon.colcon_core.package_identification:_identify(build) by extensions ['ignore', 'ignore_ament_install']
[2.298s] Level 1:colcon.colcon_core.package_identification:_identify(build) by extension 'ignore'
[2.298s] Level 1:colcon.colcon_core.package_identification:_identify(build) ignored
[2.299s] Level 1:colcon.colcon_core.package_identification:_identify(install) by extensions ['ignore', 'ignore_ament_install']
[2.299s] Level 1:colcon.colcon_core.package_identification:_identify(install) by extension 'ignore'
[2.300s] Level 1:colcon.colcon_core.package_identification:_identify(install) ignored
[2.300s] Level 1:colcon.colcon_core.package_identification:_identify(log) by extensions ['ignore', 'ignore_ament_install']
[2.302s] Level 1:colcon.colcon_core.package_identification:_identify(log) by extension 'ignore'
[2.303s] Level 1:colcon.colcon_core.package_identification:_identify(log) ignored
[2.307s] Level 1:colcon.colcon_core.package_identification:_identify(src) by extensions ['ignore', 'ignore_ament_install']
[2.308s] Level 1:colcon.colcon_core.package_identification:_identify(src) by extension 'ignore'
[2.308s] Level 1:colcon.colcon_core.package_identification:_identify(src) by extension 'ignore_ament_install'
[2.309s] Level 1:colcon.colcon_core.package_identification:_identify(src) by extensions ['colcon_pkg']
[2.309s] Level 1:colcon.colcon_core.package_identification:_identify(src) by extension 'colcon_pkg'
[2.310s] Level 1:colcon.colcon_core.package_identification:_identify(src) by extensions ['colcon_meta']
[2.310s] Level 1:colcon.colcon_core.package_identification:_identify(src) by extension 'colcon_meta'
[2.310s] Level 1:colcon.colcon_core.package_identification:_identify(src) by extensions ['ros']
[2.311s] Level 1:colcon.colcon_core.package_identification:_identify(src) by extension 'ros'
[2.311s] Level 1:colcon.colcon_core.package_identification:_identify(src) by extensions ['cmake', 'python']
[2.312s] Level 1:colcon.colcon_core.package_identification:_identify(src) by extension 'cmake'
[2.312s] Level 1:colcon.colcon_core.package_identification:_identify(src) by extension 'python'
[2.313s] Level 1:colcon.colcon_core.package_identification:_identify(src) by extensions ['python_setup_py']
[2.313s] Level 1:colcon.colcon_core.package_identification:_identify(src) by extension 'python_setup_py'
[2.314s] Level 1:colcon.colcon_core.package_identification:_identify(src/micro_ros_setup) by extensions ['ignore', 'ignore_ament_install']
[2.315s] Level 1:colcon.colcon_core.package_identification:_identify(src/micro_ros_setup) by extension 'ignore'
[2.315s] Level 1:colcon.colcon_core.package_identification:_identify(src/micro_ros_setup) by extension 'ignore_ament_install'
[2.315s] Level 1:colcon.colcon_core.package_identification:_identify(src/micro_ros_setup) by extensions ['colcon_pkg']
[2.316s] Level 1:colcon.colcon_core.package_identification:_identify(src/micro_ros_setup) by extension 'colcon_pkg'
[2.316s] Level 1:colcon.colcon_core.package_identification:_identify(src/micro_ros_setup) by extensions ['colcon_meta']
[2.316s] Level 1:colcon.colcon_core.package_identification:_identify(src/micro_ros_setup) by extension 'colcon_meta'
[2.316s] Level 1:colcon.colcon_core.package_identification:_identify(src/micro_ros_setup) by extensions ['ros']
[2.317s] Level 1:colcon.colcon_core.package_identification:_identify(src/micro_ros_setup) by extension 'ros'
[2.335s] DEBUG:colcon.colcon_core.package_identification:Package 'src/micro_ros_setup' with type 'ros.ament_cmake' and name 'micro_ros_setup'
[2.337s] Level 1:colcon.colcon_core.package_discovery:discover_packages(recursive) using defaults
[2.338s] Level 1:colcon.colcon_core.package_discovery:discover_packages(ignore) discover
[2.339s] Level 1:colcon.colcon_core.package_discovery:discover_packages(ignore) using defaults
[2.341s] Level 1:colcon.colcon_core.package_discovery:discover_packages(path) discover
[2.342s] Level 1:colcon.colcon_core.package_discovery:discover_packages(path) using defaults
[2.498s] Level 5:colcon.colcon_core.verb:set package 'micro_ros_setup' build argument 'cmake_args' from command line to 'None'
[2.499s] Level 5:colcon.colcon_core.verb:set package 'micro_ros_setup' build argument 'cmake_target' from command line to 'None'
[2.499s] Level 5:colcon.colcon_core.verb:set package 'micro_ros_setup' build argument 'cmake_target_skip_unavailable' from command line to 'False'
[2.499s] Level 5:colcon.colcon_core.verb:set package 'micro_ros_setup' build argument 'cmake_clean_cache' from command line to 'False'
[2.500s] Level 5:colcon.colcon_core.verb:set package 'micro_ros_setup' build argument 'cmake_clean_first' from command line to 'False'
[2.500s] Level 5:colcon.colcon_core.verb:set package 'micro_ros_setup' build argument 'cmake_force_configure' from command line to 'False'
[2.501s] Level 5:colcon.colcon_core.verb:set package 'micro_ros_setup' build argument 'ament_cmake_args' from command line to 'None'
[2.509s] Level 5:colcon.colcon_core.verb:set package 'micro_ros_setup' build argument 'catkin_cmake_args' from command line to 'None'
[2.510s] Level 5:colcon.colcon_core.verb:set package 'micro_ros_setup' build argument 'catkin_skip_building_tests' from command line to 'False'
[2.510s] DEBUG:colcon.colcon_core.verb:Building package 'micro_ros_setup' with the following arguments: {'ament_cmake_args': None, 'build_base': '/home/ubuntu/PucksInDeep/microros/build/micro_ros_setup', 'catkin_cmake_args': None, 'catkin_skip_building_tests': False, 'cmake_args': None, 'cmake_clean_cache': False, 'cmake_clean_first': False, 'cmake_force_configure': False, 'cmake_target': None, 'cmake_target_skip_unavailable': False, 'install_base': '/home/ubuntu/PucksInDeep/microros/install/micro_ros_setup', 'merge_install': False, 'path': '/home/ubuntu/PucksInDeep/microros/src/micro_ros_setup', 'symlink_install': False, 'test_result_base': None}
[2.514s] INFO:colcon.colcon_core.executor:Executing jobs using 'parallel' executor
[2.533s] DEBUG:colcon.colcon_parallel_executor.executor.parallel:run_until_complete
[2.537s] INFO:colcon.colcon_ros.task.ament_cmake.build:Building ROS package in '/home/ubuntu/PucksInDeep/microros/src/micro_ros_setup' with build type 'ament_cmake'
[2.540s] INFO:colcon.colcon_cmake.task.cmake.build:Building CMake package in '/home/ubuntu/PucksInDeep/microros/src/micro_ros_setup'
[2.589s] INFO:colcon.colcon_core.plugin_system:Skipping extension 'colcon_core.shell.bat': Not used on non-Windows systems
[2.590s] INFO:colcon.colcon_core.shell:Skip shell extension 'powershell' for command environment: Not usable outside of PowerShell
[2.591s] DEBUG:colcon.colcon_core.shell:Skip shell extension 'dsv' for command environment
[2.611s] DEBUG:colcon.colcon_core.shell:Ignoring prefix path '/opt/ros/foxy'
[2.686s] DEBUG:colcon.colcon_core.event_handler.log_command:Invoking command in '/home/ubuntu/PucksInDeep/microros/build/micro_ros_setup': CMAKE_PREFIX_PATH=/opt/ros/foxy /usr/bin/cmake /home/ubuntu/PucksInDeep/microros/src/micro_ros_setup -DCMAKE_INSTALL_PREFIX=/home/ubuntu/PucksInDeep/microros/install/micro_ros_setup
[12.200s] DEBUG:colcon.colcon_core.event_handler.log_command:Invoked command in '/home/ubuntu/PucksInDeep/microros/build/micro_ros_setup' returned '0': CMAKE_PREFIX_PATH=/opt/ros/foxy /usr/bin/cmake /home/ubuntu/PucksInDeep/microros/src/micro_ros_setup -DCMAKE_INSTALL_PREFIX=/home/ubuntu/PucksInDeep/microros/install/micro_ros_setup
[12.219s] DEBUG:colcon.colcon_core.event_handler.log_command:Invoking command in '/home/ubuntu/PucksInDeep/microros/build/micro_ros_setup': CMAKE_PREFIX_PATH=/opt/ros/foxy /usr/bin/cmake --build /home/ubuntu/PucksInDeep/microros/build/micro_ros_setup -- -j4 -l4
[12.462s] DEBUG:colcon.colcon_core.event_handler.log_command:Invoked command in '/home/ubuntu/PucksInDeep/microros/build/micro_ros_setup' returned '0': CMAKE_PREFIX_PATH=/opt/ros/foxy /usr/bin/cmake --build /home/ubuntu/PucksInDeep/microros/build/micro_ros_setup -- -j4 -l4
[12.678s] DEBUG:colcon.colcon_core.event_handler.log_command:Invoking command in '/home/ubuntu/PucksInDeep/microros/build/micro_ros_setup': CMAKE_PREFIX_PATH=/opt/ros/foxy /usr/bin/cmake --install /home/ubuntu/PucksInDeep/microros/build/micro_ros_setup
[12.960s] Level 1:colcon.colcon_core.environment:create_environment_scripts_only(micro_ros_setup)
[12.964s] DEBUG:colcon.colcon_core.event_handler.log_command:Invoked command in '/home/ubuntu/PucksInDeep/microros/build/micro_ros_setup' returned '0': CMAKE_PREFIX_PATH=/opt/ros/foxy /usr/bin/cmake --install /home/ubuntu/PucksInDeep/microros/build/micro_ros_setup
[13.014s] Level 1:colcon.colcon_core.environment:checking '/home/ubuntu/PucksInDeep/microros/install/micro_ros_setup' for CMake module files
[13.018s] Level 1:colcon.colcon_core.environment:checking '/home/ubuntu/PucksInDeep/microros/install/micro_ros_setup' for CMake config files
[13.029s] Level 1:colcon.colcon_core.shell:create_environment_hook('micro_ros_setup', 'cmake_prefix_path')
[13.031s] INFO:colcon.colcon_core.shell:Creating environment hook '/home/ubuntu/PucksInDeep/microros/install/micro_ros_setup/share/micro_ros_setup/hook/cmake_prefix_path.ps1'
[13.040s] INFO:colcon.colcon_core.shell:Creating environment descriptor '/home/ubuntu/PucksInDeep/microros/install/micro_ros_setup/share/micro_ros_setup/hook/cmake_prefix_path.dsv'
[13.051s] INFO:colcon.colcon_core.shell:Creating environment hook '/home/ubuntu/PucksInDeep/microros/install/micro_ros_setup/share/micro_ros_setup/hook/cmake_prefix_path.sh'
[13.060s] Level 1:colcon.colcon_core.environment:checking '/home/ubuntu/PucksInDeep/microros/install/micro_ros_setup/lib'
[13.061s] Level 1:colcon.colcon_core.environment:checking '/home/ubuntu/PucksInDeep/microros/install/micro_ros_setup/bin'
[13.062s] Level 1:colcon.colcon_core.environment:checking '/home/ubuntu/PucksInDeep/microros/install/micro_ros_setup/lib/pkgconfig/micro_ros_setup.pc'
[13.062s] Level 1:colcon.colcon_core.environment:checking '/home/ubuntu/PucksInDeep/microros/install/micro_ros_setup/lib/python3.8/site-packages'
[13.064s] INFO:colcon.colcon_core.shell:Creating package script '/home/ubuntu/PucksInDeep/microros/install/micro_ros_setup/share/micro_ros_setup/package.ps1'
[13.071s] INFO:colcon.colcon_core.shell:Creating package descriptor '/home/ubuntu/PucksInDeep/microros/install/micro_ros_setup/share/micro_ros_setup/package.dsv'
[13.077s] INFO:colcon.colcon_core.shell:Creating package script '/home/ubuntu/PucksInDeep/microros/install/micro_ros_setup/share/micro_ros_setup/package.sh'
[13.081s] INFO:colcon.colcon_core.shell:Creating package script '/home/ubuntu/PucksInDeep/microros/install/micro_ros_setup/share/micro_ros_setup/package.bash'
[13.090s] INFO:colcon.colcon_core.shell:Creating package script '/home/ubuntu/PucksInDeep/microros/install/micro_ros_setup/share/micro_ros_setup/package.zsh'
[13.095s] Level 1:colcon.colcon_core.environment:create_file_with_runtime_dependencies(/home/ubuntu/PucksInDeep/microros/install/micro_ros_setup/share/colcon-core/packages/micro_ros_setup)
[13.244s] Level 1:colcon.colcon_core.environment:create_environment_scripts_only(micro_ros_setup)
[13.250s] Level 1:colcon.colcon_core.environment:checking '/home/ubuntu/PucksInDeep/microros/install/micro_ros_setup' for CMake module files
[13.257s] Level 1:colcon.colcon_core.environment:checking '/home/ubuntu/PucksInDeep/microros/install/micro_ros_setup' for CMake config files
[13.263s] Level 1:colcon.colcon_core.shell:create_environment_hook('micro_ros_setup', 'cmake_prefix_path')
[13.266s] INFO:colcon.colcon_core.shell:Creating environment hook '/home/ubuntu/PucksInDeep/microros/install/micro_ros_setup/share/micro_ros_setup/hook/cmake_prefix_path.ps1'
[13.270s] INFO:colcon.colcon_core.shell:Creating environment descriptor '/home/ubuntu/PucksInDeep/microros/install/micro_ros_setup/share/micro_ros_setup/hook/cmake_prefix_path.dsv'
[13.276s] INFO:colcon.colcon_core.shell:Creating environment hook '/home/ubuntu/PucksInDeep/microros/install/micro_ros_setup/share/micro_ros_setup/hook/cmake_prefix_path.sh'
[13.279s] Level 1:colcon.colcon_core.environment:checking '/home/ubuntu/PucksInDeep/microros/install/micro_ros_setup/lib'
[13.280s] Level 1:colcon.colcon_core.environment:checking '/home/ubuntu/PucksInDeep/microros/install/micro_ros_setup/bin'
[13.280s] Level 1:colcon.colcon_core.environment:checking '/home/ubuntu/PucksInDeep/microros/install/micro_ros_setup/lib/pkgconfig/micro_ros_setup.pc'
[13.280s] Level 1:colcon.colcon_core.environment:checking '/home/ubuntu/PucksInDeep/microros/install/micro_ros_setup/lib/python3.8/site-packages'
[13.283s] INFO:colcon.colcon_core.shell:Creating package script '/home/ubuntu/PucksInDeep/microros/install/micro_ros_setup/share/micro_ros_setup/package.ps1'
[13.288s] INFO:colcon.colcon_core.shell:Creating package descriptor '/home/ubuntu/PucksInDeep/microros/install/micro_ros_setup/share/micro_ros_setup/package.dsv'
[13.293s] INFO:colcon.colcon_core.shell:Creating package script '/home/ubuntu/PucksInDeep/microros/install/micro_ros_setup/share/micro_ros_setup/package.sh'
[13.295s] INFO:colcon.colcon_core.shell:Creating package script '/home/ubuntu/PucksInDeep/microros/install/micro_ros_setup/share/micro_ros_setup/package.bash'
[13.298s] INFO:colcon.colcon_core.shell:Creating package script '/home/ubuntu/PucksInDeep/microros/install/micro_ros_setup/share/micro_ros_setup/package.zsh'
[13.300s] Level 1:colcon.colcon_core.environment:create_file_with_runtime_dependencies(/home/ubuntu/PucksInDeep/microros/install/micro_ros_setup/share/colcon-core/packages/micro_ros_setup)
[13.304s] DEBUG:colcon.colcon_parallel_executor.executor.parallel:closing loop
[13.309s] DEBUG:colcon.colcon_parallel_executor.executor.parallel:loop closed
[13.310s] DEBUG:colcon.colcon_parallel_executor.executor.parallel:run_until_complete finished with '0'
[13.310s] DEBUG:colcon.colcon_core.event_reactor:joining thread
[13.382s] INFO:colcon.colcon_core.plugin_system:Skipping extension 'colcon_notification.desktop_notification.terminal_notifier': Not used on non-Darwin systems
[13.383s] INFO:colcon.colcon_core.plugin_system:Skipping extension 'colcon_notification.desktop_notification.win32': Not used on non-Windows systems
[13.383s] INFO:colcon.colcon_notification.desktop_notification:Sending desktop notification using 'notify2'
[13.489s] DEBUG:colcon.colcon_core.event_reactor:joined thread
[13.492s] INFO:colcon.colcon_core.shell:Creating prefix script '/home/ubuntu/PucksInDeep/microros/install/local_setup.ps1'
[13.510s] INFO:colcon.colcon_core.shell:Creating prefix util module '/home/ubuntu/PucksInDeep/microros/install/_local_setup_util_ps1.py'
[13.523s] INFO:colcon.colcon_core.shell:Creating prefix chain script '/home/ubuntu/PucksInDeep/microros/install/setup.ps1'
[13.538s] INFO:colcon.colcon_core.shell:Creating prefix script '/home/ubuntu/PucksInDeep/microros/install/local_setup.sh'
[13.542s] INFO:colcon.colcon_core.shell:Creating prefix util module '/home/ubuntu/PucksInDeep/microros/install/_local_setup_util_sh.py'
[13.546s] INFO:colcon.colcon_core.shell:Creating prefix chain script '/home/ubuntu/PucksInDeep/microros/install/setup.sh'
[13.576s] INFO:colcon.colcon_core.shell:Creating prefix script '/home/ubuntu/PucksInDeep/microros/install/local_setup.bash'
[13.621s] INFO:colcon.colcon_core.shell:Creating prefix chain script '/home/ubuntu/PucksInDeep/microros/install/setup.bash'
[13.648s] INFO:colcon.colcon_core.shell:Creating prefix script '/home/ubuntu/PucksInDeep/microros/install/local_setup.zsh'
[13.656s] INFO:colcon.colcon_core.shell:Creating prefix chain script '/home/ubuntu/PucksInDeep/microros/install/setup.zsh'
