[6.181s] Invoking command in '/home/ubuntu/PucksInDeep/rosHockey/position_publisher': BYOBU_DATE=%Y-%m-%d PYTHONPATH=/home/ubuntu/PucksInDeep/rosHockey/install/position_publisher/lib/python3.8/site-packages:${PYTHONPATH} /usr/bin/python3 setup.py egg_info --egg-base ../build/position_publisher build --build-base /home/ubuntu/PucksInDeep/rosHockey/build/position_publisher/build install --prefix /home/ubuntu/PucksInDeep/rosHockey/install/position_publisher --record /home/ubuntu/PucksInDeep/rosHockey/build/position_publisher/install.log --single-version-externally-managed
[8.372s] running egg_info
[8.378s] writing ../build/position_publisher/position_publisher.egg-info/PKG-INFO
[8.382s] writing dependency_links to ../build/position_publisher/position_publisher.egg-info/dependency_links.txt
[8.385s] writing entry points to ../build/position_publisher/position_publisher.egg-info/entry_points.txt
[8.387s] writing requirements to ../build/position_publisher/position_publisher.egg-info/requires.txt
[8.389s] writing top-level names to ../build/position_publisher/position_publisher.egg-info/top_level.txt
[8.617s] reading manifest file '../build/position_publisher/position_publisher.egg-info/SOURCES.txt'
[8.625s] writing manifest file '../build/position_publisher/position_publisher.egg-info/SOURCES.txt'
[8.627s] running build
[8.628s] running build_py
[8.632s] running install
[8.638s] running install_lib
[8.650s] running install_data
[8.654s] running install_egg_info
[8.670s] removing '/home/ubuntu/PucksInDeep/rosHockey/install/position_publisher/lib/python3.8/site-packages/position_publisher-0.0.0-py3.8.egg-info' (and everything under it)
[8.675s] Copying ../build/position_publisher/position_publisher.egg-info to /home/ubuntu/PucksInDeep/rosHockey/install/position_publisher/lib/python3.8/site-packages/position_publisher-0.0.0-py3.8.egg-info
[8.686s] running install_scripts
[8.819s] Installing position_publisher script to /home/ubuntu/PucksInDeep/rosHockey/install/position_publisher/lib/position_publisher
[8.822s] writing list of installed files to '/home/ubuntu/PucksInDeep/rosHockey/build/position_publisher/install.log'
[8.978s] Invoked command in '/home/ubuntu/PucksInDeep/rosHockey/position_publisher' returned '0': BYOBU_DATE=%Y-%m-%d PYTHONPATH=/home/ubuntu/PucksInDeep/rosHockey/install/position_publisher/lib/python3.8/site-packages:${PYTHONPATH} /usr/bin/python3 setup.py egg_info --egg-base ../build/position_publisher build --build-base /home/ubuntu/PucksInDeep/rosHockey/build/position_publisher/build install --prefix /home/ubuntu/PucksInDeep/rosHockey/install/position_publisher --record /home/ubuntu/PucksInDeep/rosHockey/build/position_publisher/install.log --single-version-externally-managed
