[0.076s] Invoking command in '/home/ubuntu/PucksInDeep/RPi/rosHockey/build/hockey_msgs': CMAKE_PREFIX_PATH=${CMAKE_PREFIX_PATH}:/home/ubuntu/PucksInDeep/RPi/rosHockey/install/visualizer:/home/ubuntu/PucksInDeep/RPi/rosHockey/install/puck_tracker:/home/ubuntu/PucksInDeep/RPi/rosHockey/install/position_publisher:/home/ubuntu/PucksInDeep/RPi/rosHockey/install/keyboard_control:/opt/ros/foxy /usr/bin/cmake --build /home/ubuntu/PucksInDeep/RPi/rosHockey/build/hockey_msgs -- -j4 -l4
[0.208s] -- Found ament_cmake: 0.9.9 (/opt/ros/foxy/share/ament_cmake/cmake)
[0.324s] -- Found PythonInterp: /usr/bin/python3 (found suitable version "3.8.10", minimum required is "3") 
[0.325s] -- Using PYTHON_EXECUTABLE: /usr/bin/python3
[1.607s] -- Found ament_lint_auto: 0.9.6 (/opt/ros/foxy/share/ament_lint_auto/cmake)
[2.038s] -- Found rosidl_default_generators: 1.0.1 (/opt/ros/foxy/share/rosidl_default_generators/cmake)
[2.062s] -- Using all available rosidl_typesupport_c: rosidl_typesupport_fastrtps_c;rosidl_typesupport_introspection_c
[2.086s] -- Found rosidl_adapter: 1.2.1 (/opt/ros/foxy/share/rosidl_adapter/cmake)
[3.534s] -- Using all available rosidl_typesupport_cpp: rosidl_typesupport_fastrtps_cpp;rosidl_typesupport_introspection_cpp
[4.287s] -- Found PythonInterp: /usr/bin/python3 (found version "3.8.10") 
[4.614s] -- Found ament_cmake_ros: 0.9.2 (/opt/ros/foxy/share/ament_cmake_ros/cmake)
[5.615s] -- Using all available rosidl_typesupport_c: rosidl_typesupport_fastrtps_c;rosidl_typesupport_introspection_c
[5.652s] -- Using all available rosidl_typesupport_cpp: rosidl_typesupport_fastrtps_cpp;rosidl_typesupport_introspection_cpp
[5.776s] -- Found PythonInterp: /usr/bin/python3 (found suitable version "3.8.10", minimum required is "3.5") 
[5.777s] -- Found python_cmake_module: 0.8.1 (/opt/ros/foxy/share/python_cmake_module/cmake)
[5.901s] -- Using PYTHON_EXECUTABLE: /usr/bin/python3
[5.904s] -- Using PYTHON_INCLUDE_DIRS: /usr/include/python3.8
[5.905s] -- Using PYTHON_LIBRARIES: /usr/lib/aarch64-linux-gnu/libpython3.8.so
[5.975s] -- Added test 'copyright' to check source files copyright and LICENSE
[5.985s] -- Added test 'lint_cmake' to check CMake code style
[5.990s] -- Added test 'xmllint' to check XML markup files
[6.031s] -- Configuring done
[6.211s] -- Generating done
[6.228s] -- Build files have been written to: /home/ubuntu/PucksInDeep/RPi/rosHockey/build/hockey_msgs
[6.348s] [35m[1mScanning dependencies of target hockey_msgs__cpp[0m
[6.349s] [  2%] [34m[1mGenerating C code for ROS interfaces[0m
[6.408s] [  5%] [34m[1mGenerating C++ code for ROS interfaces[0m
[7.866s] [  5%] Built target hockey_msgs__cpp
[7.884s] [35m[1mScanning dependencies of target hockey_msgs__rosidl_generator_c[0m
[7.927s] [  7%] [34m[1mGenerating C++ introspection for ROS interfaces[0m
[7.932s] [ 10%] [34m[1mGenerating C++ type support dispatch for ROS interfaces[0m
[7.934s] [ 12%] [34m[1mGenerating C++ type support for eProsima Fast-RTPS[0m
[7.968s] [ 15%] [32mBuilding C object CMakeFiles/hockey_msgs__rosidl_generator_c.dir/rosidl_generator_c/hockey_msgs/msg/detail/mallet_pos__functions.c.o[0m
[8.224s] [ 17%] [32mBuilding C object CMakeFiles/hockey_msgs__rosidl_generator_c.dir/rosidl_generator_c/hockey_msgs/msg/detail/puck_status__functions.c.o[0m
[8.472s] [ 20%] [32m[1mLinking C shared library libhockey_msgs__rosidl_generator_c.so[0m
[8.733s] [ 20%] Built target hockey_msgs__rosidl_generator_c
[8.802s] [ 23%] [34m[1mGenerating C type support dispatch for ROS interfaces[0m
[9.381s] [35m[1mScanning dependencies of target hockey_msgs__rosidl_typesupport_cpp[0m
[9.512s] [ 25%] [32mBuilding CXX object CMakeFiles/hockey_msgs__rosidl_typesupport_cpp.dir/rosidl_typesupport_cpp/hockey_msgs/msg/mallet_pos__type_support.cpp.o[0m
[9.526s] [35m[1mScanning dependencies of target hockey_msgs__rosidl_typesupport_introspection_cpp[0m
[9.648s] [ 28%] [32mBuilding CXX object CMakeFiles/hockey_msgs__rosidl_typesupport_introspection_cpp.dir/rosidl_typesupport_introspection_cpp/hockey_msgs/msg/detail/mallet_pos__type_support.cpp.o[0m
[9.725s] [35m[1mScanning dependencies of target hockey_msgs__rosidl_typesupport_fastrtps_cpp[0m
[9.819s] [ 30%] [32mBuilding CXX object CMakeFiles/hockey_msgs__rosidl_typesupport_fastrtps_cpp.dir/rosidl_typesupport_fastrtps_cpp/hockey_msgs/msg/detail/dds_fastrtps/mallet_pos__type_support.cpp.o[0m
[10.423s] [35m[1mScanning dependencies of target hockey_msgs__rosidl_typesupport_c[0m
[10.677s] [ 33%] [32mBuilding CXX object CMakeFiles/hockey_msgs__rosidl_typesupport_c.dir/rosidl_typesupport_c/hockey_msgs/msg/mallet_pos__type_support.cpp.o[0m
[11.187s] [ 35%] [32mBuilding CXX object CMakeFiles/hockey_msgs__rosidl_typesupport_c.dir/rosidl_typesupport_c/hockey_msgs/msg/puck_status__type_support.cpp.o[0m
[11.709s] [ 38%] [32m[1mLinking CXX shared library libhockey_msgs__rosidl_typesupport_c.so[0m
[11.825s] [ 41%] [32mBuilding CXX object CMakeFiles/hockey_msgs__rosidl_typesupport_cpp.dir/rosidl_typesupport_cpp/hockey_msgs/msg/puck_status__type_support.cpp.o[0m
[12.031s] [ 43%] [32mBuilding CXX object CMakeFiles/hockey_msgs__rosidl_typesupport_introspection_cpp.dir/rosidl_typesupport_introspection_cpp/hockey_msgs/msg/detail/puck_status__type_support.cpp.o[0m
[12.070s] [ 43%] Built target hockey_msgs__rosidl_typesupport_c
[12.199s] [ 46%] [32mBuilding CXX object CMakeFiles/hockey_msgs__rosidl_typesupport_fastrtps_cpp.dir/rosidl_typesupport_fastrtps_cpp/hockey_msgs/msg/detail/dds_fastrtps/puck_status__type_support.cpp.o[0m
[14.051s] [ 48%] [34m[1mGenerating C introspection for ROS interfaces[0m
[14.972s] [ 51%] [32m[1mLinking CXX shared library libhockey_msgs__rosidl_typesupport_cpp.so[0m
[15.074s] [ 53%] [32m[1mLinking CXX shared library libhockey_msgs__rosidl_typesupport_introspection_cpp.so[0m
[15.335s] [ 53%] Built target hockey_msgs__rosidl_typesupport_cpp
[15.393s] [ 53%] Built target hockey_msgs__rosidl_typesupport_introspection_cpp
[15.837s] [ 56%] [32m[1mLinking CXX shared library libhockey_msgs__rosidl_typesupport_fastrtps_cpp.so[0m
[16.011s] [35m[1mScanning dependencies of target hockey_msgs__rosidl_typesupport_introspection_c[0m
[16.088s] [ 58%] [32mBuilding C object CMakeFiles/hockey_msgs__rosidl_typesupport_introspection_c.dir/rosidl_typesupport_introspection_c/hockey_msgs/msg/detail/mallet_pos__type_support.c.o[0m
[16.091s] [ 61%] [32mBuilding C object CMakeFiles/hockey_msgs__rosidl_typesupport_introspection_c.dir/rosidl_typesupport_introspection_c/hockey_msgs/msg/detail/puck_status__type_support.c.o[0m
[16.297s] [ 64%] [32m[1mLinking C shared library libhockey_msgs__rosidl_typesupport_introspection_c.so[0m
[16.318s] [ 64%] Built target hockey_msgs__rosidl_typesupport_fastrtps_cpp
[16.371s] [ 66%] [34m[1mGenerating C type support for eProsima Fast-RTPS[0m
[16.442s] [ 66%] Built target hockey_msgs__rosidl_typesupport_introspection_c
[17.575s] [35m[1mScanning dependencies of target hockey_msgs__rosidl_typesupport_fastrtps_c[0m
[17.650s] [ 69%] [32mBuilding CXX object CMakeFiles/hockey_msgs__rosidl_typesupport_fastrtps_c.dir/rosidl_typesupport_fastrtps_c/hockey_msgs/msg/detail/puck_status__type_support_c.cpp.o[0m
[17.653s] [ 71%] [32mBuilding CXX object CMakeFiles/hockey_msgs__rosidl_typesupport_fastrtps_c.dir/rosidl_typesupport_fastrtps_c/hockey_msgs/msg/detail/mallet_pos__type_support_c.cpp.o[0m
[19.521s] [ 74%] [32m[1mLinking CXX shared library libhockey_msgs__rosidl_typesupport_fastrtps_c.so[0m
[19.920s] [ 74%] Built target hockey_msgs__rosidl_typesupport_fastrtps_c
[20.021s] [ 74%] Built target hockey_msgs
[20.076s] [35m[1mScanning dependencies of target hockey_msgs__py[0m
[20.128s] [ 76%] [34m[1mGenerating Python code for ROS interfaces[0m
[22.084s] [ 76%] Built target hockey_msgs__py
[22.139s] [35m[1mScanning dependencies of target hockey_msgs__python[0m
[22.233s] [ 79%] [32mBuilding C object CMakeFiles/hockey_msgs__python.dir/rosidl_generator_py/hockey_msgs/msg/_puck_status_s.c.o[0m
[22.236s] [ 82%] [32mBuilding C object CMakeFiles/hockey_msgs__python.dir/rosidl_generator_py/hockey_msgs/msg/_mallet_pos_s.c.o[0m
[22.704s] [ 84%] [32m[1mLinking C shared library rosidl_generator_py/hockey_msgs/libhockey_msgs__python.so[0m
[22.902s] [ 84%] Built target hockey_msgs__python
[22.958s] [35m[1mScanning dependencies of target hockey_msgs__rosidl_typesupport_c__pyext[0m
[22.958s] [35m[1mScanning dependencies of target hockey_msgs__rosidl_typesupport_introspection_c__pyext[0m
[22.961s] [35m[1mScanning dependencies of target hockey_msgs__rosidl_typesupport_fastrtps_c__pyext[0m
[23.074s] [ 87%] [32mBuilding C object CMakeFiles/hockey_msgs__rosidl_typesupport_c__pyext.dir/rosidl_generator_py/hockey_msgs/_hockey_msgs_s.ep.rosidl_typesupport_c.c.o[0m
[23.094s] [ 89%] [32mBuilding C object CMakeFiles/hockey_msgs__rosidl_typesupport_introspection_c__pyext.dir/rosidl_generator_py/hockey_msgs/_hockey_msgs_s.ep.rosidl_typesupport_introspection_c.c.o[0m
[23.100s] [ 92%] [32mBuilding C object CMakeFiles/hockey_msgs__rosidl_typesupport_fastrtps_c__pyext.dir/rosidl_generator_py/hockey_msgs/_hockey_msgs_s.ep.rosidl_typesupport_fastrtps_c.c.o[0m
[23.577s] [ 94%] [32m[1mLinking C shared library rosidl_generator_py/hockey_msgs/hockey_msgs_s__rosidl_typesupport_c.cpython-38-aarch64-linux-gnu.so[0m
[23.605s] [100%] [32m[1mLinking CXX shared library rosidl_generator_py/hockey_msgs/hockey_msgs_s__rosidl_typesupport_fastrtps_c.cpython-38-aarch64-linux-gnu.so[0m
[23.607s] [100%] [32m[1mLinking C shared library rosidl_generator_py/hockey_msgs/hockey_msgs_s__rosidl_typesupport_introspection_c.cpython-38-aarch64-linux-gnu.so[0m
[23.806s] [100%] Built target hockey_msgs__rosidl_typesupport_c__pyext
[23.846s] [100%] Built target hockey_msgs__rosidl_typesupport_introspection_c__pyext
[23.956s] [100%] Built target hockey_msgs__rosidl_typesupport_fastrtps_c__pyext
[24.004s] Invoked command in '/home/ubuntu/PucksInDeep/RPi/rosHockey/build/hockey_msgs' returned '0': CMAKE_PREFIX_PATH=${CMAKE_PREFIX_PATH}:/home/ubuntu/PucksInDeep/RPi/rosHockey/install/visualizer:/home/ubuntu/PucksInDeep/RPi/rosHockey/install/puck_tracker:/home/ubuntu/PucksInDeep/RPi/rosHockey/install/position_publisher:/home/ubuntu/PucksInDeep/RPi/rosHockey/install/keyboard_control:/opt/ros/foxy /usr/bin/cmake --build /home/ubuntu/PucksInDeep/RPi/rosHockey/build/hockey_msgs -- -j4 -l4
[24.574s] Invoking command in '/home/ubuntu/PucksInDeep/RPi/rosHockey/build/hockey_msgs': CMAKE_PREFIX_PATH=${CMAKE_PREFIX_PATH}:/home/ubuntu/PucksInDeep/RPi/rosHockey/install/visualizer:/home/ubuntu/PucksInDeep/RPi/rosHockey/install/puck_tracker:/home/ubuntu/PucksInDeep/RPi/rosHockey/install/position_publisher:/home/ubuntu/PucksInDeep/RPi/rosHockey/install/keyboard_control:/opt/ros/foxy /usr/bin/cmake --install /home/ubuntu/PucksInDeep/RPi/rosHockey/build/hockey_msgs
[24.615s] -- Install configuration: ""
[24.618s] -- Installing: /home/ubuntu/PucksInDeep/RPi/rosHockey/install/hockey_msgs/share/ament_index/resource_index/rosidl_interfaces/hockey_msgs
[24.619s] -- Up-to-date: /home/ubuntu/PucksInDeep/RPi/rosHockey/install/hockey_msgs/include/hockey_msgs
[24.620s] -- Up-to-date: /home/ubuntu/PucksInDeep/RPi/rosHockey/install/hockey_msgs/include/hockey_msgs/msg
[24.621s] -- Up-to-date: /home/ubuntu/PucksInDeep/RPi/rosHockey/install/hockey_msgs/include/hockey_msgs/msg/detail
[24.622s] -- Installing: /home/ubuntu/PucksInDeep/RPi/rosHockey/install/hockey_msgs/include/hockey_msgs/msg/detail/puck_status__type_support.h
[24.622s] -- Installing: /home/ubuntu/PucksInDeep/RPi/rosHockey/install/hockey_msgs/include/hockey_msgs/msg/detail/puck_status__functions.c
[24.623s] -- Installing: /home/ubuntu/PucksInDeep/RPi/rosHockey/install/hockey_msgs/include/hockey_msgs/msg/detail/mallet_pos__type_support.h
[24.624s] -- Installing: /home/ubuntu/PucksInDeep/RPi/rosHockey/install/hockey_msgs/include/hockey_msgs/msg/detail/puck_status__struct.h
[24.625s] -- Installing: /home/ubuntu/PucksInDeep/RPi/rosHockey/install/hockey_msgs/include/hockey_msgs/msg/detail/mallet_pos__struct.h
[24.626s] -- Installing: /home/ubuntu/PucksInDeep/RPi/rosHockey/install/hockey_msgs/include/hockey_msgs/msg/detail/mallet_pos__functions.h
[24.627s] -- Installing: /home/ubuntu/PucksInDeep/RPi/rosHockey/install/hockey_msgs/include/hockey_msgs/msg/detail/mallet_pos__functions.c
[24.629s] -- Installing: /home/ubuntu/PucksInDeep/RPi/rosHockey/install/hockey_msgs/include/hockey_msgs/msg/detail/puck_status__functions.h
[24.630s] -- Up-to-date: /home/ubuntu/PucksInDeep/RPi/rosHockey/install/hockey_msgs/include/hockey_msgs/msg/rosidl_generator_c__visibility_control.h
[24.630s] -- Installing: /home/ubuntu/PucksInDeep/RPi/rosHockey/install/hockey_msgs/include/hockey_msgs/msg/mallet_pos.h
[24.631s] -- Installing: /home/ubuntu/PucksInDeep/RPi/rosHockey/install/hockey_msgs/include/hockey_msgs/msg/puck_status.h
[24.632s] -- Up-to-date: /home/ubuntu/PucksInDeep/RPi/rosHockey/install/hockey_msgs/share/hockey_msgs/environment/library_path.sh
[24.633s] -- Installing: /home/ubuntu/PucksInDeep/RPi/rosHockey/install/hockey_msgs/share/hockey_msgs/environment/library_path.dsv
[24.635s] -- Installing: /home/ubuntu/PucksInDeep/RPi/rosHockey/install/hockey_msgs/lib/libhockey_msgs__rosidl_generator_c.so
[24.638s] -- Set runtime path of "/home/ubuntu/PucksInDeep/RPi/rosHockey/install/hockey_msgs/lib/libhockey_msgs__rosidl_generator_c.so" to ""
[24.638s] -- Up-to-date: /home/ubuntu/PucksInDeep/RPi/rosHockey/install/hockey_msgs/include/hockey_msgs
[24.639s] -- Up-to-date: /home/ubuntu/PucksInDeep/RPi/rosHockey/install/hockey_msgs/include/hockey_msgs/msg
[24.639s] -- Up-to-date: /home/ubuntu/PucksInDeep/RPi/rosHockey/install/hockey_msgs/include/hockey_msgs/msg/detail
[24.640s] -- Installing: /home/ubuntu/PucksInDeep/RPi/rosHockey/install/hockey_msgs/include/hockey_msgs/msg/detail/mallet_pos__rosidl_typesupport_fastrtps_c.h
[24.640s] -- Installing: /home/ubuntu/PucksInDeep/RPi/rosHockey/install/hockey_msgs/include/hockey_msgs/msg/detail/puck_status__rosidl_typesupport_fastrtps_c.h
[24.642s] -- Up-to-date: /home/ubuntu/PucksInDeep/RPi/rosHockey/install/hockey_msgs/include/hockey_msgs/msg/rosidl_typesupport_fastrtps_c__visibility_control.h
[24.643s] -- Installing: /home/ubuntu/PucksInDeep/RPi/rosHockey/install/hockey_msgs/lib/libhockey_msgs__rosidl_typesupport_fastrtps_c.so
[24.646s] -- Set runtime path of "/home/ubuntu/PucksInDeep/RPi/rosHockey/install/hockey_msgs/lib/libhockey_msgs__rosidl_typesupport_fastrtps_c.so" to ""
[24.646s] -- Up-to-date: /home/ubuntu/PucksInDeep/RPi/rosHockey/install/hockey_msgs/include/hockey_msgs
[24.647s] -- Up-to-date: /home/ubuntu/PucksInDeep/RPi/rosHockey/install/hockey_msgs/include/hockey_msgs/msg
[24.647s] -- Up-to-date: /home/ubuntu/PucksInDeep/RPi/rosHockey/install/hockey_msgs/include/hockey_msgs/msg/detail
[24.648s] -- Installing: /home/ubuntu/PucksInDeep/RPi/rosHockey/install/hockey_msgs/include/hockey_msgs/msg/detail/puck_status__rosidl_typesupport_fastrtps_cpp.hpp
[24.648s] -- Up-to-date: /home/ubuntu/PucksInDeep/RPi/rosHockey/install/hockey_msgs/include/hockey_msgs/msg/detail/dds_fastrtps
[24.649s] -- Installing: /home/ubuntu/PucksInDeep/RPi/rosHockey/install/hockey_msgs/include/hockey_msgs/msg/detail/mallet_pos__rosidl_typesupport_fastrtps_cpp.hpp
[24.650s] -- Up-to-date: /home/ubuntu/PucksInDeep/RPi/rosHockey/install/hockey_msgs/include/hockey_msgs/msg/rosidl_typesupport_fastrtps_cpp__visibility_control.h
[24.652s] -- Installing: /home/ubuntu/PucksInDeep/RPi/rosHockey/install/hockey_msgs/lib/libhockey_msgs__rosidl_typesupport_fastrtps_cpp.so
[24.655s] -- Set runtime path of "/home/ubuntu/PucksInDeep/RPi/rosHockey/install/hockey_msgs/lib/libhockey_msgs__rosidl_typesupport_fastrtps_cpp.so" to ""
[24.655s] -- Up-to-date: /home/ubuntu/PucksInDeep/RPi/rosHockey/install/hockey_msgs/include/hockey_msgs
[24.656s] -- Up-to-date: /home/ubuntu/PucksInDeep/RPi/rosHockey/install/hockey_msgs/include/hockey_msgs/msg
[24.656s] -- Up-to-date: /home/ubuntu/PucksInDeep/RPi/rosHockey/install/hockey_msgs/include/hockey_msgs/msg/detail
[24.657s] -- Installing: /home/ubuntu/PucksInDeep/RPi/rosHockey/install/hockey_msgs/include/hockey_msgs/msg/detail/puck_status__rosidl_typesupport_introspection_c.h
[24.657s] -- Installing: /home/ubuntu/PucksInDeep/RPi/rosHockey/install/hockey_msgs/include/hockey_msgs/msg/detail/mallet_pos__rosidl_typesupport_introspection_c.h
[24.659s] -- Installing: /home/ubuntu/PucksInDeep/RPi/rosHockey/install/hockey_msgs/include/hockey_msgs/msg/detail/mallet_pos__type_support.c
[24.660s] -- Installing: /home/ubuntu/PucksInDeep/RPi/rosHockey/install/hockey_msgs/include/hockey_msgs/msg/detail/puck_status__type_support.c
[24.661s] -- Up-to-date: /home/ubuntu/PucksInDeep/RPi/rosHockey/install/hockey_msgs/include/hockey_msgs/msg/rosidl_typesupport_introspection_c__visibility_control.h
[24.662s] -- Installing: /home/ubuntu/PucksInDeep/RPi/rosHockey/install/hockey_msgs/lib/libhockey_msgs__rosidl_typesupport_introspection_c.so
[24.665s] -- Set runtime path of "/home/ubuntu/PucksInDeep/RPi/rosHockey/install/hockey_msgs/lib/libhockey_msgs__rosidl_typesupport_introspection_c.so" to ""
[24.666s] -- Installing: /home/ubuntu/PucksInDeep/RPi/rosHockey/install/hockey_msgs/lib/libhockey_msgs__rosidl_typesupport_c.so
[24.669s] -- Set runtime path of "/home/ubuntu/PucksInDeep/RPi/rosHockey/install/hockey_msgs/lib/libhockey_msgs__rosidl_typesupport_c.so" to ""
[24.670s] -- Up-to-date: /home/ubuntu/PucksInDeep/RPi/rosHockey/install/hockey_msgs/include/hockey_msgs
[24.670s] -- Up-to-date: /home/ubuntu/PucksInDeep/RPi/rosHockey/install/hockey_msgs/include/hockey_msgs/msg
[24.670s] -- Up-to-date: /home/ubuntu/PucksInDeep/RPi/rosHockey/install/hockey_msgs/include/hockey_msgs/msg/detail
[24.671s] -- Installing: /home/ubuntu/PucksInDeep/RPi/rosHockey/install/hockey_msgs/include/hockey_msgs/msg/detail/puck_status__struct.hpp
[24.671s] -- Installing: /home/ubuntu/PucksInDeep/RPi/rosHockey/install/hockey_msgs/include/hockey_msgs/msg/detail/mallet_pos__traits.hpp
[24.673s] -- Installing: /home/ubuntu/PucksInDeep/RPi/rosHockey/install/hockey_msgs/include/hockey_msgs/msg/detail/mallet_pos__struct.hpp
[24.674s] -- Installing: /home/ubuntu/PucksInDeep/RPi/rosHockey/install/hockey_msgs/include/hockey_msgs/msg/detail/puck_status__traits.hpp
[24.675s] -- Installing: /home/ubuntu/PucksInDeep/RPi/rosHockey/install/hockey_msgs/include/hockey_msgs/msg/detail/mallet_pos__builder.hpp
[24.676s] -- Installing: /home/ubuntu/PucksInDeep/RPi/rosHockey/install/hockey_msgs/include/hockey_msgs/msg/detail/puck_status__builder.hpp
[24.677s] -- Installing: /home/ubuntu/PucksInDeep/RPi/rosHockey/install/hockey_msgs/include/hockey_msgs/msg/mallet_pos.hpp
[24.678s] -- Installing: /home/ubuntu/PucksInDeep/RPi/rosHockey/install/hockey_msgs/include/hockey_msgs/msg/puck_status.hpp
[24.679s] -- Up-to-date: /home/ubuntu/PucksInDeep/RPi/rosHockey/install/hockey_msgs/include/hockey_msgs
[24.680s] -- Up-to-date: /home/ubuntu/PucksInDeep/RPi/rosHockey/install/hockey_msgs/include/hockey_msgs/msg
[24.680s] -- Up-to-date: /home/ubuntu/PucksInDeep/RPi/rosHockey/install/hockey_msgs/include/hockey_msgs/msg/detail
[24.681s] -- Installing: /home/ubuntu/PucksInDeep/RPi/rosHockey/install/hockey_msgs/include/hockey_msgs/msg/detail/puck_status__rosidl_typesupport_introspection_cpp.hpp
[24.682s] -- Installing: /home/ubuntu/PucksInDeep/RPi/rosHockey/install/hockey_msgs/include/hockey_msgs/msg/detail/puck_status__type_support.cpp
[24.683s] -- Installing: /home/ubuntu/PucksInDeep/RPi/rosHockey/install/hockey_msgs/include/hockey_msgs/msg/detail/mallet_pos__type_support.cpp
[24.684s] -- Installing: /home/ubuntu/PucksInDeep/RPi/rosHockey/install/hockey_msgs/include/hockey_msgs/msg/detail/mallet_pos__rosidl_typesupport_introspection_cpp.hpp
[24.686s] -- Installing: /home/ubuntu/PucksInDeep/RPi/rosHockey/install/hockey_msgs/lib/libhockey_msgs__rosidl_typesupport_introspection_cpp.so
[24.697s] -- Set runtime path of "/home/ubuntu/PucksInDeep/RPi/rosHockey/install/hockey_msgs/lib/libhockey_msgs__rosidl_typesupport_introspection_cpp.so" to ""
[24.697s] -- Installing: /home/ubuntu/PucksInDeep/RPi/rosHockey/install/hockey_msgs/lib/libhockey_msgs__rosidl_typesupport_cpp.so
[24.698s] -- Set runtime path of "/home/ubuntu/PucksInDeep/RPi/rosHockey/install/hockey_msgs/lib/libhockey_msgs__rosidl_typesupport_cpp.so" to ""
[24.699s] -- Up-to-date: /home/ubuntu/PucksInDeep/RPi/rosHockey/install/hockey_msgs/share/hockey_msgs/environment/pythonpath.sh
[24.700s] -- Installing: /home/ubuntu/PucksInDeep/RPi/rosHockey/install/hockey_msgs/share/hockey_msgs/environment/pythonpath.dsv
[24.700s] -- Installing: /home/ubuntu/PucksInDeep/RPi/rosHockey/install/hockey_msgs/lib/python3.8/site-packages/hockey_msgs/__init__.py
[24.881s] Compiling '/home/ubuntu/PucksInDeep/RPi/rosHockey/install/hockey_msgs/lib/python3.8/site-packages/hockey_msgs/__init__.py'...
[24.902s] -- Up-to-date: /home/ubuntu/PucksInDeep/RPi/rosHockey/install/hockey_msgs/lib/python3.8/site-packages/hockey_msgs/msg
[24.903s] -- Installing: /home/ubuntu/PucksInDeep/RPi/rosHockey/install/hockey_msgs/lib/python3.8/site-packages/hockey_msgs/msg/_puck_status_s.c
[24.904s] -- Installing: /home/ubuntu/PucksInDeep/RPi/rosHockey/install/hockey_msgs/lib/python3.8/site-packages/hockey_msgs/msg/__init__.py
[24.905s] -- Installing: /home/ubuntu/PucksInDeep/RPi/rosHockey/install/hockey_msgs/lib/python3.8/site-packages/hockey_msgs/msg/_mallet_pos_s.c
[24.906s] -- Installing: /home/ubuntu/PucksInDeep/RPi/rosHockey/install/hockey_msgs/lib/python3.8/site-packages/hockey_msgs/msg/_puck_status.py
[24.907s] -- Installing: /home/ubuntu/PucksInDeep/RPi/rosHockey/install/hockey_msgs/lib/python3.8/site-packages/hockey_msgs/msg/_mallet_pos.py
[24.910s] -- Installing: /home/ubuntu/PucksInDeep/RPi/rosHockey/install/hockey_msgs/lib/python3.8/site-packages/hockey_msgs/hockey_msgs_s__rosidl_typesupport_fastrtps_c.cpython-38-aarch64-linux-gnu.so
[24.914s] -- Set runtime path of "/home/ubuntu/PucksInDeep/RPi/rosHockey/install/hockey_msgs/lib/python3.8/site-packages/hockey_msgs/hockey_msgs_s__rosidl_typesupport_fastrtps_c.cpython-38-aarch64-linux-gnu.so" to ""
[24.916s] -- Installing: /home/ubuntu/PucksInDeep/RPi/rosHockey/install/hockey_msgs/lib/python3.8/site-packages/hockey_msgs/hockey_msgs_s__rosidl_typesupport_introspection_c.cpython-38-aarch64-linux-gnu.so
[24.922s] -- Set runtime path of "/home/ubuntu/PucksInDeep/RPi/rosHockey/install/hockey_msgs/lib/python3.8/site-packages/hockey_msgs/hockey_msgs_s__rosidl_typesupport_introspection_c.cpython-38-aarch64-linux-gnu.so" to ""
[24.923s] -- Installing: /home/ubuntu/PucksInDeep/RPi/rosHockey/install/hockey_msgs/lib/python3.8/site-packages/hockey_msgs/hockey_msgs_s__rosidl_typesupport_c.cpython-38-aarch64-linux-gnu.so
[24.927s] -- Set runtime path of "/home/ubuntu/PucksInDeep/RPi/rosHockey/install/hockey_msgs/lib/python3.8/site-packages/hockey_msgs/hockey_msgs_s__rosidl_typesupport_c.cpython-38-aarch64-linux-gnu.so" to ""
[24.928s] -- Installing: /home/ubuntu/PucksInDeep/RPi/rosHockey/install/hockey_msgs/lib/libhockey_msgs__python.so
[24.931s] -- Set runtime path of "/home/ubuntu/PucksInDeep/RPi/rosHockey/install/hockey_msgs/lib/libhockey_msgs__python.so" to ""
[24.932s] -- Up-to-date: /home/ubuntu/PucksInDeep/RPi/rosHockey/install/hockey_msgs/share/hockey_msgs/msg/MalletPos.idl
[24.932s] -- Installing: /home/ubuntu/PucksInDeep/RPi/rosHockey/install/hockey_msgs/share/hockey_msgs/msg/PuckStatus.idl
[24.934s] -- Up-to-date: /home/ubuntu/PucksInDeep/RPi/rosHockey/install/hockey_msgs/share/hockey_msgs/msg/MalletPos.msg
[24.934s] -- Installing: /home/ubuntu/PucksInDeep/RPi/rosHockey/install/hockey_msgs/share/hockey_msgs/msg/PuckStatus.msg
[24.935s] -- Up-to-date: /home/ubuntu/PucksInDeep/RPi/rosHockey/install/hockey_msgs/share/ament_index/resource_index/package_run_dependencies/hockey_msgs
[24.936s] -- Installing: /home/ubuntu/PucksInDeep/RPi/rosHockey/install/hockey_msgs/share/ament_index/resource_index/parent_prefix_path/hockey_msgs
[24.938s] -- Up-to-date: /home/ubuntu/PucksInDeep/RPi/rosHockey/install/hockey_msgs/share/hockey_msgs/environment/ament_prefix_path.sh
[24.938s] -- Installing: /home/ubuntu/PucksInDeep/RPi/rosHockey/install/hockey_msgs/share/hockey_msgs/environment/ament_prefix_path.dsv
[24.940s] -- Up-to-date: /home/ubuntu/PucksInDeep/RPi/rosHockey/install/hockey_msgs/share/hockey_msgs/environment/path.sh
[24.940s] -- Installing: /home/ubuntu/PucksInDeep/RPi/rosHockey/install/hockey_msgs/share/hockey_msgs/environment/path.dsv
[24.942s] -- Up-to-date: /home/ubuntu/PucksInDeep/RPi/rosHockey/install/hockey_msgs/share/hockey_msgs/local_setup.bash
[24.942s] -- Up-to-date: /home/ubuntu/PucksInDeep/RPi/rosHockey/install/hockey_msgs/share/hockey_msgs/local_setup.sh
[24.943s] -- Up-to-date: /home/ubuntu/PucksInDeep/RPi/rosHockey/install/hockey_msgs/share/hockey_msgs/local_setup.zsh
[24.944s] -- Installing: /home/ubuntu/PucksInDeep/RPi/rosHockey/install/hockey_msgs/share/hockey_msgs/local_setup.dsv
[24.945s] -- Installing: /home/ubuntu/PucksInDeep/RPi/rosHockey/install/hockey_msgs/share/hockey_msgs/package.dsv
[24.946s] -- Up-to-date: /home/ubuntu/PucksInDeep/RPi/rosHockey/install/hockey_msgs/share/ament_index/resource_index/packages/hockey_msgs
[24.947s] -- Up-to-date: /home/ubuntu/PucksInDeep/RPi/rosHockey/install/hockey_msgs/share/hockey_msgs/cmake/hockey_msgs__rosidl_generator_cExport.cmake
[24.948s] -- Installing: /home/ubuntu/PucksInDeep/RPi/rosHockey/install/hockey_msgs/share/hockey_msgs/cmake/hockey_msgs__rosidl_generator_cExport-noconfig.cmake
[24.950s] -- Up-to-date: /home/ubuntu/PucksInDeep/RPi/rosHockey/install/hockey_msgs/share/hockey_msgs/cmake/hockey_msgs__rosidl_typesupport_introspection_cExport.cmake
[24.951s] -- Installing: /home/ubuntu/PucksInDeep/RPi/rosHockey/install/hockey_msgs/share/hockey_msgs/cmake/hockey_msgs__rosidl_typesupport_introspection_cExport-noconfig.cmake
[24.953s] -- Up-to-date: /home/ubuntu/PucksInDeep/RPi/rosHockey/install/hockey_msgs/share/hockey_msgs/cmake/hockey_msgs__rosidl_typesupport_cExport.cmake
[24.954s] -- Installing: /home/ubuntu/PucksInDeep/RPi/rosHockey/install/hockey_msgs/share/hockey_msgs/cmake/hockey_msgs__rosidl_typesupport_cExport-noconfig.cmake
[24.956s] -- Up-to-date: /home/ubuntu/PucksInDeep/RPi/rosHockey/install/hockey_msgs/share/hockey_msgs/cmake/hockey_msgs__rosidl_generator_cppExport.cmake
[24.957s] -- Up-to-date: /home/ubuntu/PucksInDeep/RPi/rosHockey/install/hockey_msgs/share/hockey_msgs/cmake/hockey_msgs__rosidl_typesupport_introspection_cppExport.cmake
[24.958s] -- Installing: /home/ubuntu/PucksInDeep/RPi/rosHockey/install/hockey_msgs/share/hockey_msgs/cmake/hockey_msgs__rosidl_typesupport_introspection_cppExport-noconfig.cmake
[24.960s] -- Up-to-date: /home/ubuntu/PucksInDeep/RPi/rosHockey/install/hockey_msgs/share/hockey_msgs/cmake/hockey_msgs__rosidl_typesupport_cppExport.cmake
[24.961s] -- Installing: /home/ubuntu/PucksInDeep/RPi/rosHockey/install/hockey_msgs/share/hockey_msgs/cmake/hockey_msgs__rosidl_typesupport_cppExport-noconfig.cmake
[24.962s] -- Installing: /home/ubuntu/PucksInDeep/RPi/rosHockey/install/hockey_msgs/share/hockey_msgs/cmake/rosidl_cmake-extras.cmake
[24.964s] -- Up-to-date: /home/ubuntu/PucksInDeep/RPi/rosHockey/install/hockey_msgs/share/hockey_msgs/cmake/ament_cmake_export_dependencies-extras.cmake
[24.965s] -- Up-to-date: /home/ubuntu/PucksInDeep/RPi/rosHockey/install/hockey_msgs/share/hockey_msgs/cmake/ament_cmake_export_libraries-extras.cmake
[24.965s] -- Up-to-date: /home/ubuntu/PucksInDeep/RPi/rosHockey/install/hockey_msgs/share/hockey_msgs/cmake/ament_cmake_export_targets-extras.cmake
[24.966s] -- Up-to-date: /home/ubuntu/PucksInDeep/RPi/rosHockey/install/hockey_msgs/share/hockey_msgs/cmake/ament_cmake_export_include_directories-extras.cmake
[24.967s] -- Up-to-date: /home/ubuntu/PucksInDeep/RPi/rosHockey/install/hockey_msgs/share/hockey_msgs/cmake/rosidl_cmake_export_typesupport_libraries-extras.cmake
[24.968s] -- Up-to-date: /home/ubuntu/PucksInDeep/RPi/rosHockey/install/hockey_msgs/share/hockey_msgs/cmake/rosidl_cmake_export_typesupport_targets-extras.cmake
[24.968s] -- Up-to-date: /home/ubuntu/PucksInDeep/RPi/rosHockey/install/hockey_msgs/share/hockey_msgs/cmake/hockey_msgsConfig.cmake
[24.969s] -- Up-to-date: /home/ubuntu/PucksInDeep/RPi/rosHockey/install/hockey_msgs/share/hockey_msgs/cmake/hockey_msgsConfig-version.cmake
[24.970s] -- Up-to-date: /home/ubuntu/PucksInDeep/RPi/rosHockey/install/hockey_msgs/share/hockey_msgs/package.xml
[24.978s] Invoked command in '/home/ubuntu/PucksInDeep/RPi/rosHockey/build/hockey_msgs' returned '0': CMAKE_PREFIX_PATH=${CMAKE_PREFIX_PATH}:/home/ubuntu/PucksInDeep/RPi/rosHockey/install/visualizer:/home/ubuntu/PucksInDeep/RPi/rosHockey/install/puck_tracker:/home/ubuntu/PucksInDeep/RPi/rosHockey/install/position_publisher:/home/ubuntu/PucksInDeep/RPi/rosHockey/install/keyboard_control:/opt/ros/foxy /usr/bin/cmake --install /home/ubuntu/PucksInDeep/RPi/rosHockey/build/hockey_msgs
