[5.474s] Invoking command in '/home/ubuntu/PucksInDeep/RPi/rosHockey/puck_tracker': PYTHONPATH=/home/ubuntu/PucksInDeep/RPi/rosHockey/install/puck_tracker/lib/python3.8/site-packages:${PYTHONPATH} /usr/bin/python3 setup.py egg_info --egg-base ../build/puck_tracker build --build-base /home/ubuntu/PucksInDeep/RPi/rosHockey/build/puck_tracker/build install --prefix /home/ubuntu/PucksInDeep/RPi/rosHockey/install/puck_tracker --record /home/ubuntu/PucksInDeep/RPi/rosHockey/build/puck_tracker/install.log --single-version-externally-managed
[6.758s] running egg_info
[6.763s] writing ../build/puck_tracker/puck_tracker.egg-info/PKG-INFO
[6.767s] writing dependency_links to ../build/puck_tracker/puck_tracker.egg-info/dependency_links.txt
[6.781s] writing entry points to ../build/puck_tracker/puck_tracker.egg-info/entry_points.txt
[6.784s] writing requirements to ../build/puck_tracker/puck_tracker.egg-info/requires.txt
[6.785s] writing top-level names to ../build/puck_tracker/puck_tracker.egg-info/top_level.txt
[7.184s] reading manifest file '../build/puck_tracker/puck_tracker.egg-info/SOURCES.txt'
[7.196s] writing manifest file '../build/puck_tracker/puck_tracker.egg-info/SOURCES.txt'
[7.198s] running build
[7.199s] running build_py
[7.201s] copying puck_tracker/tracker.py -> /home/ubuntu/PucksInDeep/RPi/rosHockey/build/puck_tracker/build/lib/puck_tracker
[7.205s] running install
[7.221s] running install_lib
[7.233s] copying /home/ubuntu/PucksInDeep/RPi/rosHockey/build/puck_tracker/build/lib/puck_tracker/tracker.py -> /home/ubuntu/PucksInDeep/RPi/rosHockey/install/puck_tracker/lib/python3.8/site-packages/puck_tracker
[7.252s] byte-compiling /home/ubuntu/PucksInDeep/RPi/rosHockey/install/puck_tracker/lib/python3.8/site-packages/puck_tracker/tracker.py to tracker.cpython-38.pyc
[7.290s] running install_data
[7.295s] running install_egg_info
[7.334s] removing '/home/ubuntu/PucksInDeep/RPi/rosHockey/install/puck_tracker/lib/python3.8/site-packages/puck_tracker-0.0.0-py3.8.egg-info' (and everything under it)
[7.339s] Copying ../build/puck_tracker/puck_tracker.egg-info to /home/ubuntu/PucksInDeep/RPi/rosHockey/install/puck_tracker/lib/python3.8/site-packages/puck_tracker-0.0.0-py3.8.egg-info
[7.397s] running install_scripts
[7.557s] Installing puck_tracker script to /home/ubuntu/PucksInDeep/RPi/rosHockey/install/puck_tracker/lib/puck_tracker
[7.560s] writing list of installed files to '/home/ubuntu/PucksInDeep/RPi/rosHockey/build/puck_tracker/install.log'
[7.776s] Invoked command in '/home/ubuntu/PucksInDeep/RPi/rosHockey/puck_tracker' returned '0': PYTHONPATH=/home/ubuntu/PucksInDeep/RPi/rosHockey/install/puck_tracker/lib/python3.8/site-packages:${PYTHONPATH} /usr/bin/python3 setup.py egg_info --egg-base ../build/puck_tracker build --build-base /home/ubuntu/PucksInDeep/RPi/rosHockey/build/puck_tracker/build install --prefix /home/ubuntu/PucksInDeep/RPi/rosHockey/install/puck_tracker --record /home/ubuntu/PucksInDeep/RPi/rosHockey/build/puck_tracker/install.log --single-version-externally-managed
