[4.306s] Invoking command in '/home/pham/PucksInDeep/build/keyboard_control': PYTHONPATH=/home/pham/PucksInDeep/install/keyboard_control/lib/python3.8/site-packages:${PYTHONPATH} /usr/bin/python3 setup.py develop --prefix /home/pham/PucksInDeep/install/keyboard_control --uninstall --editable --build-directory /home/pham/PucksInDeep/build/keyboard_control/build
[5.753s] running develop
[5.753s] Removing /home/pham/PucksInDeep/install/keyboard_control/lib/python3.8/site-packages/keyboard-control.egg-link (link to .)
[5.814s] Invoked command in '/home/pham/PucksInDeep/build/keyboard_control' returned '0': PYTHONPATH=/home/pham/PucksInDeep/install/keyboard_control/lib/python3.8/site-packages:${PYTHONPATH} /usr/bin/python3 setup.py develop --prefix /home/pham/PucksInDeep/install/keyboard_control --uninstall --editable --build-directory /home/pham/PucksInDeep/build/keyboard_control/build
[5.815s] Invoking command in '/home/pham/PucksInDeep/backup/keyboard_control': PYTHONPATH=/home/pham/PucksInDeep/install/keyboard_control/lib/python3.8/site-packages:${PYTHONPATH} /usr/bin/python3 setup.py egg_info --egg-base ../../build/keyboard_control build --build-base /home/pham/PucksInDeep/build/keyboard_control/build install --prefix /home/pham/PucksInDeep/install/keyboard_control --record /home/pham/PucksInDeep/build/keyboard_control/install.log --single-version-externally-managed
[6.723s] running egg_info
[6.724s] writing ../../build/keyboard_control/keyboard_control.egg-info/PKG-INFO
[6.724s] writing dependency_links to ../../build/keyboard_control/keyboard_control.egg-info/dependency_links.txt
[6.724s] writing entry points to ../../build/keyboard_control/keyboard_control.egg-info/entry_points.txt
[6.724s] writing requirements to ../../build/keyboard_control/keyboard_control.egg-info/requires.txt
[6.725s] writing top-level names to ../../build/keyboard_control/keyboard_control.egg-info/top_level.txt
[6.741s] reading manifest file '../../build/keyboard_control/keyboard_control.egg-info/SOURCES.txt'
[6.745s] writing manifest file '../../build/keyboard_control/keyboard_control.egg-info/SOURCES.txt'
[6.746s] running build
[6.746s] running build_py
[6.746s] creating /home/pham/PucksInDeep/build/keyboard_control/build
[6.747s] creating /home/pham/PucksInDeep/build/keyboard_control/build/lib
[6.747s] creating /home/pham/PucksInDeep/build/keyboard_control/build/lib/keyboard_control
[6.748s] copying keyboard_control/__init__.py -> /home/pham/PucksInDeep/build/keyboard_control/build/lib/keyboard_control
[6.750s] running install
[6.755s] running install_lib
[6.762s] creating /home/pham/PucksInDeep/install/keyboard_control/lib/python3.8/site-packages/keyboard_control
[6.763s] copying /home/pham/PucksInDeep/build/keyboard_control/build/lib/keyboard_control/__init__.py -> /home/pham/PucksInDeep/install/keyboard_control/lib/python3.8/site-packages/keyboard_control
[6.763s] byte-compiling /home/pham/PucksInDeep/install/keyboard_control/lib/python3.8/site-packages/keyboard_control/__init__.py to __init__.cpython-38.pyc
[6.771s] running install_data
[6.775s] error: can't copy 'resource/keyboard_control': doesn't exist or not a regular file
[6.843s] Invoked command in '/home/pham/PucksInDeep/backup/keyboard_control' returned '1': PYTHONPATH=/home/pham/PucksInDeep/install/keyboard_control/lib/python3.8/site-packages:${PYTHONPATH} /usr/bin/python3 setup.py egg_info --egg-base ../../build/keyboard_control build --build-base /home/pham/PucksInDeep/build/keyboard_control/build install --prefix /home/pham/PucksInDeep/install/keyboard_control --record /home/pham/PucksInDeep/build/keyboard_control/install.log --single-version-externally-managed
