[0.181s] DEBUG:colcon:Command line arguments: ['/usr/bin/colcon', 'build', '--packages-select', 'bp_coms']
[0.181s] DEBUG:colcon:Parsed command line arguments: Namespace(allow_overriding=[], ament_cmake_args=None, base_paths=['.'], build_base='build', catkin_cmake_args=None, catkin_skip_building_tests=False, cmake_args=None, cmake_clean_cache=False, cmake_clean_first=False, cmake_force_configure=False, cmake_target=None, cmake_target_skip_unavailable=False, continue_on_error=False, event_handlers=None, executor='parallel', ignore_user_meta=False, install_base='install', log_base=None, log_level=None, main=<bound method BuildVerb.main of <colcon_core.verb.build.BuildVerb object at 0x7fbd51100880>>, merge_install=False, metas=['./colcon.meta'], packages_above=None, packages_above_and_dependencies=None, packages_above_depth=None, packages_end=None, packages_ignore=None, packages_ignore_regex=None, packages_select=['bp_coms'], packages_select_build_failed=False, packages_select_by_dep=None, packages_select_regex=None, packages_select_test_failures=False, packages_skip=None, packages_skip_build_finished=False, packages_skip_by_dep=None, packages_skip_regex=None, packages_skip_test_passed=False, packages_skip_up_to=None, packages_start=None, packages_up_to=None, packages_up_to_regex=None, parallel_workers=4, paths=None, symlink_install=False, test_result_base=None, verb_extension=<colcon_core.verb.build.BuildVerb object at 0x7fbd51100880>, verb_name='build', verb_parser=<colcon_defaults.argument_parser.defaults.DefaultArgumentsDecorator object at 0x7fbd5108b4c0>)
[0.188s] Level 1:colcon.colcon_core.package_discovery:discover_packages(colcon_meta) check parameters
[0.188s] Level 1:colcon.colcon_core.package_discovery:discover_packages(recursive) check parameters
[0.188s] Level 1:colcon.colcon_core.package_discovery:discover_packages(ignore) check parameters
[0.188s] Level 1:colcon.colcon_core.package_discovery:discover_packages(path) check parameters
[0.188s] Level 1:colcon.colcon_core.package_discovery:discover_packages(colcon_meta) discover
[0.188s] Level 1:colcon.colcon_core.package_discovery:discover_packages(recursive) discover
[0.188s] INFO:colcon.colcon_core.package_discovery:Crawling recursively for packages in '/home/fizzer/PucksInDeep/BluePill/FeedForwardControl'
[0.188s] Level 1:colcon.colcon_core.package_identification:_identify(.) by extensions ['ignore', 'ignore_ament_install']
[0.188s] Level 1:colcon.colcon_core.package_identification:_identify(.) by extension 'ignore'
[0.188s] Level 1:colcon.colcon_core.package_identification:_identify(.) by extension 'ignore_ament_install'
[0.188s] Level 1:colcon.colcon_core.package_identification:_identify(.) by extensions ['colcon_pkg']
[0.189s] Level 1:colcon.colcon_core.package_identification:_identify(.) by extension 'colcon_pkg'
[0.189s] Level 1:colcon.colcon_core.package_identification:_identify(.) by extensions ['colcon_meta']
[0.189s] Level 1:colcon.colcon_core.package_identification:_identify(.) by extension 'colcon_meta'
[0.189s] Level 1:colcon.colcon_core.package_identification:_identify(.) by extensions ['ros']
[0.189s] Level 1:colcon.colcon_core.package_identification:_identify(.) by extension 'ros'
[0.204s] Level 1:colcon.colcon_core.package_identification:_identify(.) by extensions ['cmake', 'python']
[0.204s] Level 1:colcon.colcon_core.package_identification:_identify(.) by extension 'cmake'
[0.204s] Level 1:colcon.colcon_core.package_identification:_identify(.) by extension 'python'
[0.204s] Level 1:colcon.colcon_core.package_identification:_identify(.) by extensions ['python_setup_py']
[0.204s] Level 1:colcon.colcon_core.package_identification:_identify(.) by extension 'python_setup_py'
[0.204s] Level 1:colcon.colcon_core.package_identification:_identify(build) by extensions ['ignore', 'ignore_ament_install']
[0.204s] Level 1:colcon.colcon_core.package_identification:_identify(build) by extension 'ignore'
[0.204s] Level 1:colcon.colcon_core.package_identification:_identify(build) ignored
[0.205s] Level 1:colcon.colcon_core.package_identification:_identify(include) by extensions ['ignore', 'ignore_ament_install']
[0.205s] Level 1:colcon.colcon_core.package_identification:_identify(include) by extension 'ignore'
[0.205s] Level 1:colcon.colcon_core.package_identification:_identify(include) by extension 'ignore_ament_install'
[0.205s] Level 1:colcon.colcon_core.package_identification:_identify(include) by extensions ['colcon_pkg']
[0.205s] Level 1:colcon.colcon_core.package_identification:_identify(include) by extension 'colcon_pkg'
[0.205s] Level 1:colcon.colcon_core.package_identification:_identify(include) by extensions ['colcon_meta']
[0.205s] Level 1:colcon.colcon_core.package_identification:_identify(include) by extension 'colcon_meta'
[0.205s] Level 1:colcon.colcon_core.package_identification:_identify(include) by extensions ['ros']
[0.205s] Level 1:colcon.colcon_core.package_identification:_identify(include) by extension 'ros'
[0.205s] Level 1:colcon.colcon_core.package_identification:_identify(include) by extensions ['cmake', 'python']
[0.205s] Level 1:colcon.colcon_core.package_identification:_identify(include) by extension 'cmake'
[0.205s] Level 1:colcon.colcon_core.package_identification:_identify(include) by extension 'python'
[0.205s] Level 1:colcon.colcon_core.package_identification:_identify(include) by extensions ['python_setup_py']
[0.205s] Level 1:colcon.colcon_core.package_identification:_identify(include) by extension 'python_setup_py'
[0.205s] Level 1:colcon.colcon_core.package_identification:_identify(install) by extensions ['ignore', 'ignore_ament_install']
[0.206s] Level 1:colcon.colcon_core.package_identification:_identify(install) by extension 'ignore'
[0.206s] Level 1:colcon.colcon_core.package_identification:_identify(install) ignored
[0.206s] Level 1:colcon.colcon_core.package_identification:_identify(lib) by extensions ['ignore', 'ignore_ament_install']
[0.206s] Level 1:colcon.colcon_core.package_identification:_identify(lib) by extension 'ignore'
[0.206s] Level 1:colcon.colcon_core.package_identification:_identify(lib) by extension 'ignore_ament_install'
[0.206s] Level 1:colcon.colcon_core.package_identification:_identify(lib) by extensions ['colcon_pkg']
[0.206s] Level 1:colcon.colcon_core.package_identification:_identify(lib) by extension 'colcon_pkg'
[0.206s] Level 1:colcon.colcon_core.package_identification:_identify(lib) by extensions ['colcon_meta']
[0.206s] Level 1:colcon.colcon_core.package_identification:_identify(lib) by extension 'colcon_meta'
[0.206s] Level 1:colcon.colcon_core.package_identification:_identify(lib) by extensions ['ros']
[0.206s] Level 1:colcon.colcon_core.package_identification:_identify(lib) by extension 'ros'
[0.206s] Level 1:colcon.colcon_core.package_identification:_identify(lib) by extensions ['cmake', 'python']
[0.206s] Level 1:colcon.colcon_core.package_identification:_identify(lib) by extension 'cmake'
[0.206s] Level 1:colcon.colcon_core.package_identification:_identify(lib) by extension 'python'
[0.206s] Level 1:colcon.colcon_core.package_identification:_identify(lib) by extensions ['python_setup_py']
[0.207s] Level 1:colcon.colcon_core.package_identification:_identify(lib) by extension 'python_setup_py'
[0.207s] Level 1:colcon.colcon_core.package_identification:_identify(lib/MalletController) by extensions ['ignore', 'ignore_ament_install']
[0.207s] Level 1:colcon.colcon_core.package_identification:_identify(lib/MalletController) by extension 'ignore'
[0.207s] Level 1:colcon.colcon_core.package_identification:_identify(lib/MalletController) by extension 'ignore_ament_install'
[0.207s] Level 1:colcon.colcon_core.package_identification:_identify(lib/MalletController) by extensions ['colcon_pkg']
[0.207s] Level 1:colcon.colcon_core.package_identification:_identify(lib/MalletController) by extension 'colcon_pkg'
[0.207s] Level 1:colcon.colcon_core.package_identification:_identify(lib/MalletController) by extensions ['colcon_meta']
[0.207s] Level 1:colcon.colcon_core.package_identification:_identify(lib/MalletController) by extension 'colcon_meta'
[0.207s] Level 1:colcon.colcon_core.package_identification:_identify(lib/MalletController) by extensions ['ros']
[0.207s] Level 1:colcon.colcon_core.package_identification:_identify(lib/MalletController) by extension 'ros'
[0.207s] Level 1:colcon.colcon_core.package_identification:_identify(lib/MalletController) by extensions ['cmake', 'python']
[0.207s] Level 1:colcon.colcon_core.package_identification:_identify(lib/MalletController) by extension 'cmake'
[0.207s] Level 1:colcon.colcon_core.package_identification:_identify(lib/MalletController) by extension 'python'
[0.207s] Level 1:colcon.colcon_core.package_identification:_identify(lib/MalletController) by extensions ['python_setup_py']
[0.207s] Level 1:colcon.colcon_core.package_identification:_identify(lib/MalletController) by extension 'python_setup_py'
[0.208s] Level 1:colcon.colcon_core.package_identification:_identify(lib/Model) by extensions ['ignore', 'ignore_ament_install']
[0.208s] Level 1:colcon.colcon_core.package_identification:_identify(lib/Model) by extension 'ignore'
[0.208s] Level 1:colcon.colcon_core.package_identification:_identify(lib/Model) by extension 'ignore_ament_install'
[0.208s] Level 1:colcon.colcon_core.package_identification:_identify(lib/Model) by extensions ['colcon_pkg']
[0.208s] Level 1:colcon.colcon_core.package_identification:_identify(lib/Model) by extension 'colcon_pkg'
[0.208s] Level 1:colcon.colcon_core.package_identification:_identify(lib/Model) by extensions ['colcon_meta']
[0.208s] Level 1:colcon.colcon_core.package_identification:_identify(lib/Model) by extension 'colcon_meta'
[0.208s] Level 1:colcon.colcon_core.package_identification:_identify(lib/Model) by extensions ['ros']
[0.208s] Level 1:colcon.colcon_core.package_identification:_identify(lib/Model) by extension 'ros'
[0.208s] Level 1:colcon.colcon_core.package_identification:_identify(lib/Model) by extensions ['cmake', 'python']
[0.208s] Level 1:colcon.colcon_core.package_identification:_identify(lib/Model) by extension 'cmake'
[0.208s] Level 1:colcon.colcon_core.package_identification:_identify(lib/Model) by extension 'python'
[0.208s] Level 1:colcon.colcon_core.package_identification:_identify(lib/Model) by extensions ['python_setup_py']
[0.208s] Level 1:colcon.colcon_core.package_identification:_identify(lib/Model) by extension 'python_setup_py'
[0.209s] Level 1:colcon.colcon_core.package_identification:_identify(lib/RoboClaw) by extensions ['ignore', 'ignore_ament_install']
[0.209s] Level 1:colcon.colcon_core.package_identification:_identify(lib/RoboClaw) by extension 'ignore'
[0.209s] Level 1:colcon.colcon_core.package_identification:_identify(lib/RoboClaw) by extension 'ignore_ament_install'
[0.209s] Level 1:colcon.colcon_core.package_identification:_identify(lib/RoboClaw) by extensions ['colcon_pkg']
[0.209s] Level 1:colcon.colcon_core.package_identification:_identify(lib/RoboClaw) by extension 'colcon_pkg'
[0.209s] Level 1:colcon.colcon_core.package_identification:_identify(lib/RoboClaw) by extensions ['colcon_meta']
[0.209s] Level 1:colcon.colcon_core.package_identification:_identify(lib/RoboClaw) by extension 'colcon_meta'
[0.209s] Level 1:colcon.colcon_core.package_identification:_identify(lib/RoboClaw) by extensions ['ros']
[0.209s] Level 1:colcon.colcon_core.package_identification:_identify(lib/RoboClaw) by extension 'ros'
[0.209s] Level 1:colcon.colcon_core.package_identification:_identify(lib/RoboClaw) by extensions ['cmake', 'python']
[0.209s] Level 1:colcon.colcon_core.package_identification:_identify(lib/RoboClaw) by extension 'cmake'
[0.209s] Level 1:colcon.colcon_core.package_identification:_identify(lib/RoboClaw) by extension 'python'
[0.209s] Level 1:colcon.colcon_core.package_identification:_identify(lib/RoboClaw) by extensions ['python_setup_py']
[0.209s] Level 1:colcon.colcon_core.package_identification:_identify(lib/RoboClaw) by extension 'python_setup_py'
[0.210s] Level 1:colcon.colcon_core.package_identification:_identify(lib/RoboClaw/examples) by extensions ['ignore', 'ignore_ament_install']
[0.210s] Level 1:colcon.colcon_core.package_identification:_identify(lib/RoboClaw/examples) by extension 'ignore'
[0.210s] Level 1:colcon.colcon_core.package_identification:_identify(lib/RoboClaw/examples) by extension 'ignore_ament_install'
[0.210s] Level 1:colcon.colcon_core.package_identification:_identify(lib/RoboClaw/examples) by extensions ['colcon_pkg']
[0.210s] Level 1:colcon.colcon_core.package_identification:_identify(lib/RoboClaw/examples) by extension 'colcon_pkg'
[0.210s] Level 1:colcon.colcon_core.package_identification:_identify(lib/RoboClaw/examples) by extensions ['colcon_meta']
[0.210s] Level 1:colcon.colcon_core.package_identification:_identify(lib/RoboClaw/examples) by extension 'colcon_meta'
[0.210s] Level 1:colcon.colcon_core.package_identification:_identify(lib/RoboClaw/examples) by extensions ['ros']
[0.210s] Level 1:colcon.colcon_core.package_identification:_identify(lib/RoboClaw/examples) by extension 'ros'
[0.210s] Level 1:colcon.colcon_core.package_identification:_identify(lib/RoboClaw/examples) by extensions ['cmake', 'python']
[0.210s] Level 1:colcon.colcon_core.package_identification:_identify(lib/RoboClaw/examples) by extension 'cmake'
[0.210s] Level 1:colcon.colcon_core.package_identification:_identify(lib/RoboClaw/examples) by extension 'python'
[0.210s] Level 1:colcon.colcon_core.package_identification:_identify(lib/RoboClaw/examples) by extensions ['python_setup_py']
[0.210s] Level 1:colcon.colcon_core.package_identification:_identify(lib/RoboClaw/examples) by extension 'python_setup_py'
[0.210s] Level 1:colcon.colcon_core.package_identification:_identify(lib/RoboClaw/examples/PacketSerialEncoderBareMinimum) by extensions ['ignore', 'ignore_ament_install']
[0.211s] Level 1:colcon.colcon_core.package_identification:_identify(lib/RoboClaw/examples/PacketSerialEncoderBareMinimum) by extension 'ignore'
[0.211s] Level 1:colcon.colcon_core.package_identification:_identify(lib/RoboClaw/examples/PacketSerialEncoderBareMinimum) by extension 'ignore_ament_install'
[0.211s] Level 1:colcon.colcon_core.package_identification:_identify(lib/RoboClaw/examples/PacketSerialEncoderBareMinimum) by extensions ['colcon_pkg']
[0.211s] Level 1:colcon.colcon_core.package_identification:_identify(lib/RoboClaw/examples/PacketSerialEncoderBareMinimum) by extension 'colcon_pkg'
[0.211s] Level 1:colcon.colcon_core.package_identification:_identify(lib/RoboClaw/examples/PacketSerialEncoderBareMinimum) by extensions ['colcon_meta']
[0.211s] Level 1:colcon.colcon_core.package_identification:_identify(lib/RoboClaw/examples/PacketSerialEncoderBareMinimum) by extension 'colcon_meta'
[0.211s] Level 1:colcon.colcon_core.package_identification:_identify(lib/RoboClaw/examples/PacketSerialEncoderBareMinimum) by extensions ['ros']
[0.211s] Level 1:colcon.colcon_core.package_identification:_identify(lib/RoboClaw/examples/PacketSerialEncoderBareMinimum) by extension 'ros'
[0.211s] Level 1:colcon.colcon_core.package_identification:_identify(lib/RoboClaw/examples/PacketSerialEncoderBareMinimum) by extensions ['cmake', 'python']
[0.211s] Level 1:colcon.colcon_core.package_identification:_identify(lib/RoboClaw/examples/PacketSerialEncoderBareMinimum) by extension 'cmake'
[0.211s] Level 1:colcon.colcon_core.package_identification:_identify(lib/RoboClaw/examples/PacketSerialEncoderBareMinimum) by extension 'python'
[0.211s] Level 1:colcon.colcon_core.package_identification:_identify(lib/RoboClaw/examples/PacketSerialEncoderBareMinimum) by extensions ['python_setup_py']
[0.211s] Level 1:colcon.colcon_core.package_identification:_identify(lib/RoboClaw/examples/PacketSerialEncoderBareMinimum) by extension 'python_setup_py'
[0.211s] Level 1:colcon.colcon_core.package_identification:_identify(lib/RoboClaw/examples/PacketSerialEncoderPosition) by extensions ['ignore', 'ignore_ament_install']
[0.212s] Level 1:colcon.colcon_core.package_identification:_identify(lib/RoboClaw/examples/PacketSerialEncoderPosition) by extension 'ignore'
[0.212s] Level 1:colcon.colcon_core.package_identification:_identify(lib/RoboClaw/examples/PacketSerialEncoderPosition) by extension 'ignore_ament_install'
[0.212s] Level 1:colcon.colcon_core.package_identification:_identify(lib/RoboClaw/examples/PacketSerialEncoderPosition) by extensions ['colcon_pkg']
[0.212s] Level 1:colcon.colcon_core.package_identification:_identify(lib/RoboClaw/examples/PacketSerialEncoderPosition) by extension 'colcon_pkg'
[0.212s] Level 1:colcon.colcon_core.package_identification:_identify(lib/RoboClaw/examples/PacketSerialEncoderPosition) by extensions ['colcon_meta']
[0.212s] Level 1:colcon.colcon_core.package_identification:_identify(lib/RoboClaw/examples/PacketSerialEncoderPosition) by extension 'colcon_meta'
[0.212s] Level 1:colcon.colcon_core.package_identification:_identify(lib/RoboClaw/examples/PacketSerialEncoderPosition) by extensions ['ros']
[0.212s] Level 1:colcon.colcon_core.package_identification:_identify(lib/RoboClaw/examples/PacketSerialEncoderPosition) by extension 'ros'
[0.212s] Level 1:colcon.colcon_core.package_identification:_identify(lib/RoboClaw/examples/PacketSerialEncoderPosition) by extensions ['cmake', 'python']
[0.212s] Level 1:colcon.colcon_core.package_identification:_identify(lib/RoboClaw/examples/PacketSerialEncoderPosition) by extension 'cmake'
[0.212s] Level 1:colcon.colcon_core.package_identification:_identify(lib/RoboClaw/examples/PacketSerialEncoderPosition) by extension 'python'
[0.212s] Level 1:colcon.colcon_core.package_identification:_identify(lib/RoboClaw/examples/PacketSerialEncoderPosition) by extensions ['python_setup_py']
[0.212s] Level 1:colcon.colcon_core.package_identification:_identify(lib/RoboClaw/examples/PacketSerialEncoderPosition) by extension 'python_setup_py'
[0.212s] Level 1:colcon.colcon_core.package_identification:_identify(lib/RoboClaw/examples/PacketSerialEncoderRead) by extensions ['ignore', 'ignore_ament_install']
[0.212s] Level 1:colcon.colcon_core.package_identification:_identify(lib/RoboClaw/examples/PacketSerialEncoderRead) by extension 'ignore'
[0.213s] Level 1:colcon.colcon_core.package_identification:_identify(lib/RoboClaw/examples/PacketSerialEncoderRead) by extension 'ignore_ament_install'
[0.213s] Level 1:colcon.colcon_core.package_identification:_identify(lib/RoboClaw/examples/PacketSerialEncoderRead) by extensions ['colcon_pkg']
[0.213s] Level 1:colcon.colcon_core.package_identification:_identify(lib/RoboClaw/examples/PacketSerialEncoderRead) by extension 'colcon_pkg'
[0.213s] Level 1:colcon.colcon_core.package_identification:_identify(lib/RoboClaw/examples/PacketSerialEncoderRead) by extensions ['colcon_meta']
[0.213s] Level 1:colcon.colcon_core.package_identification:_identify(lib/RoboClaw/examples/PacketSerialEncoderRead) by extension 'colcon_meta'
[0.213s] Level 1:colcon.colcon_core.package_identification:_identify(lib/RoboClaw/examples/PacketSerialEncoderRead) by extensions ['ros']
[0.213s] Level 1:colcon.colcon_core.package_identification:_identify(lib/RoboClaw/examples/PacketSerialEncoderRead) by extension 'ros'
[0.213s] Level 1:colcon.colcon_core.package_identification:_identify(lib/RoboClaw/examples/PacketSerialEncoderRead) by extensions ['cmake', 'python']
[0.213s] Level 1:colcon.colcon_core.package_identification:_identify(lib/RoboClaw/examples/PacketSerialEncoderRead) by extension 'cmake'
[0.213s] Level 1:colcon.colcon_core.package_identification:_identify(lib/RoboClaw/examples/PacketSerialEncoderRead) by extension 'python'
[0.213s] Level 1:colcon.colcon_core.package_identification:_identify(lib/RoboClaw/examples/PacketSerialEncoderRead) by extensions ['python_setup_py']
[0.213s] Level 1:colcon.colcon_core.package_identification:_identify(lib/RoboClaw/examples/PacketSerialEncoderRead) by extension 'python_setup_py'
[0.213s] Level 1:colcon.colcon_core.package_identification:_identify(lib/RoboClaw/examples/PacketSerialEncoderSpeed) by extensions ['ignore', 'ignore_ament_install']
[0.213s] Level 1:colcon.colcon_core.package_identification:_identify(lib/RoboClaw/examples/PacketSerialEncoderSpeed) by extension 'ignore'
[0.213s] Level 1:colcon.colcon_core.package_identification:_identify(lib/RoboClaw/examples/PacketSerialEncoderSpeed) by extension 'ignore_ament_install'
[0.214s] Level 1:colcon.colcon_core.package_identification:_identify(lib/RoboClaw/examples/PacketSerialEncoderSpeed) by extensions ['colcon_pkg']
[0.214s] Level 1:colcon.colcon_core.package_identification:_identify(lib/RoboClaw/examples/PacketSerialEncoderSpeed) by extension 'colcon_pkg'
[0.214s] Level 1:colcon.colcon_core.package_identification:_identify(lib/RoboClaw/examples/PacketSerialEncoderSpeed) by extensions ['colcon_meta']
[0.214s] Level 1:colcon.colcon_core.package_identification:_identify(lib/RoboClaw/examples/PacketSerialEncoderSpeed) by extension 'colcon_meta'
[0.214s] Level 1:colcon.colcon_core.package_identification:_identify(lib/RoboClaw/examples/PacketSerialEncoderSpeed) by extensions ['ros']
[0.214s] Level 1:colcon.colcon_core.package_identification:_identify(lib/RoboClaw/examples/PacketSerialEncoderSpeed) by extension 'ros'
[0.214s] Level 1:colcon.colcon_core.package_identification:_identify(lib/RoboClaw/examples/PacketSerialEncoderSpeed) by extensions ['cmake', 'python']
[0.214s] Level 1:colcon.colcon_core.package_identification:_identify(lib/RoboClaw/examples/PacketSerialEncoderSpeed) by extension 'cmake'
[0.214s] Level 1:colcon.colcon_core.package_identification:_identify(lib/RoboClaw/examples/PacketSerialEncoderSpeed) by extension 'python'
[0.214s] Level 1:colcon.colcon_core.package_identification:_identify(lib/RoboClaw/examples/PacketSerialEncoderSpeed) by extensions ['python_setup_py']
[0.214s] Level 1:colcon.colcon_core.package_identification:_identify(lib/RoboClaw/examples/PacketSerialEncoderSpeed) by extension 'python_setup_py'
[0.214s] Level 1:colcon.colcon_core.package_identification:_identify(lib/RoboClaw/examples/PacketSerialEncoderSpeedAccel) by extensions ['ignore', 'ignore_ament_install']
[0.214s] Level 1:colcon.colcon_core.package_identification:_identify(lib/RoboClaw/examples/PacketSerialEncoderSpeedAccel) by extension 'ignore'
[0.214s] Level 1:colcon.colcon_core.package_identification:_identify(lib/RoboClaw/examples/PacketSerialEncoderSpeedAccel) by extension 'ignore_ament_install'
[0.215s] Level 1:colcon.colcon_core.package_identification:_identify(lib/RoboClaw/examples/PacketSerialEncoderSpeedAccel) by extensions ['colcon_pkg']
[0.215s] Level 1:colcon.colcon_core.package_identification:_identify(lib/RoboClaw/examples/PacketSerialEncoderSpeedAccel) by extension 'colcon_pkg'
[0.215s] Level 1:colcon.colcon_core.package_identification:_identify(lib/RoboClaw/examples/PacketSerialEncoderSpeedAccel) by extensions ['colcon_meta']
[0.215s] Level 1:colcon.colcon_core.package_identification:_identify(lib/RoboClaw/examples/PacketSerialEncoderSpeedAccel) by extension 'colcon_meta'
[0.215s] Level 1:colcon.colcon_core.package_identification:_identify(lib/RoboClaw/examples/PacketSerialEncoderSpeedAccel) by extensions ['ros']
[0.215s] Level 1:colcon.colcon_core.package_identification:_identify(lib/RoboClaw/examples/PacketSerialEncoderSpeedAccel) by extension 'ros'
[0.215s] Level 1:colcon.colcon_core.package_identification:_identify(lib/RoboClaw/examples/PacketSerialEncoderSpeedAccel) by extensions ['cmake', 'python']
[0.215s] Level 1:colcon.colcon_core.package_identification:_identify(lib/RoboClaw/examples/PacketSerialEncoderSpeedAccel) by extension 'cmake'
[0.215s] Level 1:colcon.colcon_core.package_identification:_identify(lib/RoboClaw/examples/PacketSerialEncoderSpeedAccel) by extension 'python'
[0.215s] Level 1:colcon.colcon_core.package_identification:_identify(lib/RoboClaw/examples/PacketSerialEncoderSpeedAccel) by extensions ['python_setup_py']
[0.215s] Level 1:colcon.colcon_core.package_identification:_identify(lib/RoboClaw/examples/PacketSerialEncoderSpeedAccel) by extension 'python_setup_py'
[0.215s] Level 1:colcon.colcon_core.package_identification:_identify(lib/RoboClaw/examples/PacketSerialEncoderSpeedAccelDistance) by extensions ['ignore', 'ignore_ament_install']
[0.215s] Level 1:colcon.colcon_core.package_identification:_identify(lib/RoboClaw/examples/PacketSerialEncoderSpeedAccelDistance) by extension 'ignore'
[0.215s] Level 1:colcon.colcon_core.package_identification:_identify(lib/RoboClaw/examples/PacketSerialEncoderSpeedAccelDistance) by extension 'ignore_ament_install'
[0.215s] Level 1:colcon.colcon_core.package_identification:_identify(lib/RoboClaw/examples/PacketSerialEncoderSpeedAccelDistance) by extensions ['colcon_pkg']
[0.215s] Level 1:colcon.colcon_core.package_identification:_identify(lib/RoboClaw/examples/PacketSerialEncoderSpeedAccelDistance) by extension 'colcon_pkg'
[0.216s] Level 1:colcon.colcon_core.package_identification:_identify(lib/RoboClaw/examples/PacketSerialEncoderSpeedAccelDistance) by extensions ['colcon_meta']
[0.216s] Level 1:colcon.colcon_core.package_identification:_identify(lib/RoboClaw/examples/PacketSerialEncoderSpeedAccelDistance) by extension 'colcon_meta'
[0.216s] Level 1:colcon.colcon_core.package_identification:_identify(lib/RoboClaw/examples/PacketSerialEncoderSpeedAccelDistance) by extensions ['ros']
[0.216s] Level 1:colcon.colcon_core.package_identification:_identify(lib/RoboClaw/examples/PacketSerialEncoderSpeedAccelDistance) by extension 'ros'
[0.216s] Level 1:colcon.colcon_core.package_identification:_identify(lib/RoboClaw/examples/PacketSerialEncoderSpeedAccelDistance) by extensions ['cmake', 'python']
[0.216s] Level 1:colcon.colcon_core.package_identification:_identify(lib/RoboClaw/examples/PacketSerialEncoderSpeedAccelDistance) by extension 'cmake'
[0.216s] Level 1:colcon.colcon_core.package_identification:_identify(lib/RoboClaw/examples/PacketSerialEncoderSpeedAccelDistance) by extension 'python'
[0.216s] Level 1:colcon.colcon_core.package_identification:_identify(lib/RoboClaw/examples/PacketSerialEncoderSpeedAccelDistance) by extensions ['python_setup_py']
[0.216s] Level 1:colcon.colcon_core.package_identification:_identify(lib/RoboClaw/examples/PacketSerialEncoderSpeedAccelDistance) by extension 'python_setup_py'
[0.216s] Level 1:colcon.colcon_core.package_identification:_identify(lib/RoboClaw/examples/PacketSerialEncoderSpeedDistance) by extensions ['ignore', 'ignore_ament_install']
[0.216s] Level 1:colcon.colcon_core.package_identification:_identify(lib/RoboClaw/examples/PacketSerialEncoderSpeedDistance) by extension 'ignore'
[0.216s] Level 1:colcon.colcon_core.package_identification:_identify(lib/RoboClaw/examples/PacketSerialEncoderSpeedDistance) by extension 'ignore_ament_install'
[0.216s] Level 1:colcon.colcon_core.package_identification:_identify(lib/RoboClaw/examples/PacketSerialEncoderSpeedDistance) by extensions ['colcon_pkg']
[0.216s] Level 1:colcon.colcon_core.package_identification:_identify(lib/RoboClaw/examples/PacketSerialEncoderSpeedDistance) by extension 'colcon_pkg'
[0.217s] Level 1:colcon.colcon_core.package_identification:_identify(lib/RoboClaw/examples/PacketSerialEncoderSpeedDistance) by extensions ['colcon_meta']
[0.217s] Level 1:colcon.colcon_core.package_identification:_identify(lib/RoboClaw/examples/PacketSerialEncoderSpeedDistance) by extension 'colcon_meta'
[0.217s] Level 1:colcon.colcon_core.package_identification:_identify(lib/RoboClaw/examples/PacketSerialEncoderSpeedDistance) by extensions ['ros']
[0.217s] Level 1:colcon.colcon_core.package_identification:_identify(lib/RoboClaw/examples/PacketSerialEncoderSpeedDistance) by extension 'ros'
[0.217s] Level 1:colcon.colcon_core.package_identification:_identify(lib/RoboClaw/examples/PacketSerialEncoderSpeedDistance) by extensions ['cmake', 'python']
[0.217s] Level 1:colcon.colcon_core.package_identification:_identify(lib/RoboClaw/examples/PacketSerialEncoderSpeedDistance) by extension 'cmake'
[0.217s] Level 1:colcon.colcon_core.package_identification:_identify(lib/RoboClaw/examples/PacketSerialEncoderSpeedDistance) by extension 'python'
[0.217s] Level 1:colcon.colcon_core.package_identification:_identify(lib/RoboClaw/examples/PacketSerialEncoderSpeedDistance) by extensions ['python_setup_py']
[0.217s] Level 1:colcon.colcon_core.package_identification:_identify(lib/RoboClaw/examples/PacketSerialEncoderSpeedDistance) by extension 'python_setup_py'
[0.217s] Level 1:colcon.colcon_core.package_identification:_identify(lib/RoboClaw/examples/PacketSerialMixedPWM) by extensions ['ignore', 'ignore_ament_install']
[0.217s] Level 1:colcon.colcon_core.package_identification:_identify(lib/RoboClaw/examples/PacketSerialMixedPWM) by extension 'ignore'
[0.217s] Level 1:colcon.colcon_core.package_identification:_identify(lib/RoboClaw/examples/PacketSerialMixedPWM) by extension 'ignore_ament_install'
[0.217s] Level 1:colcon.colcon_core.package_identification:_identify(lib/RoboClaw/examples/PacketSerialMixedPWM) by extensions ['colcon_pkg']
[0.217s] Level 1:colcon.colcon_core.package_identification:_identify(lib/RoboClaw/examples/PacketSerialMixedPWM) by extension 'colcon_pkg'
[0.217s] Level 1:colcon.colcon_core.package_identification:_identify(lib/RoboClaw/examples/PacketSerialMixedPWM) by extensions ['colcon_meta']
[0.218s] Level 1:colcon.colcon_core.package_identification:_identify(lib/RoboClaw/examples/PacketSerialMixedPWM) by extension 'colcon_meta'
[0.218s] Level 1:colcon.colcon_core.package_identification:_identify(lib/RoboClaw/examples/PacketSerialMixedPWM) by extensions ['ros']
[0.218s] Level 1:colcon.colcon_core.package_identification:_identify(lib/RoboClaw/examples/PacketSerialMixedPWM) by extension 'ros'
[0.218s] Level 1:colcon.colcon_core.package_identification:_identify(lib/RoboClaw/examples/PacketSerialMixedPWM) by extensions ['cmake', 'python']
[0.218s] Level 1:colcon.colcon_core.package_identification:_identify(lib/RoboClaw/examples/PacketSerialMixedPWM) by extension 'cmake'
[0.218s] Level 1:colcon.colcon_core.package_identification:_identify(lib/RoboClaw/examples/PacketSerialMixedPWM) by extension 'python'
[0.218s] Level 1:colcon.colcon_core.package_identification:_identify(lib/RoboClaw/examples/PacketSerialMixedPWM) by extensions ['python_setup_py']
[0.218s] Level 1:colcon.colcon_core.package_identification:_identify(lib/RoboClaw/examples/PacketSerialMixedPWM) by extension 'python_setup_py'
[0.218s] Level 1:colcon.colcon_core.package_identification:_identify(lib/RoboClaw/examples/PacketSerialReadVersion) by extensions ['ignore', 'ignore_ament_install']
[0.218s] Level 1:colcon.colcon_core.package_identification:_identify(lib/RoboClaw/examples/PacketSerialReadVersion) by extension 'ignore'
[0.218s] Level 1:colcon.colcon_core.package_identification:_identify(lib/RoboClaw/examples/PacketSerialReadVersion) by extension 'ignore_ament_install'
[0.218s] Level 1:colcon.colcon_core.package_identification:_identify(lib/RoboClaw/examples/PacketSerialReadVersion) by extensions ['colcon_pkg']
[0.218s] Level 1:colcon.colcon_core.package_identification:_identify(lib/RoboClaw/examples/PacketSerialReadVersion) by extension 'colcon_pkg'
[0.218s] Level 1:colcon.colcon_core.package_identification:_identify(lib/RoboClaw/examples/PacketSerialReadVersion) by extensions ['colcon_meta']
[0.218s] Level 1:colcon.colcon_core.package_identification:_identify(lib/RoboClaw/examples/PacketSerialReadVersion) by extension 'colcon_meta'
[0.219s] Level 1:colcon.colcon_core.package_identification:_identify(lib/RoboClaw/examples/PacketSerialReadVersion) by extensions ['ros']
[0.219s] Level 1:colcon.colcon_core.package_identification:_identify(lib/RoboClaw/examples/PacketSerialReadVersion) by extension 'ros'
[0.219s] Level 1:colcon.colcon_core.package_identification:_identify(lib/RoboClaw/examples/PacketSerialReadVersion) by extensions ['cmake', 'python']
[0.219s] Level 1:colcon.colcon_core.package_identification:_identify(lib/RoboClaw/examples/PacketSerialReadVersion) by extension 'cmake'
[0.219s] Level 1:colcon.colcon_core.package_identification:_identify(lib/RoboClaw/examples/PacketSerialReadVersion) by extension 'python'
[0.219s] Level 1:colcon.colcon_core.package_identification:_identify(lib/RoboClaw/examples/PacketSerialReadVersion) by extensions ['python_setup_py']
[0.219s] Level 1:colcon.colcon_core.package_identification:_identify(lib/RoboClaw/examples/PacketSerialReadVersion) by extension 'python_setup_py'
[0.219s] Level 1:colcon.colcon_core.package_identification:_identify(lib/RoboClaw/examples/PacketSerialSimplePWM) by extensions ['ignore', 'ignore_ament_install']
[0.219s] Level 1:colcon.colcon_core.package_identification:_identify(lib/RoboClaw/examples/PacketSerialSimplePWM) by extension 'ignore'
[0.219s] Level 1:colcon.colcon_core.package_identification:_identify(lib/RoboClaw/examples/PacketSerialSimplePWM) by extension 'ignore_ament_install'
[0.219s] Level 1:colcon.colcon_core.package_identification:_identify(lib/RoboClaw/examples/PacketSerialSimplePWM) by extensions ['colcon_pkg']
[0.219s] Level 1:colcon.colcon_core.package_identification:_identify(lib/RoboClaw/examples/PacketSerialSimplePWM) by extension 'colcon_pkg'
[0.219s] Level 1:colcon.colcon_core.package_identification:_identify(lib/RoboClaw/examples/PacketSerialSimplePWM) by extensions ['colcon_meta']
[0.219s] Level 1:colcon.colcon_core.package_identification:_identify(lib/RoboClaw/examples/PacketSerialSimplePWM) by extension 'colcon_meta'
[0.219s] Level 1:colcon.colcon_core.package_identification:_identify(lib/RoboClaw/examples/PacketSerialSimplePWM) by extensions ['ros']
[0.220s] Level 1:colcon.colcon_core.package_identification:_identify(lib/RoboClaw/examples/PacketSerialSimplePWM) by extension 'ros'
[0.220s] Level 1:colcon.colcon_core.package_identification:_identify(lib/RoboClaw/examples/PacketSerialSimplePWM) by extensions ['cmake', 'python']
[0.220s] Level 1:colcon.colcon_core.package_identification:_identify(lib/RoboClaw/examples/PacketSerialSimplePWM) by extension 'cmake'
[0.220s] Level 1:colcon.colcon_core.package_identification:_identify(lib/RoboClaw/examples/PacketSerialSimplePWM) by extension 'python'
[0.220s] Level 1:colcon.colcon_core.package_identification:_identify(lib/RoboClaw/examples/PacketSerialSimplePWM) by extensions ['python_setup_py']
[0.220s] Level 1:colcon.colcon_core.package_identification:_identify(lib/RoboClaw/examples/PacketSerialSimplePWM) by extension 'python_setup_py'
[0.220s] Level 1:colcon.colcon_core.package_identification:_identify(lib/RoboClaw/examples/RCpulseExample) by extensions ['ignore', 'ignore_ament_install']
[0.220s] Level 1:colcon.colcon_core.package_identification:_identify(lib/RoboClaw/examples/RCpulseExample) by extension 'ignore'
[0.220s] Level 1:colcon.colcon_core.package_identification:_identify(lib/RoboClaw/examples/RCpulseExample) by extension 'ignore_ament_install'
[0.220s] Level 1:colcon.colcon_core.package_identification:_identify(lib/RoboClaw/examples/RCpulseExample) by extensions ['colcon_pkg']
[0.220s] Level 1:colcon.colcon_core.package_identification:_identify(lib/RoboClaw/examples/RCpulseExample) by extension 'colcon_pkg'
[0.220s] Level 1:colcon.colcon_core.package_identification:_identify(lib/RoboClaw/examples/RCpulseExample) by extensions ['colcon_meta']
[0.220s] Level 1:colcon.colcon_core.package_identification:_identify(lib/RoboClaw/examples/RCpulseExample) by extension 'colcon_meta'
[0.220s] Level 1:colcon.colcon_core.package_identification:_identify(lib/RoboClaw/examples/RCpulseExample) by extensions ['ros']
[0.221s] Level 1:colcon.colcon_core.package_identification:_identify(lib/RoboClaw/examples/RCpulseExample) by extension 'ros'
[0.221s] Level 1:colcon.colcon_core.package_identification:_identify(lib/RoboClaw/examples/RCpulseExample) by extensions ['cmake', 'python']
[0.221s] Level 1:colcon.colcon_core.package_identification:_identify(lib/RoboClaw/examples/RCpulseExample) by extension 'cmake'
[0.221s] Level 1:colcon.colcon_core.package_identification:_identify(lib/RoboClaw/examples/RCpulseExample) by extension 'python'
[0.221s] Level 1:colcon.colcon_core.package_identification:_identify(lib/RoboClaw/examples/RCpulseExample) by extensions ['python_setup_py']
[0.221s] Level 1:colcon.colcon_core.package_identification:_identify(lib/RoboClaw/examples/RCpulseExample) by extension 'python_setup_py'
[0.221s] Level 1:colcon.colcon_core.package_identification:_identify(lib/RoboClaw/examples/RCpulseMixedExample) by extensions ['ignore', 'ignore_ament_install']
[0.221s] Level 1:colcon.colcon_core.package_identification:_identify(lib/RoboClaw/examples/RCpulseMixedExample) by extension 'ignore'
[0.221s] Level 1:colcon.colcon_core.package_identification:_identify(lib/RoboClaw/examples/RCpulseMixedExample) by extension 'ignore_ament_install'
[0.221s] Level 1:colcon.colcon_core.package_identification:_identify(lib/RoboClaw/examples/RCpulseMixedExample) by extensions ['colcon_pkg']
[0.221s] Level 1:colcon.colcon_core.package_identification:_identify(lib/RoboClaw/examples/RCpulseMixedExample) by extension 'colcon_pkg'
[0.221s] Level 1:colcon.colcon_core.package_identification:_identify(lib/RoboClaw/examples/RCpulseMixedExample) by extensions ['colcon_meta']
[0.221s] Level 1:colcon.colcon_core.package_identification:_identify(lib/RoboClaw/examples/RCpulseMixedExample) by extension 'colcon_meta'
[0.221s] Level 1:colcon.colcon_core.package_identification:_identify(lib/RoboClaw/examples/RCpulseMixedExample) by extensions ['ros']
[0.221s] Level 1:colcon.colcon_core.package_identification:_identify(lib/RoboClaw/examples/RCpulseMixedExample) by extension 'ros'
[0.222s] Level 1:colcon.colcon_core.package_identification:_identify(lib/RoboClaw/examples/RCpulseMixedExample) by extensions ['cmake', 'python']
[0.222s] Level 1:colcon.colcon_core.package_identification:_identify(lib/RoboClaw/examples/RCpulseMixedExample) by extension 'cmake'
[0.222s] Level 1:colcon.colcon_core.package_identification:_identify(lib/RoboClaw/examples/RCpulseMixedExample) by extension 'python'
[0.222s] Level 1:colcon.colcon_core.package_identification:_identify(lib/RoboClaw/examples/RCpulseMixedExample) by extensions ['python_setup_py']
[0.222s] Level 1:colcon.colcon_core.package_identification:_identify(lib/RoboClaw/examples/RCpulseMixedExample) by extension 'python_setup_py'
[0.222s] Level 1:colcon.colcon_core.package_identification:_identify(lib/RoboClaw/examples/SimpleSerial) by extensions ['ignore', 'ignore_ament_install']
[0.222s] Level 1:colcon.colcon_core.package_identification:_identify(lib/RoboClaw/examples/SimpleSerial) by extension 'ignore'
[0.222s] Level 1:colcon.colcon_core.package_identification:_identify(lib/RoboClaw/examples/SimpleSerial) by extension 'ignore_ament_install'
[0.222s] Level 1:colcon.colcon_core.package_identification:_identify(lib/RoboClaw/examples/SimpleSerial) by extensions ['colcon_pkg']
[0.222s] Level 1:colcon.colcon_core.package_identification:_identify(lib/RoboClaw/examples/SimpleSerial) by extension 'colcon_pkg'
[0.222s] Level 1:colcon.colcon_core.package_identification:_identify(lib/RoboClaw/examples/SimpleSerial) by extensions ['colcon_meta']
[0.222s] Level 1:colcon.colcon_core.package_identification:_identify(lib/RoboClaw/examples/SimpleSerial) by extension 'colcon_meta'
[0.222s] Level 1:colcon.colcon_core.package_identification:_identify(lib/RoboClaw/examples/SimpleSerial) by extensions ['ros']
[0.222s] Level 1:colcon.colcon_core.package_identification:_identify(lib/RoboClaw/examples/SimpleSerial) by extension 'ros'
[0.223s] Level 1:colcon.colcon_core.package_identification:_identify(lib/RoboClaw/examples/SimpleSerial) by extensions ['cmake', 'python']
[0.223s] Level 1:colcon.colcon_core.package_identification:_identify(lib/RoboClaw/examples/SimpleSerial) by extension 'cmake'
[0.223s] Level 1:colcon.colcon_core.package_identification:_identify(lib/RoboClaw/examples/SimpleSerial) by extension 'python'
[0.223s] Level 1:colcon.colcon_core.package_identification:_identify(lib/RoboClaw/examples/SimpleSerial) by extensions ['python_setup_py']
[0.223s] Level 1:colcon.colcon_core.package_identification:_identify(lib/RoboClaw/examples/SimpleSerial) by extension 'python_setup_py'
[0.223s] Level 1:colcon.colcon_core.package_identification:_identify(log) by extensions ['ignore', 'ignore_ament_install']
[0.223s] Level 1:colcon.colcon_core.package_identification:_identify(log) by extension 'ignore'
[0.223s] Level 1:colcon.colcon_core.package_identification:_identify(log) ignored
[0.223s] Level 1:colcon.colcon_core.package_identification:_identify(src) by extensions ['ignore', 'ignore_ament_install']
[0.223s] Level 1:colcon.colcon_core.package_identification:_identify(src) by extension 'ignore'
[0.223s] Level 1:colcon.colcon_core.package_identification:_identify(src) by extension 'ignore_ament_install'
[0.223s] Level 1:colcon.colcon_core.package_identification:_identify(src) by extensions ['colcon_pkg']
[0.223s] Level 1:colcon.colcon_core.package_identification:_identify(src) by extension 'colcon_pkg'
[0.223s] Level 1:colcon.colcon_core.package_identification:_identify(src) by extensions ['colcon_meta']
[0.224s] Level 1:colcon.colcon_core.package_identification:_identify(src) by extension 'colcon_meta'
[0.224s] Level 1:colcon.colcon_core.package_identification:_identify(src) by extensions ['ros']
[0.224s] Level 1:colcon.colcon_core.package_identification:_identify(src) by extension 'ros'
[0.224s] Level 1:colcon.colcon_core.package_identification:_identify(src) by extensions ['cmake', 'python']
[0.224s] Level 1:colcon.colcon_core.package_identification:_identify(src) by extension 'cmake'
[0.224s] Level 1:colcon.colcon_core.package_identification:_identify(src) by extension 'python'
[0.224s] Level 1:colcon.colcon_core.package_identification:_identify(src) by extensions ['python_setup_py']
[0.224s] Level 1:colcon.colcon_core.package_identification:_identify(src) by extension 'python_setup_py'
[0.224s] Level 1:colcon.colcon_core.package_identification:_identify(test) by extensions ['ignore', 'ignore_ament_install']
[0.224s] Level 1:colcon.colcon_core.package_identification:_identify(test) by extension 'ignore'
[0.224s] Level 1:colcon.colcon_core.package_identification:_identify(test) by extension 'ignore_ament_install'
[0.224s] Level 1:colcon.colcon_core.package_identification:_identify(test) by extensions ['colcon_pkg']
[0.224s] Level 1:colcon.colcon_core.package_identification:_identify(test) by extension 'colcon_pkg'
[0.224s] Level 1:colcon.colcon_core.package_identification:_identify(test) by extensions ['colcon_meta']
[0.224s] Level 1:colcon.colcon_core.package_identification:_identify(test) by extension 'colcon_meta'
[0.225s] Level 1:colcon.colcon_core.package_identification:_identify(test) by extensions ['ros']
[0.225s] Level 1:colcon.colcon_core.package_identification:_identify(test) by extension 'ros'
[0.225s] Level 1:colcon.colcon_core.package_identification:_identify(test) by extensions ['cmake', 'python']
[0.225s] Level 1:colcon.colcon_core.package_identification:_identify(test) by extension 'cmake'
[0.225s] Level 1:colcon.colcon_core.package_identification:_identify(test) by extension 'python'
[0.225s] Level 1:colcon.colcon_core.package_identification:_identify(test) by extensions ['python_setup_py']
[0.225s] Level 1:colcon.colcon_core.package_identification:_identify(test) by extension 'python_setup_py'
[0.225s] Level 1:colcon.colcon_core.package_discovery:discover_packages(recursive) using defaults
[0.225s] Level 1:colcon.colcon_core.package_discovery:discover_packages(ignore) discover
[0.225s] Level 1:colcon.colcon_core.package_discovery:discover_packages(ignore) using defaults
[0.225s] Level 1:colcon.colcon_core.package_discovery:discover_packages(path) discover
[0.225s] Level 1:colcon.colcon_core.package_discovery:discover_packages(path) using defaults
[0.226s] WARNING:colcon.colcon_core.package_selection:ignoring unknown package 'bp_coms' in --packages-select
[0.251s] INFO:colcon.colcon_core.executor:Executing jobs using 'parallel' executor
[0.255s] DEBUG:colcon.colcon_parallel_executor.executor.parallel:run_until_complete
[0.255s] DEBUG:colcon.colcon_parallel_executor.executor.parallel:closing loop
[0.255s] DEBUG:colcon.colcon_parallel_executor.executor.parallel:loop closed
[0.255s] DEBUG:colcon.colcon_parallel_executor.executor.parallel:run_until_complete finished with '0'
[0.255s] DEBUG:colcon.colcon_core.event_reactor:joining thread
[0.266s] INFO:colcon.colcon_core.plugin_system:Skipping extension 'colcon_notification.desktop_notification.terminal_notifier': Not used on non-Darwin systems
[0.266s] INFO:colcon.colcon_core.plugin_system:Skipping extension 'colcon_notification.desktop_notification.win32': Not used on non-Windows systems
[0.266s] INFO:colcon.colcon_notification.desktop_notification:Sending desktop notification using 'notify2'
[0.274s] DEBUG:colcon.colcon_core.event_reactor:joined thread
[0.281s] INFO:colcon.colcon_core.plugin_system:Skipping extension 'colcon_core.shell.bat': Not used on non-Windows systems
[0.282s] INFO:colcon.colcon_core.shell:Creating prefix script '/home/fizzer/PucksInDeep/BluePill/FeedForwardControl/install/local_setup.ps1'
[0.284s] INFO:colcon.colcon_core.shell:Creating prefix util module '/home/fizzer/PucksInDeep/BluePill/FeedForwardControl/install/_local_setup_util_ps1.py'
[0.286s] INFO:colcon.colcon_core.shell:Creating prefix chain script '/home/fizzer/PucksInDeep/BluePill/FeedForwardControl/install/setup.ps1'
[0.287s] INFO:colcon.colcon_core.shell:Creating prefix script '/home/fizzer/PucksInDeep/BluePill/FeedForwardControl/install/local_setup.sh'
[0.288s] INFO:colcon.colcon_core.shell:Creating prefix util module '/home/fizzer/PucksInDeep/BluePill/FeedForwardControl/install/_local_setup_util_sh.py'
[0.289s] INFO:colcon.colcon_core.shell:Creating prefix chain script '/home/fizzer/PucksInDeep/BluePill/FeedForwardControl/install/setup.sh'
[0.290s] INFO:colcon.colcon_core.shell:Creating prefix script '/home/fizzer/PucksInDeep/BluePill/FeedForwardControl/install/local_setup.bash'
[0.291s] INFO:colcon.colcon_core.shell:Creating prefix chain script '/home/fizzer/PucksInDeep/BluePill/FeedForwardControl/install/setup.bash'
[0.292s] INFO:colcon.colcon_core.shell:Creating prefix script '/home/fizzer/PucksInDeep/BluePill/FeedForwardControl/install/local_setup.zsh'
[0.293s] INFO:colcon.colcon_core.shell:Creating prefix chain script '/home/fizzer/PucksInDeep/BluePill/FeedForwardControl/install/setup.zsh'
