running egg_info
creating ../../../build/bp_coms/bp_coms.egg-info
writing ../../../build/bp_coms/bp_coms.egg-info/PKG-INFO
writing dependency_links to ../../../build/bp_coms/bp_coms.egg-info/dependency_links.txt
writing entry points to ../../../build/bp_coms/bp_coms.egg-info/entry_points.txt
writing requirements to ../../../build/bp_coms/bp_coms.egg-info/requires.txt
writing top-level names to ../../../build/bp_coms/bp_coms.egg-info/top_level.txt
writing manifest file '../../../build/bp_coms/bp_coms.egg-info/SOURCES.txt'
reading manifest file '../../../build/bp_coms/bp_coms.egg-info/SOURCES.txt'
writing manifest file '../../../build/bp_coms/bp_coms.egg-info/SOURCES.txt'
running build
running build_py
creating /home/fizzer/PucksInDeep/build/bp_coms/build
creating /home/fizzer/PucksInDeep/build/bp_coms/build/lib
creating /home/fizzer/PucksInDeep/build/bp_coms/build/lib/bp_coms
copying bp_coms/bp_rx.py -> /home/fizzer/PucksInDeep/build/bp_coms/build/lib/bp_coms
copying bp_coms/bp_tx.py -> /home/fizzer/PucksInDeep/build/bp_coms/build/lib/bp_coms
copying bp_coms/__init__.py -> /home/fizzer/PucksInDeep/build/bp_coms/build/lib/bp_coms
copying bp_coms/bp_coms.py -> /home/fizzer/PucksInDeep/build/bp_coms/build/lib/bp_coms
running install
running install_lib
creating /home/fizzer/PucksInDeep/install/bp_coms/lib/python3.8/site-packages/bp_coms
copying /home/fizzer/PucksInDeep/build/bp_coms/build/lib/bp_coms/bp_rx.py -> /home/fizzer/PucksInDeep/install/bp_coms/lib/python3.8/site-packages/bp_coms
copying /home/fizzer/PucksInDeep/build/bp_coms/build/lib/bp_coms/bp_tx.py -> /home/fizzer/PucksInDeep/install/bp_coms/lib/python3.8/site-packages/bp_coms
copying /home/fizzer/PucksInDeep/build/bp_coms/build/lib/bp_coms/__init__.py -> /home/fizzer/PucksInDeep/install/bp_coms/lib/python3.8/site-packages/bp_coms
copying /home/fizzer/PucksInDeep/build/bp_coms/build/lib/bp_coms/bp_coms.py -> /home/fizzer/PucksInDeep/install/bp_coms/lib/python3.8/site-packages/bp_coms
byte-compiling /home/fizzer/PucksInDeep/install/bp_coms/lib/python3.8/site-packages/bp_coms/bp_rx.py to bp_rx.cpython-38.pyc
byte-compiling /home/fizzer/PucksInDeep/install/bp_coms/lib/python3.8/site-packages/bp_coms/bp_tx.py to bp_tx.cpython-38.pyc
byte-compiling /home/fizzer/PucksInDeep/install/bp_coms/lib/python3.8/site-packages/bp_coms/__init__.py to __init__.cpython-38.pyc
byte-compiling /home/fizzer/PucksInDeep/install/bp_coms/lib/python3.8/site-packages/bp_coms/bp_coms.py to bp_coms.cpython-38.pyc
running install_data
creating /home/fizzer/PucksInDeep/install/bp_coms/share/ament_index
creating /home/fizzer/PucksInDeep/install/bp_coms/share/ament_index/resource_index
creating /home/fizzer/PucksInDeep/install/bp_coms/share/ament_index/resource_index/packages
copying resource/bp_coms -> /home/fizzer/PucksInDeep/install/bp_coms/share/ament_index/resource_index/packages
copying package.xml -> /home/fizzer/PucksInDeep/install/bp_coms/share/bp_coms
running install_egg_info
Copying ../../../build/bp_coms/bp_coms.egg-info to /home/fizzer/PucksInDeep/install/bp_coms/lib/python3.8/site-packages/bp_coms-0.0.0-py3.8.egg-info
running install_scripts
Installing bp_rx script to /home/fizzer/PucksInDeep/install/bp_coms/lib/bp_coms
Installing bp_tx script to /home/fizzer/PucksInDeep/install/bp_coms/lib/bp_coms
writing list of installed files to '/home/fizzer/PucksInDeep/build/bp_coms/install.log'
