[0.884s] Invoking command in '/home/fizzer/PucksInDeep/RPi/rosHockey/bp_coms': PYTHONPATH=/home/fizzer/PucksInDeep/install/bp_coms/lib/python3.8/site-packages: /usr/bin/python3 setup.py egg_info --egg-base ../../../build/bp_coms build --build-base /home/fizzer/PucksInDeep/build/bp_coms/build install --prefix /home/fizzer/PucksInDeep/install/bp_coms --record /home/fizzer/PucksInDeep/build/bp_coms/install.log --single-version-externally-managed
[1.114s] running egg_info
[1.114s] creating ../../../build/bp_coms/bp_coms.egg-info
[1.115s] writing ../../../build/bp_coms/bp_coms.egg-info/PKG-INFO
[1.115s] writing dependency_links to ../../../build/bp_coms/bp_coms.egg-info/dependency_links.txt
[1.115s] writing entry points to ../../../build/bp_coms/bp_coms.egg-info/entry_points.txt
[1.115s] writing requirements to ../../../build/bp_coms/bp_coms.egg-info/requires.txt
[1.115s] writing top-level names to ../../../build/bp_coms/bp_coms.egg-info/top_level.txt
[1.122s] writing manifest file '../../../build/bp_coms/bp_coms.egg-info/SOURCES.txt'
[1.164s] reading manifest file '../../../build/bp_coms/bp_coms.egg-info/SOURCES.txt'
[1.165s] writing manifest file '../../../build/bp_coms/bp_coms.egg-info/SOURCES.txt'
[1.165s] running build
[1.166s] running build_py
[1.166s] creating /home/fizzer/PucksInDeep/build/bp_coms/build
[1.166s] creating /home/fizzer/PucksInDeep/build/bp_coms/build/lib
[1.167s] creating /home/fizzer/PucksInDeep/build/bp_coms/build/lib/bp_coms
[1.167s] copying bp_coms/bp_rx.py -> /home/fizzer/PucksInDeep/build/bp_coms/build/lib/bp_coms
[1.167s] copying bp_coms/bp_tx.py -> /home/fizzer/PucksInDeep/build/bp_coms/build/lib/bp_coms
[1.167s] copying bp_coms/__init__.py -> /home/fizzer/PucksInDeep/build/bp_coms/build/lib/bp_coms
[1.167s] copying bp_coms/bp_coms.py -> /home/fizzer/PucksInDeep/build/bp_coms/build/lib/bp_coms
[1.167s] running install
[1.168s] running install_lib
[1.170s] creating /home/fizzer/PucksInDeep/install/bp_coms/lib/python3.8/site-packages/bp_coms
[1.170s] copying /home/fizzer/PucksInDeep/build/bp_coms/build/lib/bp_coms/bp_rx.py -> /home/fizzer/PucksInDeep/install/bp_coms/lib/python3.8/site-packages/bp_coms
[1.170s] copying /home/fizzer/PucksInDeep/build/bp_coms/build/lib/bp_coms/bp_tx.py -> /home/fizzer/PucksInDeep/install/bp_coms/lib/python3.8/site-packages/bp_coms
[1.170s] copying /home/fizzer/PucksInDeep/build/bp_coms/build/lib/bp_coms/__init__.py -> /home/fizzer/PucksInDeep/install/bp_coms/lib/python3.8/site-packages/bp_coms
[1.171s] copying /home/fizzer/PucksInDeep/build/bp_coms/build/lib/bp_coms/bp_coms.py -> /home/fizzer/PucksInDeep/install/bp_coms/lib/python3.8/site-packages/bp_coms
[1.171s] byte-compiling /home/fizzer/PucksInDeep/install/bp_coms/lib/python3.8/site-packages/bp_coms/bp_rx.py to bp_rx.cpython-38.pyc
[1.173s] byte-compiling /home/fizzer/PucksInDeep/install/bp_coms/lib/python3.8/site-packages/bp_coms/bp_tx.py to bp_tx.cpython-38.pyc
[1.174s] byte-compiling /home/fizzer/PucksInDeep/install/bp_coms/lib/python3.8/site-packages/bp_coms/__init__.py to __init__.cpython-38.pyc
[1.174s] byte-compiling /home/fizzer/PucksInDeep/install/bp_coms/lib/python3.8/site-packages/bp_coms/bp_coms.py to bp_coms.cpython-38.pyc
[1.175s] running install_data
[1.176s] creating /home/fizzer/PucksInDeep/install/bp_coms/share/ament_index
[1.176s] creating /home/fizzer/PucksInDeep/install/bp_coms/share/ament_index/resource_index
[1.177s] creating /home/fizzer/PucksInDeep/install/bp_coms/share/ament_index/resource_index/packages
[1.177s] copying resource/bp_coms -> /home/fizzer/PucksInDeep/install/bp_coms/share/ament_index/resource_index/packages
[1.177s] copying package.xml -> /home/fizzer/PucksInDeep/install/bp_coms/share/bp_coms
[1.177s] running install_egg_info
[1.179s] Copying ../../../build/bp_coms/bp_coms.egg-info to /home/fizzer/PucksInDeep/install/bp_coms/lib/python3.8/site-packages/bp_coms-0.0.0-py3.8.egg-info
[1.180s] running install_scripts
[1.201s] Installing bp_rx script to /home/fizzer/PucksInDeep/install/bp_coms/lib/bp_coms
[1.202s] Installing bp_tx script to /home/fizzer/PucksInDeep/install/bp_coms/lib/bp_coms
[1.202s] writing list of installed files to '/home/fizzer/PucksInDeep/build/bp_coms/install.log'
[1.233s] Invoked command in '/home/fizzer/PucksInDeep/RPi/rosHockey/bp_coms' returned '0': PYTHONPATH=/home/fizzer/PucksInDeep/install/bp_coms/lib/python3.8/site-packages: /usr/bin/python3 setup.py egg_info --egg-base ../../../build/bp_coms build --build-base /home/fizzer/PucksInDeep/build/bp_coms/build install --prefix /home/fizzer/PucksInDeep/install/bp_coms --record /home/fizzer/PucksInDeep/build/bp_coms/install.log --single-version-externally-managed
