[1.304s] Invoking command in '/home/ubuntu/PucksInDeep/rosHockey/position_publisher': BYOBU_DATE=%Y-%m-%d PYTHONPATH=/home/ubuntu/PucksInDeep/rosHockey/install/position_publisher/lib/python3.8/site-packages:${PYTHONPATH} /usr/bin/python3 setup.py egg_info --egg-base ../build/position_publisher build --build-base /home/ubuntu/PucksInDeep/rosHockey/build/position_publisher/build install --prefix /home/ubuntu/PucksInDeep/rosHockey/install/position_publisher --record /home/ubuntu/PucksInDeep/rosHockey/build/position_publisher/install.log --single-version-externally-managed
[2.350s] running egg_info
[2.353s] writing ../build/position_publisher/position_publisher.egg-info/PKG-INFO
[2.355s] writing dependency_links to ../build/position_publisher/position_publisher.egg-info/dependency_links.txt
[2.357s] writing entry points to ../build/position_publisher/position_publisher.egg-info/entry_points.txt
[2.358s] writing requirements to ../build/position_publisher/position_publisher.egg-info/requires.txt
[2.359s] writing top-level names to ../build/position_publisher/position_publisher.egg-info/top_level.txt
[2.516s] reading manifest file '../build/position_publisher/position_publisher.egg-info/SOURCES.txt'
[2.521s] writing manifest file '../build/position_publisher/position_publisher.egg-info/SOURCES.txt'
[2.522s] running build
[2.522s] running build_py
[2.524s] running install
[2.527s] running install_lib
[2.535s] running install_data
[2.538s] running install_egg_info
[2.546s] removing '/home/ubuntu/PucksInDeep/rosHockey/install/position_publisher/lib/python3.8/site-packages/position_publisher-0.0.0-py3.8.egg-info' (and everything under it)
[2.548s] Copying ../build/position_publisher/position_publisher.egg-info to /home/ubuntu/PucksInDeep/rosHockey/install/position_publisher/lib/python3.8/site-packages/position_publisher-0.0.0-py3.8.egg-info
[2.556s] running install_scripts
[2.631s] Installing position_publisher script to /home/ubuntu/PucksInDeep/rosHockey/install/position_publisher/lib/position_publisher
[2.633s] writing list of installed files to '/home/ubuntu/PucksInDeep/rosHockey/build/position_publisher/install.log'
[2.742s] Invoked command in '/home/ubuntu/PucksInDeep/rosHockey/position_publisher' returned '0': BYOBU_DATE=%Y-%m-%d PYTHONPATH=/home/ubuntu/PucksInDeep/rosHockey/install/position_publisher/lib/python3.8/site-packages:${PYTHONPATH} /usr/bin/python3 setup.py egg_info --egg-base ../build/position_publisher build --build-base /home/ubuntu/PucksInDeep/rosHockey/build/position_publisher/build install --prefix /home/ubuntu/PucksInDeep/rosHockey/install/position_publisher --record /home/ubuntu/PucksInDeep/rosHockey/build/position_publisher/install.log --single-version-externally-managed
