[1.315s] Invoking command in '/home/ubuntu/PucksInDeep/rosHockey/position_publisher': BYOBU_DATE=%Y-%m-%d PYTHONPATH=/home/ubuntu/PucksInDeep/rosHockey/install/position_publisher/lib/python3.8/site-packages:${PYTHONPATH} /usr/bin/python3 setup.py egg_info --egg-base ../build/position_publisher build --build-base /home/ubuntu/PucksInDeep/rosHockey/build/position_publisher/build install --prefix /home/ubuntu/PucksInDeep/rosHockey/install/position_publisher --record /home/ubuntu/PucksInDeep/rosHockey/build/position_publisher/install.log --single-version-externally-managed
[2.381s] running egg_info
[2.384s] writing ../build/position_publisher/position_publisher.egg-info/PKG-INFO
[2.386s] writing dependency_links to ../build/position_publisher/position_publisher.egg-info/dependency_links.txt
[2.387s] writing entry points to ../build/position_publisher/position_publisher.egg-info/entry_points.txt
[2.388s] writing requirements to ../build/position_publisher/position_publisher.egg-info/requires.txt
[2.389s] writing top-level names to ../build/position_publisher/position_publisher.egg-info/top_level.txt
[2.541s] reading manifest file '../build/position_publisher/position_publisher.egg-info/SOURCES.txt'
[2.546s] writing manifest file '../build/position_publisher/position_publisher.egg-info/SOURCES.txt'
[2.547s] running build
[2.547s] running build_py
[2.548s] copying position_publisher/position_publisher.py -> /home/ubuntu/PucksInDeep/rosHockey/build/position_publisher/build/lib/position_publisher
[2.550s] running install
[2.554s] running install_lib
[2.559s] copying /home/ubuntu/PucksInDeep/rosHockey/build/position_publisher/build/lib/position_publisher/position_publisher.py -> /home/ubuntu/PucksInDeep/rosHockey/install/position_publisher/lib/python3.8/site-packages/position_publisher
[2.563s] byte-compiling /home/ubuntu/PucksInDeep/rosHockey/install/position_publisher/lib/python3.8/site-packages/position_publisher/position_publisher.py to position_publisher.cpython-38.pyc
[2.571s] running install_data
[2.573s] running install_egg_info
[2.581s] removing '/home/ubuntu/PucksInDeep/rosHockey/install/position_publisher/lib/python3.8/site-packages/position_publisher-0.0.0-py3.8.egg-info' (and everything under it)
[2.587s] Copying ../build/position_publisher/position_publisher.egg-info to /home/ubuntu/PucksInDeep/rosHockey/install/position_publisher/lib/python3.8/site-packages/position_publisher-0.0.0-py3.8.egg-info
[2.593s] running install_scripts
[2.666s] Installing position_publisher script to /home/ubuntu/PucksInDeep/rosHockey/install/position_publisher/lib/position_publisher
[2.669s] writing list of installed files to '/home/ubuntu/PucksInDeep/rosHockey/build/position_publisher/install.log'
[2.779s] Invoked command in '/home/ubuntu/PucksInDeep/rosHockey/position_publisher' returned '0': BYOBU_DATE=%Y-%m-%d PYTHONPATH=/home/ubuntu/PucksInDeep/rosHockey/install/position_publisher/lib/python3.8/site-packages:${PYTHONPATH} /usr/bin/python3 setup.py egg_info --egg-base ../build/position_publisher build --build-base /home/ubuntu/PucksInDeep/rosHockey/build/position_publisher/build install --prefix /home/ubuntu/PucksInDeep/rosHockey/install/position_publisher --record /home/ubuntu/PucksInDeep/rosHockey/build/position_publisher/install.log --single-version-externally-managed
