running egg_info
writing ../build/keyboard_control/keyboard_control.egg-info/PKG-INFO
writing dependency_links to ../build/keyboard_control/keyboard_control.egg-info/dependency_links.txt
writing entry points to ../build/keyboard_control/keyboard_control.egg-info/entry_points.txt
writing requirements to ../build/keyboard_control/keyboard_control.egg-info/requires.txt
writing top-level names to ../build/keyboard_control/keyboard_control.egg-info/top_level.txt
reading manifest file '../build/keyboard_control/keyboard_control.egg-info/SOURCES.txt'
writing manifest file '../build/keyboard_control/keyboard_control.egg-info/SOURCES.txt'
running build
running build_py
copying keyboard_control/__init__.py -> /home/ubuntu/PucksInDeep/rosHockey/build/keyboard_control/build/lib/keyboard_control
running install
running install_lib
copying /home/ubuntu/PucksInDeep/rosHockey/build/keyboard_control/build/lib/keyboard_control/__init__.py -> /home/ubuntu/PucksInDeep/rosHockey/install/keyboard_control/lib/python3.8/site-packages/keyboard_control
byte-compiling /home/ubuntu/PucksInDeep/rosHockey/install/keyboard_control/lib/python3.8/site-packages/keyboard_control/__init__.py to __init__.cpython-38.pyc
running install_data
copying resource/keyboard_control -> /home/ubuntu/PucksInDeep/rosHockey/install/keyboard_control/share/ament_index/resource_index/packages
copying package.xml -> /home/ubuntu/PucksInDeep/rosHockey/install/keyboard_control/share/keyboard_control
running install_egg_info
Copying ../build/keyboard_control/keyboard_control.egg-info to /home/ubuntu/PucksInDeep/rosHockey/install/keyboard_control/lib/python3.8/site-packages/keyboard_control-0.0.0-py3.8.egg-info
running install_scripts
writing list of installed files to '/home/ubuntu/PucksInDeep/rosHockey/build/keyboard_control/install.log'
