[1.876s] DEBUG:colcon:Command line arguments: ['/usr/bin/colcon', 'build', '--packages-up-to', 'micro_ros_agent', '--cmake-args', '-DUAGENT_BUILD_EXECUTABLE=OFF', '-DUAGENT_P2P_PROFILE=OFF', '--no-warn-unused-cli']
[1.876s] DEBUG:colcon:Parsed command line arguments: Namespace(ament_cmake_args=None, base_paths=['.'], build_base='build', catkin_cmake_args=None, catkin_skip_building_tests=False, cmake_args=['-DUAGENT_BUILD_EXECUTABLE=OFF', '-DUAGENT_P2P_PROFILE=OFF', '--no-warn-unused-cli'], cmake_clean_cache=False, cmake_clean_first=False, cmake_force_configure=False, cmake_target=None, cmake_target_skip_unavailable=False, continue_on_error=False, event_handlers=None, executor='parallel', ignore_user_meta=False, install_base='install', log_base=None, log_level=None, main=<bound method BuildVerb.main of <colcon_core.verb.build.BuildVerb object at 0xffff8a123280>>, merge_install=False, metas=['./colcon.meta'], packages_above=None, packages_above_and_dependencies=None, packages_above_depth=None, packages_end=None, packages_ignore=None, packages_ignore_regex=None, packages_select=None, packages_select_build_failed=False, packages_select_by_dep=None, packages_select_regex=None, packages_select_test_failures=False, packages_skip=None, packages_skip_build_finished=False, packages_skip_by_dep=None, packages_skip_regex=None, packages_skip_test_passed=False, packages_skip_up_to=None, packages_start=None, packages_up_to=['micro_ros_agent'], packages_up_to_regex=None, parallel_workers=4, paths=None, symlink_install=False, test_result_base=None, verb_extension=<colcon_core.verb.build.BuildVerb object at 0xffff8a123280>, verb_name='build', verb_parser=<colcon_defaults.argument_parser.defaults.DefaultArgumentsDecorator object at 0xffff8a1237c0>)
[1.901s] Level 1:colcon.colcon_core.package_discovery:discover_packages(colcon_meta) check parameters
[1.901s] Level 1:colcon.colcon_core.package_discovery:discover_packages(recursive) check parameters
[1.901s] Level 1:colcon.colcon_core.package_discovery:discover_packages(ignore) check parameters
[1.901s] Level 1:colcon.colcon_core.package_discovery:discover_packages(path) check parameters
[1.902s] Level 1:colcon.colcon_core.package_discovery:discover_packages(colcon_meta) discover
[1.902s] Level 1:colcon.colcon_core.package_discovery:discover_packages(recursive) discover
[1.902s] INFO:colcon.colcon_core.package_discovery:Crawling recursively for packages in '/home/ubuntu/PucksInDeep/microros'
[1.902s] Level 1:colcon.colcon_core.package_identification:_identify(.) by extensions ['ignore', 'ignore_ament_install']
[1.903s] Level 1:colcon.colcon_core.package_identification:_identify(.) by extension 'ignore'
[1.903s] Level 1:colcon.colcon_core.package_identification:_identify(.) by extension 'ignore_ament_install'
[1.903s] Level 1:colcon.colcon_core.package_identification:_identify(.) by extensions ['colcon_pkg']
[1.904s] Level 1:colcon.colcon_core.package_identification:_identify(.) by extension 'colcon_pkg'
[1.904s] Level 1:colcon.colcon_core.package_identification:_identify(.) by extensions ['colcon_meta']
[1.904s] Level 1:colcon.colcon_core.package_identification:_identify(.) by extension 'colcon_meta'
[1.904s] Level 1:colcon.colcon_core.package_identification:_identify(.) by extensions ['ros']
[1.904s] Level 1:colcon.colcon_core.package_identification:_identify(.) by extension 'ros'
[1.959s] Level 1:colcon.colcon_core.package_identification:_identify(.) by extensions ['cmake', 'python']
[1.959s] Level 1:colcon.colcon_core.package_identification:_identify(.) by extension 'cmake'
[1.960s] Level 1:colcon.colcon_core.package_identification:_identify(.) by extension 'python'
[1.960s] Level 1:colcon.colcon_core.package_identification:_identify(.) by extensions ['python_setup_py']
[1.960s] Level 1:colcon.colcon_core.package_identification:_identify(.) by extension 'python_setup_py'
[1.961s] Level 1:colcon.colcon_core.package_identification:_identify(build) by extensions ['ignore', 'ignore_ament_install']
[1.962s] Level 1:colcon.colcon_core.package_identification:_identify(build) by extension 'ignore'
[1.962s] Level 1:colcon.colcon_core.package_identification:_identify(build) ignored
[1.964s] Level 1:colcon.colcon_core.package_identification:_identify(install) by extensions ['ignore', 'ignore_ament_install']
[1.964s] Level 1:colcon.colcon_core.package_identification:_identify(install) by extension 'ignore'
[1.965s] Level 1:colcon.colcon_core.package_identification:_identify(install) ignored
[1.965s] Level 1:colcon.colcon_core.package_identification:_identify(log) by extensions ['ignore', 'ignore_ament_install']
[1.966s] Level 1:colcon.colcon_core.package_identification:_identify(log) by extension 'ignore'
[1.966s] Level 1:colcon.colcon_core.package_identification:_identify(log) ignored
[1.967s] Level 1:colcon.colcon_core.package_identification:_identify(src) by extensions ['ignore', 'ignore_ament_install']
[1.967s] Level 1:colcon.colcon_core.package_identification:_identify(src) by extension 'ignore'
[1.968s] Level 1:colcon.colcon_core.package_identification:_identify(src) by extension 'ignore_ament_install'
[1.968s] Level 1:colcon.colcon_core.package_identification:_identify(src) by extensions ['colcon_pkg']
[1.969s] Level 1:colcon.colcon_core.package_identification:_identify(src) by extension 'colcon_pkg'
[1.969s] Level 1:colcon.colcon_core.package_identification:_identify(src) by extensions ['colcon_meta']
[1.970s] Level 1:colcon.colcon_core.package_identification:_identify(src) by extension 'colcon_meta'
[1.970s] Level 1:colcon.colcon_core.package_identification:_identify(src) by extensions ['ros']
[1.970s] Level 1:colcon.colcon_core.package_identification:_identify(src) by extension 'ros'
[1.971s] Level 1:colcon.colcon_core.package_identification:_identify(src) by extensions ['cmake', 'python']
[1.971s] Level 1:colcon.colcon_core.package_identification:_identify(src) by extension 'cmake'
[1.972s] Level 1:colcon.colcon_core.package_identification:_identify(src) by extension 'python'
[1.972s] Level 1:colcon.colcon_core.package_identification:_identify(src) by extensions ['python_setup_py']
[1.972s] Level 1:colcon.colcon_core.package_identification:_identify(src) by extension 'python_setup_py'
[1.973s] Level 1:colcon.colcon_core.package_identification:_identify(src/micro_ros_setup) by extensions ['ignore', 'ignore_ament_install']
[1.974s] Level 1:colcon.colcon_core.package_identification:_identify(src/micro_ros_setup) by extension 'ignore'
[1.974s] Level 1:colcon.colcon_core.package_identification:_identify(src/micro_ros_setup) by extension 'ignore_ament_install'
[1.975s] Level 1:colcon.colcon_core.package_identification:_identify(src/micro_ros_setup) by extensions ['colcon_pkg']
[1.975s] Level 1:colcon.colcon_core.package_identification:_identify(src/micro_ros_setup) by extension 'colcon_pkg'
[1.975s] Level 1:colcon.colcon_core.package_identification:_identify(src/micro_ros_setup) by extensions ['colcon_meta']
[1.976s] Level 1:colcon.colcon_core.package_identification:_identify(src/micro_ros_setup) by extension 'colcon_meta'
[1.976s] Level 1:colcon.colcon_core.package_identification:_identify(src/micro_ros_setup) by extensions ['ros']
[1.976s] Level 1:colcon.colcon_core.package_identification:_identify(src/micro_ros_setup) by extension 'ros'
[1.988s] DEBUG:colcon.colcon_core.package_identification:Package 'src/micro_ros_setup' with type 'ros.ament_cmake' and name 'micro_ros_setup'
[1.989s] Level 1:colcon.colcon_core.package_identification:_identify(src/uros) by extensions ['ignore', 'ignore_ament_install']
[1.989s] Level 1:colcon.colcon_core.package_identification:_identify(src/uros) by extension 'ignore'
[1.990s] Level 1:colcon.colcon_core.package_identification:_identify(src/uros) by extension 'ignore_ament_install'
[1.990s] Level 1:colcon.colcon_core.package_identification:_identify(src/uros) by extensions ['colcon_pkg']
[1.990s] Level 1:colcon.colcon_core.package_identification:_identify(src/uros) by extension 'colcon_pkg'
[1.990s] Level 1:colcon.colcon_core.package_identification:_identify(src/uros) by extensions ['colcon_meta']
[1.990s] Level 1:colcon.colcon_core.package_identification:_identify(src/uros) by extension 'colcon_meta'
[1.991s] Level 1:colcon.colcon_core.package_identification:_identify(src/uros) by extensions ['ros']
[1.991s] Level 1:colcon.colcon_core.package_identification:_identify(src/uros) by extension 'ros'
[1.991s] Level 1:colcon.colcon_core.package_identification:_identify(src/uros) by extensions ['cmake', 'python']
[1.991s] Level 1:colcon.colcon_core.package_identification:_identify(src/uros) by extension 'cmake'
[1.991s] Level 1:colcon.colcon_core.package_identification:_identify(src/uros) by extension 'python'
[1.992s] Level 1:colcon.colcon_core.package_identification:_identify(src/uros) by extensions ['python_setup_py']
[1.992s] Level 1:colcon.colcon_core.package_identification:_identify(src/uros) by extension 'python_setup_py'
[1.992s] Level 1:colcon.colcon_core.package_identification:_identify(src/uros/drive_base) by extensions ['ignore', 'ignore_ament_install']
[1.993s] Level 1:colcon.colcon_core.package_identification:_identify(src/uros/drive_base) by extension 'ignore'
[1.993s] Level 1:colcon.colcon_core.package_identification:_identify(src/uros/drive_base) by extension 'ignore_ament_install'
[1.993s] Level 1:colcon.colcon_core.package_identification:_identify(src/uros/drive_base) by extensions ['colcon_pkg']
[1.993s] Level 1:colcon.colcon_core.package_identification:_identify(src/uros/drive_base) by extension 'colcon_pkg'
[1.993s] Level 1:colcon.colcon_core.package_identification:_identify(src/uros/drive_base) by extensions ['colcon_meta']
[1.994s] Level 1:colcon.colcon_core.package_identification:_identify(src/uros/drive_base) by extension 'colcon_meta'
[1.994s] Level 1:colcon.colcon_core.package_identification:_identify(src/uros/drive_base) by extensions ['ros']
[1.994s] Level 1:colcon.colcon_core.package_identification:_identify(src/uros/drive_base) by extension 'ros'
[1.994s] Level 1:colcon.colcon_core.package_identification:_identify(src/uros/drive_base) by extensions ['cmake', 'python']
[1.995s] Level 1:colcon.colcon_core.package_identification:_identify(src/uros/drive_base) by extension 'cmake'
[1.995s] Level 1:colcon.colcon_core.package_identification:_identify(src/uros/drive_base) by extension 'python'
[1.995s] Level 1:colcon.colcon_core.package_identification:_identify(src/uros/drive_base) by extensions ['python_setup_py']
[1.995s] Level 1:colcon.colcon_core.package_identification:_identify(src/uros/drive_base) by extension 'python_setup_py'
[1.996s] Level 1:colcon.colcon_core.package_identification:_identify(src/uros/drive_base/drive_base_msgs) by extensions ['ignore', 'ignore_ament_install']
[1.996s] Level 1:colcon.colcon_core.package_identification:_identify(src/uros/drive_base/drive_base_msgs) by extension 'ignore'
[1.996s] Level 1:colcon.colcon_core.package_identification:_identify(src/uros/drive_base/drive_base_msgs) by extension 'ignore_ament_install'
[1.997s] Level 1:colcon.colcon_core.package_identification:_identify(src/uros/drive_base/drive_base_msgs) by extensions ['colcon_pkg']
[1.997s] Level 1:colcon.colcon_core.package_identification:_identify(src/uros/drive_base/drive_base_msgs) by extension 'colcon_pkg'
[1.997s] Level 1:colcon.colcon_core.package_identification:_identify(src/uros/drive_base/drive_base_msgs) by extensions ['colcon_meta']
[1.997s] Level 1:colcon.colcon_core.package_identification:_identify(src/uros/drive_base/drive_base_msgs) by extension 'colcon_meta'
[1.997s] Level 1:colcon.colcon_core.package_identification:_identify(src/uros/drive_base/drive_base_msgs) by extensions ['ros']
[1.997s] Level 1:colcon.colcon_core.package_identification:_identify(src/uros/drive_base/drive_base_msgs) by extension 'ros'
[2.000s] DEBUG:colcon.colcon_core.package_identification:Package 'src/uros/drive_base/drive_base_msgs' with type 'ros.ament_cmake' and name 'drive_base_msgs'
[2.001s] Level 1:colcon.colcon_core.package_identification:_identify(src/uros/micro-ROS-Agent) by extensions ['ignore', 'ignore_ament_install']
[2.002s] Level 1:colcon.colcon_core.package_identification:_identify(src/uros/micro-ROS-Agent) by extension 'ignore'
[2.002s] Level 1:colcon.colcon_core.package_identification:_identify(src/uros/micro-ROS-Agent) by extension 'ignore_ament_install'
[2.002s] Level 1:colcon.colcon_core.package_identification:_identify(src/uros/micro-ROS-Agent) by extensions ['colcon_pkg']
[2.002s] Level 1:colcon.colcon_core.package_identification:_identify(src/uros/micro-ROS-Agent) by extension 'colcon_pkg'
[2.002s] Level 1:colcon.colcon_core.package_identification:_identify(src/uros/micro-ROS-Agent) by extensions ['colcon_meta']
[2.003s] Level 1:colcon.colcon_core.package_identification:_identify(src/uros/micro-ROS-Agent) by extension 'colcon_meta'
[2.003s] Level 1:colcon.colcon_core.package_identification:_identify(src/uros/micro-ROS-Agent) by extensions ['ros']
[2.003s] Level 1:colcon.colcon_core.package_identification:_identify(src/uros/micro-ROS-Agent) by extension 'ros'
[2.004s] Level 1:colcon.colcon_core.package_identification:_identify(src/uros/micro-ROS-Agent) by extensions ['cmake', 'python']
[2.004s] Level 1:colcon.colcon_core.package_identification:_identify(src/uros/micro-ROS-Agent) by extension 'cmake'
[2.004s] Level 1:colcon.colcon_core.package_identification:_identify(src/uros/micro-ROS-Agent) by extension 'python'
[2.004s] Level 1:colcon.colcon_core.package_identification:_identify(src/uros/micro-ROS-Agent) by extensions ['python_setup_py']
[2.004s] Level 1:colcon.colcon_core.package_identification:_identify(src/uros/micro-ROS-Agent) by extension 'python_setup_py'
[2.005s] Level 1:colcon.colcon_core.package_identification:_identify(src/uros/micro-ROS-Agent/micro_ros_agent) by extensions ['ignore', 'ignore_ament_install']
[2.005s] Level 1:colcon.colcon_core.package_identification:_identify(src/uros/micro-ROS-Agent/micro_ros_agent) by extension 'ignore'
[2.005s] Level 1:colcon.colcon_core.package_identification:_identify(src/uros/micro-ROS-Agent/micro_ros_agent) by extension 'ignore_ament_install'
[2.006s] Level 1:colcon.colcon_core.package_identification:_identify(src/uros/micro-ROS-Agent/micro_ros_agent) by extensions ['colcon_pkg']
[2.006s] Level 1:colcon.colcon_core.package_identification:_identify(src/uros/micro-ROS-Agent/micro_ros_agent) by extension 'colcon_pkg'
[2.006s] Level 1:colcon.colcon_core.package_identification:_identify(src/uros/micro-ROS-Agent/micro_ros_agent) by extensions ['colcon_meta']
[2.006s] Level 1:colcon.colcon_core.package_identification:_identify(src/uros/micro-ROS-Agent/micro_ros_agent) by extension 'colcon_meta'
[2.006s] Level 1:colcon.colcon_core.package_identification:_identify(src/uros/micro-ROS-Agent/micro_ros_agent) by extensions ['ros']
[2.006s] Level 1:colcon.colcon_core.package_identification:_identify(src/uros/micro-ROS-Agent/micro_ros_agent) by extension 'ros'
[2.010s] DEBUG:colcon.colcon_core.package_identification:Package 'src/uros/micro-ROS-Agent/micro_ros_agent' with type 'ros.ament_cmake' and name 'micro_ros_agent'
[2.011s] Level 1:colcon.colcon_core.package_identification:_identify(src/uros/micro-ROS-Agent/snap) by extensions ['ignore', 'ignore_ament_install']
[2.011s] Level 1:colcon.colcon_core.package_identification:_identify(src/uros/micro-ROS-Agent/snap) by extension 'ignore'
[2.012s] Level 1:colcon.colcon_core.package_identification:_identify(src/uros/micro-ROS-Agent/snap) by extension 'ignore_ament_install'
[2.012s] Level 1:colcon.colcon_core.package_identification:_identify(src/uros/micro-ROS-Agent/snap) by extensions ['colcon_pkg']
[2.012s] Level 1:colcon.colcon_core.package_identification:_identify(src/uros/micro-ROS-Agent/snap) by extension 'colcon_pkg'
[2.012s] Level 1:colcon.colcon_core.package_identification:_identify(src/uros/micro-ROS-Agent/snap) by extensions ['colcon_meta']
[2.012s] Level 1:colcon.colcon_core.package_identification:_identify(src/uros/micro-ROS-Agent/snap) by extension 'colcon_meta'
[2.013s] Level 1:colcon.colcon_core.package_identification:_identify(src/uros/micro-ROS-Agent/snap) by extensions ['ros']
[2.013s] Level 1:colcon.colcon_core.package_identification:_identify(src/uros/micro-ROS-Agent/snap) by extension 'ros'
[2.013s] Level 1:colcon.colcon_core.package_identification:_identify(src/uros/micro-ROS-Agent/snap) by extensions ['cmake', 'python']
[2.013s] Level 1:colcon.colcon_core.package_identification:_identify(src/uros/micro-ROS-Agent/snap) by extension 'cmake'
[2.014s] Level 1:colcon.colcon_core.package_identification:_identify(src/uros/micro-ROS-Agent/snap) by extension 'python'
[2.014s] Level 1:colcon.colcon_core.package_identification:_identify(src/uros/micro-ROS-Agent/snap) by extensions ['python_setup_py']
[2.014s] Level 1:colcon.colcon_core.package_identification:_identify(src/uros/micro-ROS-Agent/snap) by extension 'python_setup_py'
[2.014s] Level 1:colcon.colcon_core.package_identification:_identify(src/uros/micro-ROS-Agent/snap/hooks) by extensions ['ignore', 'ignore_ament_install']
[2.015s] Level 1:colcon.colcon_core.package_identification:_identify(src/uros/micro-ROS-Agent/snap/hooks) by extension 'ignore'
[2.015s] Level 1:colcon.colcon_core.package_identification:_identify(src/uros/micro-ROS-Agent/snap/hooks) by extension 'ignore_ament_install'
[2.015s] Level 1:colcon.colcon_core.package_identification:_identify(src/uros/micro-ROS-Agent/snap/hooks) by extensions ['colcon_pkg']
[2.016s] Level 1:colcon.colcon_core.package_identification:_identify(src/uros/micro-ROS-Agent/snap/hooks) by extension 'colcon_pkg'
[2.016s] Level 1:colcon.colcon_core.package_identification:_identify(src/uros/micro-ROS-Agent/snap/hooks) by extensions ['colcon_meta']
[2.016s] Level 1:colcon.colcon_core.package_identification:_identify(src/uros/micro-ROS-Agent/snap/hooks) by extension 'colcon_meta'
[2.016s] Level 1:colcon.colcon_core.package_identification:_identify(src/uros/micro-ROS-Agent/snap/hooks) by extensions ['ros']
[2.016s] Level 1:colcon.colcon_core.package_identification:_identify(src/uros/micro-ROS-Agent/snap/hooks) by extension 'ros'
[2.017s] Level 1:colcon.colcon_core.package_identification:_identify(src/uros/micro-ROS-Agent/snap/hooks) by extensions ['cmake', 'python']
[2.017s] Level 1:colcon.colcon_core.package_identification:_identify(src/uros/micro-ROS-Agent/snap/hooks) by extension 'cmake'
[2.017s] Level 1:colcon.colcon_core.package_identification:_identify(src/uros/micro-ROS-Agent/snap/hooks) by extension 'python'
[2.017s] Level 1:colcon.colcon_core.package_identification:_identify(src/uros/micro-ROS-Agent/snap/hooks) by extensions ['python_setup_py']
[2.017s] Level 1:colcon.colcon_core.package_identification:_identify(src/uros/micro-ROS-Agent/snap/hooks) by extension 'python_setup_py'
[2.018s] Level 1:colcon.colcon_core.package_identification:_identify(src/uros/micro-ROS-Agent/snap/local) by extensions ['ignore', 'ignore_ament_install']
[2.018s] Level 1:colcon.colcon_core.package_identification:_identify(src/uros/micro-ROS-Agent/snap/local) by extension 'ignore'
[2.018s] Level 1:colcon.colcon_core.package_identification:_identify(src/uros/micro-ROS-Agent/snap/local) by extension 'ignore_ament_install'
[2.019s] Level 1:colcon.colcon_core.package_identification:_identify(src/uros/micro-ROS-Agent/snap/local) by extensions ['colcon_pkg']
[2.019s] Level 1:colcon.colcon_core.package_identification:_identify(src/uros/micro-ROS-Agent/snap/local) by extension 'colcon_pkg'
[2.019s] Level 1:colcon.colcon_core.package_identification:_identify(src/uros/micro-ROS-Agent/snap/local) by extensions ['colcon_meta']
[2.019s] Level 1:colcon.colcon_core.package_identification:_identify(src/uros/micro-ROS-Agent/snap/local) by extension 'colcon_meta'
[2.019s] Level 1:colcon.colcon_core.package_identification:_identify(src/uros/micro-ROS-Agent/snap/local) by extensions ['ros']
[2.020s] Level 1:colcon.colcon_core.package_identification:_identify(src/uros/micro-ROS-Agent/snap/local) by extension 'ros'
[2.020s] Level 1:colcon.colcon_core.package_identification:_identify(src/uros/micro-ROS-Agent/snap/local) by extensions ['cmake', 'python']
[2.020s] Level 1:colcon.colcon_core.package_identification:_identify(src/uros/micro-ROS-Agent/snap/local) by extension 'cmake'
[2.020s] Level 1:colcon.colcon_core.package_identification:_identify(src/uros/micro-ROS-Agent/snap/local) by extension 'python'
[2.020s] Level 1:colcon.colcon_core.package_identification:_identify(src/uros/micro-ROS-Agent/snap/local) by extensions ['python_setup_py']
[2.021s] Level 1:colcon.colcon_core.package_identification:_identify(src/uros/micro-ROS-Agent/snap/local) by extension 'python_setup_py'
[2.021s] Level 1:colcon.colcon_core.package_identification:_identify(src/uros/micro_ros_msgs) by extensions ['ignore', 'ignore_ament_install']
[2.021s] Level 1:colcon.colcon_core.package_identification:_identify(src/uros/micro_ros_msgs) by extension 'ignore'
[2.022s] Level 1:colcon.colcon_core.package_identification:_identify(src/uros/micro_ros_msgs) by extension 'ignore_ament_install'
[2.022s] Level 1:colcon.colcon_core.package_identification:_identify(src/uros/micro_ros_msgs) by extensions ['colcon_pkg']
[2.022s] Level 1:colcon.colcon_core.package_identification:_identify(src/uros/micro_ros_msgs) by extension 'colcon_pkg'
[2.022s] Level 1:colcon.colcon_core.package_identification:_identify(src/uros/micro_ros_msgs) by extensions ['colcon_meta']
[2.022s] Level 1:colcon.colcon_core.package_identification:_identify(src/uros/micro_ros_msgs) by extension 'colcon_meta'
[2.023s] Level 1:colcon.colcon_core.package_identification:_identify(src/uros/micro_ros_msgs) by extensions ['ros']
[2.023s] Level 1:colcon.colcon_core.package_identification:_identify(src/uros/micro_ros_msgs) by extension 'ros'
[2.025s] DEBUG:colcon.colcon_core.package_identification:Package 'src/uros/micro_ros_msgs' with type 'ros.ament_cmake' and name 'micro_ros_msgs'
[2.025s] Level 1:colcon.colcon_core.package_discovery:discover_packages(recursive) using defaults
[2.025s] Level 1:colcon.colcon_core.package_discovery:discover_packages(ignore) discover
[2.025s] Level 1:colcon.colcon_core.package_discovery:discover_packages(ignore) using defaults
[2.026s] Level 1:colcon.colcon_core.package_discovery:discover_packages(path) discover
[2.026s] Level 1:colcon.colcon_core.package_discovery:discover_packages(path) using defaults
[2.093s] INFO:colcon.colcon_core.package_selection:Skipping package 'micro_ros_setup' in 'src/micro_ros_setup'
[2.094s] INFO:colcon.colcon_core.package_selection:Skipping package 'drive_base_msgs' in 'src/uros/drive_base/drive_base_msgs'
[2.105s] Level 5:colcon.colcon_core.verb:set package 'micro_ros_msgs' build argument 'cmake_args' from command line to '['-DUAGENT_BUILD_EXECUTABLE=OFF', '-DUAGENT_P2P_PROFILE=OFF', '--no-warn-unused-cli']'
[2.105s] Level 5:colcon.colcon_core.verb:set package 'micro_ros_msgs' build argument 'cmake_target' from command line to 'None'
[2.105s] Level 5:colcon.colcon_core.verb:set package 'micro_ros_msgs' build argument 'cmake_target_skip_unavailable' from command line to 'False'
[2.105s] Level 5:colcon.colcon_core.verb:set package 'micro_ros_msgs' build argument 'cmake_clean_cache' from command line to 'False'
[2.105s] Level 5:colcon.colcon_core.verb:set package 'micro_ros_msgs' build argument 'cmake_clean_first' from command line to 'False'
[2.106s] Level 5:colcon.colcon_core.verb:set package 'micro_ros_msgs' build argument 'cmake_force_configure' from command line to 'False'
[2.106s] Level 5:colcon.colcon_core.verb:set package 'micro_ros_msgs' build argument 'ament_cmake_args' from command line to 'None'
[2.106s] Level 5:colcon.colcon_core.verb:set package 'micro_ros_msgs' build argument 'catkin_cmake_args' from command line to 'None'
[2.107s] Level 5:colcon.colcon_core.verb:set package 'micro_ros_msgs' build argument 'catkin_skip_building_tests' from command line to 'False'
[2.107s] DEBUG:colcon.colcon_core.verb:Building package 'micro_ros_msgs' with the following arguments: {'ament_cmake_args': None, 'build_base': '/home/ubuntu/PucksInDeep/microros/build/micro_ros_msgs', 'catkin_cmake_args': None, 'catkin_skip_building_tests': False, 'cmake_args': ['-DUAGENT_BUILD_EXECUTABLE=OFF', '-DUAGENT_P2P_PROFILE=OFF', '--no-warn-unused-cli'], 'cmake_clean_cache': False, 'cmake_clean_first': False, 'cmake_force_configure': False, 'cmake_target': None, 'cmake_target_skip_unavailable': False, 'install_base': '/home/ubuntu/PucksInDeep/microros/install/micro_ros_msgs', 'merge_install': False, 'path': '/home/ubuntu/PucksInDeep/microros/src/uros/micro_ros_msgs', 'symlink_install': False, 'test_result_base': None}
[2.118s] Level 5:colcon.colcon_core.verb:set package 'micro_ros_agent' build argument 'cmake_args' from command line to '['-DUAGENT_BUILD_EXECUTABLE=OFF', '-DUAGENT_P2P_PROFILE=OFF', '--no-warn-unused-cli']'
[2.118s] Level 5:colcon.colcon_core.verb:set package 'micro_ros_agent' build argument 'cmake_target' from command line to 'None'
[2.119s] Level 5:colcon.colcon_core.verb:set package 'micro_ros_agent' build argument 'cmake_target_skip_unavailable' from command line to 'False'
[2.119s] Level 5:colcon.colcon_core.verb:set package 'micro_ros_agent' build argument 'cmake_clean_cache' from command line to 'False'
[2.119s] Level 5:colcon.colcon_core.verb:set package 'micro_ros_agent' build argument 'cmake_clean_first' from command line to 'False'
[2.119s] Level 5:colcon.colcon_core.verb:set package 'micro_ros_agent' build argument 'cmake_force_configure' from command line to 'False'
[2.119s] Level 5:colcon.colcon_core.verb:set package 'micro_ros_agent' build argument 'ament_cmake_args' from command line to 'None'
[2.119s] Level 5:colcon.colcon_core.verb:set package 'micro_ros_agent' build argument 'catkin_cmake_args' from command line to 'None'
[2.119s] Level 5:colcon.colcon_core.verb:set package 'micro_ros_agent' build argument 'catkin_skip_building_tests' from command line to 'False'
[2.119s] DEBUG:colcon.colcon_core.verb:Building package 'micro_ros_agent' with the following arguments: {'ament_cmake_args': None, 'build_base': '/home/ubuntu/PucksInDeep/microros/build/micro_ros_agent', 'catkin_cmake_args': None, 'catkin_skip_building_tests': False, 'cmake_args': ['-DUAGENT_BUILD_EXECUTABLE=OFF', '-DUAGENT_P2P_PROFILE=OFF', '--no-warn-unused-cli'], 'cmake_clean_cache': False, 'cmake_clean_first': False, 'cmake_force_configure': False, 'cmake_target': None, 'cmake_target_skip_unavailable': False, 'install_base': '/home/ubuntu/PucksInDeep/microros/install/micro_ros_agent', 'merge_install': False, 'path': '/home/ubuntu/PucksInDeep/microros/src/uros/micro-ROS-Agent/micro_ros_agent', 'symlink_install': False, 'test_result_base': None}
[2.121s] INFO:colcon.colcon_core.executor:Executing jobs using 'parallel' executor
[2.129s] DEBUG:colcon.colcon_parallel_executor.executor.parallel:run_until_complete
[2.130s] INFO:colcon.colcon_ros.task.ament_cmake.build:Building ROS package in '/home/ubuntu/PucksInDeep/microros/src/uros/micro_ros_msgs' with build type 'ament_cmake'
[2.131s] INFO:colcon.colcon_cmake.task.cmake.build:Building CMake package in '/home/ubuntu/PucksInDeep/microros/src/uros/micro_ros_msgs'
[2.152s] INFO:colcon.colcon_core.plugin_system:Skipping extension 'colcon_core.shell.bat': Not used on non-Windows systems
[2.153s] INFO:colcon.colcon_core.shell:Skip shell extension 'powershell' for command environment: Not usable outside of PowerShell
[2.153s] DEBUG:colcon.colcon_core.shell:Skip shell extension 'dsv' for command environment
[2.166s] DEBUG:colcon.colcon_core.shell:Ignoring prefix path '/opt/ros/foxy'
[2.201s] DEBUG:colcon.colcon_core.event_handler.log_command:Invoking command in '/home/ubuntu/PucksInDeep/microros/build/micro_ros_msgs': CMAKE_PREFIX_PATH=${CMAKE_PREFIX_PATH}:/opt/ros/foxy /usr/bin/cmake /home/ubuntu/PucksInDeep/microros/src/uros/micro_ros_msgs -DUAGENT_BUILD_EXECUTABLE=OFF -DUAGENT_P2P_PROFILE=OFF --no-warn-unused-cli -DCMAKE_INSTALL_PREFIX=/home/ubuntu/PucksInDeep/microros/install/micro_ros_msgs
[12.075s] DEBUG:colcon.colcon_core.event_handler.log_command:Invoked command in '/home/ubuntu/PucksInDeep/microros/build/micro_ros_msgs' returned '0': CMAKE_PREFIX_PATH=${CMAKE_PREFIX_PATH}:/opt/ros/foxy /usr/bin/cmake /home/ubuntu/PucksInDeep/microros/src/uros/micro_ros_msgs -DUAGENT_BUILD_EXECUTABLE=OFF -DUAGENT_P2P_PROFILE=OFF --no-warn-unused-cli -DCMAKE_INSTALL_PREFIX=/home/ubuntu/PucksInDeep/microros/install/micro_ros_msgs
[12.089s] DEBUG:colcon.colcon_core.event_handler.log_command:Invoking command in '/home/ubuntu/PucksInDeep/microros/build/micro_ros_msgs': CMAKE_PREFIX_PATH=${CMAKE_PREFIX_PATH}:/opt/ros/foxy /usr/bin/cmake --build /home/ubuntu/PucksInDeep/microros/build/micro_ros_msgs -- -j4 -l4
[36.908s] DEBUG:colcon.colcon_core.event_handler.log_command:Invoked command in '/home/ubuntu/PucksInDeep/microros/build/micro_ros_msgs' returned '0': CMAKE_PREFIX_PATH=${CMAKE_PREFIX_PATH}:/opt/ros/foxy /usr/bin/cmake --build /home/ubuntu/PucksInDeep/microros/build/micro_ros_msgs -- -j4 -l4
[37.665s] DEBUG:colcon.colcon_core.event_handler.log_command:Invoking command in '/home/ubuntu/PucksInDeep/microros/build/micro_ros_msgs': CMAKE_PREFIX_PATH=${CMAKE_PREFIX_PATH}:/opt/ros/foxy /usr/bin/cmake --install /home/ubuntu/PucksInDeep/microros/build/micro_ros_msgs
[38.208s] Level 1:colcon.colcon_core.environment:create_environment_scripts_only(micro_ros_msgs)
[38.212s] DEBUG:colcon.colcon_core.event_handler.log_command:Invoked command in '/home/ubuntu/PucksInDeep/microros/build/micro_ros_msgs' returned '0': CMAKE_PREFIX_PATH=${CMAKE_PREFIX_PATH}:/opt/ros/foxy /usr/bin/cmake --install /home/ubuntu/PucksInDeep/microros/build/micro_ros_msgs
[38.240s] Level 1:colcon.colcon_core.environment:checking '/home/ubuntu/PucksInDeep/microros/install/micro_ros_msgs' for CMake module files
[38.244s] Level 1:colcon.colcon_core.environment:checking '/home/ubuntu/PucksInDeep/microros/install/micro_ros_msgs' for CMake config files
[38.246s] Level 1:colcon.colcon_core.shell:create_environment_hook('micro_ros_msgs', 'cmake_prefix_path')
[38.254s] INFO:colcon.colcon_core.shell:Creating environment hook '/home/ubuntu/PucksInDeep/microros/install/micro_ros_msgs/share/micro_ros_msgs/hook/cmake_prefix_path.ps1'
[38.257s] INFO:colcon.colcon_core.shell:Creating environment descriptor '/home/ubuntu/PucksInDeep/microros/install/micro_ros_msgs/share/micro_ros_msgs/hook/cmake_prefix_path.dsv'
[38.259s] INFO:colcon.colcon_core.shell:Creating environment hook '/home/ubuntu/PucksInDeep/microros/install/micro_ros_msgs/share/micro_ros_msgs/hook/cmake_prefix_path.sh'
[38.262s] Level 1:colcon.colcon_core.environment:checking '/home/ubuntu/PucksInDeep/microros/install/micro_ros_msgs/lib'
[38.264s] Level 1:colcon.colcon_core.shell:create_environment_hook('micro_ros_msgs', 'ld_library_path_lib')
[38.270s] INFO:colcon.colcon_core.shell:Creating environment hook '/home/ubuntu/PucksInDeep/microros/install/micro_ros_msgs/share/micro_ros_msgs/hook/ld_library_path_lib.ps1'
[38.273s] INFO:colcon.colcon_core.shell:Creating environment descriptor '/home/ubuntu/PucksInDeep/microros/install/micro_ros_msgs/share/micro_ros_msgs/hook/ld_library_path_lib.dsv'
[38.275s] INFO:colcon.colcon_core.shell:Creating environment hook '/home/ubuntu/PucksInDeep/microros/install/micro_ros_msgs/share/micro_ros_msgs/hook/ld_library_path_lib.sh'
[38.276s] Level 1:colcon.colcon_core.environment:checking '/home/ubuntu/PucksInDeep/microros/install/micro_ros_msgs/bin'
[38.277s] Level 1:colcon.colcon_core.environment:checking '/home/ubuntu/PucksInDeep/microros/install/micro_ros_msgs/lib/pkgconfig/micro_ros_msgs.pc'
[38.277s] Level 1:colcon.colcon_core.environment:checking '/home/ubuntu/PucksInDeep/microros/install/micro_ros_msgs/lib/python3.8/site-packages'
[38.277s] Level 1:colcon.colcon_core.shell:create_environment_hook('micro_ros_msgs', 'pythonpath')
[38.280s] INFO:colcon.colcon_core.shell:Creating environment hook '/home/ubuntu/PucksInDeep/microros/install/micro_ros_msgs/share/micro_ros_msgs/hook/pythonpath.ps1'
[38.286s] INFO:colcon.colcon_core.shell:Creating environment descriptor '/home/ubuntu/PucksInDeep/microros/install/micro_ros_msgs/share/micro_ros_msgs/hook/pythonpath.dsv'
[38.288s] INFO:colcon.colcon_core.shell:Creating environment hook '/home/ubuntu/PucksInDeep/microros/install/micro_ros_msgs/share/micro_ros_msgs/hook/pythonpath.sh'
[38.293s] INFO:colcon.colcon_core.shell:Creating package script '/home/ubuntu/PucksInDeep/microros/install/micro_ros_msgs/share/micro_ros_msgs/package.ps1'
[38.297s] INFO:colcon.colcon_core.shell:Creating package descriptor '/home/ubuntu/PucksInDeep/microros/install/micro_ros_msgs/share/micro_ros_msgs/package.dsv'
[38.305s] INFO:colcon.colcon_core.shell:Creating package script '/home/ubuntu/PucksInDeep/microros/install/micro_ros_msgs/share/micro_ros_msgs/package.sh'
[38.309s] INFO:colcon.colcon_core.shell:Creating package script '/home/ubuntu/PucksInDeep/microros/install/micro_ros_msgs/share/micro_ros_msgs/package.bash'
[38.311s] INFO:colcon.colcon_core.shell:Creating package script '/home/ubuntu/PucksInDeep/microros/install/micro_ros_msgs/share/micro_ros_msgs/package.zsh'
[38.319s] Level 1:colcon.colcon_core.environment:create_file_with_runtime_dependencies(/home/ubuntu/PucksInDeep/microros/install/micro_ros_msgs/share/colcon-core/packages/micro_ros_msgs)
[39.011s] Level 1:colcon.colcon_core.environment:create_environment_scripts_only(micro_ros_msgs)
[39.018s] Level 1:colcon.colcon_core.environment:checking '/home/ubuntu/PucksInDeep/microros/install/micro_ros_msgs' for CMake module files
[39.025s] Level 1:colcon.colcon_core.environment:checking '/home/ubuntu/PucksInDeep/microros/install/micro_ros_msgs' for CMake config files
[39.029s] Level 1:colcon.colcon_core.shell:create_environment_hook('micro_ros_msgs', 'cmake_prefix_path')
[39.036s] INFO:colcon.colcon_core.shell:Creating environment hook '/home/ubuntu/PucksInDeep/microros/install/micro_ros_msgs/share/micro_ros_msgs/hook/cmake_prefix_path.ps1'
[39.039s] INFO:colcon.colcon_core.shell:Creating environment descriptor '/home/ubuntu/PucksInDeep/microros/install/micro_ros_msgs/share/micro_ros_msgs/hook/cmake_prefix_path.dsv'
[39.040s] INFO:colcon.colcon_core.shell:Creating environment hook '/home/ubuntu/PucksInDeep/microros/install/micro_ros_msgs/share/micro_ros_msgs/hook/cmake_prefix_path.sh'
[39.043s] Level 1:colcon.colcon_core.environment:checking '/home/ubuntu/PucksInDeep/microros/install/micro_ros_msgs/lib'
[39.044s] Level 1:colcon.colcon_core.shell:create_environment_hook('micro_ros_msgs', 'ld_library_path_lib')
[39.046s] INFO:colcon.colcon_core.shell:Creating environment hook '/home/ubuntu/PucksInDeep/microros/install/micro_ros_msgs/share/micro_ros_msgs/hook/ld_library_path_lib.ps1'
[39.053s] INFO:colcon.colcon_core.shell:Creating environment descriptor '/home/ubuntu/PucksInDeep/microros/install/micro_ros_msgs/share/micro_ros_msgs/hook/ld_library_path_lib.dsv'
[39.055s] INFO:colcon.colcon_core.shell:Creating environment hook '/home/ubuntu/PucksInDeep/microros/install/micro_ros_msgs/share/micro_ros_msgs/hook/ld_library_path_lib.sh'
[39.057s] Level 1:colcon.colcon_core.environment:checking '/home/ubuntu/PucksInDeep/microros/install/micro_ros_msgs/bin'
[39.057s] Level 1:colcon.colcon_core.environment:checking '/home/ubuntu/PucksInDeep/microros/install/micro_ros_msgs/lib/pkgconfig/micro_ros_msgs.pc'
[39.058s] Level 1:colcon.colcon_core.environment:checking '/home/ubuntu/PucksInDeep/microros/install/micro_ros_msgs/lib/python3.8/site-packages'
[39.058s] Level 1:colcon.colcon_core.shell:create_environment_hook('micro_ros_msgs', 'pythonpath')
[39.060s] INFO:colcon.colcon_core.shell:Creating environment hook '/home/ubuntu/PucksInDeep/microros/install/micro_ros_msgs/share/micro_ros_msgs/hook/pythonpath.ps1'
[39.062s] INFO:colcon.colcon_core.shell:Creating environment descriptor '/home/ubuntu/PucksInDeep/microros/install/micro_ros_msgs/share/micro_ros_msgs/hook/pythonpath.dsv'
[39.068s] INFO:colcon.colcon_core.shell:Creating environment hook '/home/ubuntu/PucksInDeep/microros/install/micro_ros_msgs/share/micro_ros_msgs/hook/pythonpath.sh'
[39.075s] INFO:colcon.colcon_core.shell:Creating package script '/home/ubuntu/PucksInDeep/microros/install/micro_ros_msgs/share/micro_ros_msgs/package.ps1'
[39.079s] INFO:colcon.colcon_core.shell:Creating package descriptor '/home/ubuntu/PucksInDeep/microros/install/micro_ros_msgs/share/micro_ros_msgs/package.dsv'
[39.082s] INFO:colcon.colcon_core.shell:Creating package script '/home/ubuntu/PucksInDeep/microros/install/micro_ros_msgs/share/micro_ros_msgs/package.sh'
[39.087s] INFO:colcon.colcon_core.shell:Creating package script '/home/ubuntu/PucksInDeep/microros/install/micro_ros_msgs/share/micro_ros_msgs/package.bash'
[39.091s] INFO:colcon.colcon_core.shell:Creating package script '/home/ubuntu/PucksInDeep/microros/install/micro_ros_msgs/share/micro_ros_msgs/package.zsh'
[39.094s] Level 1:colcon.colcon_core.environment:create_file_with_runtime_dependencies(/home/ubuntu/PucksInDeep/microros/install/micro_ros_msgs/share/colcon-core/packages/micro_ros_msgs)
[39.100s] INFO:colcon.colcon_ros.task.ament_cmake.build:Building ROS package in '/home/ubuntu/PucksInDeep/microros/src/uros/micro-ROS-Agent/micro_ros_agent' with build type 'ament_cmake'
[39.102s] INFO:colcon.colcon_cmake.task.cmake.build:Building CMake package in '/home/ubuntu/PucksInDeep/microros/src/uros/micro-ROS-Agent/micro_ros_agent'
[39.106s] INFO:colcon.colcon_core.shell:Skip shell extension 'powershell' for command environment: Not usable outside of PowerShell
[39.106s] DEBUG:colcon.colcon_core.shell:Skip shell extension 'dsv' for command environment
[39.127s] DEBUG:colcon.colcon_core.shell:Ignoring prefix path '/opt/ros/foxy'
[39.255s] DEBUG:colcon.colcon_core.event_handler.log_command:Invoking command in '/home/ubuntu/PucksInDeep/microros/build/micro_ros_agent': AMENT_PREFIX_PATH=/home/ubuntu/PucksInDeep/microros/install/micro_ros_msgs:${AMENT_PREFIX_PATH} CMAKE_PREFIX_PATH=/home/ubuntu/PucksInDeep/microros/install/micro_ros_msgs:/home/ubuntu/PucksInDeep/microros/install/micro_ros_setup:/opt/ros/foxy LD_LIBRARY_PATH=/home/ubuntu/PucksInDeep/microros/install/micro_ros_msgs/lib:${LD_LIBRARY_PATH} PYTHONPATH=/home/ubuntu/PucksInDeep/microros/install/micro_ros_msgs/lib/python3.8/site-packages:${PYTHONPATH} /usr/bin/cmake /home/ubuntu/PucksInDeep/microros/src/uros/micro-ROS-Agent/micro_ros_agent -DUAGENT_BUILD_EXECUTABLE=OFF -DUAGENT_P2P_PROFILE=OFF --no-warn-unused-cli -DCMAKE_INSTALL_PREFIX=/home/ubuntu/PucksInDeep/microros/install/micro_ros_agent
[41.852s] DEBUG:colcon.colcon_core.event_handler.log_command:Invoked command in '/home/ubuntu/PucksInDeep/microros/build/micro_ros_agent' returned '0': AMENT_PREFIX_PATH=/home/ubuntu/PucksInDeep/microros/install/micro_ros_msgs:${AMENT_PREFIX_PATH} CMAKE_PREFIX_PATH=/home/ubuntu/PucksInDeep/microros/install/micro_ros_msgs:/home/ubuntu/PucksInDeep/microros/install/micro_ros_setup:/opt/ros/foxy LD_LIBRARY_PATH=/home/ubuntu/PucksInDeep/microros/install/micro_ros_msgs/lib:${LD_LIBRARY_PATH} PYTHONPATH=/home/ubuntu/PucksInDeep/microros/install/micro_ros_msgs/lib/python3.8/site-packages:${PYTHONPATH} /usr/bin/cmake /home/ubuntu/PucksInDeep/microros/src/uros/micro-ROS-Agent/micro_ros_agent -DUAGENT_BUILD_EXECUTABLE=OFF -DUAGENT_P2P_PROFILE=OFF --no-warn-unused-cli -DCMAKE_INSTALL_PREFIX=/home/ubuntu/PucksInDeep/microros/install/micro_ros_agent
[41.862s] DEBUG:colcon.colcon_core.event_handler.log_command:Invoking command in '/home/ubuntu/PucksInDeep/microros/build/micro_ros_agent': AMENT_PREFIX_PATH=/home/ubuntu/PucksInDeep/microros/install/micro_ros_msgs:${AMENT_PREFIX_PATH} CMAKE_PREFIX_PATH=/home/ubuntu/PucksInDeep/microros/install/micro_ros_msgs:/home/ubuntu/PucksInDeep/microros/install/micro_ros_setup:/opt/ros/foxy LD_LIBRARY_PATH=/home/ubuntu/PucksInDeep/microros/install/micro_ros_msgs/lib:${LD_LIBRARY_PATH} PYTHONPATH=/home/ubuntu/PucksInDeep/microros/install/micro_ros_msgs/lib/python3.8/site-packages:${PYTHONPATH} /usr/bin/cmake --build /home/ubuntu/PucksInDeep/microros/build/micro_ros_agent -- -j4 -l4
[973.207s] DEBUG:colcon.colcon_core.event_handler.log_command:Invoked command in '/home/ubuntu/PucksInDeep/microros/build/micro_ros_agent' returned '0': AMENT_PREFIX_PATH=/home/ubuntu/PucksInDeep/microros/install/micro_ros_msgs:${AMENT_PREFIX_PATH} CMAKE_PREFIX_PATH=/home/ubuntu/PucksInDeep/microros/install/micro_ros_msgs:/home/ubuntu/PucksInDeep/microros/install/micro_ros_setup:/opt/ros/foxy LD_LIBRARY_PATH=/home/ubuntu/PucksInDeep/microros/install/micro_ros_msgs/lib:${LD_LIBRARY_PATH} PYTHONPATH=/home/ubuntu/PucksInDeep/microros/install/micro_ros_msgs/lib/python3.8/site-packages:${PYTHONPATH} /usr/bin/cmake --build /home/ubuntu/PucksInDeep/microros/build/micro_ros_agent -- -j4 -l4
[973.404s] DEBUG:colcon.colcon_core.event_handler.log_command:Invoking command in '/home/ubuntu/PucksInDeep/microros/build/micro_ros_agent': AMENT_PREFIX_PATH=/home/ubuntu/PucksInDeep/microros/install/micro_ros_msgs:${AMENT_PREFIX_PATH} CMAKE_PREFIX_PATH=/home/ubuntu/PucksInDeep/microros/install/micro_ros_msgs:/home/ubuntu/PucksInDeep/microros/install/micro_ros_setup:/opt/ros/foxy LD_LIBRARY_PATH=/home/ubuntu/PucksInDeep/microros/install/micro_ros_msgs/lib:${LD_LIBRARY_PATH} PYTHONPATH=/home/ubuntu/PucksInDeep/microros/install/micro_ros_msgs/lib/python3.8/site-packages:${PYTHONPATH} /usr/bin/cmake --install /home/ubuntu/PucksInDeep/microros/build/micro_ros_agent
[973.517s] Level 1:colcon.colcon_core.environment:create_environment_scripts_only(micro_ros_agent)
[973.523s] Level 1:colcon.colcon_core.environment:checking '/home/ubuntu/PucksInDeep/microros/install/micro_ros_agent' for CMake module files
[973.528s] Level 1:colcon.colcon_core.environment:checking '/home/ubuntu/PucksInDeep/microros/install/micro_ros_agent' for CMake config files
[973.532s] DEBUG:colcon.colcon_core.event_handler.log_command:Invoked command in '/home/ubuntu/PucksInDeep/microros/build/micro_ros_agent' returned '0': AMENT_PREFIX_PATH=/home/ubuntu/PucksInDeep/microros/install/micro_ros_msgs:${AMENT_PREFIX_PATH} CMAKE_PREFIX_PATH=/home/ubuntu/PucksInDeep/microros/install/micro_ros_msgs:/home/ubuntu/PucksInDeep/microros/install/micro_ros_setup:/opt/ros/foxy LD_LIBRARY_PATH=/home/ubuntu/PucksInDeep/microros/install/micro_ros_msgs/lib:${LD_LIBRARY_PATH} PYTHONPATH=/home/ubuntu/PucksInDeep/microros/install/micro_ros_msgs/lib/python3.8/site-packages:${PYTHONPATH} /usr/bin/cmake --install /home/ubuntu/PucksInDeep/microros/build/micro_ros_agent
[973.540s] Level 1:colcon.colcon_core.shell:create_environment_hook('micro_ros_agent', 'cmake_prefix_path')
[973.543s] INFO:colcon.colcon_core.shell:Creating environment hook '/home/ubuntu/PucksInDeep/microros/install/micro_ros_agent/share/micro_ros_agent/hook/cmake_prefix_path.ps1'
[973.546s] INFO:colcon.colcon_core.shell:Creating environment descriptor '/home/ubuntu/PucksInDeep/microros/install/micro_ros_agent/share/micro_ros_agent/hook/cmake_prefix_path.dsv'
[973.548s] INFO:colcon.colcon_core.shell:Creating environment hook '/home/ubuntu/PucksInDeep/microros/install/micro_ros_agent/share/micro_ros_agent/hook/cmake_prefix_path.sh'
[973.551s] Level 1:colcon.colcon_core.environment:checking '/home/ubuntu/PucksInDeep/microros/install/micro_ros_agent/lib'
[973.552s] Level 1:colcon.colcon_core.shell:create_environment_hook('micro_ros_agent', 'ld_library_path_lib')
[973.555s] INFO:colcon.colcon_core.shell:Creating environment hook '/home/ubuntu/PucksInDeep/microros/install/micro_ros_agent/share/micro_ros_agent/hook/ld_library_path_lib.ps1'
[973.558s] INFO:colcon.colcon_core.shell:Creating environment descriptor '/home/ubuntu/PucksInDeep/microros/install/micro_ros_agent/share/micro_ros_agent/hook/ld_library_path_lib.dsv'
[973.560s] INFO:colcon.colcon_core.shell:Creating environment hook '/home/ubuntu/PucksInDeep/microros/install/micro_ros_agent/share/micro_ros_agent/hook/ld_library_path_lib.sh'
[973.563s] Level 1:colcon.colcon_core.environment:checking '/home/ubuntu/PucksInDeep/microros/install/micro_ros_agent/bin'
[973.564s] Level 1:colcon.colcon_core.environment:checking '/home/ubuntu/PucksInDeep/microros/install/micro_ros_agent/lib/pkgconfig/micro_ros_agent.pc'
[973.564s] Level 1:colcon.colcon_core.environment:checking '/home/ubuntu/PucksInDeep/microros/install/micro_ros_agent/lib/python3.8/site-packages'
[973.567s] INFO:colcon.colcon_core.shell:Creating package script '/home/ubuntu/PucksInDeep/microros/install/micro_ros_agent/share/micro_ros_agent/package.ps1'
[973.570s] INFO:colcon.colcon_core.shell:Creating package descriptor '/home/ubuntu/PucksInDeep/microros/install/micro_ros_agent/share/micro_ros_agent/package.dsv'
[973.573s] INFO:colcon.colcon_core.shell:Creating package script '/home/ubuntu/PucksInDeep/microros/install/micro_ros_agent/share/micro_ros_agent/package.sh'
[973.575s] INFO:colcon.colcon_core.shell:Creating package script '/home/ubuntu/PucksInDeep/microros/install/micro_ros_agent/share/micro_ros_agent/package.bash'
[973.578s] INFO:colcon.colcon_core.shell:Creating package script '/home/ubuntu/PucksInDeep/microros/install/micro_ros_agent/share/micro_ros_agent/package.zsh'
[973.580s] Level 1:colcon.colcon_core.environment:create_file_with_runtime_dependencies(/home/ubuntu/PucksInDeep/microros/install/micro_ros_agent/share/colcon-core/packages/micro_ros_agent)
[973.778s] Level 1:colcon.colcon_core.environment:create_environment_scripts_only(micro_ros_agent)
[973.783s] Level 1:colcon.colcon_core.environment:checking '/home/ubuntu/PucksInDeep/microros/install/micro_ros_agent' for CMake module files
[973.787s] Level 1:colcon.colcon_core.environment:checking '/home/ubuntu/PucksInDeep/microros/install/micro_ros_agent' for CMake config files
[973.797s] Level 1:colcon.colcon_core.shell:create_environment_hook('micro_ros_agent', 'cmake_prefix_path')
[973.801s] INFO:colcon.colcon_core.shell:Creating environment hook '/home/ubuntu/PucksInDeep/microros/install/micro_ros_agent/share/micro_ros_agent/hook/cmake_prefix_path.ps1'
[973.804s] INFO:colcon.colcon_core.shell:Creating environment descriptor '/home/ubuntu/PucksInDeep/microros/install/micro_ros_agent/share/micro_ros_agent/hook/cmake_prefix_path.dsv'
[973.808s] INFO:colcon.colcon_core.shell:Creating environment hook '/home/ubuntu/PucksInDeep/microros/install/micro_ros_agent/share/micro_ros_agent/hook/cmake_prefix_path.sh'
[973.812s] Level 1:colcon.colcon_core.environment:checking '/home/ubuntu/PucksInDeep/microros/install/micro_ros_agent/lib'
[973.813s] Level 1:colcon.colcon_core.shell:create_environment_hook('micro_ros_agent', 'ld_library_path_lib')
[973.817s] INFO:colcon.colcon_core.shell:Creating environment hook '/home/ubuntu/PucksInDeep/microros/install/micro_ros_agent/share/micro_ros_agent/hook/ld_library_path_lib.ps1'
[973.819s] INFO:colcon.colcon_core.shell:Creating environment descriptor '/home/ubuntu/PucksInDeep/microros/install/micro_ros_agent/share/micro_ros_agent/hook/ld_library_path_lib.dsv'
[973.822s] INFO:colcon.colcon_core.shell:Creating environment hook '/home/ubuntu/PucksInDeep/microros/install/micro_ros_agent/share/micro_ros_agent/hook/ld_library_path_lib.sh'
[973.825s] Level 1:colcon.colcon_core.environment:checking '/home/ubuntu/PucksInDeep/microros/install/micro_ros_agent/bin'
[973.826s] Level 1:colcon.colcon_core.environment:checking '/home/ubuntu/PucksInDeep/microros/install/micro_ros_agent/lib/pkgconfig/micro_ros_agent.pc'
[973.826s] Level 1:colcon.colcon_core.environment:checking '/home/ubuntu/PucksInDeep/microros/install/micro_ros_agent/lib/python3.8/site-packages'
[973.830s] INFO:colcon.colcon_core.shell:Creating package script '/home/ubuntu/PucksInDeep/microros/install/micro_ros_agent/share/micro_ros_agent/package.ps1'
[973.834s] INFO:colcon.colcon_core.shell:Creating package descriptor '/home/ubuntu/PucksInDeep/microros/install/micro_ros_agent/share/micro_ros_agent/package.dsv'
[973.838s] INFO:colcon.colcon_core.shell:Creating package script '/home/ubuntu/PucksInDeep/microros/install/micro_ros_agent/share/micro_ros_agent/package.sh'
[973.841s] INFO:colcon.colcon_core.shell:Creating package script '/home/ubuntu/PucksInDeep/microros/install/micro_ros_agent/share/micro_ros_agent/package.bash'
[973.843s] INFO:colcon.colcon_core.shell:Creating package script '/home/ubuntu/PucksInDeep/microros/install/micro_ros_agent/share/micro_ros_agent/package.zsh'
[973.846s] Level 1:colcon.colcon_core.environment:create_file_with_runtime_dependencies(/home/ubuntu/PucksInDeep/microros/install/micro_ros_agent/share/colcon-core/packages/micro_ros_agent)
[973.849s] DEBUG:colcon.colcon_parallel_executor.executor.parallel:closing loop
[973.850s] DEBUG:colcon.colcon_parallel_executor.executor.parallel:loop closed
[973.851s] DEBUG:colcon.colcon_parallel_executor.executor.parallel:run_until_complete finished with '0'
[973.851s] DEBUG:colcon.colcon_core.event_reactor:joining thread
[973.890s] INFO:colcon.colcon_core.plugin_system:Skipping extension 'colcon_notification.desktop_notification.terminal_notifier': Not used on non-Darwin systems
[973.891s] INFO:colcon.colcon_core.plugin_system:Skipping extension 'colcon_notification.desktop_notification.win32': Not used on non-Windows systems
[973.891s] INFO:colcon.colcon_notification.desktop_notification:Sending desktop notification using 'notify2'
[973.975s] DEBUG:colcon.colcon_core.event_reactor:joined thread
[973.981s] INFO:colcon.colcon_core.shell:Creating prefix script '/home/ubuntu/PucksInDeep/microros/install/local_setup.ps1'
[973.987s] INFO:colcon.colcon_core.shell:Creating prefix util module '/home/ubuntu/PucksInDeep/microros/install/_local_setup_util_ps1.py'
[973.994s] INFO:colcon.colcon_core.shell:Creating prefix chain script '/home/ubuntu/PucksInDeep/microros/install/setup.ps1'
[974.009s] INFO:colcon.colcon_core.shell:Creating prefix script '/home/ubuntu/PucksInDeep/microros/install/local_setup.sh'
[974.013s] INFO:colcon.colcon_core.shell:Creating prefix util module '/home/ubuntu/PucksInDeep/microros/install/_local_setup_util_sh.py'
[974.017s] INFO:colcon.colcon_core.shell:Creating prefix chain script '/home/ubuntu/PucksInDeep/microros/install/setup.sh'
[974.034s] INFO:colcon.colcon_core.shell:Creating prefix script '/home/ubuntu/PucksInDeep/microros/install/local_setup.bash'
[974.037s] INFO:colcon.colcon_core.shell:Creating prefix chain script '/home/ubuntu/PucksInDeep/microros/install/setup.bash'
[974.050s] INFO:colcon.colcon_core.shell:Creating prefix script '/home/ubuntu/PucksInDeep/microros/install/local_setup.zsh'
[974.053s] INFO:colcon.colcon_core.shell:Creating prefix chain script '/home/ubuntu/PucksInDeep/microros/install/setup.zsh'
