[4.131s] Invoking command in '/home/ubuntu/PucksInDeep/RPi/rosHockey/puck_tracker': PYTHONPATH=/home/ubuntu/PucksInDeep/RPi/rosHockey/install/puck_tracker/lib/python3.8/site-packages:${PYTHONPATH} /usr/bin/python3 setup.py egg_info --egg-base ../build/puck_tracker build --build-base /home/ubuntu/PucksInDeep/RPi/rosHockey/build/puck_tracker/build install --prefix /home/ubuntu/PucksInDeep/RPi/rosHockey/install/puck_tracker --record /home/ubuntu/PucksInDeep/RPi/rosHockey/build/puck_tracker/install.log --single-version-externally-managed
[5.354s] running egg_info
[5.357s] writing ../build/puck_tracker/puck_tracker.egg-info/PKG-INFO
[5.358s] writing dependency_links to ../build/puck_tracker/puck_tracker.egg-info/dependency_links.txt
[5.359s] writing entry points to ../build/puck_tracker/puck_tracker.egg-info/entry_points.txt
[5.359s] writing requirements to ../build/puck_tracker/puck_tracker.egg-info/requires.txt
[5.360s] writing top-level names to ../build/puck_tracker/puck_tracker.egg-info/top_level.txt
[5.517s] reading manifest file '../build/puck_tracker/puck_tracker.egg-info/SOURCES.txt'
[5.521s] writing manifest file '../build/puck_tracker/puck_tracker.egg-info/SOURCES.txt'
[5.522s] running build
[5.522s] running build_py
[5.523s] running install
[5.527s] running install_lib
[5.533s] running install_data
[5.536s] running install_egg_info
[5.544s] removing '/home/ubuntu/PucksInDeep/RPi/rosHockey/install/puck_tracker/lib/python3.8/site-packages/puck_tracker-0.0.0-py3.8.egg-info' (and everything under it)
[5.546s] Copying ../build/puck_tracker/puck_tracker.egg-info to /home/ubuntu/PucksInDeep/RPi/rosHockey/install/puck_tracker/lib/python3.8/site-packages/puck_tracker-0.0.0-py3.8.egg-info
[5.552s] running install_scripts
[5.627s] Installing puck_tracker script to /home/ubuntu/PucksInDeep/RPi/rosHockey/install/puck_tracker/lib/puck_tracker
[5.635s] writing list of installed files to '/home/ubuntu/PucksInDeep/RPi/rosHockey/build/puck_tracker/install.log'
[5.754s] Invoked command in '/home/ubuntu/PucksInDeep/RPi/rosHockey/puck_tracker' returned '0': PYTHONPATH=/home/ubuntu/PucksInDeep/RPi/rosHockey/install/puck_tracker/lib/python3.8/site-packages:${PYTHONPATH} /usr/bin/python3 setup.py egg_info --egg-base ../build/puck_tracker build --build-base /home/ubuntu/PucksInDeep/RPi/rosHockey/build/puck_tracker/build install --prefix /home/ubuntu/PucksInDeep/RPi/rosHockey/install/puck_tracker --record /home/ubuntu/PucksInDeep/RPi/rosHockey/build/puck_tracker/install.log --single-version-externally-managed
