[3.327s] Invoking command in '/home/ubuntu/PucksInDeep/RPi/rosHockey/puck_tracker': PYTHONPATH=/home/ubuntu/PucksInDeep/RPi/rosHockey/install/puck_tracker/lib/python3.8/site-packages:${PYTHONPATH} /usr/bin/python3 setup.py egg_info --egg-base ../build/puck_tracker build --build-base /home/ubuntu/PucksInDeep/RPi/rosHockey/build/puck_tracker/build install --prefix /home/ubuntu/PucksInDeep/RPi/rosHockey/install/puck_tracker --record /home/ubuntu/PucksInDeep/RPi/rosHockey/build/puck_tracker/install.log --single-version-externally-managed
[4.412s] running egg_info
[4.415s] writing ../build/puck_tracker/puck_tracker.egg-info/PKG-INFO
[4.416s] writing dependency_links to ../build/puck_tracker/puck_tracker.egg-info/dependency_links.txt
[4.417s] writing entry points to ../build/puck_tracker/puck_tracker.egg-info/entry_points.txt
[4.417s] writing requirements to ../build/puck_tracker/puck_tracker.egg-info/requires.txt
[4.418s] writing top-level names to ../build/puck_tracker/puck_tracker.egg-info/top_level.txt
[4.572s] reading manifest file '../build/puck_tracker/puck_tracker.egg-info/SOURCES.txt'
[4.576s] writing manifest file '../build/puck_tracker/puck_tracker.egg-info/SOURCES.txt'
[4.577s] running build
[4.578s] running build_py
[4.578s] copying puck_tracker/tracker.py -> /home/ubuntu/PucksInDeep/RPi/rosHockey/build/puck_tracker/build/lib/puck_tracker
[4.579s] running install
[4.583s] running install_lib
[4.587s] copying /home/ubuntu/PucksInDeep/RPi/rosHockey/build/puck_tracker/build/lib/puck_tracker/tracker.py -> /home/ubuntu/PucksInDeep/RPi/rosHockey/install/puck_tracker/lib/python3.8/site-packages/puck_tracker
[4.592s] byte-compiling /home/ubuntu/PucksInDeep/RPi/rosHockey/install/puck_tracker/lib/python3.8/site-packages/puck_tracker/tracker.py to tracker.cpython-38.pyc
[4.600s] running install_data
[4.603s] running install_egg_info
[4.609s] removing '/home/ubuntu/PucksInDeep/RPi/rosHockey/install/puck_tracker/lib/python3.8/site-packages/puck_tracker-0.0.0-py3.8.egg-info' (and everything under it)
[4.610s] Copying ../build/puck_tracker/puck_tracker.egg-info to /home/ubuntu/PucksInDeep/RPi/rosHockey/install/puck_tracker/lib/python3.8/site-packages/puck_tracker-0.0.0-py3.8.egg-info
[4.616s] running install_scripts
[4.687s] Installing puck_tracker script to /home/ubuntu/PucksInDeep/RPi/rosHockey/install/puck_tracker/lib/puck_tracker
[4.690s] writing list of installed files to '/home/ubuntu/PucksInDeep/RPi/rosHockey/build/puck_tracker/install.log'
[4.798s] Invoked command in '/home/ubuntu/PucksInDeep/RPi/rosHockey/puck_tracker' returned '0': PYTHONPATH=/home/ubuntu/PucksInDeep/RPi/rosHockey/install/puck_tracker/lib/python3.8/site-packages:${PYTHONPATH} /usr/bin/python3 setup.py egg_info --egg-base ../build/puck_tracker build --build-base /home/ubuntu/PucksInDeep/RPi/rosHockey/build/puck_tracker/build install --prefix /home/ubuntu/PucksInDeep/RPi/rosHockey/install/puck_tracker --record /home/ubuntu/PucksInDeep/RPi/rosHockey/build/puck_tracker/install.log --single-version-externally-managed
