[4.597s] Invoking command in '/home/pham/PucksInDeep/build/bp_coms': PYTHONPATH=/home/pham/PucksInDeep/install/bp_coms/lib/python3.8/site-packages:${PYTHONPATH} /usr/bin/python3 setup.py develop --prefix /home/pham/PucksInDeep/install/bp_coms --editable --build-directory /home/pham/PucksInDeep/build/bp_coms/build --no-deps install_data --install-dir /home/pham/PucksInDeep/install/bp_coms
[6.598s] running develop
[7.157s] running egg_info
[7.157s] creating bp_coms.egg-info
[7.158s] writing bp_coms.egg-info/PKG-INFO
[7.159s] writing dependency_links to bp_coms.egg-info/dependency_links.txt
[7.160s] writing entry points to bp_coms.egg-info/entry_points.txt
[7.160s] writing requirements to bp_coms.egg-info/requires.txt
[7.161s] writing top-level names to bp_coms.egg-info/top_level.txt
[7.165s] writing manifest file 'bp_coms.egg-info/SOURCES.txt'
[7.272s] reading manifest file 'bp_coms.egg-info/SOURCES.txt'
[7.274s] writing manifest file 'bp_coms.egg-info/SOURCES.txt'
[7.280s] running build_ext
[7.281s] Creating /home/pham/PucksInDeep/install/bp_coms/lib/python3.8/site-packages/site.py
[7.294s] Creating /home/pham/PucksInDeep/install/bp_coms/lib/python3.8/site-packages/bp-coms.egg-link (link to .)
[7.297s] Installing bp_rx script to /home/pham/PucksInDeep/install/bp_coms/lib/bp_coms
[7.298s] Installing bp_tx script to /home/pham/PucksInDeep/install/bp_coms/lib/bp_coms
[7.299s] 
[7.299s] Installed /home/pham/PucksInDeep/build/bp_coms
[7.300s] running install_data
[7.301s] creating /home/pham/PucksInDeep/install/bp_coms/share/ament_index
[7.302s] creating /home/pham/PucksInDeep/install/bp_coms/share/ament_index/resource_index
[7.302s] creating /home/pham/PucksInDeep/install/bp_coms/share/ament_index/resource_index/packages
[7.303s] copying resource/bp_coms -> /home/pham/PucksInDeep/install/bp_coms/share/ament_index/resource_index/packages
[7.304s] copying package.xml -> /home/pham/PucksInDeep/install/bp_coms/share/bp_coms
[8.139s] Invoked command in '/home/pham/PucksInDeep/build/bp_coms' returned '0': PYTHONPATH=/home/pham/PucksInDeep/install/bp_coms/lib/python3.8/site-packages:${PYTHONPATH} /usr/bin/python3 setup.py develop --prefix /home/pham/PucksInDeep/install/bp_coms --editable --build-directory /home/pham/PucksInDeep/build/bp_coms/build --no-deps install_data --install-dir /home/pham/PucksInDeep/install/bp_coms
