[5.120s] Invoking command in '/home/ubuntu/PucksInDeep/rosHockey/keyboard_control': PYTHONPATH=/home/ubuntu/PucksInDeep/rosHockey/install/keyboard_control/lib/python3.8/site-packages:${PYTHONPATH} /usr/bin/python3 setup.py egg_info --egg-base ../build/keyboard_control build --build-base /home/ubuntu/PucksInDeep/rosHockey/build/keyboard_control/build install --prefix /home/ubuntu/PucksInDeep/rosHockey/install/keyboard_control --record /home/ubuntu/PucksInDeep/rosHockey/build/keyboard_control/install.log --single-version-externally-managed
[7.084s] running egg_info
[7.089s] writing ../build/keyboard_control/keyboard_control.egg-info/PKG-INFO
[7.091s] writing dependency_links to ../build/keyboard_control/keyboard_control.egg-info/dependency_links.txt
[7.093s] writing entry points to ../build/keyboard_control/keyboard_control.egg-info/entry_points.txt
[7.096s] writing requirements to ../build/keyboard_control/keyboard_control.egg-info/requires.txt
[7.097s] writing top-level names to ../build/keyboard_control/keyboard_control.egg-info/top_level.txt
[7.470s] reading manifest file '../build/keyboard_control/keyboard_control.egg-info/SOURCES.txt'
[7.481s] writing manifest file '../build/keyboard_control/keyboard_control.egg-info/SOURCES.txt'
[7.482s] running build
[7.483s] running build_py
[7.490s] running install
[7.496s] running install_lib
[7.518s] running install_data
[7.522s] running install_egg_info
[7.552s] removing '/home/ubuntu/PucksInDeep/rosHockey/install/keyboard_control/lib/python3.8/site-packages/keyboard_control-0.0.0-py3.8.egg-info' (and everything under it)
[7.558s] Copying ../build/keyboard_control/keyboard_control.egg-info to /home/ubuntu/PucksInDeep/rosHockey/install/keyboard_control/lib/python3.8/site-packages/keyboard_control-0.0.0-py3.8.egg-info
[7.582s] running install_scripts
[7.923s] writing list of installed files to '/home/ubuntu/PucksInDeep/rosHockey/build/keyboard_control/install.log'
[8.435s] Invoked command in '/home/ubuntu/PucksInDeep/rosHockey/keyboard_control' returned '0': PYTHONPATH=/home/ubuntu/PucksInDeep/rosHockey/install/keyboard_control/lib/python3.8/site-packages:${PYTHONPATH} /usr/bin/python3 setup.py egg_info --egg-base ../build/keyboard_control build --build-base /home/ubuntu/PucksInDeep/rosHockey/build/keyboard_control/build install --prefix /home/ubuntu/PucksInDeep/rosHockey/install/keyboard_control --record /home/ubuntu/PucksInDeep/rosHockey/build/keyboard_control/install.log --single-version-externally-managed
