[0.159s] Invoking command in '/home/ubuntu/PucksInDeep/RPi/rosHockey/build/hockey_msgs': /usr/bin/cmake /home/ubuntu/PucksInDeep/RPi/rosHockey/hockey_msgs -DCMAKE_INSTALL_PREFIX=/home/ubuntu/PucksInDeep/RPi/rosHockey/install/hockey_msgs
[4.633s] -- The C compiler identification is GNU 9.3.0
[4.636s] -- The CXX compiler identification is GNU 9.3.0
[4.638s] -- Check for working C compiler: /usr/bin/cc
[4.639s] -- Check for working C compiler: /usr/bin/cc -- works
[4.639s] -- Detecting C compiler ABI info
[4.640s] -- Detecting C compiler ABI info - done
[4.651s] -- Detecting C compile features
[4.653s] -- Detecting C compile features - done
[4.657s] -- Check for working CXX compiler: /usr/bin/c++
[4.660s] -- Check for working CXX compiler: /usr/bin/c++ -- works
[4.665s] -- Detecting CXX compiler ABI info
[4.674s] -- Detecting CXX compiler ABI info - done
[4.678s] -- Detecting CXX compile features
[4.679s] -- Detecting CXX compile features - done
[4.680s] -- Configuring incomplete, errors occurred!
[4.682s] See also "/home/ubuntu/PucksInDeep/RPi/rosHockey/build/hockey_msgs/CMakeFiles/CMakeOutput.log".
[4.683s] CMake Error at CMakeLists.txt:9 (find_package):
[4.684s]   By not providing "Findament_cmake.cmake" in CMAKE_MODULE_PATH this project
[4.685s]   has asked CMake to find a package configuration file provided by
[4.685s]   "ament_cmake", but CMake did not find one.
[4.686s] 
[4.687s]   Could not find a package configuration file provided by "ament_cmake" with
[4.689s]   any of the following names:
[4.690s] 
[4.691s]     ament_cmakeConfig.cmake
[4.692s]     ament_cmake-config.cmake
[4.693s] 
[4.693s]   Add the installation prefix of "ament_cmake" to CMAKE_PREFIX_PATH or set
[4.694s]   "ament_cmake_DIR" to a directory containing one of the above files.  If
[4.695s]   "ament_cmake" provides a separate development package or SDK, be sure it
[4.696s]   has been installed.
[4.697s] 
[4.698s] 
[4.765s] Invoked command in '/home/ubuntu/PucksInDeep/RPi/rosHockey/build/hockey_msgs' returned '1': /usr/bin/cmake /home/ubuntu/PucksInDeep/RPi/rosHockey/hockey_msgs -DCMAKE_INSTALL_PREFIX=/home/ubuntu/PucksInDeep/RPi/rosHockey/install/hockey_msgs
