[1.433s] Invoking command in '/home/ubuntu/PucksInDeep/rosHockey/position_publisher': BYOBU_DATE=%Y-%m-%d PYTHONPATH=/home/ubuntu/PucksInDeep/rosHockey/install/position_publisher/lib/python3.8/site-packages:${PYTHONPATH} /usr/bin/python3 setup.py egg_info --egg-base ../build/position_publisher build --build-base /home/ubuntu/PucksInDeep/rosHockey/build/position_publisher/build install --prefix /home/ubuntu/PucksInDeep/rosHockey/install/position_publisher --record /home/ubuntu/PucksInDeep/rosHockey/build/position_publisher/install.log --single-version-externally-managed
[2.570s] running egg_info
[2.573s] writing ../build/position_publisher/position_publisher.egg-info/PKG-INFO
[3.632s] writing dependency_links to ../build/position_publisher/position_publisher.egg-info/dependency_links.txt
[3.634s] writing entry points to ../build/position_publisher/position_publisher.egg-info/entry_points.txt
[3.635s] writing requirements to ../build/position_publisher/position_publisher.egg-info/requires.txt
[3.636s] writing top-level names to ../build/position_publisher/position_publisher.egg-info/top_level.txt
[3.803s] reading manifest file '../build/position_publisher/position_publisher.egg-info/SOURCES.txt'
[3.808s] writing manifest file '../build/position_publisher/position_publisher.egg-info/SOURCES.txt'
[3.809s] running build
[3.810s] running build_py
[3.810s] copying position_publisher/position_publisher.py -> /home/ubuntu/PucksInDeep/rosHockey/build/position_publisher/build/lib/position_publisher
[3.812s] running install
[3.815s] running install_lib
[3.821s] copying /home/ubuntu/PucksInDeep/rosHockey/build/position_publisher/build/lib/position_publisher/position_publisher.py -> /home/ubuntu/PucksInDeep/rosHockey/install/position_publisher/lib/python3.8/site-packages/position_publisher
[3.824s] byte-compiling /home/ubuntu/PucksInDeep/rosHockey/install/position_publisher/lib/python3.8/site-packages/position_publisher/position_publisher.py to position_publisher.cpython-38.pyc
[3.833s] running install_data
[3.835s] running install_egg_info
[3.843s] removing '/home/ubuntu/PucksInDeep/rosHockey/install/position_publisher/lib/python3.8/site-packages/position_publisher-0.0.0-py3.8.egg-info' (and everything under it)
[3.846s] Copying ../build/position_publisher/position_publisher.egg-info to /home/ubuntu/PucksInDeep/rosHockey/install/position_publisher/lib/python3.8/site-packages/position_publisher-0.0.0-py3.8.egg-info
[3.859s] running install_scripts
[3.948s] Installing position_publisher script to /home/ubuntu/PucksInDeep/rosHockey/install/position_publisher/lib/position_publisher
[3.963s] writing list of installed files to '/home/ubuntu/PucksInDeep/rosHockey/build/position_publisher/install.log'
[4.072s] Invoked command in '/home/ubuntu/PucksInDeep/rosHockey/position_publisher' returned '0': BYOBU_DATE=%Y-%m-%d PYTHONPATH=/home/ubuntu/PucksInDeep/rosHockey/install/position_publisher/lib/python3.8/site-packages:${PYTHONPATH} /usr/bin/python3 setup.py egg_info --egg-base ../build/position_publisher build --build-base /home/ubuntu/PucksInDeep/rosHockey/build/position_publisher/build install --prefix /home/ubuntu/PucksInDeep/rosHockey/install/position_publisher --record /home/ubuntu/PucksInDeep/rosHockey/build/position_publisher/install.log --single-version-externally-managed
