[11.136s] Invoking command in '/home/ubuntu/PucksInDeep/RPi/rosHockey/keyboard_control': PYTHONPATH=/home/ubuntu/PucksInDeep/RPi/rosHockey/install/keyboard_control/lib/python3.8/site-packages: /usr/bin/python3 setup.py egg_info --egg-base ../build/keyboard_control build --build-base /home/ubuntu/PucksInDeep/RPi/rosHockey/build/keyboard_control/build install --prefix /home/ubuntu/PucksInDeep/RPi/rosHockey/install/keyboard_control --record /home/ubuntu/PucksInDeep/RPi/rosHockey/build/keyboard_control/install.log --single-version-externally-managed
[12.618s] running egg_info
[12.623s] writing ../build/keyboard_control/keyboard_control.egg-info/PKG-INFO
[12.626s] writing dependency_links to ../build/keyboard_control/keyboard_control.egg-info/dependency_links.txt
[12.631s] writing entry points to ../build/keyboard_control/keyboard_control.egg-info/entry_points.txt
[12.634s] writing requirements to ../build/keyboard_control/keyboard_control.egg-info/requires.txt
[12.636s] writing top-level names to ../build/keyboard_control/keyboard_control.egg-info/top_level.txt
[12.891s] reading manifest file '../build/keyboard_control/keyboard_control.egg-info/SOURCES.txt'
[12.900s] writing manifest file '../build/keyboard_control/keyboard_control.egg-info/SOURCES.txt'
[12.902s] running build
[12.905s] running build_py
[12.907s] running install
[12.912s] running install_lib
[12.923s] running install_data
[12.931s] running install_egg_info
[12.948s] removing '/home/ubuntu/PucksInDeep/RPi/rosHockey/install/keyboard_control/lib/python3.8/site-packages/keyboard_control-0.0.0-py3.8.egg-info' (and everything under it)
[12.952s] Copying ../build/keyboard_control/keyboard_control.egg-info to /home/ubuntu/PucksInDeep/RPi/rosHockey/install/keyboard_control/lib/python3.8/site-packages/keyboard_control-0.0.0-py3.8.egg-info
[12.995s] running install_scripts
[13.142s] writing list of installed files to '/home/ubuntu/PucksInDeep/RPi/rosHockey/build/keyboard_control/install.log'
[13.318s] Invoked command in '/home/ubuntu/PucksInDeep/RPi/rosHockey/keyboard_control' returned '0': PYTHONPATH=/home/ubuntu/PucksInDeep/RPi/rosHockey/install/keyboard_control/lib/python3.8/site-packages: /usr/bin/python3 setup.py egg_info --egg-base ../build/keyboard_control build --build-base /home/ubuntu/PucksInDeep/RPi/rosHockey/build/keyboard_control/build install --prefix /home/ubuntu/PucksInDeep/RPi/rosHockey/install/keyboard_control --record /home/ubuntu/PucksInDeep/RPi/rosHockey/build/keyboard_control/install.log --single-version-externally-managed
