[8.350s] Invoking command in '/home/ubuntu/PucksInDeep/RPi/rosHockey/position_publisher': PYTHONPATH=/home/ubuntu/PucksInDeep/RPi/rosHockey/install/position_publisher/lib/python3.8/site-packages:${PYTHONPATH} /usr/bin/python3 setup.py egg_info --egg-base ../build/position_publisher build --build-base /home/ubuntu/PucksInDeep/RPi/rosHockey/build/position_publisher/build install --prefix /home/ubuntu/PucksInDeep/RPi/rosHockey/install/position_publisher --record /home/ubuntu/PucksInDeep/RPi/rosHockey/build/position_publisher/install.log --single-version-externally-managed
[10.669s] running egg_info
[10.673s] creating ../build/position_publisher/position_publisher.egg-info
[10.674s] writing ../build/position_publisher/position_publisher.egg-info/PKG-INFO
[10.676s] writing dependency_links to ../build/position_publisher/position_publisher.egg-info/dependency_links.txt
[10.681s] writing entry points to ../build/position_publisher/position_publisher.egg-info/entry_points.txt
[10.682s] writing requirements to ../build/position_publisher/position_publisher.egg-info/requires.txt
[10.687s] writing top-level names to ../build/position_publisher/position_publisher.egg-info/top_level.txt
[10.707s] writing manifest file '../build/position_publisher/position_publisher.egg-info/SOURCES.txt'
[10.999s] reading manifest file '../build/position_publisher/position_publisher.egg-info/SOURCES.txt'
[11.031s] writing manifest file '../build/position_publisher/position_publisher.egg-info/SOURCES.txt'
[11.033s] running build
[11.034s] running build_py
[11.044s] creating /home/ubuntu/PucksInDeep/RPi/rosHockey/build/position_publisher/build
[11.045s] creating /home/ubuntu/PucksInDeep/RPi/rosHockey/build/position_publisher/build/lib
[11.046s] creating /home/ubuntu/PucksInDeep/RPi/rosHockey/build/position_publisher/build/lib/position_publisher
[11.054s] copying position_publisher/encoder.py -> /home/ubuntu/PucksInDeep/RPi/rosHockey/build/position_publisher/build/lib/position_publisher
[11.056s] copying position_publisher/__init__.py -> /home/ubuntu/PucksInDeep/RPi/rosHockey/build/position_publisher/build/lib/position_publisher
[11.062s] copying position_publisher/position_publisher.py -> /home/ubuntu/PucksInDeep/RPi/rosHockey/build/position_publisher/build/lib/position_publisher
[11.092s] running install
[11.105s] running install_lib
[11.106s] creating /home/ubuntu/PucksInDeep/RPi/rosHockey/install/position_publisher/lib/python3.8/site-packages/position_publisher
[11.108s] copying /home/ubuntu/PucksInDeep/RPi/rosHockey/build/position_publisher/build/lib/position_publisher/encoder.py -> /home/ubuntu/PucksInDeep/RPi/rosHockey/install/position_publisher/lib/python3.8/site-packages/position_publisher
[11.109s] copying /home/ubuntu/PucksInDeep/RPi/rosHockey/build/position_publisher/build/lib/position_publisher/__init__.py -> /home/ubuntu/PucksInDeep/RPi/rosHockey/install/position_publisher/lib/python3.8/site-packages/position_publisher
[11.117s] copying /home/ubuntu/PucksInDeep/RPi/rosHockey/build/position_publisher/build/lib/position_publisher/position_publisher.py -> /home/ubuntu/PucksInDeep/RPi/rosHockey/install/position_publisher/lib/python3.8/site-packages/position_publisher
[11.121s] byte-compiling /home/ubuntu/PucksInDeep/RPi/rosHockey/install/position_publisher/lib/python3.8/site-packages/position_publisher/encoder.py to encoder.cpython-38.pyc
[11.151s] byte-compiling /home/ubuntu/PucksInDeep/RPi/rosHockey/install/position_publisher/lib/python3.8/site-packages/position_publisher/__init__.py to __init__.cpython-38.pyc
[11.160s] byte-compiling /home/ubuntu/PucksInDeep/RPi/rosHockey/install/position_publisher/lib/python3.8/site-packages/position_publisher/position_publisher.py to position_publisher.cpython-38.pyc
[11.161s] running install_data
[11.162s] creating /home/ubuntu/PucksInDeep/RPi/rosHockey/install/position_publisher/share/ament_index
[11.163s] creating /home/ubuntu/PucksInDeep/RPi/rosHockey/install/position_publisher/share/ament_index/resource_index
[11.164s] creating /home/ubuntu/PucksInDeep/RPi/rosHockey/install/position_publisher/share/ament_index/resource_index/packages
[11.165s] copying resource/position_publisher -> /home/ubuntu/PucksInDeep/RPi/rosHockey/install/position_publisher/share/ament_index/resource_index/packages
[11.178s] copying package.xml -> /home/ubuntu/PucksInDeep/RPi/rosHockey/install/position_publisher/share/position_publisher
[11.179s] running install_egg_info
[11.196s] Copying ../build/position_publisher/position_publisher.egg-info to /home/ubuntu/PucksInDeep/RPi/rosHockey/install/position_publisher/lib/python3.8/site-packages/position_publisher-0.0.0-py3.8.egg-info
[11.199s] running install_scripts
[11.460s] Installing position_publisher script to /home/ubuntu/PucksInDeep/RPi/rosHockey/install/position_publisher/lib/position_publisher
[11.465s] writing list of installed files to '/home/ubuntu/PucksInDeep/RPi/rosHockey/build/position_publisher/install.log'
[11.838s] Invoked command in '/home/ubuntu/PucksInDeep/RPi/rosHockey/position_publisher' returned '0': PYTHONPATH=/home/ubuntu/PucksInDeep/RPi/rosHockey/install/position_publisher/lib/python3.8/site-packages:${PYTHONPATH} /usr/bin/python3 setup.py egg_info --egg-base ../build/position_publisher build --build-base /home/ubuntu/PucksInDeep/RPi/rosHockey/build/position_publisher/build install --prefix /home/ubuntu/PucksInDeep/RPi/rosHockey/install/position_publisher --record /home/ubuntu/PucksInDeep/RPi/rosHockey/build/position_publisher/install.log --single-version-externally-managed
