running egg_info
creating ../build/puck_tracker/puck_tracker.egg-info
writing ../build/puck_tracker/puck_tracker.egg-info/PKG-INFO
writing dependency_links to ../build/puck_tracker/puck_tracker.egg-info/dependency_links.txt
writing entry points to ../build/puck_tracker/puck_tracker.egg-info/entry_points.txt
writing requirements to ../build/puck_tracker/puck_tracker.egg-info/requires.txt
writing top-level names to ../build/puck_tracker/puck_tracker.egg-info/top_level.txt
writing manifest file '../build/puck_tracker/puck_tracker.egg-info/SOURCES.txt'
reading manifest file '../build/puck_tracker/puck_tracker.egg-info/SOURCES.txt'
writing manifest file '../build/puck_tracker/puck_tracker.egg-info/SOURCES.txt'
running build
running build_py
creating /home/ubuntu/PucksInDeep/RPi/rosHockey/build/puck_tracker/build
creating /home/ubuntu/PucksInDeep/RPi/rosHockey/build/puck_tracker/build/lib
creating /home/ubuntu/PucksInDeep/RPi/rosHockey/build/puck_tracker/build/lib/puck_tracker
copying puck_tracker/tracker.py -> /home/ubuntu/PucksInDeep/RPi/rosHockey/build/puck_tracker/build/lib/puck_tracker
copying puck_tracker/__init__.py -> /home/ubuntu/PucksInDeep/RPi/rosHockey/build/puck_tracker/build/lib/puck_tracker
running install
running install_lib
creating /home/ubuntu/PucksInDeep/RPi/rosHockey/install/puck_tracker/lib/python3.8/site-packages/puck_tracker
copying /home/ubuntu/PucksInDeep/RPi/rosHockey/build/puck_tracker/build/lib/puck_tracker/tracker.py -> /home/ubuntu/PucksInDeep/RPi/rosHockey/install/puck_tracker/lib/python3.8/site-packages/puck_tracker
copying /home/ubuntu/PucksInDeep/RPi/rosHockey/build/puck_tracker/build/lib/puck_tracker/__init__.py -> /home/ubuntu/PucksInDeep/RPi/rosHockey/install/puck_tracker/lib/python3.8/site-packages/puck_tracker
byte-compiling /home/ubuntu/PucksInDeep/RPi/rosHockey/install/puck_tracker/lib/python3.8/site-packages/puck_tracker/tracker.py to tracker.cpython-38.pyc
byte-compiling /home/ubuntu/PucksInDeep/RPi/rosHockey/install/puck_tracker/lib/python3.8/site-packages/puck_tracker/__init__.py to __init__.cpython-38.pyc
running install_data
creating /home/ubuntu/PucksInDeep/RPi/rosHockey/install/puck_tracker/share/ament_index
creating /home/ubuntu/PucksInDeep/RPi/rosHockey/install/puck_tracker/share/ament_index/resource_index
creating /home/ubuntu/PucksInDeep/RPi/rosHockey/install/puck_tracker/share/ament_index/resource_index/packages
copying resource/puck_tracker -> /home/ubuntu/PucksInDeep/RPi/rosHockey/install/puck_tracker/share/ament_index/resource_index/packages
copying package.xml -> /home/ubuntu/PucksInDeep/RPi/rosHockey/install/puck_tracker/share/puck_tracker
running install_egg_info
Copying ../build/puck_tracker/puck_tracker.egg-info to /home/ubuntu/PucksInDeep/RPi/rosHockey/install/puck_tracker/lib/python3.8/site-packages/puck_tracker-0.0.0-py3.8.egg-info
running install_scripts
Installing puck_tracker script to /home/ubuntu/PucksInDeep/RPi/rosHockey/install/puck_tracker/lib/puck_tracker
writing list of installed files to '/home/ubuntu/PucksInDeep/RPi/rosHockey/build/puck_tracker/install.log'
