[3.719s] Invoking command in '/home/ubuntu/PucksInDeep/RPi/rosHockey/puck_tracker': PYTHONPATH=/home/ubuntu/PucksInDeep/RPi/rosHockey/install/puck_tracker/lib/python3.8/site-packages:${PYTHONPATH} /usr/bin/python3 setup.py egg_info --egg-base ../build/puck_tracker build --build-base /home/ubuntu/PucksInDeep/RPi/rosHockey/build/puck_tracker/build install --prefix /home/ubuntu/PucksInDeep/RPi/rosHockey/install/puck_tracker --record /home/ubuntu/PucksInDeep/RPi/rosHockey/build/puck_tracker/install.log --single-version-externally-managed
[5.010s] running egg_info
[5.013s] creating ../build/puck_tracker/puck_tracker.egg-info
[5.014s] writing ../build/puck_tracker/puck_tracker.egg-info/PKG-INFO
[5.016s] writing dependency_links to ../build/puck_tracker/puck_tracker.egg-info/dependency_links.txt
[5.017s] writing entry points to ../build/puck_tracker/puck_tracker.egg-info/entry_points.txt
[5.018s] writing requirements to ../build/puck_tracker/puck_tracker.egg-info/requires.txt
[5.020s] writing top-level names to ../build/puck_tracker/puck_tracker.egg-info/top_level.txt
[5.029s] writing manifest file '../build/puck_tracker/puck_tracker.egg-info/SOURCES.txt'
[5.199s] reading manifest file '../build/puck_tracker/puck_tracker.egg-info/SOURCES.txt'
[5.203s] writing manifest file '../build/puck_tracker/puck_tracker.egg-info/SOURCES.txt'
[5.203s] running build
[5.204s] running build_py
[5.205s] creating /home/ubuntu/PucksInDeep/RPi/rosHockey/build/puck_tracker/build
[5.205s] creating /home/ubuntu/PucksInDeep/RPi/rosHockey/build/puck_tracker/build/lib
[5.206s] creating /home/ubuntu/PucksInDeep/RPi/rosHockey/build/puck_tracker/build/lib/puck_tracker
[5.207s] copying puck_tracker/tracker.py -> /home/ubuntu/PucksInDeep/RPi/rosHockey/build/puck_tracker/build/lib/puck_tracker
[5.207s] copying puck_tracker/__init__.py -> /home/ubuntu/PucksInDeep/RPi/rosHockey/build/puck_tracker/build/lib/puck_tracker
[5.208s] running install
[5.210s] running install_lib
[5.215s] creating /home/ubuntu/PucksInDeep/RPi/rosHockey/install/puck_tracker/lib/python3.8/site-packages/puck_tracker
[5.217s] copying /home/ubuntu/PucksInDeep/RPi/rosHockey/build/puck_tracker/build/lib/puck_tracker/tracker.py -> /home/ubuntu/PucksInDeep/RPi/rosHockey/install/puck_tracker/lib/python3.8/site-packages/puck_tracker
[5.218s] copying /home/ubuntu/PucksInDeep/RPi/rosHockey/build/puck_tracker/build/lib/puck_tracker/__init__.py -> /home/ubuntu/PucksInDeep/RPi/rosHockey/install/puck_tracker/lib/python3.8/site-packages/puck_tracker
[5.219s] byte-compiling /home/ubuntu/PucksInDeep/RPi/rosHockey/install/puck_tracker/lib/python3.8/site-packages/puck_tracker/tracker.py to tracker.cpython-38.pyc
[5.226s] byte-compiling /home/ubuntu/PucksInDeep/RPi/rosHockey/install/puck_tracker/lib/python3.8/site-packages/puck_tracker/__init__.py to __init__.cpython-38.pyc
[5.227s] running install_data
[5.230s] creating /home/ubuntu/PucksInDeep/RPi/rosHockey/install/puck_tracker/share/ament_index
[5.231s] creating /home/ubuntu/PucksInDeep/RPi/rosHockey/install/puck_tracker/share/ament_index/resource_index
[5.231s] creating /home/ubuntu/PucksInDeep/RPi/rosHockey/install/puck_tracker/share/ament_index/resource_index/packages
[5.232s] copying resource/puck_tracker -> /home/ubuntu/PucksInDeep/RPi/rosHockey/install/puck_tracker/share/ament_index/resource_index/packages
[5.233s] copying package.xml -> /home/ubuntu/PucksInDeep/RPi/rosHockey/install/puck_tracker/share/puck_tracker
[5.234s] running install_egg_info
[5.251s] Copying ../build/puck_tracker/puck_tracker.egg-info to /home/ubuntu/PucksInDeep/RPi/rosHockey/install/puck_tracker/lib/python3.8/site-packages/puck_tracker-0.0.0-py3.8.egg-info
[5.256s] running install_scripts
[5.349s] Installing puck_tracker script to /home/ubuntu/PucksInDeep/RPi/rosHockey/install/puck_tracker/lib/puck_tracker
[5.351s] writing list of installed files to '/home/ubuntu/PucksInDeep/RPi/rosHockey/build/puck_tracker/install.log'
[5.486s] Invoked command in '/home/ubuntu/PucksInDeep/RPi/rosHockey/puck_tracker' returned '0': PYTHONPATH=/home/ubuntu/PucksInDeep/RPi/rosHockey/install/puck_tracker/lib/python3.8/site-packages:${PYTHONPATH} /usr/bin/python3 setup.py egg_info --egg-base ../build/puck_tracker build --build-base /home/ubuntu/PucksInDeep/RPi/rosHockey/build/puck_tracker/build install --prefix /home/ubuntu/PucksInDeep/RPi/rosHockey/install/puck_tracker --record /home/ubuntu/PucksInDeep/RPi/rosHockey/build/puck_tracker/install.log --single-version-externally-managed
