running develop
Removing /home/pham/PucksInDeep/install/hockey_gui/lib/python3.8/site-packages/hockey-gui.egg-link (link to .)
running egg_info
writing ../../../build/hockey_gui/hockey_gui.egg-info/PKG-INFO
writing dependency_links to ../../../build/hockey_gui/hockey_gui.egg-info/dependency_links.txt
writing entry points to ../../../build/hockey_gui/hockey_gui.egg-info/entry_points.txt
writing requirements to ../../../build/hockey_gui/hockey_gui.egg-info/requires.txt
writing top-level names to ../../../build/hockey_gui/hockey_gui.egg-info/top_level.txt
reading manifest file '../../../build/hockey_gui/hockey_gui.egg-info/SOURCES.txt'
writing manifest file '../../../build/hockey_gui/hockey_gui.egg-info/SOURCES.txt'
running build
running build_py
creating /home/pham/PucksInDeep/build/hockey_gui/build
creating /home/pham/PucksInDeep/build/hockey_gui/build/lib
creating /home/pham/PucksInDeep/build/hockey_gui/build/lib/hockey_gui
copying hockey_gui/gui_node.py -> /home/pham/PucksInDeep/build/hockey_gui/build/lib/hockey_gui
copying hockey_gui/app_framework.py -> /home/pham/PucksInDeep/build/hockey_gui/build/lib/hockey_gui
copying hockey_gui/mplwidget.py -> /home/pham/PucksInDeep/build/hockey_gui/build/lib/hockey_gui
copying hockey_gui/path_generator.py -> /home/pham/PucksInDeep/build/hockey_gui/build/lib/hockey_gui
copying hockey_gui/main.py -> /home/pham/PucksInDeep/build/hockey_gui/build/lib/hockey_gui
copying hockey_gui/BP_Coms.py -> /home/pham/PucksInDeep/build/hockey_gui/build/lib/hockey_gui
copying hockey_gui/__init__.py -> /home/pham/PucksInDeep/build/hockey_gui/build/lib/hockey_gui
running install
running install_lib
creating /home/pham/PucksInDeep/install/hockey_gui/lib/python3.8/site-packages/hockey_gui
copying /home/pham/PucksInDeep/build/hockey_gui/build/lib/hockey_gui/gui_node.py -> /home/pham/PucksInDeep/install/hockey_gui/lib/python3.8/site-packages/hockey_gui
copying /home/pham/PucksInDeep/build/hockey_gui/build/lib/hockey_gui/app_framework.py -> /home/pham/PucksInDeep/install/hockey_gui/lib/python3.8/site-packages/hockey_gui
copying /home/pham/PucksInDeep/build/hockey_gui/build/lib/hockey_gui/mplwidget.py -> /home/pham/PucksInDeep/install/hockey_gui/lib/python3.8/site-packages/hockey_gui
copying /home/pham/PucksInDeep/build/hockey_gui/build/lib/hockey_gui/path_generator.py -> /home/pham/PucksInDeep/install/hockey_gui/lib/python3.8/site-packages/hockey_gui
copying /home/pham/PucksInDeep/build/hockey_gui/build/lib/hockey_gui/main.py -> /home/pham/PucksInDeep/install/hockey_gui/lib/python3.8/site-packages/hockey_gui
copying /home/pham/PucksInDeep/build/hockey_gui/build/lib/hockey_gui/BP_Coms.py -> /home/pham/PucksInDeep/install/hockey_gui/lib/python3.8/site-packages/hockey_gui
copying /home/pham/PucksInDeep/build/hockey_gui/build/lib/hockey_gui/__init__.py -> /home/pham/PucksInDeep/install/hockey_gui/lib/python3.8/site-packages/hockey_gui
byte-compiling /home/pham/PucksInDeep/install/hockey_gui/lib/python3.8/site-packages/hockey_gui/gui_node.py to gui_node.cpython-38.pyc
byte-compiling /home/pham/PucksInDeep/install/hockey_gui/lib/python3.8/site-packages/hockey_gui/app_framework.py to app_framework.cpython-38.pyc
byte-compiling /home/pham/PucksInDeep/install/hockey_gui/lib/python3.8/site-packages/hockey_gui/mplwidget.py to mplwidget.cpython-38.pyc
byte-compiling /home/pham/PucksInDeep/install/hockey_gui/lib/python3.8/site-packages/hockey_gui/path_generator.py to path_generator.cpython-38.pyc
byte-compiling /home/pham/PucksInDeep/install/hockey_gui/lib/python3.8/site-packages/hockey_gui/main.py to main.cpython-38.pyc
byte-compiling /home/pham/PucksInDeep/install/hockey_gui/lib/python3.8/site-packages/hockey_gui/BP_Coms.py to BP_Coms.cpython-38.pyc
byte-compiling /home/pham/PucksInDeep/install/hockey_gui/lib/python3.8/site-packages/hockey_gui/__init__.py to __init__.cpython-38.pyc
running install_data
running install_egg_info
Copying ../../../build/hockey_gui/hockey_gui.egg-info to /home/pham/PucksInDeep/install/hockey_gui/lib/python3.8/site-packages/hockey_gui-0.0.0-py3.8.egg-info
running install_scripts
Installing main script to /home/pham/PucksInDeep/install/hockey_gui/lib/hockey_gui
writing list of installed files to '/home/pham/PucksInDeep/build/hockey_gui/install.log'
