[4.344s] Invoking command in '/home/pham/PucksInDeep/build/hockey_gui': PYTHONPATH=/home/pham/PucksInDeep/install/hockey_gui/lib/python3.8/site-packages:${PYTHONPATH} /usr/bin/python3 setup.py develop --prefix /home/pham/PucksInDeep/install/hockey_gui --uninstall --editable --build-directory /home/pham/PucksInDeep/build/hockey_gui/build
[5.186s] running develop
[5.732s] Removing /home/pham/PucksInDeep/install/hockey_gui/lib/python3.8/site-packages/hockey-gui.egg-link (link to .)
[5.819s] Invoked command in '/home/pham/PucksInDeep/build/hockey_gui' returned '0': PYTHONPATH=/home/pham/PucksInDeep/install/hockey_gui/lib/python3.8/site-packages:${PYTHONPATH} /usr/bin/python3 setup.py develop --prefix /home/pham/PucksInDeep/install/hockey_gui --uninstall --editable --build-directory /home/pham/PucksInDeep/build/hockey_gui/build
[5.825s] Invoking command in '/home/pham/PucksInDeep/RPi/rosHockey/hockey_gui': PYTHONPATH=/home/pham/PucksInDeep/install/hockey_gui/lib/python3.8/site-packages:${PYTHONPATH} /usr/bin/python3 setup.py egg_info --egg-base ../../../build/hockey_gui build --build-base /home/pham/PucksInDeep/build/hockey_gui/build install --prefix /home/pham/PucksInDeep/install/hockey_gui --record /home/pham/PucksInDeep/build/hockey_gui/install.log --single-version-externally-managed
[6.634s] running egg_info
[6.636s] writing ../../../build/hockey_gui/hockey_gui.egg-info/PKG-INFO
[6.637s] writing dependency_links to ../../../build/hockey_gui/hockey_gui.egg-info/dependency_links.txt
[6.637s] writing entry points to ../../../build/hockey_gui/hockey_gui.egg-info/entry_points.txt
[6.637s] writing requirements to ../../../build/hockey_gui/hockey_gui.egg-info/requires.txt
[6.638s] writing top-level names to ../../../build/hockey_gui/hockey_gui.egg-info/top_level.txt
[6.777s] reading manifest file '../../../build/hockey_gui/hockey_gui.egg-info/SOURCES.txt'
[6.784s] writing manifest file '../../../build/hockey_gui/hockey_gui.egg-info/SOURCES.txt'
[6.784s] running build
[6.786s] running build_py
[6.786s] creating /home/pham/PucksInDeep/build/hockey_gui/build
[6.787s] creating /home/pham/PucksInDeep/build/hockey_gui/build/lib
[6.787s] creating /home/pham/PucksInDeep/build/hockey_gui/build/lib/hockey_gui
[6.787s] copying hockey_gui/gui_node.py -> /home/pham/PucksInDeep/build/hockey_gui/build/lib/hockey_gui
[6.787s] copying hockey_gui/app_framework.py -> /home/pham/PucksInDeep/build/hockey_gui/build/lib/hockey_gui
[6.788s] copying hockey_gui/mplwidget.py -> /home/pham/PucksInDeep/build/hockey_gui/build/lib/hockey_gui
[6.788s] copying hockey_gui/path_generator.py -> /home/pham/PucksInDeep/build/hockey_gui/build/lib/hockey_gui
[6.793s] copying hockey_gui/main.py -> /home/pham/PucksInDeep/build/hockey_gui/build/lib/hockey_gui
[6.793s] copying hockey_gui/BP_Coms.py -> /home/pham/PucksInDeep/build/hockey_gui/build/lib/hockey_gui
[6.797s] copying hockey_gui/__init__.py -> /home/pham/PucksInDeep/build/hockey_gui/build/lib/hockey_gui
[6.802s] running install
[6.805s] running install_lib
[6.807s] creating /home/pham/PucksInDeep/install/hockey_gui/lib/python3.8/site-packages/hockey_gui
[6.808s] copying /home/pham/PucksInDeep/build/hockey_gui/build/lib/hockey_gui/gui_node.py -> /home/pham/PucksInDeep/install/hockey_gui/lib/python3.8/site-packages/hockey_gui
[6.808s] copying /home/pham/PucksInDeep/build/hockey_gui/build/lib/hockey_gui/app_framework.py -> /home/pham/PucksInDeep/install/hockey_gui/lib/python3.8/site-packages/hockey_gui
[6.812s] copying /home/pham/PucksInDeep/build/hockey_gui/build/lib/hockey_gui/mplwidget.py -> /home/pham/PucksInDeep/install/hockey_gui/lib/python3.8/site-packages/hockey_gui
[6.813s] copying /home/pham/PucksInDeep/build/hockey_gui/build/lib/hockey_gui/path_generator.py -> /home/pham/PucksInDeep/install/hockey_gui/lib/python3.8/site-packages/hockey_gui
[6.813s] copying /home/pham/PucksInDeep/build/hockey_gui/build/lib/hockey_gui/main.py -> /home/pham/PucksInDeep/install/hockey_gui/lib/python3.8/site-packages/hockey_gui
[6.814s] copying /home/pham/PucksInDeep/build/hockey_gui/build/lib/hockey_gui/BP_Coms.py -> /home/pham/PucksInDeep/install/hockey_gui/lib/python3.8/site-packages/hockey_gui
[6.817s] copying /home/pham/PucksInDeep/build/hockey_gui/build/lib/hockey_gui/__init__.py -> /home/pham/PucksInDeep/install/hockey_gui/lib/python3.8/site-packages/hockey_gui
[6.820s] byte-compiling /home/pham/PucksInDeep/install/hockey_gui/lib/python3.8/site-packages/hockey_gui/gui_node.py to gui_node.cpython-38.pyc
[6.821s] byte-compiling /home/pham/PucksInDeep/install/hockey_gui/lib/python3.8/site-packages/hockey_gui/app_framework.py to app_framework.cpython-38.pyc
[6.821s] byte-compiling /home/pham/PucksInDeep/install/hockey_gui/lib/python3.8/site-packages/hockey_gui/mplwidget.py to mplwidget.cpython-38.pyc
[6.822s] byte-compiling /home/pham/PucksInDeep/install/hockey_gui/lib/python3.8/site-packages/hockey_gui/path_generator.py to path_generator.cpython-38.pyc
[6.822s] byte-compiling /home/pham/PucksInDeep/install/hockey_gui/lib/python3.8/site-packages/hockey_gui/main.py to main.cpython-38.pyc
[6.823s] byte-compiling /home/pham/PucksInDeep/install/hockey_gui/lib/python3.8/site-packages/hockey_gui/BP_Coms.py to BP_Coms.cpython-38.pyc
[6.823s] byte-compiling /home/pham/PucksInDeep/install/hockey_gui/lib/python3.8/site-packages/hockey_gui/__init__.py to __init__.cpython-38.pyc
[6.824s] running install_data
[6.838s] running install_egg_info
[6.840s] Copying ../../../build/hockey_gui/hockey_gui.egg-info to /home/pham/PucksInDeep/install/hockey_gui/lib/python3.8/site-packages/hockey_gui-0.0.0-py3.8.egg-info
[6.841s] running install_scripts
[6.892s] Installing main script to /home/pham/PucksInDeep/install/hockey_gui/lib/hockey_gui
[6.893s] writing list of installed files to '/home/pham/PucksInDeep/build/hockey_gui/install.log'
