[0.068s] Invoking command in '/home/ubuntu/PucksInDeep/microros/build/micro_ros_msgs': CMAKE_PREFIX_PATH=${CMAKE_PREFIX_PATH}:/opt/ros/foxy /usr/bin/cmake /home/ubuntu/PucksInDeep/microros/src/uros/micro_ros_msgs -DUAGENT_BUILD_EXECUTABLE=OFF -DUAGENT_P2P_PROFILE=OFF --no-warn-unused-cli -DCMAKE_INSTALL_PREFIX=/home/ubuntu/PucksInDeep/microros/install/micro_ros_msgs
[0.116s] Not searching for unused variables given on the command line.
[0.350s] -- The C compiler identification is GNU 9.3.0
[0.604s] -- The CXX compiler identification is GNU 9.3.0
[0.622s] -- Check for working C compiler: /usr/bin/cc
[0.955s] -- Check for working C compiler: /usr/bin/cc -- works
[0.959s] -- Detecting C compiler ABI info
[1.319s] -- Detecting C compiler ABI info - done
[1.364s] -- Detecting C compile features
[1.366s] -- Detecting C compile features - done
[1.375s] -- Check for working CXX compiler: /usr/bin/c++
[1.743s] -- Check for working CXX compiler: /usr/bin/c++ -- works
[1.748s] -- Detecting CXX compiler ABI info
[2.129s] -- Detecting CXX compiler ABI info - done
[2.179s] -- Detecting CXX compile features
[2.182s] -- Detecting CXX compile features - done
[2.207s] -- Found ament_cmake: 0.9.9 (/opt/ros/foxy/share/ament_cmake/cmake)
[2.348s] -- Found PythonInterp: /usr/bin/python3 (found suitable version "3.8.10", minimum required is "3") 
[2.350s] -- Using PYTHON_EXECUTABLE: /usr/bin/python3
[3.744s] -- Found rosidl_default_generators: 1.0.1 (/opt/ros/foxy/share/rosidl_default_generators/cmake)
[3.792s] -- Using all available rosidl_typesupport_c: rosidl_typesupport_fastrtps_c;rosidl_typesupport_introspection_c
[3.883s] -- Found rosidl_adapter: 1.2.1 (/opt/ros/foxy/share/rosidl_adapter/cmake)
[4.954s] -- Found OpenSSL: /usr/lib/aarch64-linux-gnu/libcrypto.so (found version "1.1.1f")  
[5.277s] -- Found FastRTPS: /opt/ros/foxy/include  
[6.172s] -- Using all available rosidl_typesupport_cpp: rosidl_typesupport_fastrtps_cpp;rosidl_typesupport_introspection_cpp
[6.423s] -- Found ament_lint_auto: 0.9.6 (/opt/ros/foxy/share/ament_lint_auto/cmake)
[7.174s] -- Found PythonInterp: /usr/bin/python3 (found version "3.8.10") 
[7.708s] -- Found ament_cmake_ros: 0.9.2 (/opt/ros/foxy/share/ament_cmake_ros/cmake)
[8.745s] -- Using all available rosidl_typesupport_c: rosidl_typesupport_fastrtps_c;rosidl_typesupport_introspection_c
[8.791s] -- Using all available rosidl_typesupport_cpp: rosidl_typesupport_fastrtps_cpp;rosidl_typesupport_introspection_cpp
[8.903s] -- Found PythonInterp: /usr/bin/python3 (found suitable version "3.8.10", minimum required is "3.5") 
[8.923s] -- Found python_cmake_module: 0.8.1 (/opt/ros/foxy/share/python_cmake_module/cmake)
[9.052s] -- Found PythonLibs: /usr/lib/aarch64-linux-gnu/libpython3.8.so (found suitable version "3.8.10", minimum required is "3.5") 
[9.053s] -- Using PYTHON_EXECUTABLE: /usr/bin/python3
[9.053s] -- Using PYTHON_INCLUDE_DIRS: /usr/include/python3.8
[9.054s] -- Using PYTHON_LIBRARIES: /usr/lib/aarch64-linux-gnu/libpython3.8.so
[9.159s] -- Found PythonExtra: .so  
[9.377s] -- Added test 'copyright' to check source files copyright and LICENSE
[9.548s] -- Added test 'lint_cmake' to check CMake code style
[9.640s] -- Added test 'xmllint' to check XML markup files
[9.699s] -- Configuring done
[9.890s] -- Generating done
[9.904s] -- Build files have been written to: /home/ubuntu/PucksInDeep/microros/build/micro_ros_msgs
[9.942s] Invoked command in '/home/ubuntu/PucksInDeep/microros/build/micro_ros_msgs' returned '0': CMAKE_PREFIX_PATH=${CMAKE_PREFIX_PATH}:/opt/ros/foxy /usr/bin/cmake /home/ubuntu/PucksInDeep/microros/src/uros/micro_ros_msgs -DUAGENT_BUILD_EXECUTABLE=OFF -DUAGENT_P2P_PROFILE=OFF --no-warn-unused-cli -DCMAKE_INSTALL_PREFIX=/home/ubuntu/PucksInDeep/microros/install/micro_ros_msgs
[9.954s] Invoking command in '/home/ubuntu/PucksInDeep/microros/build/micro_ros_msgs': CMAKE_PREFIX_PATH=${CMAKE_PREFIX_PATH}:/opt/ros/foxy /usr/bin/cmake --build /home/ubuntu/PucksInDeep/microros/build/micro_ros_msgs -- -j4 -l4
[10.196s] [35m[1mScanning dependencies of target micro_ros_msgs__cpp[0m
[10.197s] [  2%] [34m[1mGenerating C code for ROS interfaces[0m
[10.247s] [  4%] [34m[1mGenerating C++ code for ROS interfaces[0m
[12.323s] [  4%] Built target micro_ros_msgs__cpp
[12.389s] [  6%] [34m[1mGenerating C++ introspection for ROS interfaces[0m
[12.395s] [  8%] [34m[1mGenerating C++ type support for eProsima Fast-RTPS[0m
[12.426s] [ 10%] [34m[1mGenerating C++ type support dispatch for ROS interfaces[0m
[12.467s] [35m[1mScanning dependencies of target micro_ros_msgs__rosidl_generator_c[0m
[12.556s] [ 12%] [32mBuilding C object CMakeFiles/micro_ros_msgs__rosidl_generator_c.dir/rosidl_generator_c/micro_ros_msgs/msg/detail/graph__functions.c.o[0m
[12.837s] [ 14%] [32mBuilding C object CMakeFiles/micro_ros_msgs__rosidl_generator_c.dir/rosidl_generator_c/micro_ros_msgs/msg/detail/node__functions.c.o[0m
[13.098s] [ 17%] [32mBuilding C object CMakeFiles/micro_ros_msgs__rosidl_generator_c.dir/rosidl_generator_c/micro_ros_msgs/msg/detail/entity__functions.c.o[0m
[13.342s] [ 19%] [32m[1mLinking C shared library libmicro_ros_msgs__rosidl_generator_c.so[0m
[13.560s] [ 19%] Built target micro_ros_msgs__rosidl_generator_c
[13.615s] [ 21%] [34m[1mGenerating C type support dispatch for ROS interfaces[0m
[14.151s] [35m[1mScanning dependencies of target micro_ros_msgs__rosidl_typesupport_cpp[0m
[14.245s] [ 23%] [32mBuilding CXX object CMakeFiles/micro_ros_msgs__rosidl_typesupport_cpp.dir/rosidl_typesupport_cpp/micro_ros_msgs/msg/graph__type_support.cpp.o[0m
[14.346s] [35m[1mScanning dependencies of target micro_ros_msgs__rosidl_typesupport_introspection_cpp[0m
[14.426s] [ 25%] [32mBuilding CXX object CMakeFiles/micro_ros_msgs__rosidl_typesupport_introspection_cpp.dir/rosidl_typesupport_introspection_cpp/micro_ros_msgs/msg/detail/graph__type_support.cpp.o[0m
[14.571s] [35m[1mScanning dependencies of target micro_ros_msgs__rosidl_typesupport_fastrtps_cpp[0m
[14.680s] [ 27%] [32mBuilding CXX object CMakeFiles/micro_ros_msgs__rosidl_typesupport_fastrtps_cpp.dir/rosidl_typesupport_fastrtps_cpp/micro_ros_msgs/msg/detail/dds_fastrtps/graph__type_support.cpp.o[0m
[15.307s] [35m[1mScanning dependencies of target micro_ros_msgs__rosidl_typesupport_c[0m
[15.389s] [ 29%] [32mBuilding CXX object CMakeFiles/micro_ros_msgs__rosidl_typesupport_c.dir/rosidl_typesupport_c/micro_ros_msgs/msg/graph__type_support.cpp.o[0m
[15.593s] [ 31%] [32mBuilding CXX object CMakeFiles/micro_ros_msgs__rosidl_typesupport_c.dir/rosidl_typesupport_c/micro_ros_msgs/msg/node__type_support.cpp.o[0m
[16.409s] [ 34%] [32mBuilding CXX object CMakeFiles/micro_ros_msgs__rosidl_typesupport_c.dir/rosidl_typesupport_c/micro_ros_msgs/msg/entity__type_support.cpp.o[0m
[16.431s] [ 36%] [32mBuilding CXX object CMakeFiles/micro_ros_msgs__rosidl_typesupport_cpp.dir/rosidl_typesupport_cpp/micro_ros_msgs/msg/node__type_support.cpp.o[0m
[17.550s] [ 38%] [32m[1mLinking CXX shared library libmicro_ros_msgs__rosidl_typesupport_c.so[0m
[17.822s] [ 38%] Built target micro_ros_msgs__rosidl_typesupport_c
[17.881s] [ 40%] [32mBuilding CXX object CMakeFiles/micro_ros_msgs__rosidl_typesupport_fastrtps_cpp.dir/rosidl_typesupport_fastrtps_cpp/micro_ros_msgs/msg/detail/dds_fastrtps/node__type_support.cpp.o[0m
[19.177s] [ 42%] [32mBuilding CXX object CMakeFiles/micro_ros_msgs__rosidl_typesupport_introspection_cpp.dir/rosidl_typesupport_introspection_cpp/micro_ros_msgs/msg/detail/node__type_support.cpp.o[0m
[19.185s] [ 44%] [32mBuilding CXX object CMakeFiles/micro_ros_msgs__rosidl_typesupport_fastrtps_cpp.dir/rosidl_typesupport_fastrtps_cpp/micro_ros_msgs/msg/detail/dds_fastrtps/entity__type_support.cpp.o[0m
[19.219s] [ 46%] [32mBuilding CXX object CMakeFiles/micro_ros_msgs__rosidl_typesupport_cpp.dir/rosidl_typesupport_cpp/micro_ros_msgs/msg/entity__type_support.cpp.o[0m
[22.599s] [ 48%] [32m[1mLinking CXX shared library libmicro_ros_msgs__rosidl_typesupport_cpp.so[0m
[22.613s] [ 51%] [32mBuilding CXX object CMakeFiles/micro_ros_msgs__rosidl_typesupport_introspection_cpp.dir/rosidl_typesupport_introspection_cpp/micro_ros_msgs/msg/detail/entity__type_support.cpp.o[0m
[22.791s] [ 53%] [34m[1mGenerating C introspection for ROS interfaces[0m
[23.011s] [ 53%] Built target micro_ros_msgs__rosidl_typesupport_cpp
[24.046s] [ 55%] [32m[1mLinking CXX shared library libmicro_ros_msgs__rosidl_typesupport_fastrtps_cpp.so[0m
[24.593s] [ 55%] Built target micro_ros_msgs__rosidl_typesupport_fastrtps_cpp
[24.652s] [ 57%] [34m[1mGenerating C type support for eProsima Fast-RTPS[0m
[24.910s] [35m[1mScanning dependencies of target micro_ros_msgs__rosidl_typesupport_introspection_c[0m
[24.997s] [ 59%] [32mBuilding C object CMakeFiles/micro_ros_msgs__rosidl_typesupport_introspection_c.dir/rosidl_typesupport_introspection_c/micro_ros_msgs/msg/detail/node__type_support.c.o[0m
[25.001s] [ 61%] [32mBuilding C object CMakeFiles/micro_ros_msgs__rosidl_typesupport_introspection_c.dir/rosidl_typesupport_introspection_c/micro_ros_msgs/msg/detail/graph__type_support.c.o[0m
[25.181s] [ 63%] [32m[1mLinking CXX shared library libmicro_ros_msgs__rosidl_typesupport_introspection_cpp.so[0m
[25.232s] [ 65%] [32mBuilding C object CMakeFiles/micro_ros_msgs__rosidl_typesupport_introspection_c.dir/rosidl_typesupport_introspection_c/micro_ros_msgs/msg/detail/entity__type_support.c.o[0m
[25.431s] [ 68%] [32m[1mLinking C shared library libmicro_ros_msgs__rosidl_typesupport_introspection_c.so[0m
[25.560s] [ 68%] Built target micro_ros_msgs__rosidl_typesupport_introspection_cpp
[25.591s] [ 68%] Built target micro_ros_msgs__rosidl_typesupport_introspection_c
[26.363s] [35m[1mScanning dependencies of target micro_ros_msgs__rosidl_typesupport_fastrtps_c[0m
[26.447s] [ 70%] [32mBuilding CXX object CMakeFiles/micro_ros_msgs__rosidl_typesupport_fastrtps_c.dir/rosidl_typesupport_fastrtps_c/micro_ros_msgs/msg/detail/graph__type_support_c.cpp.o[0m
[26.449s] [ 72%] [32mBuilding CXX object CMakeFiles/micro_ros_msgs__rosidl_typesupport_fastrtps_c.dir/rosidl_typesupport_fastrtps_c/micro_ros_msgs/msg/detail/node__type_support_c.cpp.o[0m
[26.452s] [ 74%] [32mBuilding CXX object CMakeFiles/micro_ros_msgs__rosidl_typesupport_fastrtps_c.dir/rosidl_typesupport_fastrtps_c/micro_ros_msgs/msg/detail/entity__type_support_c.cpp.o[0m
[28.618s] [ 76%] [32m[1mLinking CXX shared library libmicro_ros_msgs__rosidl_typesupport_fastrtps_c.so[0m
[28.964s] [ 76%] Built target micro_ros_msgs__rosidl_typesupport_fastrtps_c
[29.014s] [35m[1mScanning dependencies of target micro_ros_msgs[0m
[29.061s] [ 76%] Built target micro_ros_msgs
[29.110s] [35m[1mScanning dependencies of target micro_ros_msgs__py[0m
[29.158s] [ 78%] [34m[1mGenerating Python code for ROS interfaces[0m
[32.315s] [ 78%] Built target micro_ros_msgs__py
[32.366s] [35m[1mScanning dependencies of target micro_ros_msgs__python[0m
[32.520s] [ 82%] [32mBuilding C object CMakeFiles/micro_ros_msgs__python.dir/rosidl_generator_py/micro_ros_msgs/msg/_node_s.c.o[0m
[32.521s] [ 82%] [32mBuilding C object CMakeFiles/micro_ros_msgs__python.dir/rosidl_generator_py/micro_ros_msgs/msg/_graph_s.c.o[0m
[32.523s] [ 85%] [32mBuilding C object CMakeFiles/micro_ros_msgs__python.dir/rosidl_generator_py/micro_ros_msgs/msg/_entity_s.c.o[0m
[33.080s] [ 87%] [32m[1mLinking C shared library rosidl_generator_py/micro_ros_msgs/libmicro_ros_msgs__python.so[0m
[33.323s] [ 87%] Built target micro_ros_msgs__python
[33.391s] [35m[1mScanning dependencies of target micro_ros_msgs__rosidl_typesupport_fastrtps_c__pyext[0m
[33.392s] [35m[1mScanning dependencies of target micro_ros_msgs__rosidl_typesupport_introspection_c__pyext[0m
[33.399s] [35m[1mScanning dependencies of target micro_ros_msgs__rosidl_typesupport_c__pyext[0m
[33.572s] [ 89%] [32mBuilding C object CMakeFiles/micro_ros_msgs__rosidl_typesupport_fastrtps_c__pyext.dir/rosidl_generator_py/micro_ros_msgs/_micro_ros_msgs_s.ep.rosidl_typesupport_fastrtps_c.c.o[0m
[33.597s] [ 91%] [32mBuilding C object CMakeFiles/micro_ros_msgs__rosidl_typesupport_introspection_c__pyext.dir/rosidl_generator_py/micro_ros_msgs/_micro_ros_msgs_s.ep.rosidl_typesupport_introspection_c.c.o[0m
[33.629s] [ 93%] [32mBuilding C object CMakeFiles/micro_ros_msgs__rosidl_typesupport_c__pyext.dir/rosidl_generator_py/micro_ros_msgs/_micro_ros_msgs_s.ep.rosidl_typesupport_c.c.o[0m
[34.215s] [ 95%] [32m[1mLinking CXX shared library rosidl_generator_py/micro_ros_msgs/micro_ros_msgs_s__rosidl_typesupport_fastrtps_c.cpython-38-aarch64-linux-gnu.so[0m
[34.246s] [ 97%] [32m[1mLinking C shared library rosidl_generator_py/micro_ros_msgs/micro_ros_msgs_s__rosidl_typesupport_introspection_c.cpython-38-aarch64-linux-gnu.so[0m
[34.253s] [100%] [32m[1mLinking C shared library rosidl_generator_py/micro_ros_msgs/micro_ros_msgs_s__rosidl_typesupport_c.cpython-38-aarch64-linux-gnu.so[0m
[34.534s] [100%] Built target micro_ros_msgs__rosidl_typesupport_introspection_c__pyext
[34.564s] [100%] Built target micro_ros_msgs__rosidl_typesupport_c__pyext
[34.706s] [100%] Built target micro_ros_msgs__rosidl_typesupport_fastrtps_c__pyext
[34.775s] Invoked command in '/home/ubuntu/PucksInDeep/microros/build/micro_ros_msgs' returned '0': CMAKE_PREFIX_PATH=${CMAKE_PREFIX_PATH}:/opt/ros/foxy /usr/bin/cmake --build /home/ubuntu/PucksInDeep/microros/build/micro_ros_msgs -- -j4 -l4
[35.531s] Invoking command in '/home/ubuntu/PucksInDeep/microros/build/micro_ros_msgs': CMAKE_PREFIX_PATH=${CMAKE_PREFIX_PATH}:/opt/ros/foxy /usr/bin/cmake --install /home/ubuntu/PucksInDeep/microros/build/micro_ros_msgs
[35.593s] -- Install configuration: ""
[35.594s] -- Installing: /home/ubuntu/PucksInDeep/microros/install/micro_ros_msgs/share/ament_index/resource_index/rosidl_interfaces/micro_ros_msgs
[35.596s] -- Installing: /home/ubuntu/PucksInDeep/microros/install/micro_ros_msgs/include/micro_ros_msgs
[35.596s] -- Installing: /home/ubuntu/PucksInDeep/microros/install/micro_ros_msgs/include/micro_ros_msgs/msg
[35.597s] -- Installing: /home/ubuntu/PucksInDeep/microros/install/micro_ros_msgs/include/micro_ros_msgs/msg/detail
[35.598s] -- Installing: /home/ubuntu/PucksInDeep/microros/install/micro_ros_msgs/include/micro_ros_msgs/msg/detail/node__struct.h
[35.602s] -- Installing: /home/ubuntu/PucksInDeep/microros/install/micro_ros_msgs/include/micro_ros_msgs/msg/detail/entity__functions.h
[35.604s] -- Installing: /home/ubuntu/PucksInDeep/microros/install/micro_ros_msgs/include/micro_ros_msgs/msg/detail/graph__type_support.h
[35.605s] -- Installing: /home/ubuntu/PucksInDeep/microros/install/micro_ros_msgs/include/micro_ros_msgs/msg/detail/graph__struct.h
[35.608s] -- Installing: /home/ubuntu/PucksInDeep/microros/install/micro_ros_msgs/include/micro_ros_msgs/msg/detail/entity__type_support.h
[35.608s] -- Installing: /home/ubuntu/PucksInDeep/microros/install/micro_ros_msgs/include/micro_ros_msgs/msg/detail/graph__functions.c
[35.609s] -- Installing: /home/ubuntu/PucksInDeep/microros/install/micro_ros_msgs/include/micro_ros_msgs/msg/detail/node__functions.h
[35.609s] -- Installing: /home/ubuntu/PucksInDeep/microros/install/micro_ros_msgs/include/micro_ros_msgs/msg/detail/entity__struct.h
[35.610s] -- Installing: /home/ubuntu/PucksInDeep/microros/install/micro_ros_msgs/include/micro_ros_msgs/msg/detail/node__type_support.h
[35.611s] -- Installing: /home/ubuntu/PucksInDeep/microros/install/micro_ros_msgs/include/micro_ros_msgs/msg/detail/node__functions.c
[35.612s] -- Installing: /home/ubuntu/PucksInDeep/microros/install/micro_ros_msgs/include/micro_ros_msgs/msg/detail/entity__functions.c
[35.613s] -- Installing: /home/ubuntu/PucksInDeep/microros/install/micro_ros_msgs/include/micro_ros_msgs/msg/detail/graph__functions.h
[35.618s] -- Installing: /home/ubuntu/PucksInDeep/microros/install/micro_ros_msgs/include/micro_ros_msgs/msg/rosidl_generator_c__visibility_control.h
[35.620s] -- Installing: /home/ubuntu/PucksInDeep/microros/install/micro_ros_msgs/include/micro_ros_msgs/msg/node.h
[35.623s] -- Installing: /home/ubuntu/PucksInDeep/microros/install/micro_ros_msgs/include/micro_ros_msgs/msg/entity.h
[35.624s] -- Installing: /home/ubuntu/PucksInDeep/microros/install/micro_ros_msgs/include/micro_ros_msgs/msg/graph.h
[35.624s] -- Installing: /home/ubuntu/PucksInDeep/microros/install/micro_ros_msgs/share/micro_ros_msgs/environment/library_path.sh
[35.625s] -- Installing: /home/ubuntu/PucksInDeep/microros/install/micro_ros_msgs/share/micro_ros_msgs/environment/library_path.dsv
[35.626s] -- Installing: /home/ubuntu/PucksInDeep/microros/install/micro_ros_msgs/lib/libmicro_ros_msgs__rosidl_generator_c.so
[35.628s] -- Set runtime path of "/home/ubuntu/PucksInDeep/microros/install/micro_ros_msgs/lib/libmicro_ros_msgs__rosidl_generator_c.so" to ""
[35.629s] -- Up-to-date: /home/ubuntu/PucksInDeep/microros/install/micro_ros_msgs/include/micro_ros_msgs
[35.629s] -- Up-to-date: /home/ubuntu/PucksInDeep/microros/install/micro_ros_msgs/include/micro_ros_msgs/msg
[35.630s] -- Up-to-date: /home/ubuntu/PucksInDeep/microros/install/micro_ros_msgs/include/micro_ros_msgs/msg/detail
[35.630s] -- Installing: /home/ubuntu/PucksInDeep/microros/install/micro_ros_msgs/include/micro_ros_msgs/msg/detail/graph__rosidl_typesupport_fastrtps_c.h
[35.632s] -- Installing: /home/ubuntu/PucksInDeep/microros/install/micro_ros_msgs/include/micro_ros_msgs/msg/detail/entity__rosidl_typesupport_fastrtps_c.h
[35.635s] -- Installing: /home/ubuntu/PucksInDeep/microros/install/micro_ros_msgs/include/micro_ros_msgs/msg/detail/node__rosidl_typesupport_fastrtps_c.h
[35.638s] -- Installing: /home/ubuntu/PucksInDeep/microros/install/micro_ros_msgs/include/micro_ros_msgs/msg/rosidl_typesupport_fastrtps_c__visibility_control.h
[35.639s] -- Installing: /home/ubuntu/PucksInDeep/microros/install/micro_ros_msgs/lib/libmicro_ros_msgs__rosidl_typesupport_fastrtps_c.so
[35.642s] -- Set runtime path of "/home/ubuntu/PucksInDeep/microros/install/micro_ros_msgs/lib/libmicro_ros_msgs__rosidl_typesupport_fastrtps_c.so" to ""
[35.643s] -- Up-to-date: /home/ubuntu/PucksInDeep/microros/install/micro_ros_msgs/include/micro_ros_msgs
[35.643s] -- Up-to-date: /home/ubuntu/PucksInDeep/microros/install/micro_ros_msgs/include/micro_ros_msgs/msg
[35.643s] -- Up-to-date: /home/ubuntu/PucksInDeep/microros/install/micro_ros_msgs/include/micro_ros_msgs/msg/detail
[35.644s] -- Installing: /home/ubuntu/PucksInDeep/microros/install/micro_ros_msgs/include/micro_ros_msgs/msg/detail/dds_fastrtps
[35.644s] -- Installing: /home/ubuntu/PucksInDeep/microros/install/micro_ros_msgs/include/micro_ros_msgs/msg/detail/entity__rosidl_typesupport_fastrtps_cpp.hpp
[35.645s] -- Installing: /home/ubuntu/PucksInDeep/microros/install/micro_ros_msgs/include/micro_ros_msgs/msg/detail/graph__rosidl_typesupport_fastrtps_cpp.hpp
[35.646s] -- Installing: /home/ubuntu/PucksInDeep/microros/install/micro_ros_msgs/include/micro_ros_msgs/msg/detail/node__rosidl_typesupport_fastrtps_cpp.hpp
[35.648s] -- Installing: /home/ubuntu/PucksInDeep/microros/install/micro_ros_msgs/include/micro_ros_msgs/msg/rosidl_typesupport_fastrtps_cpp__visibility_control.h
[35.652s] -- Installing: /home/ubuntu/PucksInDeep/microros/install/micro_ros_msgs/lib/libmicro_ros_msgs__rosidl_typesupport_fastrtps_cpp.so
[35.657s] -- Set runtime path of "/home/ubuntu/PucksInDeep/microros/install/micro_ros_msgs/lib/libmicro_ros_msgs__rosidl_typesupport_fastrtps_cpp.so" to ""
[35.657s] -- Up-to-date: /home/ubuntu/PucksInDeep/microros/install/micro_ros_msgs/include/micro_ros_msgs
[35.658s] -- Up-to-date: /home/ubuntu/PucksInDeep/microros/install/micro_ros_msgs/include/micro_ros_msgs/msg
[35.659s] -- Up-to-date: /home/ubuntu/PucksInDeep/microros/install/micro_ros_msgs/include/micro_ros_msgs/msg/detail
[35.659s] -- Installing: /home/ubuntu/PucksInDeep/microros/install/micro_ros_msgs/include/micro_ros_msgs/msg/detail/graph__type_support.c
[35.659s] -- Installing: /home/ubuntu/PucksInDeep/microros/install/micro_ros_msgs/include/micro_ros_msgs/msg/detail/entity__type_support.c
[35.660s] -- Installing: /home/ubuntu/PucksInDeep/microros/install/micro_ros_msgs/include/micro_ros_msgs/msg/detail/graph__rosidl_typesupport_introspection_c.h
[35.661s] -- Installing: /home/ubuntu/PucksInDeep/microros/install/micro_ros_msgs/include/micro_ros_msgs/msg/detail/node__type_support.c
[35.663s] -- Installing: /home/ubuntu/PucksInDeep/microros/install/micro_ros_msgs/include/micro_ros_msgs/msg/detail/entity__rosidl_typesupport_introspection_c.h
[35.670s] -- Installing: /home/ubuntu/PucksInDeep/microros/install/micro_ros_msgs/include/micro_ros_msgs/msg/detail/node__rosidl_typesupport_introspection_c.h
[35.671s] -- Installing: /home/ubuntu/PucksInDeep/microros/install/micro_ros_msgs/include/micro_ros_msgs/msg/rosidl_typesupport_introspection_c__visibility_control.h
[35.671s] -- Installing: /home/ubuntu/PucksInDeep/microros/install/micro_ros_msgs/lib/libmicro_ros_msgs__rosidl_typesupport_introspection_c.so
[35.674s] -- Set runtime path of "/home/ubuntu/PucksInDeep/microros/install/micro_ros_msgs/lib/libmicro_ros_msgs__rosidl_typesupport_introspection_c.so" to ""
[35.675s] -- Installing: /home/ubuntu/PucksInDeep/microros/install/micro_ros_msgs/lib/libmicro_ros_msgs__rosidl_typesupport_c.so
[35.677s] -- Set runtime path of "/home/ubuntu/PucksInDeep/microros/install/micro_ros_msgs/lib/libmicro_ros_msgs__rosidl_typesupport_c.so" to ""
[35.677s] -- Up-to-date: /home/ubuntu/PucksInDeep/microros/install/micro_ros_msgs/include/micro_ros_msgs
[35.677s] -- Up-to-date: /home/ubuntu/PucksInDeep/microros/install/micro_ros_msgs/include/micro_ros_msgs/msg
[35.678s] -- Installing: /home/ubuntu/PucksInDeep/microros/install/micro_ros_msgs/include/micro_ros_msgs/msg/graph.hpp
[35.678s] -- Up-to-date: /home/ubuntu/PucksInDeep/microros/install/micro_ros_msgs/include/micro_ros_msgs/msg/detail
[35.679s] -- Installing: /home/ubuntu/PucksInDeep/microros/install/micro_ros_msgs/include/micro_ros_msgs/msg/detail/graph__builder.hpp
[35.680s] -- Installing: /home/ubuntu/PucksInDeep/microros/install/micro_ros_msgs/include/micro_ros_msgs/msg/detail/graph__traits.hpp
[35.683s] -- Installing: /home/ubuntu/PucksInDeep/microros/install/micro_ros_msgs/include/micro_ros_msgs/msg/detail/entity__struct.hpp
[35.686s] -- Installing: /home/ubuntu/PucksInDeep/microros/install/micro_ros_msgs/include/micro_ros_msgs/msg/detail/entity__traits.hpp
[35.688s] -- Installing: /home/ubuntu/PucksInDeep/microros/install/micro_ros_msgs/include/micro_ros_msgs/msg/detail/graph__struct.hpp
[35.690s] -- Installing: /home/ubuntu/PucksInDeep/microros/install/micro_ros_msgs/include/micro_ros_msgs/msg/detail/entity__builder.hpp
[35.691s] -- Installing: /home/ubuntu/PucksInDeep/microros/install/micro_ros_msgs/include/micro_ros_msgs/msg/detail/node__traits.hpp
[35.696s] -- Installing: /home/ubuntu/PucksInDeep/microros/install/micro_ros_msgs/include/micro_ros_msgs/msg/detail/node__struct.hpp
[35.697s] -- Installing: /home/ubuntu/PucksInDeep/microros/install/micro_ros_msgs/include/micro_ros_msgs/msg/detail/node__builder.hpp
[35.698s] -- Installing: /home/ubuntu/PucksInDeep/microros/install/micro_ros_msgs/include/micro_ros_msgs/msg/node.hpp
[35.700s] -- Installing: /home/ubuntu/PucksInDeep/microros/install/micro_ros_msgs/include/micro_ros_msgs/msg/entity.hpp
[35.703s] -- Up-to-date: /home/ubuntu/PucksInDeep/microros/install/micro_ros_msgs/include/micro_ros_msgs
[35.704s] -- Up-to-date: /home/ubuntu/PucksInDeep/microros/install/micro_ros_msgs/include/micro_ros_msgs/msg
[35.707s] -- Up-to-date: /home/ubuntu/PucksInDeep/microros/install/micro_ros_msgs/include/micro_ros_msgs/msg/detail
[35.707s] -- Installing: /home/ubuntu/PucksInDeep/microros/install/micro_ros_msgs/include/micro_ros_msgs/msg/detail/graph__type_support.cpp
[35.708s] -- Installing: /home/ubuntu/PucksInDeep/microros/install/micro_ros_msgs/include/micro_ros_msgs/msg/detail/graph__rosidl_typesupport_introspection_cpp.hpp
[35.708s] -- Installing: /home/ubuntu/PucksInDeep/microros/install/micro_ros_msgs/include/micro_ros_msgs/msg/detail/node__rosidl_typesupport_introspection_cpp.hpp
[35.708s] -- Installing: /home/ubuntu/PucksInDeep/microros/install/micro_ros_msgs/include/micro_ros_msgs/msg/detail/node__type_support.cpp
[35.709s] -- Installing: /home/ubuntu/PucksInDeep/microros/install/micro_ros_msgs/include/micro_ros_msgs/msg/detail/entity__rosidl_typesupport_introspection_cpp.hpp
[35.709s] -- Installing: /home/ubuntu/PucksInDeep/microros/install/micro_ros_msgs/include/micro_ros_msgs/msg/detail/entity__type_support.cpp
[35.710s] -- Installing: /home/ubuntu/PucksInDeep/microros/install/micro_ros_msgs/lib/libmicro_ros_msgs__rosidl_typesupport_introspection_cpp.so
[35.713s] -- Set runtime path of "/home/ubuntu/PucksInDeep/microros/install/micro_ros_msgs/lib/libmicro_ros_msgs__rosidl_typesupport_introspection_cpp.so" to ""
[35.713s] -- Installing: /home/ubuntu/PucksInDeep/microros/install/micro_ros_msgs/lib/libmicro_ros_msgs__rosidl_typesupport_cpp.so
[35.720s] -- Set runtime path of "/home/ubuntu/PucksInDeep/microros/install/micro_ros_msgs/lib/libmicro_ros_msgs__rosidl_typesupport_cpp.so" to ""
[35.721s] -- Installing: /home/ubuntu/PucksInDeep/microros/install/micro_ros_msgs/share/micro_ros_msgs/environment/pythonpath.sh
[35.723s] -- Installing: /home/ubuntu/PucksInDeep/microros/install/micro_ros_msgs/share/micro_ros_msgs/environment/pythonpath.dsv
[35.724s] -- Installing: /home/ubuntu/PucksInDeep/microros/install/micro_ros_msgs/lib/python3.8/site-packages/micro_ros_msgs/__init__.py
[35.924s] Compiling '/home/ubuntu/PucksInDeep/microros/install/micro_ros_msgs/lib/python3.8/site-packages/micro_ros_msgs/__init__.py'...
[35.957s] -- Installing: /home/ubuntu/PucksInDeep/microros/install/micro_ros_msgs/lib/python3.8/site-packages/micro_ros_msgs/msg
[35.959s] -- Installing: /home/ubuntu/PucksInDeep/microros/install/micro_ros_msgs/lib/python3.8/site-packages/micro_ros_msgs/msg/_graph.py
[35.959s] -- Installing: /home/ubuntu/PucksInDeep/microros/install/micro_ros_msgs/lib/python3.8/site-packages/micro_ros_msgs/msg/__init__.py
[35.960s] -- Installing: /home/ubuntu/PucksInDeep/microros/install/micro_ros_msgs/lib/python3.8/site-packages/micro_ros_msgs/msg/_entity.py
[35.961s] -- Installing: /home/ubuntu/PucksInDeep/microros/install/micro_ros_msgs/lib/python3.8/site-packages/micro_ros_msgs/msg/_entity_s.c
[35.962s] -- Installing: /home/ubuntu/PucksInDeep/microros/install/micro_ros_msgs/lib/python3.8/site-packages/micro_ros_msgs/msg/_node_s.c
[35.963s] -- Installing: /home/ubuntu/PucksInDeep/microros/install/micro_ros_msgs/lib/python3.8/site-packages/micro_ros_msgs/msg/_graph_s.c
[35.966s] -- Installing: /home/ubuntu/PucksInDeep/microros/install/micro_ros_msgs/lib/python3.8/site-packages/micro_ros_msgs/msg/_node.py
[35.971s] -- Installing: /home/ubuntu/PucksInDeep/microros/install/micro_ros_msgs/lib/python3.8/site-packages/micro_ros_msgs/micro_ros_msgs_s__rosidl_typesupport_fastrtps_c.cpython-38-aarch64-linux-gnu.so
[35.974s] -- Set runtime path of "/home/ubuntu/PucksInDeep/microros/install/micro_ros_msgs/lib/python3.8/site-packages/micro_ros_msgs/micro_ros_msgs_s__rosidl_typesupport_fastrtps_c.cpython-38-aarch64-linux-gnu.so" to ""
[35.975s] -- Installing: /home/ubuntu/PucksInDeep/microros/install/micro_ros_msgs/lib/python3.8/site-packages/micro_ros_msgs/micro_ros_msgs_s__rosidl_typesupport_introspection_c.cpython-38-aarch64-linux-gnu.so
[35.978s] -- Set runtime path of "/home/ubuntu/PucksInDeep/microros/install/micro_ros_msgs/lib/python3.8/site-packages/micro_ros_msgs/micro_ros_msgs_s__rosidl_typesupport_introspection_c.cpython-38-aarch64-linux-gnu.so" to ""
[35.979s] -- Installing: /home/ubuntu/PucksInDeep/microros/install/micro_ros_msgs/lib/python3.8/site-packages/micro_ros_msgs/micro_ros_msgs_s__rosidl_typesupport_c.cpython-38-aarch64-linux-gnu.so
[35.986s] -- Set runtime path of "/home/ubuntu/PucksInDeep/microros/install/micro_ros_msgs/lib/python3.8/site-packages/micro_ros_msgs/micro_ros_msgs_s__rosidl_typesupport_c.cpython-38-aarch64-linux-gnu.so" to ""
[35.987s] -- Installing: /home/ubuntu/PucksInDeep/microros/install/micro_ros_msgs/lib/libmicro_ros_msgs__python.so
[35.991s] -- Set runtime path of "/home/ubuntu/PucksInDeep/microros/install/micro_ros_msgs/lib/libmicro_ros_msgs__python.so" to ""
[35.995s] -- Installing: /home/ubuntu/PucksInDeep/microros/install/micro_ros_msgs/share/micro_ros_msgs/msg/Graph.idl
[35.996s] -- Installing: /home/ubuntu/PucksInDeep/microros/install/micro_ros_msgs/share/micro_ros_msgs/msg/Node.idl
[35.997s] -- Installing: /home/ubuntu/PucksInDeep/microros/install/micro_ros_msgs/share/micro_ros_msgs/msg/Entity.idl
[35.997s] -- Installing: /home/ubuntu/PucksInDeep/microros/install/micro_ros_msgs/share/micro_ros_msgs/msg/Graph.msg
[35.999s] -- Installing: /home/ubuntu/PucksInDeep/microros/install/micro_ros_msgs/share/micro_ros_msgs/msg/Node.msg
[36.003s] -- Installing: /home/ubuntu/PucksInDeep/microros/install/micro_ros_msgs/share/micro_ros_msgs/msg/Entity.msg
[36.004s] -- Installing: /home/ubuntu/PucksInDeep/microros/install/micro_ros_msgs/share/ament_index/resource_index/package_run_dependencies/micro_ros_msgs
[36.005s] -- Installing: /home/ubuntu/PucksInDeep/microros/install/micro_ros_msgs/share/ament_index/resource_index/parent_prefix_path/micro_ros_msgs
[36.007s] -- Installing: /home/ubuntu/PucksInDeep/microros/install/micro_ros_msgs/share/micro_ros_msgs/environment/ament_prefix_path.sh
[36.008s] -- Installing: /home/ubuntu/PucksInDeep/microros/install/micro_ros_msgs/share/micro_ros_msgs/environment/ament_prefix_path.dsv
[36.010s] -- Installing: /home/ubuntu/PucksInDeep/microros/install/micro_ros_msgs/share/micro_ros_msgs/environment/path.sh
[36.011s] -- Installing: /home/ubuntu/PucksInDeep/microros/install/micro_ros_msgs/share/micro_ros_msgs/environment/path.dsv
[36.012s] -- Installing: /home/ubuntu/PucksInDeep/microros/install/micro_ros_msgs/share/micro_ros_msgs/local_setup.bash
[36.013s] -- Installing: /home/ubuntu/PucksInDeep/microros/install/micro_ros_msgs/share/micro_ros_msgs/local_setup.sh
[36.017s] -- Installing: /home/ubuntu/PucksInDeep/microros/install/micro_ros_msgs/share/micro_ros_msgs/local_setup.zsh
[36.020s] -- Installing: /home/ubuntu/PucksInDeep/microros/install/micro_ros_msgs/share/micro_ros_msgs/local_setup.dsv
[36.021s] -- Installing: /home/ubuntu/PucksInDeep/microros/install/micro_ros_msgs/share/micro_ros_msgs/package.dsv
[36.023s] -- Installing: /home/ubuntu/PucksInDeep/microros/install/micro_ros_msgs/share/ament_index/resource_index/packages/micro_ros_msgs
[36.025s] -- Installing: /home/ubuntu/PucksInDeep/microros/install/micro_ros_msgs/share/micro_ros_msgs/cmake/micro_ros_msgs__rosidl_generator_cExport.cmake
[36.026s] -- Installing: /home/ubuntu/PucksInDeep/microros/install/micro_ros_msgs/share/micro_ros_msgs/cmake/micro_ros_msgs__rosidl_generator_cExport-noconfig.cmake
[36.028s] -- Installing: /home/ubuntu/PucksInDeep/microros/install/micro_ros_msgs/share/micro_ros_msgs/cmake/micro_ros_msgs__rosidl_typesupport_introspection_cExport.cmake
[36.029s] -- Installing: /home/ubuntu/PucksInDeep/microros/install/micro_ros_msgs/share/micro_ros_msgs/cmake/micro_ros_msgs__rosidl_typesupport_introspection_cExport-noconfig.cmake
[36.033s] -- Installing: /home/ubuntu/PucksInDeep/microros/install/micro_ros_msgs/share/micro_ros_msgs/cmake/micro_ros_msgs__rosidl_typesupport_cExport.cmake
[36.036s] -- Installing: /home/ubuntu/PucksInDeep/microros/install/micro_ros_msgs/share/micro_ros_msgs/cmake/micro_ros_msgs__rosidl_typesupport_cExport-noconfig.cmake
[36.038s] -- Installing: /home/ubuntu/PucksInDeep/microros/install/micro_ros_msgs/share/micro_ros_msgs/cmake/micro_ros_msgs__rosidl_generator_cppExport.cmake
[36.040s] -- Installing: /home/ubuntu/PucksInDeep/microros/install/micro_ros_msgs/share/micro_ros_msgs/cmake/micro_ros_msgs__rosidl_typesupport_introspection_cppExport.cmake
[36.041s] -- Installing: /home/ubuntu/PucksInDeep/microros/install/micro_ros_msgs/share/micro_ros_msgs/cmake/micro_ros_msgs__rosidl_typesupport_introspection_cppExport-noconfig.cmake
[36.043s] -- Installing: /home/ubuntu/PucksInDeep/microros/install/micro_ros_msgs/share/micro_ros_msgs/cmake/micro_ros_msgs__rosidl_typesupport_cppExport.cmake
[36.044s] -- Installing: /home/ubuntu/PucksInDeep/microros/install/micro_ros_msgs/share/micro_ros_msgs/cmake/micro_ros_msgs__rosidl_typesupport_cppExport-noconfig.cmake
[36.046s] -- Installing: /home/ubuntu/PucksInDeep/microros/install/micro_ros_msgs/share/micro_ros_msgs/cmake/rosidl_cmake-extras.cmake
[36.047s] -- Installing: /home/ubuntu/PucksInDeep/microros/install/micro_ros_msgs/share/micro_ros_msgs/cmake/ament_cmake_export_dependencies-extras.cmake
[36.051s] -- Installing: /home/ubuntu/PucksInDeep/microros/install/micro_ros_msgs/share/micro_ros_msgs/cmake/ament_cmake_export_libraries-extras.cmake
[36.055s] -- Installing: /home/ubuntu/PucksInDeep/microros/install/micro_ros_msgs/share/micro_ros_msgs/cmake/ament_cmake_export_targets-extras.cmake
[36.057s] -- Installing: /home/ubuntu/PucksInDeep/microros/install/micro_ros_msgs/share/micro_ros_msgs/cmake/ament_cmake_export_include_directories-extras.cmake
[36.061s] -- Installing: /home/ubuntu/PucksInDeep/microros/install/micro_ros_msgs/share/micro_ros_msgs/cmake/rosidl_cmake_export_typesupport_libraries-extras.cmake
[36.062s] -- Installing: /home/ubuntu/PucksInDeep/microros/install/micro_ros_msgs/share/micro_ros_msgs/cmake/rosidl_cmake_export_typesupport_targets-extras.cmake
[36.062s] -- Installing: /home/ubuntu/PucksInDeep/microros/install/micro_ros_msgs/share/micro_ros_msgs/cmake/micro_ros_msgsConfig.cmake
[36.063s] -- Installing: /home/ubuntu/PucksInDeep/microros/install/micro_ros_msgs/share/micro_ros_msgs/cmake/micro_ros_msgsConfig-version.cmake
[36.066s] -- Installing: /home/ubuntu/PucksInDeep/microros/install/micro_ros_msgs/share/micro_ros_msgs/package.xml
[36.079s] Invoked command in '/home/ubuntu/PucksInDeep/microros/build/micro_ros_msgs' returned '0': CMAKE_PREFIX_PATH=${CMAKE_PREFIX_PATH}:/opt/ros/foxy /usr/bin/cmake --install /home/ubuntu/PucksInDeep/microros/build/micro_ros_msgs
