[3.457s] Invoking command in '/home/ubuntu/PucksInDeep/RPi/rosHockey/puck_tracker': PYTHONPATH=/home/ubuntu/PucksInDeep/RPi/rosHockey/install/puck_tracker/lib/python3.8/site-packages:${PYTHONPATH} /usr/bin/python3 setup.py egg_info --egg-base ../build/puck_tracker build --build-base /home/ubuntu/PucksInDeep/RPi/rosHockey/build/puck_tracker/build install --prefix /home/ubuntu/PucksInDeep/RPi/rosHockey/install/puck_tracker --record /home/ubuntu/PucksInDeep/RPi/rosHockey/build/puck_tracker/install.log --single-version-externally-managed
[4.534s] running egg_info
[4.537s] writing ../build/puck_tracker/puck_tracker.egg-info/PKG-INFO
[4.538s] writing dependency_links to ../build/puck_tracker/puck_tracker.egg-info/dependency_links.txt
[4.540s] writing entry points to ../build/puck_tracker/puck_tracker.egg-info/entry_points.txt
[4.541s] writing requirements to ../build/puck_tracker/puck_tracker.egg-info/requires.txt
[4.542s] writing top-level names to ../build/puck_tracker/puck_tracker.egg-info/top_level.txt
[4.704s] reading manifest file '../build/puck_tracker/puck_tracker.egg-info/SOURCES.txt'
[4.708s] writing manifest file '../build/puck_tracker/puck_tracker.egg-info/SOURCES.txt'
[4.709s] running build
[4.709s] running build_py
[4.710s] copying puck_tracker/tracker.py -> /home/ubuntu/PucksInDeep/RPi/rosHockey/build/puck_tracker/build/lib/puck_tracker
[4.711s] running install
[4.714s] running install_lib
[4.719s] copying /home/ubuntu/PucksInDeep/RPi/rosHockey/build/puck_tracker/build/lib/puck_tracker/tracker.py -> /home/ubuntu/PucksInDeep/RPi/rosHockey/install/puck_tracker/lib/python3.8/site-packages/puck_tracker
[4.721s] byte-compiling /home/ubuntu/PucksInDeep/RPi/rosHockey/install/puck_tracker/lib/python3.8/site-packages/puck_tracker/tracker.py to tracker.cpython-38.pyc
[4.729s] running install_data
[4.731s] running install_egg_info
[4.737s] removing '/home/ubuntu/PucksInDeep/RPi/rosHockey/install/puck_tracker/lib/python3.8/site-packages/puck_tracker-0.0.0-py3.8.egg-info' (and everything under it)
[4.739s] Copying ../build/puck_tracker/puck_tracker.egg-info to /home/ubuntu/PucksInDeep/RPi/rosHockey/install/puck_tracker/lib/python3.8/site-packages/puck_tracker-0.0.0-py3.8.egg-info
[4.744s] running install_scripts
[4.819s] Installing puck_tracker script to /home/ubuntu/PucksInDeep/RPi/rosHockey/install/puck_tracker/lib/puck_tracker
[4.820s] writing list of installed files to '/home/ubuntu/PucksInDeep/RPi/rosHockey/build/puck_tracker/install.log'
[4.922s] Invoked command in '/home/ubuntu/PucksInDeep/RPi/rosHockey/puck_tracker' returned '0': PYTHONPATH=/home/ubuntu/PucksInDeep/RPi/rosHockey/install/puck_tracker/lib/python3.8/site-packages:${PYTHONPATH} /usr/bin/python3 setup.py egg_info --egg-base ../build/puck_tracker build --build-base /home/ubuntu/PucksInDeep/RPi/rosHockey/build/puck_tracker/build install --prefix /home/ubuntu/PucksInDeep/RPi/rosHockey/install/puck_tracker --record /home/ubuntu/PucksInDeep/RPi/rosHockey/build/puck_tracker/install.log --single-version-externally-managed
