[1.899s] DEBUG:colcon:Command line arguments: ['/usr/bin/colcon', 'build']
[1.899s] DEBUG:colcon:Parsed command line arguments: Namespace(ament_cmake_args=None, base_paths=['.'], build_base='build', catkin_cmake_args=None, catkin_skip_building_tests=False, cmake_args=None, cmake_clean_cache=False, cmake_clean_first=False, cmake_force_configure=False, cmake_target=None, cmake_target_skip_unavailable=False, continue_on_error=False, event_handlers=None, executor='parallel', ignore_user_meta=False, install_base='install', log_base=None, log_level=None, main=<bound method BuildVerb.main of <colcon_core.verb.build.BuildVerb object at 0xffff9002ea90>>, merge_install=False, metas=['./colcon.meta'], packages_above=None, packages_above_and_dependencies=None, packages_above_depth=None, packages_end=None, packages_ignore=None, packages_ignore_regex=None, packages_select=None, packages_select_build_failed=False, packages_select_by_dep=None, packages_select_regex=None, packages_select_test_failures=False, packages_skip=None, packages_skip_build_finished=False, packages_skip_by_dep=None, packages_skip_regex=None, packages_skip_test_passed=False, packages_skip_up_to=None, packages_start=None, packages_up_to=None, packages_up_to_regex=None, parallel_workers=4, paths=None, symlink_install=False, test_result_base=None, verb_extension=<colcon_core.verb.build.BuildVerb object at 0xffff9002ea90>, verb_name='build', verb_parser=<colcon_defaults.argument_parser.defaults.DefaultArgumentsDecorator object at 0xffff9003e040>)
[1.924s] Level 1:colcon.colcon_core.package_discovery:discover_packages(colcon_meta) check parameters
[1.925s] Level 1:colcon.colcon_core.package_discovery:discover_packages(recursive) check parameters
[1.925s] Level 1:colcon.colcon_core.package_discovery:discover_packages(ignore) check parameters
[1.925s] Level 1:colcon.colcon_core.package_discovery:discover_packages(path) check parameters
[1.925s] Level 1:colcon.colcon_core.package_discovery:discover_packages(colcon_meta) discover
[1.926s] Level 1:colcon.colcon_core.package_discovery:discover_packages(recursive) discover
[1.927s] INFO:colcon.colcon_core.package_discovery:Crawling recursively for packages in '/home/ubuntu/PucksInDeep/rosHockey'
[1.927s] Level 1:colcon.colcon_core.package_identification:_identify(.) by extensions ['ignore', 'ignore_ament_install']
[1.928s] Level 1:colcon.colcon_core.package_identification:_identify(.) by extension 'ignore'
[1.928s] Level 1:colcon.colcon_core.package_identification:_identify(.) by extension 'ignore_ament_install'
[1.929s] Level 1:colcon.colcon_core.package_identification:_identify(.) by extensions ['colcon_pkg']
[1.929s] Level 1:colcon.colcon_core.package_identification:_identify(.) by extension 'colcon_pkg'
[1.929s] Level 1:colcon.colcon_core.package_identification:_identify(.) by extensions ['colcon_meta']
[1.929s] Level 1:colcon.colcon_core.package_identification:_identify(.) by extension 'colcon_meta'
[1.930s] Level 1:colcon.colcon_core.package_identification:_identify(.) by extensions ['ros']
[1.930s] Level 1:colcon.colcon_core.package_identification:_identify(.) by extension 'ros'
[1.982s] Level 1:colcon.colcon_core.package_identification:_identify(.) by extensions ['cmake', 'python']
[1.982s] Level 1:colcon.colcon_core.package_identification:_identify(.) by extension 'cmake'
[1.983s] Level 1:colcon.colcon_core.package_identification:_identify(.) by extension 'python'
[1.983s] Level 1:colcon.colcon_core.package_identification:_identify(.) by extensions ['python_setup_py']
[1.983s] Level 1:colcon.colcon_core.package_identification:_identify(.) by extension 'python_setup_py'
[1.984s] Level 1:colcon.colcon_core.package_identification:_identify(build) by extensions ['ignore', 'ignore_ament_install']
[1.984s] Level 1:colcon.colcon_core.package_identification:_identify(build) by extension 'ignore'
[1.985s] Level 1:colcon.colcon_core.package_identification:_identify(build) ignored
[1.985s] Level 1:colcon.colcon_core.package_identification:_identify(hockey_msgs) by extensions ['ignore', 'ignore_ament_install']
[1.986s] Level 1:colcon.colcon_core.package_identification:_identify(hockey_msgs) by extension 'ignore'
[1.986s] Level 1:colcon.colcon_core.package_identification:_identify(hockey_msgs) by extension 'ignore_ament_install'
[1.987s] Level 1:colcon.colcon_core.package_identification:_identify(hockey_msgs) by extensions ['colcon_pkg']
[1.987s] Level 1:colcon.colcon_core.package_identification:_identify(hockey_msgs) by extension 'colcon_pkg'
[1.987s] Level 1:colcon.colcon_core.package_identification:_identify(hockey_msgs) by extensions ['colcon_meta']
[1.987s] Level 1:colcon.colcon_core.package_identification:_identify(hockey_msgs) by extension 'colcon_meta'
[1.987s] Level 1:colcon.colcon_core.package_identification:_identify(hockey_msgs) by extensions ['ros']
[1.988s] Level 1:colcon.colcon_core.package_identification:_identify(hockey_msgs) by extension 'ros'
[1.998s] DEBUG:colcon.colcon_core.package_identification:Package 'hockey_msgs' with type 'ros.ament_cmake' and name 'hockey_msgs'
[1.999s] Level 1:colcon.colcon_core.package_identification:_identify(install) by extensions ['ignore', 'ignore_ament_install']
[2.000s] Level 1:colcon.colcon_core.package_identification:_identify(install) by extension 'ignore'
[2.000s] Level 1:colcon.colcon_core.package_identification:_identify(install) ignored
[2.002s] Level 1:colcon.colcon_core.package_identification:_identify(keyboard_control) by extensions ['ignore', 'ignore_ament_install']
[2.002s] Level 1:colcon.colcon_core.package_identification:_identify(keyboard_control) by extension 'ignore'
[2.003s] Level 1:colcon.colcon_core.package_identification:_identify(keyboard_control) by extension 'ignore_ament_install'
[2.003s] Level 1:colcon.colcon_core.package_identification:_identify(keyboard_control) by extensions ['colcon_pkg']
[2.004s] Level 1:colcon.colcon_core.package_identification:_identify(keyboard_control) by extension 'colcon_pkg'
[2.004s] Level 1:colcon.colcon_core.package_identification:_identify(keyboard_control) by extensions ['colcon_meta']
[2.005s] Level 1:colcon.colcon_core.package_identification:_identify(keyboard_control) by extension 'colcon_meta'
[2.005s] Level 1:colcon.colcon_core.package_identification:_identify(keyboard_control) by extensions ['ros']
[2.005s] Level 1:colcon.colcon_core.package_identification:_identify(keyboard_control) by extension 'ros'
[2.009s] DEBUG:colcon.colcon_core.package_identification:Package 'keyboard_control' with type 'ros.ament_python' and name 'keyboard_control'
[2.010s] Level 1:colcon.colcon_core.package_identification:_identify(log) by extensions ['ignore', 'ignore_ament_install']
[2.011s] Level 1:colcon.colcon_core.package_identification:_identify(log) by extension 'ignore'
[2.011s] Level 1:colcon.colcon_core.package_identification:_identify(log) ignored
[2.012s] Level 1:colcon.colcon_core.package_identification:_identify(position_publisher) by extensions ['ignore', 'ignore_ament_install']
[2.013s] Level 1:colcon.colcon_core.package_identification:_identify(position_publisher) by extension 'ignore'
[2.013s] Level 1:colcon.colcon_core.package_identification:_identify(position_publisher) by extension 'ignore_ament_install'
[2.014s] Level 1:colcon.colcon_core.package_identification:_identify(position_publisher) by extensions ['colcon_pkg']
[2.014s] Level 1:colcon.colcon_core.package_identification:_identify(position_publisher) by extension 'colcon_pkg'
[2.015s] Level 1:colcon.colcon_core.package_identification:_identify(position_publisher) by extensions ['colcon_meta']
[2.015s] Level 1:colcon.colcon_core.package_identification:_identify(position_publisher) by extension 'colcon_meta'
[2.016s] Level 1:colcon.colcon_core.package_identification:_identify(position_publisher) by extensions ['ros']
[2.016s] Level 1:colcon.colcon_core.package_identification:_identify(position_publisher) by extension 'ros'
[2.020s] DEBUG:colcon.colcon_core.package_identification:Package 'position_publisher' with type 'ros.ament_python' and name 'position_publisher'
[2.021s] Level 1:colcon.colcon_core.package_identification:_identify(visualizer) by extensions ['ignore', 'ignore_ament_install']
[2.022s] Level 1:colcon.colcon_core.package_identification:_identify(visualizer) by extension 'ignore'
[2.023s] Level 1:colcon.colcon_core.package_identification:_identify(visualizer) by extension 'ignore_ament_install'
[2.023s] Level 1:colcon.colcon_core.package_identification:_identify(visualizer) by extensions ['colcon_pkg']
[2.024s] Level 1:colcon.colcon_core.package_identification:_identify(visualizer) by extension 'colcon_pkg'
[2.024s] Level 1:colcon.colcon_core.package_identification:_identify(visualizer) by extensions ['colcon_meta']
[2.024s] Level 1:colcon.colcon_core.package_identification:_identify(visualizer) by extension 'colcon_meta'
[2.025s] Level 1:colcon.colcon_core.package_identification:_identify(visualizer) by extensions ['ros']
[2.025s] Level 1:colcon.colcon_core.package_identification:_identify(visualizer) by extension 'ros'
[2.028s] DEBUG:colcon.colcon_core.package_identification:Package 'visualizer' with type 'ros.ament_python' and name 'visualizer'
[2.029s] Level 1:colcon.colcon_core.package_discovery:discover_packages(recursive) using defaults
[2.029s] Level 1:colcon.colcon_core.package_discovery:discover_packages(ignore) discover
[2.030s] Level 1:colcon.colcon_core.package_discovery:discover_packages(ignore) using defaults
[2.030s] Level 1:colcon.colcon_core.package_discovery:discover_packages(path) discover
[2.030s] Level 1:colcon.colcon_core.package_discovery:discover_packages(path) using defaults
[2.122s] Level 5:colcon.colcon_core.verb:set package 'hockey_msgs' build argument 'cmake_args' from command line to 'None'
[2.122s] Level 5:colcon.colcon_core.verb:set package 'hockey_msgs' build argument 'cmake_target' from command line to 'None'
[2.122s] Level 5:colcon.colcon_core.verb:set package 'hockey_msgs' build argument 'cmake_target_skip_unavailable' from command line to 'False'
[2.123s] Level 5:colcon.colcon_core.verb:set package 'hockey_msgs' build argument 'cmake_clean_cache' from command line to 'False'
[2.123s] Level 5:colcon.colcon_core.verb:set package 'hockey_msgs' build argument 'cmake_clean_first' from command line to 'False'
[2.123s] Level 5:colcon.colcon_core.verb:set package 'hockey_msgs' build argument 'cmake_force_configure' from command line to 'False'
[2.123s] Level 5:colcon.colcon_core.verb:set package 'hockey_msgs' build argument 'ament_cmake_args' from command line to 'None'
[2.123s] Level 5:colcon.colcon_core.verb:set package 'hockey_msgs' build argument 'catkin_cmake_args' from command line to 'None'
[2.123s] Level 5:colcon.colcon_core.verb:set package 'hockey_msgs' build argument 'catkin_skip_building_tests' from command line to 'False'
[2.124s] DEBUG:colcon.colcon_core.verb:Building package 'hockey_msgs' with the following arguments: {'ament_cmake_args': None, 'build_base': '/home/ubuntu/PucksInDeep/rosHockey/build/hockey_msgs', 'catkin_cmake_args': None, 'catkin_skip_building_tests': False, 'cmake_args': None, 'cmake_clean_cache': False, 'cmake_clean_first': False, 'cmake_force_configure': False, 'cmake_target': None, 'cmake_target_skip_unavailable': False, 'install_base': '/home/ubuntu/PucksInDeep/rosHockey/install/hockey_msgs', 'merge_install': False, 'path': '/home/ubuntu/PucksInDeep/rosHockey/hockey_msgs', 'symlink_install': False, 'test_result_base': None}
[2.135s] Level 5:colcon.colcon_core.verb:set package 'keyboard_control' build argument 'cmake_args' from command line to 'None'
[2.135s] Level 5:colcon.colcon_core.verb:set package 'keyboard_control' build argument 'cmake_target' from command line to 'None'
[2.136s] Level 5:colcon.colcon_core.verb:set package 'keyboard_control' build argument 'cmake_target_skip_unavailable' from command line to 'False'
[2.136s] Level 5:colcon.colcon_core.verb:set package 'keyboard_control' build argument 'cmake_clean_cache' from command line to 'False'
[2.136s] Level 5:colcon.colcon_core.verb:set package 'keyboard_control' build argument 'cmake_clean_first' from command line to 'False'
[2.136s] Level 5:colcon.colcon_core.verb:set package 'keyboard_control' build argument 'cmake_force_configure' from command line to 'False'
[2.136s] Level 5:colcon.colcon_core.verb:set package 'keyboard_control' build argument 'ament_cmake_args' from command line to 'None'
[2.136s] Level 5:colcon.colcon_core.verb:set package 'keyboard_control' build argument 'catkin_cmake_args' from command line to 'None'
[2.137s] Level 5:colcon.colcon_core.verb:set package 'keyboard_control' build argument 'catkin_skip_building_tests' from command line to 'False'
[2.137s] DEBUG:colcon.colcon_core.verb:Building package 'keyboard_control' with the following arguments: {'ament_cmake_args': None, 'build_base': '/home/ubuntu/PucksInDeep/rosHockey/build/keyboard_control', 'catkin_cmake_args': None, 'catkin_skip_building_tests': False, 'cmake_args': None, 'cmake_clean_cache': False, 'cmake_clean_first': False, 'cmake_force_configure': False, 'cmake_target': None, 'cmake_target_skip_unavailable': False, 'install_base': '/home/ubuntu/PucksInDeep/rosHockey/install/keyboard_control', 'merge_install': False, 'path': '/home/ubuntu/PucksInDeep/rosHockey/keyboard_control', 'symlink_install': False, 'test_result_base': None}
[2.148s] Level 5:colcon.colcon_core.verb:set package 'position_publisher' build argument 'cmake_args' from command line to 'None'
[2.149s] Level 5:colcon.colcon_core.verb:set package 'position_publisher' build argument 'cmake_target' from command line to 'None'
[2.149s] Level 5:colcon.colcon_core.verb:set package 'position_publisher' build argument 'cmake_target_skip_unavailable' from command line to 'False'
[2.149s] Level 5:colcon.colcon_core.verb:set package 'position_publisher' build argument 'cmake_clean_cache' from command line to 'False'
[2.149s] Level 5:colcon.colcon_core.verb:set package 'position_publisher' build argument 'cmake_clean_first' from command line to 'False'
[2.149s] Level 5:colcon.colcon_core.verb:set package 'position_publisher' build argument 'cmake_force_configure' from command line to 'False'
[2.149s] Level 5:colcon.colcon_core.verb:set package 'position_publisher' build argument 'ament_cmake_args' from command line to 'None'
[2.150s] Level 5:colcon.colcon_core.verb:set package 'position_publisher' build argument 'catkin_cmake_args' from command line to 'None'
[2.150s] Level 5:colcon.colcon_core.verb:set package 'position_publisher' build argument 'catkin_skip_building_tests' from command line to 'False'
[2.150s] DEBUG:colcon.colcon_core.verb:Building package 'position_publisher' with the following arguments: {'ament_cmake_args': None, 'build_base': '/home/ubuntu/PucksInDeep/rosHockey/build/position_publisher', 'catkin_cmake_args': None, 'catkin_skip_building_tests': False, 'cmake_args': None, 'cmake_clean_cache': False, 'cmake_clean_first': False, 'cmake_force_configure': False, 'cmake_target': None, 'cmake_target_skip_unavailable': False, 'install_base': '/home/ubuntu/PucksInDeep/rosHockey/install/position_publisher', 'merge_install': False, 'path': '/home/ubuntu/PucksInDeep/rosHockey/position_publisher', 'symlink_install': False, 'test_result_base': None}
[2.161s] Level 5:colcon.colcon_core.verb:set package 'visualizer' build argument 'cmake_args' from command line to 'None'
[2.162s] Level 5:colcon.colcon_core.verb:set package 'visualizer' build argument 'cmake_target' from command line to 'None'
[2.162s] Level 5:colcon.colcon_core.verb:set package 'visualizer' build argument 'cmake_target_skip_unavailable' from command line to 'False'
[2.162s] Level 5:colcon.colcon_core.verb:set package 'visualizer' build argument 'cmake_clean_cache' from command line to 'False'
[2.162s] Level 5:colcon.colcon_core.verb:set package 'visualizer' build argument 'cmake_clean_first' from command line to 'False'
[2.162s] Level 5:colcon.colcon_core.verb:set package 'visualizer' build argument 'cmake_force_configure' from command line to 'False'
[2.162s] Level 5:colcon.colcon_core.verb:set package 'visualizer' build argument 'ament_cmake_args' from command line to 'None'
[2.163s] Level 5:colcon.colcon_core.verb:set package 'visualizer' build argument 'catkin_cmake_args' from command line to 'None'
[2.163s] Level 5:colcon.colcon_core.verb:set package 'visualizer' build argument 'catkin_skip_building_tests' from command line to 'False'
[2.163s] DEBUG:colcon.colcon_core.verb:Building package 'visualizer' with the following arguments: {'ament_cmake_args': None, 'build_base': '/home/ubuntu/PucksInDeep/rosHockey/build/visualizer', 'catkin_cmake_args': None, 'catkin_skip_building_tests': False, 'cmake_args': None, 'cmake_clean_cache': False, 'cmake_clean_first': False, 'cmake_force_configure': False, 'cmake_target': None, 'cmake_target_skip_unavailable': False, 'install_base': '/home/ubuntu/PucksInDeep/rosHockey/install/visualizer', 'merge_install': False, 'path': '/home/ubuntu/PucksInDeep/rosHockey/visualizer', 'symlink_install': False, 'test_result_base': None}
[2.165s] INFO:colcon.colcon_core.executor:Executing jobs using 'parallel' executor
[2.173s] DEBUG:colcon.colcon_parallel_executor.executor.parallel:run_until_complete
[2.176s] INFO:colcon.colcon_ros.task.ament_cmake.build:Building ROS package in '/home/ubuntu/PucksInDeep/rosHockey/hockey_msgs' with build type 'ament_cmake'
[2.177s] INFO:colcon.colcon_cmake.task.cmake.build:Building CMake package in '/home/ubuntu/PucksInDeep/rosHockey/hockey_msgs'
[2.195s] INFO:colcon.colcon_core.plugin_system:Skipping extension 'colcon_core.shell.bat': Not used on non-Windows systems
[2.197s] INFO:colcon.colcon_core.shell:Skip shell extension 'powershell' for command environment: Not usable outside of PowerShell
[2.197s] DEBUG:colcon.colcon_core.shell:Skip shell extension 'dsv' for command environment
[2.210s] DEBUG:colcon.colcon_core.shell:Ignoring prefix path '/opt/ros/foxy'
[2.230s] INFO:colcon.colcon_ros.task.ament_python.build:Building ROS package in '/home/ubuntu/PucksInDeep/rosHockey/keyboard_control' with build type 'ament_python'
[2.232s] Level 1:colcon.colcon_core.shell:create_environment_hook('keyboard_control', 'ament_prefix_path')
[2.239s] INFO:colcon.colcon_core.shell:Creating environment hook '/home/ubuntu/PucksInDeep/rosHockey/install/keyboard_control/share/keyboard_control/hook/ament_prefix_path.ps1'
[2.244s] INFO:colcon.colcon_core.shell:Creating environment descriptor '/home/ubuntu/PucksInDeep/rosHockey/install/keyboard_control/share/keyboard_control/hook/ament_prefix_path.dsv'
[2.248s] INFO:colcon.colcon_core.shell:Creating environment hook '/home/ubuntu/PucksInDeep/rosHockey/install/keyboard_control/share/keyboard_control/hook/ament_prefix_path.sh'
[2.254s] INFO:colcon.colcon_core.shell:Skip shell extension 'powershell' for command environment: Not usable outside of PowerShell
[2.254s] DEBUG:colcon.colcon_core.shell:Skip shell extension 'dsv' for command environment
[2.261s] DEBUG:colcon.colcon_core.shell:Ignoring prefix path '/opt/ros/foxy'
[2.285s] INFO:colcon.colcon_ros.task.ament_python.build:Building ROS package in '/home/ubuntu/PucksInDeep/rosHockey/position_publisher' with build type 'ament_python'
[2.288s] Level 1:colcon.colcon_core.shell:create_environment_hook('position_publisher', 'ament_prefix_path')
[2.292s] INFO:colcon.colcon_core.shell:Creating environment hook '/home/ubuntu/PucksInDeep/rosHockey/install/position_publisher/share/position_publisher/hook/ament_prefix_path.ps1'
[2.295s] INFO:colcon.colcon_core.shell:Creating environment descriptor '/home/ubuntu/PucksInDeep/rosHockey/install/position_publisher/share/position_publisher/hook/ament_prefix_path.dsv'
[2.299s] INFO:colcon.colcon_core.shell:Creating environment hook '/home/ubuntu/PucksInDeep/rosHockey/install/position_publisher/share/position_publisher/hook/ament_prefix_path.sh'
[2.306s] INFO:colcon.colcon_core.shell:Skip shell extension 'powershell' for command environment: Not usable outside of PowerShell
[2.307s] DEBUG:colcon.colcon_core.shell:Skip shell extension 'dsv' for command environment
[2.314s] DEBUG:colcon.colcon_core.shell:Ignoring prefix path '/opt/ros/foxy'
[2.334s] INFO:colcon.colcon_ros.task.ament_python.build:Building ROS package in '/home/ubuntu/PucksInDeep/rosHockey/visualizer' with build type 'ament_python'
[2.337s] Level 1:colcon.colcon_core.shell:create_environment_hook('visualizer', 'ament_prefix_path')
[2.341s] INFO:colcon.colcon_core.shell:Creating environment hook '/home/ubuntu/PucksInDeep/rosHockey/install/visualizer/share/visualizer/hook/ament_prefix_path.ps1'
[2.344s] INFO:colcon.colcon_core.shell:Creating environment descriptor '/home/ubuntu/PucksInDeep/rosHockey/install/visualizer/share/visualizer/hook/ament_prefix_path.dsv'
[2.346s] INFO:colcon.colcon_core.shell:Creating environment hook '/home/ubuntu/PucksInDeep/rosHockey/install/visualizer/share/visualizer/hook/ament_prefix_path.sh'
[2.352s] INFO:colcon.colcon_core.shell:Skip shell extension 'powershell' for command environment: Not usable outside of PowerShell
[2.353s] DEBUG:colcon.colcon_core.shell:Skip shell extension 'dsv' for command environment
[2.359s] DEBUG:colcon.colcon_core.shell:Ignoring prefix path '/opt/ros/foxy'
[2.414s] DEBUG:colcon.colcon_core.event_handler.log_command:Invoking command in '/home/ubuntu/PucksInDeep/rosHockey/build/hockey_msgs': BYOBU_DATE=%Y-%m-%d CMAKE_PREFIX_PATH=/opt/ros/foxy /usr/bin/cmake --build /home/ubuntu/PucksInDeep/rosHockey/build/hockey_msgs -- -j4 -l4
[4.447s] INFO:colcon.colcon_core.task.python.build:Building Python package in '/home/ubuntu/PucksInDeep/rosHockey/keyboard_control'
[4.451s] INFO:colcon.colcon_core.shell:Skip shell extension 'powershell' for command environment: Not usable outside of PowerShell
[4.452s] DEBUG:colcon.colcon_core.shell:Skip shell extension 'dsv' for command environment
[4.462s] DEBUG:colcon.colcon_core.shell:Ignoring prefix path '/opt/ros/foxy'
[6.221s] INFO:colcon.colcon_core.task.python.build:Building Python package in '/home/ubuntu/PucksInDeep/rosHockey/position_publisher'
[6.227s] INFO:colcon.colcon_core.shell:Skip shell extension 'powershell' for command environment: Not usable outside of PowerShell
[6.227s] DEBUG:colcon.colcon_core.shell:Skip shell extension 'dsv' for command environment
[6.243s] DEBUG:colcon.colcon_core.shell:Ignoring prefix path '/opt/ros/foxy'
[7.929s] INFO:colcon.colcon_core.task.python.build:Building Python package in '/home/ubuntu/PucksInDeep/rosHockey/visualizer'
[7.933s] INFO:colcon.colcon_core.shell:Skip shell extension 'powershell' for command environment: Not usable outside of PowerShell
[7.938s] DEBUG:colcon.colcon_core.shell:Skip shell extension 'dsv' for command environment
[7.945s] DEBUG:colcon.colcon_core.shell:Ignoring prefix path '/opt/ros/foxy'
[7.976s] DEBUG:colcon.colcon_core.event_handler.log_command:Invoked command in '/home/ubuntu/PucksInDeep/rosHockey/build/hockey_msgs' returned '0': BYOBU_DATE=%Y-%m-%d CMAKE_PREFIX_PATH=/opt/ros/foxy /usr/bin/cmake --build /home/ubuntu/PucksInDeep/rosHockey/build/hockey_msgs -- -j4 -l4
[8.010s] DEBUG:colcon.colcon_core.event_handler.log_command:Invoking command in '/home/ubuntu/PucksInDeep/rosHockey/keyboard_control': BYOBU_DATE=%Y-%m-%d PYTHONPATH=/home/ubuntu/PucksInDeep/rosHockey/install/keyboard_control/lib/python3.8/site-packages:${PYTHONPATH} /usr/bin/python3 setup.py egg_info --egg-base ../build/keyboard_control build --build-base /home/ubuntu/PucksInDeep/rosHockey/build/keyboard_control/build install --prefix /home/ubuntu/PucksInDeep/rosHockey/install/keyboard_control --record /home/ubuntu/PucksInDeep/rosHockey/build/keyboard_control/install.log --single-version-externally-managed
[8.058s] DEBUG:colcon.colcon_core.event_handler.log_command:Invoking command in '/home/ubuntu/PucksInDeep/rosHockey/position_publisher': BYOBU_DATE=%Y-%m-%d PYTHONPATH=/home/ubuntu/PucksInDeep/rosHockey/install/position_publisher/lib/python3.8/site-packages:${PYTHONPATH} /usr/bin/python3 setup.py egg_info --egg-base ../build/position_publisher build --build-base /home/ubuntu/PucksInDeep/rosHockey/build/position_publisher/build install --prefix /home/ubuntu/PucksInDeep/rosHockey/install/position_publisher --record /home/ubuntu/PucksInDeep/rosHockey/build/position_publisher/install.log --single-version-externally-managed
[8.127s] DEBUG:colcon.colcon_core.event_handler.log_command:Invoking command in '/home/ubuntu/PucksInDeep/rosHockey/visualizer': BYOBU_DATE=%Y-%m-%d PYTHONPATH=/home/ubuntu/PucksInDeep/rosHockey/install/visualizer/lib/python3.8/site-packages:${PYTHONPATH} /usr/bin/python3 setup.py egg_info --egg-base ../build/visualizer build --build-base /home/ubuntu/PucksInDeep/rosHockey/build/visualizer/build install --prefix /home/ubuntu/PucksInDeep/rosHockey/install/visualizer --record /home/ubuntu/PucksInDeep/rosHockey/build/visualizer/install.log --single-version-externally-managed
[9.893s] DEBUG:colcon.colcon_core.event_handler.log_command:Invoking command in '/home/ubuntu/PucksInDeep/rosHockey/build/hockey_msgs': BYOBU_DATE=%Y-%m-%d CMAKE_PREFIX_PATH=/opt/ros/foxy /usr/bin/cmake --install /home/ubuntu/PucksInDeep/rosHockey/build/hockey_msgs
[11.058s] Level 1:colcon.colcon_core.environment:create_environment_scripts_only(hockey_msgs)
[11.065s] DEBUG:colcon.colcon_core.event_handler.log_command:Invoked command in '/home/ubuntu/PucksInDeep/rosHockey/build/hockey_msgs' returned '0': BYOBU_DATE=%Y-%m-%d CMAKE_PREFIX_PATH=/opt/ros/foxy /usr/bin/cmake --install /home/ubuntu/PucksInDeep/rosHockey/build/hockey_msgs
[11.119s] Level 1:colcon.colcon_core.environment:checking '/home/ubuntu/PucksInDeep/rosHockey/install/hockey_msgs' for CMake module files
[11.133s] Level 1:colcon.colcon_core.environment:checking '/home/ubuntu/PucksInDeep/rosHockey/install/hockey_msgs' for CMake config files
[11.137s] Level 1:colcon.colcon_core.shell:create_environment_hook('hockey_msgs', 'cmake_prefix_path')
[11.141s] INFO:colcon.colcon_core.shell:Creating environment hook '/home/ubuntu/PucksInDeep/rosHockey/install/hockey_msgs/share/hockey_msgs/hook/cmake_prefix_path.ps1'
[11.144s] INFO:colcon.colcon_core.shell:Creating environment descriptor '/home/ubuntu/PucksInDeep/rosHockey/install/hockey_msgs/share/hockey_msgs/hook/cmake_prefix_path.dsv'
[11.159s] INFO:colcon.colcon_core.shell:Creating environment hook '/home/ubuntu/PucksInDeep/rosHockey/install/hockey_msgs/share/hockey_msgs/hook/cmake_prefix_path.sh'
[11.170s] Level 1:colcon.colcon_core.environment:checking '/home/ubuntu/PucksInDeep/rosHockey/install/hockey_msgs/lib'
[11.172s] Level 1:colcon.colcon_core.shell:create_environment_hook('hockey_msgs', 'ld_library_path_lib')
[11.175s] INFO:colcon.colcon_core.shell:Creating environment hook '/home/ubuntu/PucksInDeep/rosHockey/install/hockey_msgs/share/hockey_msgs/hook/ld_library_path_lib.ps1'
[11.178s] INFO:colcon.colcon_core.shell:Creating environment descriptor '/home/ubuntu/PucksInDeep/rosHockey/install/hockey_msgs/share/hockey_msgs/hook/ld_library_path_lib.dsv'
[11.197s] INFO:colcon.colcon_core.shell:Creating environment hook '/home/ubuntu/PucksInDeep/rosHockey/install/hockey_msgs/share/hockey_msgs/hook/ld_library_path_lib.sh'
[11.201s] Level 1:colcon.colcon_core.environment:checking '/home/ubuntu/PucksInDeep/rosHockey/install/hockey_msgs/bin'
[11.202s] Level 1:colcon.colcon_core.environment:checking '/home/ubuntu/PucksInDeep/rosHockey/install/hockey_msgs/lib/pkgconfig/hockey_msgs.pc'
[11.203s] Level 1:colcon.colcon_core.environment:checking '/home/ubuntu/PucksInDeep/rosHockey/install/hockey_msgs/lib/python3.8/site-packages'
[11.203s] Level 1:colcon.colcon_core.shell:create_environment_hook('hockey_msgs', 'pythonpath')
[11.221s] INFO:colcon.colcon_core.shell:Creating environment hook '/home/ubuntu/PucksInDeep/rosHockey/install/hockey_msgs/share/hockey_msgs/hook/pythonpath.ps1'
[11.224s] INFO:colcon.colcon_core.shell:Creating environment descriptor '/home/ubuntu/PucksInDeep/rosHockey/install/hockey_msgs/share/hockey_msgs/hook/pythonpath.dsv'
[11.227s] INFO:colcon.colcon_core.shell:Creating environment hook '/home/ubuntu/PucksInDeep/rosHockey/install/hockey_msgs/share/hockey_msgs/hook/pythonpath.sh'
[11.245s] INFO:colcon.colcon_core.shell:Creating package script '/home/ubuntu/PucksInDeep/rosHockey/install/hockey_msgs/share/hockey_msgs/package.ps1'
[11.264s] INFO:colcon.colcon_core.shell:Creating package descriptor '/home/ubuntu/PucksInDeep/rosHockey/install/hockey_msgs/share/hockey_msgs/package.dsv'
[11.268s] INFO:colcon.colcon_core.shell:Creating package script '/home/ubuntu/PucksInDeep/rosHockey/install/hockey_msgs/share/hockey_msgs/package.sh'
[11.281s] INFO:colcon.colcon_core.shell:Creating package script '/home/ubuntu/PucksInDeep/rosHockey/install/hockey_msgs/share/hockey_msgs/package.bash'
[11.291s] INFO:colcon.colcon_core.shell:Creating package script '/home/ubuntu/PucksInDeep/rosHockey/install/hockey_msgs/share/hockey_msgs/package.zsh'
[11.295s] Level 1:colcon.colcon_core.environment:create_file_with_runtime_dependencies(/home/ubuntu/PucksInDeep/rosHockey/install/hockey_msgs/share/colcon-core/packages/hockey_msgs)
[11.344s] DEBUG:colcon.colcon_core.event_handler.log_command:Invoked command in '/home/ubuntu/PucksInDeep/rosHockey/visualizer' returned '1': BYOBU_DATE=%Y-%m-%d PYTHONPATH=/home/ubuntu/PucksInDeep/rosHockey/install/visualizer/lib/python3.8/site-packages:${PYTHONPATH} /usr/bin/python3 setup.py egg_info --egg-base ../build/visualizer build --build-base /home/ubuntu/PucksInDeep/rosHockey/build/visualizer/build install --prefix /home/ubuntu/PucksInDeep/rosHockey/install/visualizer --record /home/ubuntu/PucksInDeep/rosHockey/build/visualizer/install.log --single-version-externally-managed
[12.159s] DEBUG:colcon.colcon_parallel_executor.executor.parallel:closing loop
[12.162s] DEBUG:colcon.colcon_parallel_executor.executor.parallel:loop closed
[12.164s] DEBUG:colcon.colcon_parallel_executor.executor.parallel:run_until_complete finished with '1'
[12.165s] DEBUG:colcon.colcon_core.event_reactor:joining thread
[12.213s] INFO:colcon.colcon_core.plugin_system:Skipping extension 'colcon_notification.desktop_notification.terminal_notifier': Not used on non-Darwin systems
[12.214s] INFO:colcon.colcon_core.plugin_system:Skipping extension 'colcon_notification.desktop_notification.win32': Not used on non-Windows systems
[12.215s] INFO:colcon.colcon_notification.desktop_notification:Sending desktop notification using 'notify2'
[12.330s] DEBUG:colcon.colcon_core.event_reactor:joined thread
[12.334s] INFO:colcon.colcon_core.shell:Creating prefix script '/home/ubuntu/PucksInDeep/rosHockey/install/local_setup.ps1'
[12.340s] INFO:colcon.colcon_core.shell:Creating prefix util module '/home/ubuntu/PucksInDeep/rosHockey/install/_local_setup_util_ps1.py'
[12.347s] INFO:colcon.colcon_core.shell:Creating prefix chain script '/home/ubuntu/PucksInDeep/rosHockey/install/setup.ps1'
[12.360s] INFO:colcon.colcon_core.shell:Creating prefix script '/home/ubuntu/PucksInDeep/rosHockey/install/local_setup.sh'
[12.364s] INFO:colcon.colcon_core.shell:Creating prefix util module '/home/ubuntu/PucksInDeep/rosHockey/install/_local_setup_util_sh.py'
[12.367s] INFO:colcon.colcon_core.shell:Creating prefix chain script '/home/ubuntu/PucksInDeep/rosHockey/install/setup.sh'
[12.378s] INFO:colcon.colcon_core.shell:Creating prefix script '/home/ubuntu/PucksInDeep/rosHockey/install/local_setup.bash'
[12.382s] INFO:colcon.colcon_core.shell:Creating prefix chain script '/home/ubuntu/PucksInDeep/rosHockey/install/setup.bash'
[12.392s] INFO:colcon.colcon_core.shell:Creating prefix script '/home/ubuntu/PucksInDeep/rosHockey/install/local_setup.zsh'
[12.396s] INFO:colcon.colcon_core.shell:Creating prefix chain script '/home/ubuntu/PucksInDeep/rosHockey/install/setup.zsh'
