[0.658s] DEBUG:colcon:Command line arguments: ['/usr/bin/colcon', 'build']
[0.658s] DEBUG:colcon:Parsed command line arguments: Namespace(allow_overriding=[], ament_cmake_args=None, base_paths=['.'], build_base='build', catkin_cmake_args=None, catkin_skip_building_tests=False, cmake_args=None, cmake_clean_cache=False, cmake_clean_first=False, cmake_force_configure=False, cmake_target=None, cmake_target_skip_unavailable=False, continue_on_error=False, event_handlers=None, executor='parallel', ignore_user_meta=False, install_base='install', log_base=None, log_level=None, main=<bound method BuildVerb.main of <colcon_core.verb.build.BuildVerb object at 0xffff7e3fa3d0>>, merge_install=False, metas=['./colcon.meta'], packages_above=None, packages_above_and_dependencies=None, packages_above_depth=None, packages_end=None, packages_ignore=None, packages_ignore_regex=None, packages_select=None, packages_select_build_failed=False, packages_select_by_dep=None, packages_select_regex=None, packages_select_test_failures=False, packages_skip=None, packages_skip_build_finished=False, packages_skip_by_dep=None, packages_skip_regex=None, packages_skip_test_passed=False, packages_skip_up_to=None, packages_start=None, packages_up_to=None, packages_up_to_regex=None, parallel_workers=4, paths=None, symlink_install=False, test_result_base=None, verb_extension=<colcon_core.verb.build.BuildVerb object at 0xffff7e3fa3d0>, verb_name='build', verb_parser=<colcon_defaults.argument_parser.defaults.DefaultArgumentsDecorator object at 0xffff7e3fa910>)
[0.680s] Level 1:colcon.colcon_core.package_discovery:discover_packages(colcon_meta) check parameters
[0.680s] Level 1:colcon.colcon_core.package_discovery:discover_packages(recursive) check parameters
[0.680s] Level 1:colcon.colcon_core.package_discovery:discover_packages(ignore) check parameters
[0.681s] Level 1:colcon.colcon_core.package_discovery:discover_packages(path) check parameters
[0.681s] Level 1:colcon.colcon_core.package_discovery:discover_packages(colcon_meta) discover
[0.681s] Level 1:colcon.colcon_core.package_discovery:discover_packages(recursive) discover
[0.681s] INFO:colcon.colcon_core.package_discovery:Crawling recursively for packages in '/home/ubuntu/PucksInDeep/RPi/rosHockey'
[0.682s] Level 1:colcon.colcon_core.package_identification:_identify(.) by extensions ['ignore', 'ignore_ament_install']
[0.682s] Level 1:colcon.colcon_core.package_identification:_identify(.) by extension 'ignore'
[0.683s] Level 1:colcon.colcon_core.package_identification:_identify(.) by extension 'ignore_ament_install'
[0.683s] Level 1:colcon.colcon_core.package_identification:_identify(.) by extensions ['colcon_pkg']
[0.683s] Level 1:colcon.colcon_core.package_identification:_identify(.) by extension 'colcon_pkg'
[0.683s] Level 1:colcon.colcon_core.package_identification:_identify(.) by extensions ['colcon_meta']
[0.684s] Level 1:colcon.colcon_core.package_identification:_identify(.) by extension 'colcon_meta'
[0.684s] Level 1:colcon.colcon_core.package_identification:_identify(.) by extensions ['ros']
[0.684s] Level 1:colcon.colcon_core.package_identification:_identify(.) by extension 'ros'
[0.738s] Level 1:colcon.colcon_core.package_identification:_identify(.) by extensions ['cmake', 'python']
[0.739s] Level 1:colcon.colcon_core.package_identification:_identify(.) by extension 'cmake'
[0.739s] Level 1:colcon.colcon_core.package_identification:_identify(.) by extension 'python'
[0.740s] Level 1:colcon.colcon_core.package_identification:_identify(.) by extensions ['python_setup_py']
[0.740s] Level 1:colcon.colcon_core.package_identification:_identify(.) by extension 'python_setup_py'
[0.741s] Level 1:colcon.colcon_core.package_identification:_identify(build) by extensions ['ignore', 'ignore_ament_install']
[0.741s] Level 1:colcon.colcon_core.package_identification:_identify(build) by extension 'ignore'
[0.742s] Level 1:colcon.colcon_core.package_identification:_identify(build) ignored
[0.743s] Level 1:colcon.colcon_core.package_identification:_identify(hockey_msgs) by extensions ['ignore', 'ignore_ament_install']
[0.743s] Level 1:colcon.colcon_core.package_identification:_identify(hockey_msgs) by extension 'ignore'
[0.743s] Level 1:colcon.colcon_core.package_identification:_identify(hockey_msgs) by extension 'ignore_ament_install'
[0.744s] Level 1:colcon.colcon_core.package_identification:_identify(hockey_msgs) by extensions ['colcon_pkg']
[0.744s] Level 1:colcon.colcon_core.package_identification:_identify(hockey_msgs) by extension 'colcon_pkg'
[0.744s] Level 1:colcon.colcon_core.package_identification:_identify(hockey_msgs) by extensions ['colcon_meta']
[0.744s] Level 1:colcon.colcon_core.package_identification:_identify(hockey_msgs) by extension 'colcon_meta'
[0.745s] Level 1:colcon.colcon_core.package_identification:_identify(hockey_msgs) by extensions ['ros']
[0.745s] Level 1:colcon.colcon_core.package_identification:_identify(hockey_msgs) by extension 'ros'
[0.755s] DEBUG:colcon.colcon_core.package_identification:Package 'hockey_msgs' with type 'ros.ament_cmake' and name 'hockey_msgs'
[0.756s] Level 1:colcon.colcon_core.package_identification:_identify(install) by extensions ['ignore', 'ignore_ament_install']
[0.756s] Level 1:colcon.colcon_core.package_identification:_identify(install) by extension 'ignore'
[0.757s] Level 1:colcon.colcon_core.package_identification:_identify(install) ignored
[0.757s] Level 1:colcon.colcon_core.package_identification:_identify(keyboard_control) by extensions ['ignore', 'ignore_ament_install']
[0.758s] Level 1:colcon.colcon_core.package_identification:_identify(keyboard_control) by extension 'ignore'
[0.758s] Level 1:colcon.colcon_core.package_identification:_identify(keyboard_control) by extension 'ignore_ament_install'
[0.758s] Level 1:colcon.colcon_core.package_identification:_identify(keyboard_control) by extensions ['colcon_pkg']
[0.758s] Level 1:colcon.colcon_core.package_identification:_identify(keyboard_control) by extension 'colcon_pkg'
[0.758s] Level 1:colcon.colcon_core.package_identification:_identify(keyboard_control) by extensions ['colcon_meta']
[0.759s] Level 1:colcon.colcon_core.package_identification:_identify(keyboard_control) by extension 'colcon_meta'
[0.759s] Level 1:colcon.colcon_core.package_identification:_identify(keyboard_control) by extensions ['ros']
[0.759s] Level 1:colcon.colcon_core.package_identification:_identify(keyboard_control) by extension 'ros'
[0.761s] DEBUG:colcon.colcon_core.package_identification:Package 'keyboard_control' with type 'ros.ament_python' and name 'keyboard_control'
[0.762s] Level 1:colcon.colcon_core.package_identification:_identify(log) by extensions ['ignore', 'ignore_ament_install']
[0.763s] Level 1:colcon.colcon_core.package_identification:_identify(log) by extension 'ignore'
[0.763s] Level 1:colcon.colcon_core.package_identification:_identify(log) ignored
[0.763s] Level 1:colcon.colcon_core.package_identification:_identify(position_publisher) by extensions ['ignore', 'ignore_ament_install']
[0.764s] Level 1:colcon.colcon_core.package_identification:_identify(position_publisher) by extension 'ignore'
[0.764s] Level 1:colcon.colcon_core.package_identification:_identify(position_publisher) by extension 'ignore_ament_install'
[0.764s] Level 1:colcon.colcon_core.package_identification:_identify(position_publisher) by extensions ['colcon_pkg']
[0.764s] Level 1:colcon.colcon_core.package_identification:_identify(position_publisher) by extension 'colcon_pkg'
[0.765s] Level 1:colcon.colcon_core.package_identification:_identify(position_publisher) by extensions ['colcon_meta']
[0.765s] Level 1:colcon.colcon_core.package_identification:_identify(position_publisher) by extension 'colcon_meta'
[0.765s] Level 1:colcon.colcon_core.package_identification:_identify(position_publisher) by extensions ['ros']
[0.765s] Level 1:colcon.colcon_core.package_identification:_identify(position_publisher) by extension 'ros'
[0.767s] DEBUG:colcon.colcon_core.package_identification:Package 'position_publisher' with type 'ros.ament_python' and name 'position_publisher'
[0.768s] Level 1:colcon.colcon_core.package_identification:_identify(puck_tracker) by extensions ['ignore', 'ignore_ament_install']
[0.769s] Level 1:colcon.colcon_core.package_identification:_identify(puck_tracker) by extension 'ignore'
[0.769s] Level 1:colcon.colcon_core.package_identification:_identify(puck_tracker) by extension 'ignore_ament_install'
[0.770s] Level 1:colcon.colcon_core.package_identification:_identify(puck_tracker) by extensions ['colcon_pkg']
[0.770s] Level 1:colcon.colcon_core.package_identification:_identify(puck_tracker) by extension 'colcon_pkg'
[0.770s] Level 1:colcon.colcon_core.package_identification:_identify(puck_tracker) by extensions ['colcon_meta']
[0.770s] Level 1:colcon.colcon_core.package_identification:_identify(puck_tracker) by extension 'colcon_meta'
[0.770s] Level 1:colcon.colcon_core.package_identification:_identify(puck_tracker) by extensions ['ros']
[0.771s] Level 1:colcon.colcon_core.package_identification:_identify(puck_tracker) by extension 'ros'
[0.773s] DEBUG:colcon.colcon_core.package_identification:Package 'puck_tracker' with type 'ros.ament_python' and name 'puck_tracker'
[0.773s] Level 1:colcon.colcon_core.package_identification:_identify(visualizer) by extensions ['ignore', 'ignore_ament_install']
[0.774s] Level 1:colcon.colcon_core.package_identification:_identify(visualizer) by extension 'ignore'
[0.774s] Level 1:colcon.colcon_core.package_identification:_identify(visualizer) by extension 'ignore_ament_install'
[0.774s] Level 1:colcon.colcon_core.package_identification:_identify(visualizer) by extensions ['colcon_pkg']
[0.774s] Level 1:colcon.colcon_core.package_identification:_identify(visualizer) by extension 'colcon_pkg'
[0.775s] Level 1:colcon.colcon_core.package_identification:_identify(visualizer) by extensions ['colcon_meta']
[0.775s] Level 1:colcon.colcon_core.package_identification:_identify(visualizer) by extension 'colcon_meta'
[0.775s] Level 1:colcon.colcon_core.package_identification:_identify(visualizer) by extensions ['ros']
[0.775s] Level 1:colcon.colcon_core.package_identification:_identify(visualizer) by extension 'ros'
[0.777s] DEBUG:colcon.colcon_core.package_identification:Package 'visualizer' with type 'ros.ament_python' and name 'visualizer'
[0.778s] Level 1:colcon.colcon_core.package_discovery:discover_packages(recursive) using defaults
[0.778s] Level 1:colcon.colcon_core.package_discovery:discover_packages(ignore) discover
[0.778s] Level 1:colcon.colcon_core.package_discovery:discover_packages(ignore) using defaults
[0.778s] Level 1:colcon.colcon_core.package_discovery:discover_packages(path) discover
[0.778s] Level 1:colcon.colcon_core.package_discovery:discover_packages(path) using defaults
[0.858s] Level 5:colcon.colcon_core.verb:set package 'hockey_msgs' build argument 'cmake_args' from command line to 'None'
[0.859s] Level 5:colcon.colcon_core.verb:set package 'hockey_msgs' build argument 'cmake_target' from command line to 'None'
[0.859s] Level 5:colcon.colcon_core.verb:set package 'hockey_msgs' build argument 'cmake_target_skip_unavailable' from command line to 'False'
[0.859s] Level 5:colcon.colcon_core.verb:set package 'hockey_msgs' build argument 'cmake_clean_cache' from command line to 'False'
[0.859s] Level 5:colcon.colcon_core.verb:set package 'hockey_msgs' build argument 'cmake_clean_first' from command line to 'False'
[0.859s] Level 5:colcon.colcon_core.verb:set package 'hockey_msgs' build argument 'cmake_force_configure' from command line to 'False'
[0.859s] Level 5:colcon.colcon_core.verb:set package 'hockey_msgs' build argument 'ament_cmake_args' from command line to 'None'
[0.860s] Level 5:colcon.colcon_core.verb:set package 'hockey_msgs' build argument 'catkin_cmake_args' from command line to 'None'
[0.860s] Level 5:colcon.colcon_core.verb:set package 'hockey_msgs' build argument 'catkin_skip_building_tests' from command line to 'False'
[0.860s] DEBUG:colcon.colcon_core.verb:Building package 'hockey_msgs' with the following arguments: {'ament_cmake_args': None, 'build_base': '/home/ubuntu/PucksInDeep/RPi/rosHockey/build/hockey_msgs', 'catkin_cmake_args': None, 'catkin_skip_building_tests': False, 'cmake_args': None, 'cmake_clean_cache': False, 'cmake_clean_first': False, 'cmake_force_configure': False, 'cmake_target': None, 'cmake_target_skip_unavailable': False, 'install_base': '/home/ubuntu/PucksInDeep/RPi/rosHockey/install/hockey_msgs', 'merge_install': False, 'path': '/home/ubuntu/PucksInDeep/RPi/rosHockey/hockey_msgs', 'symlink_install': False, 'test_result_base': None}
[0.863s] Level 5:colcon.colcon_core.verb:set package 'keyboard_control' build argument 'cmake_args' from command line to 'None'
[0.864s] Level 5:colcon.colcon_core.verb:set package 'keyboard_control' build argument 'cmake_target' from command line to 'None'
[0.864s] Level 5:colcon.colcon_core.verb:set package 'keyboard_control' build argument 'cmake_target_skip_unavailable' from command line to 'False'
[0.864s] Level 5:colcon.colcon_core.verb:set package 'keyboard_control' build argument 'cmake_clean_cache' from command line to 'False'
[0.864s] Level 5:colcon.colcon_core.verb:set package 'keyboard_control' build argument 'cmake_clean_first' from command line to 'False'
[0.864s] Level 5:colcon.colcon_core.verb:set package 'keyboard_control' build argument 'cmake_force_configure' from command line to 'False'
[0.864s] Level 5:colcon.colcon_core.verb:set package 'keyboard_control' build argument 'ament_cmake_args' from command line to 'None'
[0.864s] Level 5:colcon.colcon_core.verb:set package 'keyboard_control' build argument 'catkin_cmake_args' from command line to 'None'
[0.864s] Level 5:colcon.colcon_core.verb:set package 'keyboard_control' build argument 'catkin_skip_building_tests' from command line to 'False'
[0.865s] DEBUG:colcon.colcon_core.verb:Building package 'keyboard_control' with the following arguments: {'ament_cmake_args': None, 'build_base': '/home/ubuntu/PucksInDeep/RPi/rosHockey/build/keyboard_control', 'catkin_cmake_args': None, 'catkin_skip_building_tests': False, 'cmake_args': None, 'cmake_clean_cache': False, 'cmake_clean_first': False, 'cmake_force_configure': False, 'cmake_target': None, 'cmake_target_skip_unavailable': False, 'install_base': '/home/ubuntu/PucksInDeep/RPi/rosHockey/install/keyboard_control', 'merge_install': False, 'path': '/home/ubuntu/PucksInDeep/RPi/rosHockey/keyboard_control', 'symlink_install': False, 'test_result_base': None}
[0.868s] Level 5:colcon.colcon_core.verb:set package 'position_publisher' build argument 'cmake_args' from command line to 'None'
[0.868s] Level 5:colcon.colcon_core.verb:set package 'position_publisher' build argument 'cmake_target' from command line to 'None'
[0.868s] Level 5:colcon.colcon_core.verb:set package 'position_publisher' build argument 'cmake_target_skip_unavailable' from command line to 'False'
[0.868s] Level 5:colcon.colcon_core.verb:set package 'position_publisher' build argument 'cmake_clean_cache' from command line to 'False'
[0.869s] Level 5:colcon.colcon_core.verb:set package 'position_publisher' build argument 'cmake_clean_first' from command line to 'False'
[0.869s] Level 5:colcon.colcon_core.verb:set package 'position_publisher' build argument 'cmake_force_configure' from command line to 'False'
[0.869s] Level 5:colcon.colcon_core.verb:set package 'position_publisher' build argument 'ament_cmake_args' from command line to 'None'
[0.869s] Level 5:colcon.colcon_core.verb:set package 'position_publisher' build argument 'catkin_cmake_args' from command line to 'None'
[0.869s] Level 5:colcon.colcon_core.verb:set package 'position_publisher' build argument 'catkin_skip_building_tests' from command line to 'False'
[0.869s] DEBUG:colcon.colcon_core.verb:Building package 'position_publisher' with the following arguments: {'ament_cmake_args': None, 'build_base': '/home/ubuntu/PucksInDeep/RPi/rosHockey/build/position_publisher', 'catkin_cmake_args': None, 'catkin_skip_building_tests': False, 'cmake_args': None, 'cmake_clean_cache': False, 'cmake_clean_first': False, 'cmake_force_configure': False, 'cmake_target': None, 'cmake_target_skip_unavailable': False, 'install_base': '/home/ubuntu/PucksInDeep/RPi/rosHockey/install/position_publisher', 'merge_install': False, 'path': '/home/ubuntu/PucksInDeep/RPi/rosHockey/position_publisher', 'symlink_install': False, 'test_result_base': None}
[0.872s] Level 5:colcon.colcon_core.verb:set package 'puck_tracker' build argument 'cmake_args' from command line to 'None'
[0.873s] Level 5:colcon.colcon_core.verb:set package 'puck_tracker' build argument 'cmake_target' from command line to 'None'
[0.873s] Level 5:colcon.colcon_core.verb:set package 'puck_tracker' build argument 'cmake_target_skip_unavailable' from command line to 'False'
[0.873s] Level 5:colcon.colcon_core.verb:set package 'puck_tracker' build argument 'cmake_clean_cache' from command line to 'False'
[0.873s] Level 5:colcon.colcon_core.verb:set package 'puck_tracker' build argument 'cmake_clean_first' from command line to 'False'
[0.873s] Level 5:colcon.colcon_core.verb:set package 'puck_tracker' build argument 'cmake_force_configure' from command line to 'False'
[0.873s] Level 5:colcon.colcon_core.verb:set package 'puck_tracker' build argument 'ament_cmake_args' from command line to 'None'
[0.874s] Level 5:colcon.colcon_core.verb:set package 'puck_tracker' build argument 'catkin_cmake_args' from command line to 'None'
[0.874s] Level 5:colcon.colcon_core.verb:set package 'puck_tracker' build argument 'catkin_skip_building_tests' from command line to 'False'
[0.874s] DEBUG:colcon.colcon_core.verb:Building package 'puck_tracker' with the following arguments: {'ament_cmake_args': None, 'build_base': '/home/ubuntu/PucksInDeep/RPi/rosHockey/build/puck_tracker', 'catkin_cmake_args': None, 'catkin_skip_building_tests': False, 'cmake_args': None, 'cmake_clean_cache': False, 'cmake_clean_first': False, 'cmake_force_configure': False, 'cmake_target': None, 'cmake_target_skip_unavailable': False, 'install_base': '/home/ubuntu/PucksInDeep/RPi/rosHockey/install/puck_tracker', 'merge_install': False, 'path': '/home/ubuntu/PucksInDeep/RPi/rosHockey/puck_tracker', 'symlink_install': False, 'test_result_base': None}
[0.877s] Level 5:colcon.colcon_core.verb:set package 'visualizer' build argument 'cmake_args' from command line to 'None'
[0.877s] Level 5:colcon.colcon_core.verb:set package 'visualizer' build argument 'cmake_target' from command line to 'None'
[0.877s] Level 5:colcon.colcon_core.verb:set package 'visualizer' build argument 'cmake_target_skip_unavailable' from command line to 'False'
[0.877s] Level 5:colcon.colcon_core.verb:set package 'visualizer' build argument 'cmake_clean_cache' from command line to 'False'
[0.878s] Level 5:colcon.colcon_core.verb:set package 'visualizer' build argument 'cmake_clean_first' from command line to 'False'
[0.878s] Level 5:colcon.colcon_core.verb:set package 'visualizer' build argument 'cmake_force_configure' from command line to 'False'
[0.878s] Level 5:colcon.colcon_core.verb:set package 'visualizer' build argument 'ament_cmake_args' from command line to 'None'
[0.878s] Level 5:colcon.colcon_core.verb:set package 'visualizer' build argument 'catkin_cmake_args' from command line to 'None'
[0.878s] Level 5:colcon.colcon_core.verb:set package 'visualizer' build argument 'catkin_skip_building_tests' from command line to 'False'
[0.878s] DEBUG:colcon.colcon_core.verb:Building package 'visualizer' with the following arguments: {'ament_cmake_args': None, 'build_base': '/home/ubuntu/PucksInDeep/RPi/rosHockey/build/visualizer', 'catkin_cmake_args': None, 'catkin_skip_building_tests': False, 'cmake_args': None, 'cmake_clean_cache': False, 'cmake_clean_first': False, 'cmake_force_configure': False, 'cmake_target': None, 'cmake_target_skip_unavailable': False, 'install_base': '/home/ubuntu/PucksInDeep/RPi/rosHockey/install/visualizer', 'merge_install': False, 'path': '/home/ubuntu/PucksInDeep/RPi/rosHockey/visualizer', 'symlink_install': False, 'test_result_base': None}
[0.896s] INFO:colcon.colcon_core.executor:Executing jobs using 'parallel' executor
[0.908s] DEBUG:colcon.colcon_parallel_executor.executor.parallel:run_until_complete
[0.909s] INFO:colcon.colcon_ros.task.ament_cmake.build:Building ROS package in '/home/ubuntu/PucksInDeep/RPi/rosHockey/hockey_msgs' with build type 'ament_cmake'
[0.910s] INFO:colcon.colcon_cmake.task.cmake.build:Building CMake package in '/home/ubuntu/PucksInDeep/RPi/rosHockey/hockey_msgs'
[0.930s] INFO:colcon.colcon_core.plugin_system:Skipping extension 'colcon_core.shell.bat': Not used on non-Windows systems
[0.931s] INFO:colcon.colcon_core.shell:Skip shell extension 'powershell' for command environment: Not usable outside of PowerShell
[0.931s] DEBUG:colcon.colcon_core.shell:Skip shell extension 'dsv' for command environment
[0.966s] INFO:colcon.colcon_ros.task.ament_python.build:Building ROS package in '/home/ubuntu/PucksInDeep/RPi/rosHockey/keyboard_control' with build type 'ament_python'
[0.968s] Level 1:colcon.colcon_core.shell:create_environment_hook('keyboard_control', 'ament_prefix_path')
[0.971s] INFO:colcon.colcon_core.shell:Creating environment hook '/home/ubuntu/PucksInDeep/RPi/rosHockey/install/keyboard_control/share/keyboard_control/hook/ament_prefix_path.ps1'
[0.975s] INFO:colcon.colcon_core.shell:Creating environment descriptor '/home/ubuntu/PucksInDeep/RPi/rosHockey/install/keyboard_control/share/keyboard_control/hook/ament_prefix_path.dsv'
[0.977s] INFO:colcon.colcon_core.shell:Creating environment hook '/home/ubuntu/PucksInDeep/RPi/rosHockey/install/keyboard_control/share/keyboard_control/hook/ament_prefix_path.sh'
[0.984s] INFO:colcon.colcon_core.shell:Skip shell extension 'powershell' for command environment: Not usable outside of PowerShell
[0.985s] DEBUG:colcon.colcon_core.shell:Skip shell extension 'dsv' for command environment
[1.017s] INFO:colcon.colcon_ros.task.ament_python.build:Building ROS package in '/home/ubuntu/PucksInDeep/RPi/rosHockey/position_publisher' with build type 'ament_python'
[1.020s] Level 1:colcon.colcon_core.shell:create_environment_hook('position_publisher', 'ament_prefix_path')
[1.023s] INFO:colcon.colcon_core.shell:Creating environment hook '/home/ubuntu/PucksInDeep/RPi/rosHockey/install/position_publisher/share/position_publisher/hook/ament_prefix_path.ps1'
[1.027s] INFO:colcon.colcon_core.shell:Creating environment descriptor '/home/ubuntu/PucksInDeep/RPi/rosHockey/install/position_publisher/share/position_publisher/hook/ament_prefix_path.dsv'
[1.030s] INFO:colcon.colcon_core.shell:Creating environment hook '/home/ubuntu/PucksInDeep/RPi/rosHockey/install/position_publisher/share/position_publisher/hook/ament_prefix_path.sh'
[1.035s] INFO:colcon.colcon_core.shell:Skip shell extension 'powershell' for command environment: Not usable outside of PowerShell
[1.037s] DEBUG:colcon.colcon_core.shell:Skip shell extension 'dsv' for command environment
[1.063s] INFO:colcon.colcon_ros.task.ament_python.build:Building ROS package in '/home/ubuntu/PucksInDeep/RPi/rosHockey/puck_tracker' with build type 'ament_python'
[1.067s] Level 1:colcon.colcon_core.shell:create_environment_hook('puck_tracker', 'ament_prefix_path')
[1.072s] INFO:colcon.colcon_core.shell:Creating environment hook '/home/ubuntu/PucksInDeep/RPi/rosHockey/install/puck_tracker/share/puck_tracker/hook/ament_prefix_path.ps1'
[1.075s] INFO:colcon.colcon_core.shell:Creating environment descriptor '/home/ubuntu/PucksInDeep/RPi/rosHockey/install/puck_tracker/share/puck_tracker/hook/ament_prefix_path.dsv'
[1.080s] INFO:colcon.colcon_core.shell:Creating environment hook '/home/ubuntu/PucksInDeep/RPi/rosHockey/install/puck_tracker/share/puck_tracker/hook/ament_prefix_path.sh'
[1.087s] INFO:colcon.colcon_core.shell:Skip shell extension 'powershell' for command environment: Not usable outside of PowerShell
[1.089s] DEBUG:colcon.colcon_core.shell:Skip shell extension 'dsv' for command environment
[1.147s] DEBUG:colcon.colcon_core.event_handler.log_command:Invoking command in '/home/ubuntu/PucksInDeep/RPi/rosHockey/build/hockey_msgs': CMAKE_PREFIX_PATH=/opt/ros/foxy /usr/bin/cmake /home/ubuntu/PucksInDeep/RPi/rosHockey/hockey_msgs -DCMAKE_INSTALL_PREFIX=/home/ubuntu/PucksInDeep/RPi/rosHockey/install/hockey_msgs
[3.128s] INFO:colcon.colcon_core.task.python.build:Building Python package in '/home/ubuntu/PucksInDeep/RPi/rosHockey/keyboard_control'
[3.131s] INFO:colcon.colcon_core.shell:Skip shell extension 'powershell' for command environment: Not usable outside of PowerShell
[3.131s] DEBUG:colcon.colcon_core.shell:Skip shell extension 'dsv' for command environment
[5.132s] INFO:colcon.colcon_core.task.python.build:Building Python package in '/home/ubuntu/PucksInDeep/RPi/rosHockey/position_publisher'
[5.135s] INFO:colcon.colcon_core.shell:Skip shell extension 'powershell' for command environment: Not usable outside of PowerShell
[5.136s] DEBUG:colcon.colcon_core.shell:Skip shell extension 'dsv' for command environment
[6.378s] INFO:colcon.colcon_core.task.python.build:Building Python package in '/home/ubuntu/PucksInDeep/RPi/rosHockey/puck_tracker'
[6.382s] INFO:colcon.colcon_core.shell:Skip shell extension 'powershell' for command environment: Not usable outside of PowerShell
[6.382s] DEBUG:colcon.colcon_core.shell:Skip shell extension 'dsv' for command environment
[9.251s] DEBUG:colcon.colcon_core.event_handler.log_command:Invoking command in '/home/ubuntu/PucksInDeep/RPi/rosHockey/keyboard_control': PYTHONPATH=/home/ubuntu/PucksInDeep/RPi/rosHockey/install/keyboard_control/lib/python3.8/site-packages:${PYTHONPATH} /usr/bin/python3 setup.py egg_info --egg-base ../build/keyboard_control build --build-base /home/ubuntu/PucksInDeep/RPi/rosHockey/build/keyboard_control/build install --prefix /home/ubuntu/PucksInDeep/RPi/rosHockey/install/keyboard_control --record /home/ubuntu/PucksInDeep/RPi/rosHockey/build/keyboard_control/install.log --single-version-externally-managed
[9.374s] DEBUG:colcon.colcon_core.event_handler.log_command:Invoking command in '/home/ubuntu/PucksInDeep/RPi/rosHockey/position_publisher': PYTHONPATH=/home/ubuntu/PucksInDeep/RPi/rosHockey/install/position_publisher/lib/python3.8/site-packages:${PYTHONPATH} /usr/bin/python3 setup.py egg_info --egg-base ../build/position_publisher build --build-base /home/ubuntu/PucksInDeep/RPi/rosHockey/build/position_publisher/build install --prefix /home/ubuntu/PucksInDeep/RPi/rosHockey/install/position_publisher --record /home/ubuntu/PucksInDeep/RPi/rosHockey/build/position_publisher/install.log --single-version-externally-managed
[9.421s] DEBUG:colcon.colcon_core.event_handler.log_command:Invoking command in '/home/ubuntu/PucksInDeep/RPi/rosHockey/puck_tracker': PYTHONPATH=/home/ubuntu/PucksInDeep/RPi/rosHockey/install/puck_tracker/lib/python3.8/site-packages:${PYTHONPATH} /usr/bin/python3 setup.py egg_info --egg-base ../build/puck_tracker build --build-base /home/ubuntu/PucksInDeep/RPi/rosHockey/build/puck_tracker/build install --prefix /home/ubuntu/PucksInDeep/RPi/rosHockey/install/puck_tracker --record /home/ubuntu/PucksInDeep/RPi/rosHockey/build/puck_tracker/install.log --single-version-externally-managed
[12.147s] DEBUG:colcon.colcon_core.event_handler.log_command:Invoked command in '/home/ubuntu/PucksInDeep/RPi/rosHockey/build/hockey_msgs' returned '0': CMAKE_PREFIX_PATH=/opt/ros/foxy /usr/bin/cmake /home/ubuntu/PucksInDeep/RPi/rosHockey/hockey_msgs -DCMAKE_INSTALL_PREFIX=/home/ubuntu/PucksInDeep/RPi/rosHockey/install/hockey_msgs
[12.173s] DEBUG:colcon.colcon_core.event_handler.log_command:Invoking command in '/home/ubuntu/PucksInDeep/RPi/rosHockey/build/hockey_msgs': CMAKE_PREFIX_PATH=/opt/ros/foxy /usr/bin/cmake --build /home/ubuntu/PucksInDeep/RPi/rosHockey/build/hockey_msgs -- -j4 -l4
[12.433s] DEBUG:colcon.colcon_core.event_handler.log_command:Invoked command in '/home/ubuntu/PucksInDeep/RPi/rosHockey/keyboard_control' returned '0': PYTHONPATH=/home/ubuntu/PucksInDeep/RPi/rosHockey/install/keyboard_control/lib/python3.8/site-packages:${PYTHONPATH} /usr/bin/python3 setup.py egg_info --egg-base ../build/keyboard_control build --build-base /home/ubuntu/PucksInDeep/RPi/rosHockey/build/keyboard_control/build install --prefix /home/ubuntu/PucksInDeep/RPi/rosHockey/install/keyboard_control --record /home/ubuntu/PucksInDeep/RPi/rosHockey/build/keyboard_control/install.log --single-version-externally-managed
[12.482s] Level 1:colcon.colcon_core.environment:checking '/home/ubuntu/PucksInDeep/RPi/rosHockey/install/keyboard_control' for CMake module files
[12.492s] Level 1:colcon.colcon_core.environment:checking '/home/ubuntu/PucksInDeep/RPi/rosHockey/install/keyboard_control' for CMake config files
[12.514s] Level 1:colcon.colcon_core.environment:checking '/home/ubuntu/PucksInDeep/RPi/rosHockey/install/keyboard_control/lib'
[12.516s] Level 1:colcon.colcon_core.environment:checking '/home/ubuntu/PucksInDeep/RPi/rosHockey/install/keyboard_control/bin'
[12.517s] Level 1:colcon.colcon_core.environment:checking '/home/ubuntu/PucksInDeep/RPi/rosHockey/install/keyboard_control/lib/pkgconfig/keyboard_control.pc'
[12.519s] Level 1:colcon.colcon_core.environment:checking '/home/ubuntu/PucksInDeep/RPi/rosHockey/install/keyboard_control/lib/python3.8/site-packages'
[12.521s] Level 1:colcon.colcon_core.shell:create_environment_hook('keyboard_control', 'pythonpath')
[12.524s] INFO:colcon.colcon_core.shell:Creating environment hook '/home/ubuntu/PucksInDeep/RPi/rosHockey/install/keyboard_control/share/keyboard_control/hook/pythonpath.ps1'
[12.531s] INFO:colcon.colcon_core.shell:Creating environment descriptor '/home/ubuntu/PucksInDeep/RPi/rosHockey/install/keyboard_control/share/keyboard_control/hook/pythonpath.dsv'
[12.543s] INFO:colcon.colcon_core.shell:Creating environment hook '/home/ubuntu/PucksInDeep/RPi/rosHockey/install/keyboard_control/share/keyboard_control/hook/pythonpath.sh'
[12.560s] Level 1:colcon.colcon_core.environment:create_environment_scripts_only(keyboard_control)
[12.566s] INFO:colcon.colcon_core.shell:Creating package script '/home/ubuntu/PucksInDeep/RPi/rosHockey/install/keyboard_control/share/keyboard_control/package.ps1'
[12.606s] INFO:colcon.colcon_core.shell:Creating package descriptor '/home/ubuntu/PucksInDeep/RPi/rosHockey/install/keyboard_control/share/keyboard_control/package.dsv'
[12.612s] INFO:colcon.colcon_core.shell:Creating package script '/home/ubuntu/PucksInDeep/RPi/rosHockey/install/keyboard_control/share/keyboard_control/package.sh'
[12.638s] INFO:colcon.colcon_core.shell:Creating package script '/home/ubuntu/PucksInDeep/RPi/rosHockey/install/keyboard_control/share/keyboard_control/package.bash'
[12.644s] INFO:colcon.colcon_core.shell:Creating package script '/home/ubuntu/PucksInDeep/RPi/rosHockey/install/keyboard_control/share/keyboard_control/package.zsh'
[12.662s] Level 1:colcon.colcon_core.environment:create_file_with_runtime_dependencies(/home/ubuntu/PucksInDeep/RPi/rosHockey/install/keyboard_control/share/colcon-core/packages/keyboard_control)
[12.675s] INFO:colcon.colcon_ros.task.ament_python.build:Building ROS package in '/home/ubuntu/PucksInDeep/RPi/rosHockey/visualizer' with build type 'ament_python'
[12.678s] Level 1:colcon.colcon_core.shell:create_environment_hook('visualizer', 'ament_prefix_path')
[12.682s] INFO:colcon.colcon_core.shell:Creating environment hook '/home/ubuntu/PucksInDeep/RPi/rosHockey/install/visualizer/share/visualizer/hook/ament_prefix_path.ps1'
[12.689s] INFO:colcon.colcon_core.shell:Creating environment descriptor '/home/ubuntu/PucksInDeep/RPi/rosHockey/install/visualizer/share/visualizer/hook/ament_prefix_path.dsv'
[12.692s] INFO:colcon.colcon_core.shell:Creating environment hook '/home/ubuntu/PucksInDeep/RPi/rosHockey/install/visualizer/share/visualizer/hook/ament_prefix_path.sh'
[12.707s] INFO:colcon.colcon_core.shell:Skip shell extension 'powershell' for command environment: Not usable outside of PowerShell
[12.709s] DEBUG:colcon.colcon_core.shell:Skip shell extension 'dsv' for command environment
[12.767s] DEBUG:colcon.colcon_core.event_handler.log_command:Invoked command in '/home/ubuntu/PucksInDeep/RPi/rosHockey/puck_tracker' returned '0': PYTHONPATH=/home/ubuntu/PucksInDeep/RPi/rosHockey/install/puck_tracker/lib/python3.8/site-packages:${PYTHONPATH} /usr/bin/python3 setup.py egg_info --egg-base ../build/puck_tracker build --build-base /home/ubuntu/PucksInDeep/RPi/rosHockey/build/puck_tracker/build install --prefix /home/ubuntu/PucksInDeep/RPi/rosHockey/install/puck_tracker --record /home/ubuntu/PucksInDeep/RPi/rosHockey/build/puck_tracker/install.log --single-version-externally-managed
[12.775s] Level 1:colcon.colcon_core.environment:checking '/home/ubuntu/PucksInDeep/RPi/rosHockey/install/puck_tracker' for CMake module files
[12.778s] Level 1:colcon.colcon_core.environment:checking '/home/ubuntu/PucksInDeep/RPi/rosHockey/install/puck_tracker' for CMake config files
[12.784s] Level 1:colcon.colcon_core.environment:checking '/home/ubuntu/PucksInDeep/RPi/rosHockey/install/puck_tracker/lib'
[12.787s] Level 1:colcon.colcon_core.environment:checking '/home/ubuntu/PucksInDeep/RPi/rosHockey/install/puck_tracker/bin'
[12.788s] Level 1:colcon.colcon_core.environment:checking '/home/ubuntu/PucksInDeep/RPi/rosHockey/install/puck_tracker/lib/pkgconfig/puck_tracker.pc'
[12.789s] Level 1:colcon.colcon_core.environment:checking '/home/ubuntu/PucksInDeep/RPi/rosHockey/install/puck_tracker/lib/python3.8/site-packages'
[12.793s] Level 1:colcon.colcon_core.shell:create_environment_hook('puck_tracker', 'pythonpath')
[12.801s] INFO:colcon.colcon_core.shell:Creating environment hook '/home/ubuntu/PucksInDeep/RPi/rosHockey/install/puck_tracker/share/puck_tracker/hook/pythonpath.ps1'
[12.806s] INFO:colcon.colcon_core.shell:Creating environment descriptor '/home/ubuntu/PucksInDeep/RPi/rosHockey/install/puck_tracker/share/puck_tracker/hook/pythonpath.dsv'
[12.821s] INFO:colcon.colcon_core.shell:Creating environment hook '/home/ubuntu/PucksInDeep/RPi/rosHockey/install/puck_tracker/share/puck_tracker/hook/pythonpath.sh'
[12.824s] Level 1:colcon.colcon_core.environment:create_environment_scripts_only(puck_tracker)
[12.828s] INFO:colcon.colcon_core.shell:Creating package script '/home/ubuntu/PucksInDeep/RPi/rosHockey/install/puck_tracker/share/puck_tracker/package.ps1'
[12.832s] INFO:colcon.colcon_core.shell:Creating package descriptor '/home/ubuntu/PucksInDeep/RPi/rosHockey/install/puck_tracker/share/puck_tracker/package.dsv'
[12.837s] INFO:colcon.colcon_core.shell:Creating package script '/home/ubuntu/PucksInDeep/RPi/rosHockey/install/puck_tracker/share/puck_tracker/package.sh'
[12.842s] INFO:colcon.colcon_core.shell:Creating package script '/home/ubuntu/PucksInDeep/RPi/rosHockey/install/puck_tracker/share/puck_tracker/package.bash'
[12.844s] INFO:colcon.colcon_core.shell:Creating package script '/home/ubuntu/PucksInDeep/RPi/rosHockey/install/puck_tracker/share/puck_tracker/package.zsh'
[12.847s] Level 1:colcon.colcon_core.environment:create_file_with_runtime_dependencies(/home/ubuntu/PucksInDeep/RPi/rosHockey/install/puck_tracker/share/colcon-core/packages/puck_tracker)
[12.862s] DEBUG:colcon.colcon_core.event_handler.log_command:Invoked command in '/home/ubuntu/PucksInDeep/RPi/rosHockey/position_publisher' returned '0': PYTHONPATH=/home/ubuntu/PucksInDeep/RPi/rosHockey/install/position_publisher/lib/python3.8/site-packages:${PYTHONPATH} /usr/bin/python3 setup.py egg_info --egg-base ../build/position_publisher build --build-base /home/ubuntu/PucksInDeep/RPi/rosHockey/build/position_publisher/build install --prefix /home/ubuntu/PucksInDeep/RPi/rosHockey/install/position_publisher --record /home/ubuntu/PucksInDeep/RPi/rosHockey/build/position_publisher/install.log --single-version-externally-managed
[12.860s] Level 1:colcon.colcon_core.environment:checking '/home/ubuntu/PucksInDeep/RPi/rosHockey/install/position_publisher' for CMake module files
[12.866s] Level 1:colcon.colcon_core.environment:checking '/home/ubuntu/PucksInDeep/RPi/rosHockey/install/position_publisher' for CMake config files
[12.875s] Level 1:colcon.colcon_core.environment:checking '/home/ubuntu/PucksInDeep/RPi/rosHockey/install/position_publisher/lib'
[12.876s] Level 1:colcon.colcon_core.environment:checking '/home/ubuntu/PucksInDeep/RPi/rosHockey/install/position_publisher/bin'
[12.877s] Level 1:colcon.colcon_core.environment:checking '/home/ubuntu/PucksInDeep/RPi/rosHockey/install/position_publisher/lib/pkgconfig/position_publisher.pc'
[12.878s] Level 1:colcon.colcon_core.environment:checking '/home/ubuntu/PucksInDeep/RPi/rosHockey/install/position_publisher/lib/python3.8/site-packages'
[12.879s] Level 1:colcon.colcon_core.shell:create_environment_hook('position_publisher', 'pythonpath')
[12.882s] INFO:colcon.colcon_core.shell:Creating environment hook '/home/ubuntu/PucksInDeep/RPi/rosHockey/install/position_publisher/share/position_publisher/hook/pythonpath.ps1'
[12.914s] INFO:colcon.colcon_core.shell:Creating environment descriptor '/home/ubuntu/PucksInDeep/RPi/rosHockey/install/position_publisher/share/position_publisher/hook/pythonpath.dsv'
[12.917s] INFO:colcon.colcon_core.shell:Creating environment hook '/home/ubuntu/PucksInDeep/RPi/rosHockey/install/position_publisher/share/position_publisher/hook/pythonpath.sh'
[12.921s] Level 1:colcon.colcon_core.environment:create_environment_scripts_only(position_publisher)
[12.924s] INFO:colcon.colcon_core.shell:Creating package script '/home/ubuntu/PucksInDeep/RPi/rosHockey/install/position_publisher/share/position_publisher/package.ps1'
[12.932s] INFO:colcon.colcon_core.shell:Creating package descriptor '/home/ubuntu/PucksInDeep/RPi/rosHockey/install/position_publisher/share/position_publisher/package.dsv'
[12.970s] INFO:colcon.colcon_core.shell:Creating package script '/home/ubuntu/PucksInDeep/RPi/rosHockey/install/position_publisher/share/position_publisher/package.sh'
[12.984s] INFO:colcon.colcon_core.shell:Creating package script '/home/ubuntu/PucksInDeep/RPi/rosHockey/install/position_publisher/share/position_publisher/package.bash'
[12.987s] INFO:colcon.colcon_core.shell:Creating package script '/home/ubuntu/PucksInDeep/RPi/rosHockey/install/position_publisher/share/position_publisher/package.zsh'
[12.990s] Level 1:colcon.colcon_core.environment:create_file_with_runtime_dependencies(/home/ubuntu/PucksInDeep/RPi/rosHockey/install/position_publisher/share/colcon-core/packages/position_publisher)
[15.222s] INFO:colcon.colcon_core.task.python.build:Building Python package in '/home/ubuntu/PucksInDeep/RPi/rosHockey/visualizer'
[15.227s] INFO:colcon.colcon_core.shell:Skip shell extension 'powershell' for command environment: Not usable outside of PowerShell
[15.228s] DEBUG:colcon.colcon_core.shell:Skip shell extension 'dsv' for command environment
[19.300s] DEBUG:colcon.colcon_core.event_handler.log_command:Invoking command in '/home/ubuntu/PucksInDeep/RPi/rosHockey/visualizer': PYTHONPATH=/home/ubuntu/PucksInDeep/RPi/rosHockey/install/visualizer/lib/python3.8/site-packages:${PYTHONPATH} /usr/bin/python3 setup.py egg_info --egg-base ../build/visualizer build --build-base /home/ubuntu/PucksInDeep/RPi/rosHockey/build/visualizer/build install --prefix /home/ubuntu/PucksInDeep/RPi/rosHockey/install/visualizer --record /home/ubuntu/PucksInDeep/RPi/rosHockey/build/visualizer/install.log --single-version-externally-managed
[22.541s] Level 1:colcon.colcon_core.environment:checking '/home/ubuntu/PucksInDeep/RPi/rosHockey/install/visualizer' for CMake module files
[22.543s] DEBUG:colcon.colcon_core.event_handler.log_command:Invoked command in '/home/ubuntu/PucksInDeep/RPi/rosHockey/visualizer' returned '0': PYTHONPATH=/home/ubuntu/PucksInDeep/RPi/rosHockey/install/visualizer/lib/python3.8/site-packages:${PYTHONPATH} /usr/bin/python3 setup.py egg_info --egg-base ../build/visualizer build --build-base /home/ubuntu/PucksInDeep/RPi/rosHockey/build/visualizer/build install --prefix /home/ubuntu/PucksInDeep/RPi/rosHockey/install/visualizer --record /home/ubuntu/PucksInDeep/RPi/rosHockey/build/visualizer/install.log --single-version-externally-managed
[22.549s] Level 1:colcon.colcon_core.environment:checking '/home/ubuntu/PucksInDeep/RPi/rosHockey/install/visualizer' for CMake config files
[22.569s] Level 1:colcon.colcon_core.environment:checking '/home/ubuntu/PucksInDeep/RPi/rosHockey/install/visualizer/lib'
[22.572s] Level 1:colcon.colcon_core.environment:checking '/home/ubuntu/PucksInDeep/RPi/rosHockey/install/visualizer/bin'
[22.575s] Level 1:colcon.colcon_core.environment:checking '/home/ubuntu/PucksInDeep/RPi/rosHockey/install/visualizer/lib/pkgconfig/visualizer.pc'
[22.579s] Level 1:colcon.colcon_core.environment:checking '/home/ubuntu/PucksInDeep/RPi/rosHockey/install/visualizer/lib/python3.8/site-packages'
[22.582s] Level 1:colcon.colcon_core.shell:create_environment_hook('visualizer', 'pythonpath')
[22.594s] INFO:colcon.colcon_core.shell:Creating environment hook '/home/ubuntu/PucksInDeep/RPi/rosHockey/install/visualizer/share/visualizer/hook/pythonpath.ps1'
[22.599s] INFO:colcon.colcon_core.shell:Creating environment descriptor '/home/ubuntu/PucksInDeep/RPi/rosHockey/install/visualizer/share/visualizer/hook/pythonpath.dsv'
[22.604s] INFO:colcon.colcon_core.shell:Creating environment hook '/home/ubuntu/PucksInDeep/RPi/rosHockey/install/visualizer/share/visualizer/hook/pythonpath.sh'
[22.609s] Level 1:colcon.colcon_core.environment:create_environment_scripts_only(visualizer)
[22.616s] INFO:colcon.colcon_core.shell:Creating package script '/home/ubuntu/PucksInDeep/RPi/rosHockey/install/visualizer/share/visualizer/package.ps1'
[22.633s] INFO:colcon.colcon_core.shell:Creating package descriptor '/home/ubuntu/PucksInDeep/RPi/rosHockey/install/visualizer/share/visualizer/package.dsv'
[22.642s] INFO:colcon.colcon_core.shell:Creating package script '/home/ubuntu/PucksInDeep/RPi/rosHockey/install/visualizer/share/visualizer/package.sh'
[22.665s] INFO:colcon.colcon_core.shell:Creating package script '/home/ubuntu/PucksInDeep/RPi/rosHockey/install/visualizer/share/visualizer/package.bash'
[22.671s] INFO:colcon.colcon_core.shell:Creating package script '/home/ubuntu/PucksInDeep/RPi/rosHockey/install/visualizer/share/visualizer/package.zsh'
[22.674s] Level 1:colcon.colcon_core.environment:create_file_with_runtime_dependencies(/home/ubuntu/PucksInDeep/RPi/rosHockey/install/visualizer/share/colcon-core/packages/visualizer)
[41.903s] DEBUG:colcon.colcon_core.event_handler.log_command:Invoked command in '/home/ubuntu/PucksInDeep/RPi/rosHockey/build/hockey_msgs' returned '0': CMAKE_PREFIX_PATH=/opt/ros/foxy /usr/bin/cmake --build /home/ubuntu/PucksInDeep/RPi/rosHockey/build/hockey_msgs -- -j4 -l4
[42.297s] DEBUG:colcon.colcon_core.event_handler.log_command:Invoking command in '/home/ubuntu/PucksInDeep/RPi/rosHockey/build/hockey_msgs': CMAKE_PREFIX_PATH=/opt/ros/foxy /usr/bin/cmake --install /home/ubuntu/PucksInDeep/RPi/rosHockey/build/hockey_msgs
[42.658s] Level 1:colcon.colcon_core.environment:create_environment_scripts_only(hockey_msgs)
[42.663s] Level 1:colcon.colcon_core.environment:checking '/home/ubuntu/PucksInDeep/RPi/rosHockey/install/hockey_msgs' for CMake module files
[42.665s] DEBUG:colcon.colcon_core.event_handler.log_command:Invoked command in '/home/ubuntu/PucksInDeep/RPi/rosHockey/build/hockey_msgs' returned '0': CMAKE_PREFIX_PATH=/opt/ros/foxy /usr/bin/cmake --install /home/ubuntu/PucksInDeep/RPi/rosHockey/build/hockey_msgs
[42.669s] Level 1:colcon.colcon_core.environment:checking '/home/ubuntu/PucksInDeep/RPi/rosHockey/install/hockey_msgs' for CMake config files
[42.672s] Level 1:colcon.colcon_core.shell:create_environment_hook('hockey_msgs', 'cmake_prefix_path')
[42.676s] INFO:colcon.colcon_core.shell:Creating environment hook '/home/ubuntu/PucksInDeep/RPi/rosHockey/install/hockey_msgs/share/hockey_msgs/hook/cmake_prefix_path.ps1'
[42.679s] INFO:colcon.colcon_core.shell:Creating environment descriptor '/home/ubuntu/PucksInDeep/RPi/rosHockey/install/hockey_msgs/share/hockey_msgs/hook/cmake_prefix_path.dsv'
[42.681s] INFO:colcon.colcon_core.shell:Creating environment hook '/home/ubuntu/PucksInDeep/RPi/rosHockey/install/hockey_msgs/share/hockey_msgs/hook/cmake_prefix_path.sh'
[42.683s] Level 1:colcon.colcon_core.environment:checking '/home/ubuntu/PucksInDeep/RPi/rosHockey/install/hockey_msgs/lib'
[42.684s] Level 1:colcon.colcon_core.shell:create_environment_hook('hockey_msgs', 'ld_library_path_lib')
[42.687s] INFO:colcon.colcon_core.shell:Creating environment hook '/home/ubuntu/PucksInDeep/RPi/rosHockey/install/hockey_msgs/share/hockey_msgs/hook/ld_library_path_lib.ps1'
[42.689s] INFO:colcon.colcon_core.shell:Creating environment descriptor '/home/ubuntu/PucksInDeep/RPi/rosHockey/install/hockey_msgs/share/hockey_msgs/hook/ld_library_path_lib.dsv'
[42.691s] INFO:colcon.colcon_core.shell:Creating environment hook '/home/ubuntu/PucksInDeep/RPi/rosHockey/install/hockey_msgs/share/hockey_msgs/hook/ld_library_path_lib.sh'
[42.693s] Level 1:colcon.colcon_core.environment:checking '/home/ubuntu/PucksInDeep/RPi/rosHockey/install/hockey_msgs/bin'
[42.693s] Level 1:colcon.colcon_core.environment:checking '/home/ubuntu/PucksInDeep/RPi/rosHockey/install/hockey_msgs/lib/pkgconfig/hockey_msgs.pc'
[42.694s] Level 1:colcon.colcon_core.environment:checking '/home/ubuntu/PucksInDeep/RPi/rosHockey/install/hockey_msgs/lib/python3.8/site-packages'
[42.694s] Level 1:colcon.colcon_core.shell:create_environment_hook('hockey_msgs', 'pythonpath')
[42.696s] INFO:colcon.colcon_core.shell:Creating environment hook '/home/ubuntu/PucksInDeep/RPi/rosHockey/install/hockey_msgs/share/hockey_msgs/hook/pythonpath.ps1'
[42.698s] INFO:colcon.colcon_core.shell:Creating environment descriptor '/home/ubuntu/PucksInDeep/RPi/rosHockey/install/hockey_msgs/share/hockey_msgs/hook/pythonpath.dsv'
[42.700s] INFO:colcon.colcon_core.shell:Creating environment hook '/home/ubuntu/PucksInDeep/RPi/rosHockey/install/hockey_msgs/share/hockey_msgs/hook/pythonpath.sh'
[42.705s] INFO:colcon.colcon_core.shell:Creating package script '/home/ubuntu/PucksInDeep/RPi/rosHockey/install/hockey_msgs/share/hockey_msgs/package.ps1'
[42.708s] INFO:colcon.colcon_core.shell:Creating package descriptor '/home/ubuntu/PucksInDeep/RPi/rosHockey/install/hockey_msgs/share/hockey_msgs/package.dsv'
[42.711s] INFO:colcon.colcon_core.shell:Creating package script '/home/ubuntu/PucksInDeep/RPi/rosHockey/install/hockey_msgs/share/hockey_msgs/package.sh'
[42.714s] INFO:colcon.colcon_core.shell:Creating package script '/home/ubuntu/PucksInDeep/RPi/rosHockey/install/hockey_msgs/share/hockey_msgs/package.bash'
[42.716s] INFO:colcon.colcon_core.shell:Creating package script '/home/ubuntu/PucksInDeep/RPi/rosHockey/install/hockey_msgs/share/hockey_msgs/package.zsh'
[42.718s] Level 1:colcon.colcon_core.environment:create_file_with_runtime_dependencies(/home/ubuntu/PucksInDeep/RPi/rosHockey/install/hockey_msgs/share/colcon-core/packages/hockey_msgs)
[43.040s] Level 1:colcon.colcon_core.environment:create_environment_scripts_only(hockey_msgs)
[43.045s] Level 1:colcon.colcon_core.environment:checking '/home/ubuntu/PucksInDeep/RPi/rosHockey/install/hockey_msgs' for CMake module files
[43.062s] Level 1:colcon.colcon_core.environment:checking '/home/ubuntu/PucksInDeep/RPi/rosHockey/install/hockey_msgs' for CMake config files
[43.065s] Level 1:colcon.colcon_core.shell:create_environment_hook('hockey_msgs', 'cmake_prefix_path')
[43.068s] INFO:colcon.colcon_core.shell:Creating environment hook '/home/ubuntu/PucksInDeep/RPi/rosHockey/install/hockey_msgs/share/hockey_msgs/hook/cmake_prefix_path.ps1'
[43.072s] INFO:colcon.colcon_core.shell:Creating environment descriptor '/home/ubuntu/PucksInDeep/RPi/rosHockey/install/hockey_msgs/share/hockey_msgs/hook/cmake_prefix_path.dsv'
[43.075s] INFO:colcon.colcon_core.shell:Creating environment hook '/home/ubuntu/PucksInDeep/RPi/rosHockey/install/hockey_msgs/share/hockey_msgs/hook/cmake_prefix_path.sh'
[43.079s] Level 1:colcon.colcon_core.environment:checking '/home/ubuntu/PucksInDeep/RPi/rosHockey/install/hockey_msgs/lib'
[43.079s] Level 1:colcon.colcon_core.shell:create_environment_hook('hockey_msgs', 'ld_library_path_lib')
[43.082s] INFO:colcon.colcon_core.shell:Creating environment hook '/home/ubuntu/PucksInDeep/RPi/rosHockey/install/hockey_msgs/share/hockey_msgs/hook/ld_library_path_lib.ps1'
[43.084s] INFO:colcon.colcon_core.shell:Creating environment descriptor '/home/ubuntu/PucksInDeep/RPi/rosHockey/install/hockey_msgs/share/hockey_msgs/hook/ld_library_path_lib.dsv'
[43.090s] INFO:colcon.colcon_core.shell:Creating environment hook '/home/ubuntu/PucksInDeep/RPi/rosHockey/install/hockey_msgs/share/hockey_msgs/hook/ld_library_path_lib.sh'
[43.092s] Level 1:colcon.colcon_core.environment:checking '/home/ubuntu/PucksInDeep/RPi/rosHockey/install/hockey_msgs/bin'
[43.093s] Level 1:colcon.colcon_core.environment:checking '/home/ubuntu/PucksInDeep/RPi/rosHockey/install/hockey_msgs/lib/pkgconfig/hockey_msgs.pc'
[43.093s] Level 1:colcon.colcon_core.environment:checking '/home/ubuntu/PucksInDeep/RPi/rosHockey/install/hockey_msgs/lib/python3.8/site-packages'
[43.094s] Level 1:colcon.colcon_core.shell:create_environment_hook('hockey_msgs', 'pythonpath')
[43.096s] INFO:colcon.colcon_core.shell:Creating environment hook '/home/ubuntu/PucksInDeep/RPi/rosHockey/install/hockey_msgs/share/hockey_msgs/hook/pythonpath.ps1'
[43.098s] INFO:colcon.colcon_core.shell:Creating environment descriptor '/home/ubuntu/PucksInDeep/RPi/rosHockey/install/hockey_msgs/share/hockey_msgs/hook/pythonpath.dsv'
[43.101s] INFO:colcon.colcon_core.shell:Creating environment hook '/home/ubuntu/PucksInDeep/RPi/rosHockey/install/hockey_msgs/share/hockey_msgs/hook/pythonpath.sh'
[43.106s] INFO:colcon.colcon_core.shell:Creating package script '/home/ubuntu/PucksInDeep/RPi/rosHockey/install/hockey_msgs/share/hockey_msgs/package.ps1'
[43.109s] INFO:colcon.colcon_core.shell:Creating package descriptor '/home/ubuntu/PucksInDeep/RPi/rosHockey/install/hockey_msgs/share/hockey_msgs/package.dsv'
[43.112s] INFO:colcon.colcon_core.shell:Creating package script '/home/ubuntu/PucksInDeep/RPi/rosHockey/install/hockey_msgs/share/hockey_msgs/package.sh'
[43.115s] INFO:colcon.colcon_core.shell:Creating package script '/home/ubuntu/PucksInDeep/RPi/rosHockey/install/hockey_msgs/share/hockey_msgs/package.bash'
[43.118s] INFO:colcon.colcon_core.shell:Creating package script '/home/ubuntu/PucksInDeep/RPi/rosHockey/install/hockey_msgs/share/hockey_msgs/package.zsh'
[43.120s] Level 1:colcon.colcon_core.environment:create_file_with_runtime_dependencies(/home/ubuntu/PucksInDeep/RPi/rosHockey/install/hockey_msgs/share/colcon-core/packages/hockey_msgs)
[43.122s] DEBUG:colcon.colcon_parallel_executor.executor.parallel:closing loop
[43.123s] DEBUG:colcon.colcon_parallel_executor.executor.parallel:loop closed
[43.124s] DEBUG:colcon.colcon_parallel_executor.executor.parallel:run_until_complete finished with '0'
[43.125s] DEBUG:colcon.colcon_core.event_reactor:joining thread
[43.179s] INFO:colcon.colcon_core.plugin_system:Skipping extension 'colcon_notification.desktop_notification.terminal_notifier': Not used on non-Darwin systems
[43.180s] INFO:colcon.colcon_core.plugin_system:Skipping extension 'colcon_notification.desktop_notification.win32': Not used on non-Windows systems
[43.180s] INFO:colcon.colcon_notification.desktop_notification:Sending desktop notification using 'notify2'
[43.267s] DEBUG:colcon.colcon_core.event_reactor:joined thread
[43.270s] INFO:colcon.colcon_core.shell:Creating prefix script '/home/ubuntu/PucksInDeep/RPi/rosHockey/install/local_setup.ps1'
[43.275s] INFO:colcon.colcon_core.shell:Creating prefix util module '/home/ubuntu/PucksInDeep/RPi/rosHockey/install/_local_setup_util_ps1.py'
[43.297s] INFO:colcon.colcon_core.shell:Creating prefix chain script '/home/ubuntu/PucksInDeep/RPi/rosHockey/install/setup.ps1'
[43.313s] INFO:colcon.colcon_core.shell:Creating prefix script '/home/ubuntu/PucksInDeep/RPi/rosHockey/install/local_setup.sh'
[43.316s] INFO:colcon.colcon_core.shell:Creating prefix util module '/home/ubuntu/PucksInDeep/RPi/rosHockey/install/_local_setup_util_sh.py'
[43.330s] INFO:colcon.colcon_core.shell:Creating prefix chain script '/home/ubuntu/PucksInDeep/RPi/rosHockey/install/setup.sh'
[43.336s] INFO:colcon.colcon_core.shell:Creating prefix script '/home/ubuntu/PucksInDeep/RPi/rosHockey/install/local_setup.bash'
[43.341s] INFO:colcon.colcon_core.shell:Creating prefix chain script '/home/ubuntu/PucksInDeep/RPi/rosHockey/install/setup.bash'
[43.353s] INFO:colcon.colcon_core.shell:Creating prefix script '/home/ubuntu/PucksInDeep/RPi/rosHockey/install/local_setup.zsh'
[43.356s] INFO:colcon.colcon_core.shell:Creating prefix chain script '/home/ubuntu/PucksInDeep/RPi/rosHockey/install/setup.zsh'
