[1.411s] DEBUG:colcon:Command line arguments: ['/usr/bin/colcon', 'build']
[1.412s] DEBUG:colcon:Parsed command line arguments: Namespace(ament_cmake_args=None, base_paths=['.'], build_base='build', catkin_cmake_args=None, catkin_skip_building_tests=False, cmake_args=None, cmake_clean_cache=False, cmake_clean_first=False, cmake_force_configure=False, cmake_target=None, cmake_target_skip_unavailable=False, continue_on_error=False, event_handlers=None, executor='parallel', ignore_user_meta=False, install_base='install', log_base=None, log_level=None, main=<bound method BuildVerb.main of <colcon_core.verb.build.BuildVerb object at 0xffffa5796a60>>, merge_install=False, metas=['./colcon.meta'], packages_above=None, packages_above_and_dependencies=None, packages_above_depth=None, packages_end=None, packages_ignore=None, packages_ignore_regex=None, packages_select=None, packages_select_build_failed=False, packages_select_by_dep=None, packages_select_regex=None, packages_select_test_failures=False, packages_skip=None, packages_skip_build_finished=False, packages_skip_by_dep=None, packages_skip_regex=None, packages_skip_test_passed=False, packages_skip_up_to=None, packages_start=None, packages_up_to=None, packages_up_to_regex=None, parallel_workers=4, paths=None, symlink_install=False, test_result_base=None, verb_extension=<colcon_core.verb.build.BuildVerb object at 0xffffa5796a60>, verb_name='build', verb_parser=<colcon_defaults.argument_parser.defaults.DefaultArgumentsDecorator object at 0xffffa57a6040>)
[1.441s] Level 1:colcon.colcon_core.package_discovery:discover_packages(colcon_meta) check parameters
[1.442s] Level 1:colcon.colcon_core.package_discovery:discover_packages(recursive) check parameters
[1.442s] Level 1:colcon.colcon_core.package_discovery:discover_packages(ignore) check parameters
[1.442s] Level 1:colcon.colcon_core.package_discovery:discover_packages(path) check parameters
[1.442s] Level 1:colcon.colcon_core.package_discovery:discover_packages(colcon_meta) discover
[1.443s] Level 1:colcon.colcon_core.package_discovery:discover_packages(recursive) discover
[1.443s] INFO:colcon.colcon_core.package_discovery:Crawling recursively for packages in '/home/ubuntu/PucksInDeep/rosHockey'
[1.444s] Level 1:colcon.colcon_core.package_identification:_identify(.) by extensions ['ignore', 'ignore_ament_install']
[1.445s] Level 1:colcon.colcon_core.package_identification:_identify(.) by extension 'ignore'
[1.445s] Level 1:colcon.colcon_core.package_identification:_identify(.) by extension 'ignore_ament_install'
[1.445s] Level 1:colcon.colcon_core.package_identification:_identify(.) by extensions ['colcon_pkg']
[1.446s] Level 1:colcon.colcon_core.package_identification:_identify(.) by extension 'colcon_pkg'
[1.446s] Level 1:colcon.colcon_core.package_identification:_identify(.) by extensions ['colcon_meta']
[1.446s] Level 1:colcon.colcon_core.package_identification:_identify(.) by extension 'colcon_meta'
[1.446s] Level 1:colcon.colcon_core.package_identification:_identify(.) by extensions ['ros']
[1.447s] Level 1:colcon.colcon_core.package_identification:_identify(.) by extension 'ros'
[1.500s] Level 1:colcon.colcon_core.package_identification:_identify(.) by extensions ['cmake', 'python']
[1.500s] Level 1:colcon.colcon_core.package_identification:_identify(.) by extension 'cmake'
[1.501s] Level 1:colcon.colcon_core.package_identification:_identify(.) by extension 'python'
[1.501s] Level 1:colcon.colcon_core.package_identification:_identify(.) by extensions ['python_setup_py']
[1.501s] Level 1:colcon.colcon_core.package_identification:_identify(.) by extension 'python_setup_py'
[1.502s] Level 1:colcon.colcon_core.package_identification:_identify(build) by extensions ['ignore', 'ignore_ament_install']
[1.503s] Level 1:colcon.colcon_core.package_identification:_identify(build) by extension 'ignore'
[1.504s] Level 1:colcon.colcon_core.package_identification:_identify(build) ignored
[1.504s] Level 1:colcon.colcon_core.package_identification:_identify(hockey_msgs) by extensions ['ignore', 'ignore_ament_install']
[1.505s] Level 1:colcon.colcon_core.package_identification:_identify(hockey_msgs) by extension 'ignore'
[1.505s] Level 1:colcon.colcon_core.package_identification:_identify(hockey_msgs) by extension 'ignore_ament_install'
[1.506s] Level 1:colcon.colcon_core.package_identification:_identify(hockey_msgs) by extensions ['colcon_pkg']
[1.506s] Level 1:colcon.colcon_core.package_identification:_identify(hockey_msgs) by extension 'colcon_pkg'
[1.506s] Level 1:colcon.colcon_core.package_identification:_identify(hockey_msgs) by extensions ['colcon_meta']
[1.507s] Level 1:colcon.colcon_core.package_identification:_identify(hockey_msgs) by extension 'colcon_meta'
[1.507s] Level 1:colcon.colcon_core.package_identification:_identify(hockey_msgs) by extensions ['ros']
[1.507s] Level 1:colcon.colcon_core.package_identification:_identify(hockey_msgs) by extension 'ros'
[1.516s] DEBUG:colcon.colcon_core.package_identification:Package 'hockey_msgs' with type 'ros.ament_cmake' and name 'hockey_msgs'
[1.517s] Level 1:colcon.colcon_core.package_identification:_identify(install) by extensions ['ignore', 'ignore_ament_install']
[1.518s] Level 1:colcon.colcon_core.package_identification:_identify(install) by extension 'ignore'
[1.518s] Level 1:colcon.colcon_core.package_identification:_identify(install) ignored
[1.519s] Level 1:colcon.colcon_core.package_identification:_identify(keyboard_control) by extensions ['ignore', 'ignore_ament_install']
[1.519s] Level 1:colcon.colcon_core.package_identification:_identify(keyboard_control) by extension 'ignore'
[1.520s] Level 1:colcon.colcon_core.package_identification:_identify(keyboard_control) by extension 'ignore_ament_install'
[1.520s] Level 1:colcon.colcon_core.package_identification:_identify(keyboard_control) by extensions ['colcon_pkg']
[1.520s] Level 1:colcon.colcon_core.package_identification:_identify(keyboard_control) by extension 'colcon_pkg'
[1.521s] Level 1:colcon.colcon_core.package_identification:_identify(keyboard_control) by extensions ['colcon_meta']
[1.521s] Level 1:colcon.colcon_core.package_identification:_identify(keyboard_control) by extension 'colcon_meta'
[1.521s] Level 1:colcon.colcon_core.package_identification:_identify(keyboard_control) by extensions ['ros']
[1.521s] Level 1:colcon.colcon_core.package_identification:_identify(keyboard_control) by extension 'ros'
[1.524s] DEBUG:colcon.colcon_core.package_identification:Package 'keyboard_control' with type 'ros.ament_python' and name 'keyboard_control'
[1.525s] Level 1:colcon.colcon_core.package_identification:_identify(log) by extensions ['ignore', 'ignore_ament_install']
[1.525s] Level 1:colcon.colcon_core.package_identification:_identify(log) by extension 'ignore'
[1.526s] Level 1:colcon.colcon_core.package_identification:_identify(log) ignored
[1.526s] Level 1:colcon.colcon_core.package_identification:_identify(position_publisher) by extensions ['ignore', 'ignore_ament_install']
[1.527s] Level 1:colcon.colcon_core.package_identification:_identify(position_publisher) by extension 'ignore'
[1.527s] Level 1:colcon.colcon_core.package_identification:_identify(position_publisher) by extension 'ignore_ament_install'
[1.528s] Level 1:colcon.colcon_core.package_identification:_identify(position_publisher) by extensions ['colcon_pkg']
[1.528s] Level 1:colcon.colcon_core.package_identification:_identify(position_publisher) by extension 'colcon_pkg'
[1.528s] Level 1:colcon.colcon_core.package_identification:_identify(position_publisher) by extensions ['colcon_meta']
[1.529s] Level 1:colcon.colcon_core.package_identification:_identify(position_publisher) by extension 'colcon_meta'
[1.529s] Level 1:colcon.colcon_core.package_identification:_identify(position_publisher) by extensions ['ros']
[1.529s] Level 1:colcon.colcon_core.package_identification:_identify(position_publisher) by extension 'ros'
[1.532s] DEBUG:colcon.colcon_core.package_identification:Package 'position_publisher' with type 'ros.ament_python' and name 'position_publisher'
[1.533s] Level 1:colcon.colcon_core.package_identification:_identify(visualizer) by extensions ['ignore', 'ignore_ament_install']
[1.534s] Level 1:colcon.colcon_core.package_identification:_identify(visualizer) by extension 'ignore'
[1.534s] Level 1:colcon.colcon_core.package_identification:_identify(visualizer) by extension 'ignore_ament_install'
[1.535s] Level 1:colcon.colcon_core.package_identification:_identify(visualizer) by extensions ['colcon_pkg']
[1.535s] Level 1:colcon.colcon_core.package_identification:_identify(visualizer) by extension 'colcon_pkg'
[1.535s] Level 1:colcon.colcon_core.package_identification:_identify(visualizer) by extensions ['colcon_meta']
[1.535s] Level 1:colcon.colcon_core.package_identification:_identify(visualizer) by extension 'colcon_meta'
[1.536s] Level 1:colcon.colcon_core.package_identification:_identify(visualizer) by extensions ['ros']
[1.536s] Level 1:colcon.colcon_core.package_identification:_identify(visualizer) by extension 'ros'
[1.539s] DEBUG:colcon.colcon_core.package_identification:Package 'visualizer' with type 'ros.ament_python' and name 'visualizer'
[1.539s] Level 1:colcon.colcon_core.package_discovery:discover_packages(recursive) using defaults
[1.540s] Level 1:colcon.colcon_core.package_discovery:discover_packages(ignore) discover
[1.540s] Level 1:colcon.colcon_core.package_discovery:discover_packages(ignore) using defaults
[1.540s] Level 1:colcon.colcon_core.package_discovery:discover_packages(path) discover
[1.540s] Level 1:colcon.colcon_core.package_discovery:discover_packages(path) using defaults
[1.630s] Level 5:colcon.colcon_core.verb:set package 'hockey_msgs' build argument 'cmake_args' from command line to 'None'
[1.631s] Level 5:colcon.colcon_core.verb:set package 'hockey_msgs' build argument 'cmake_target' from command line to 'None'
[1.631s] Level 5:colcon.colcon_core.verb:set package 'hockey_msgs' build argument 'cmake_target_skip_unavailable' from command line to 'False'
[1.631s] Level 5:colcon.colcon_core.verb:set package 'hockey_msgs' build argument 'cmake_clean_cache' from command line to 'False'
[1.631s] Level 5:colcon.colcon_core.verb:set package 'hockey_msgs' build argument 'cmake_clean_first' from command line to 'False'
[1.631s] Level 5:colcon.colcon_core.verb:set package 'hockey_msgs' build argument 'cmake_force_configure' from command line to 'False'
[1.632s] Level 5:colcon.colcon_core.verb:set package 'hockey_msgs' build argument 'ament_cmake_args' from command line to 'None'
[1.632s] Level 5:colcon.colcon_core.verb:set package 'hockey_msgs' build argument 'catkin_cmake_args' from command line to 'None'
[1.632s] Level 5:colcon.colcon_core.verb:set package 'hockey_msgs' build argument 'catkin_skip_building_tests' from command line to 'False'
[1.632s] DEBUG:colcon.colcon_core.verb:Building package 'hockey_msgs' with the following arguments: {'ament_cmake_args': None, 'build_base': '/home/ubuntu/PucksInDeep/rosHockey/build/hockey_msgs', 'catkin_cmake_args': None, 'catkin_skip_building_tests': False, 'cmake_args': None, 'cmake_clean_cache': False, 'cmake_clean_first': False, 'cmake_force_configure': False, 'cmake_target': None, 'cmake_target_skip_unavailable': False, 'install_base': '/home/ubuntu/PucksInDeep/rosHockey/install/hockey_msgs', 'merge_install': False, 'path': '/home/ubuntu/PucksInDeep/rosHockey/hockey_msgs', 'symlink_install': False, 'test_result_base': None}
[1.644s] Level 5:colcon.colcon_core.verb:set package 'keyboard_control' build argument 'cmake_args' from command line to 'None'
[1.644s] Level 5:colcon.colcon_core.verb:set package 'keyboard_control' build argument 'cmake_target' from command line to 'None'
[1.644s] Level 5:colcon.colcon_core.verb:set package 'keyboard_control' build argument 'cmake_target_skip_unavailable' from command line to 'False'
[1.644s] Level 5:colcon.colcon_core.verb:set package 'keyboard_control' build argument 'cmake_clean_cache' from command line to 'False'
[1.644s] Level 5:colcon.colcon_core.verb:set package 'keyboard_control' build argument 'cmake_clean_first' from command line to 'False'
[1.645s] Level 5:colcon.colcon_core.verb:set package 'keyboard_control' build argument 'cmake_force_configure' from command line to 'False'
[1.645s] Level 5:colcon.colcon_core.verb:set package 'keyboard_control' build argument 'ament_cmake_args' from command line to 'None'
[1.645s] Level 5:colcon.colcon_core.verb:set package 'keyboard_control' build argument 'catkin_cmake_args' from command line to 'None'
[1.645s] Level 5:colcon.colcon_core.verb:set package 'keyboard_control' build argument 'catkin_skip_building_tests' from command line to 'False'
[1.645s] DEBUG:colcon.colcon_core.verb:Building package 'keyboard_control' with the following arguments: {'ament_cmake_args': None, 'build_base': '/home/ubuntu/PucksInDeep/rosHockey/build/keyboard_control', 'catkin_cmake_args': None, 'catkin_skip_building_tests': False, 'cmake_args': None, 'cmake_clean_cache': False, 'cmake_clean_first': False, 'cmake_force_configure': False, 'cmake_target': None, 'cmake_target_skip_unavailable': False, 'install_base': '/home/ubuntu/PucksInDeep/rosHockey/install/keyboard_control', 'merge_install': False, 'path': '/home/ubuntu/PucksInDeep/rosHockey/keyboard_control', 'symlink_install': False, 'test_result_base': None}
[1.656s] Level 5:colcon.colcon_core.verb:set package 'position_publisher' build argument 'cmake_args' from command line to 'None'
[1.657s] Level 5:colcon.colcon_core.verb:set package 'position_publisher' build argument 'cmake_target' from command line to 'None'
[1.657s] Level 5:colcon.colcon_core.verb:set package 'position_publisher' build argument 'cmake_target_skip_unavailable' from command line to 'False'
[1.657s] Level 5:colcon.colcon_core.verb:set package 'position_publisher' build argument 'cmake_clean_cache' from command line to 'False'
[1.657s] Level 5:colcon.colcon_core.verb:set package 'position_publisher' build argument 'cmake_clean_first' from command line to 'False'
[1.657s] Level 5:colcon.colcon_core.verb:set package 'position_publisher' build argument 'cmake_force_configure' from command line to 'False'
[1.657s] Level 5:colcon.colcon_core.verb:set package 'position_publisher' build argument 'ament_cmake_args' from command line to 'None'
[1.658s] Level 5:colcon.colcon_core.verb:set package 'position_publisher' build argument 'catkin_cmake_args' from command line to 'None'
[1.658s] Level 5:colcon.colcon_core.verb:set package 'position_publisher' build argument 'catkin_skip_building_tests' from command line to 'False'
[1.658s] DEBUG:colcon.colcon_core.verb:Building package 'position_publisher' with the following arguments: {'ament_cmake_args': None, 'build_base': '/home/ubuntu/PucksInDeep/rosHockey/build/position_publisher', 'catkin_cmake_args': None, 'catkin_skip_building_tests': False, 'cmake_args': None, 'cmake_clean_cache': False, 'cmake_clean_first': False, 'cmake_force_configure': False, 'cmake_target': None, 'cmake_target_skip_unavailable': False, 'install_base': '/home/ubuntu/PucksInDeep/rosHockey/install/position_publisher', 'merge_install': False, 'path': '/home/ubuntu/PucksInDeep/rosHockey/position_publisher', 'symlink_install': False, 'test_result_base': None}
[1.669s] Level 5:colcon.colcon_core.verb:set package 'visualizer' build argument 'cmake_args' from command line to 'None'
[1.669s] Level 5:colcon.colcon_core.verb:set package 'visualizer' build argument 'cmake_target' from command line to 'None'
[1.669s] Level 5:colcon.colcon_core.verb:set package 'visualizer' build argument 'cmake_target_skip_unavailable' from command line to 'False'
[1.670s] Level 5:colcon.colcon_core.verb:set package 'visualizer' build argument 'cmake_clean_cache' from command line to 'False'
[1.670s] Level 5:colcon.colcon_core.verb:set package 'visualizer' build argument 'cmake_clean_first' from command line to 'False'
[1.670s] Level 5:colcon.colcon_core.verb:set package 'visualizer' build argument 'cmake_force_configure' from command line to 'False'
[1.670s] Level 5:colcon.colcon_core.verb:set package 'visualizer' build argument 'ament_cmake_args' from command line to 'None'
[1.670s] Level 5:colcon.colcon_core.verb:set package 'visualizer' build argument 'catkin_cmake_args' from command line to 'None'
[1.670s] Level 5:colcon.colcon_core.verb:set package 'visualizer' build argument 'catkin_skip_building_tests' from command line to 'False'
[1.671s] DEBUG:colcon.colcon_core.verb:Building package 'visualizer' with the following arguments: {'ament_cmake_args': None, 'build_base': '/home/ubuntu/PucksInDeep/rosHockey/build/visualizer', 'catkin_cmake_args': None, 'catkin_skip_building_tests': False, 'cmake_args': None, 'cmake_clean_cache': False, 'cmake_clean_first': False, 'cmake_force_configure': False, 'cmake_target': None, 'cmake_target_skip_unavailable': False, 'install_base': '/home/ubuntu/PucksInDeep/rosHockey/install/visualizer', 'merge_install': False, 'path': '/home/ubuntu/PucksInDeep/rosHockey/visualizer', 'symlink_install': False, 'test_result_base': None}
[1.673s] INFO:colcon.colcon_core.executor:Executing jobs using 'parallel' executor
[1.681s] DEBUG:colcon.colcon_parallel_executor.executor.parallel:run_until_complete
[1.683s] INFO:colcon.colcon_ros.task.ament_cmake.build:Building ROS package in '/home/ubuntu/PucksInDeep/rosHockey/hockey_msgs' with build type 'ament_cmake'
[1.684s] INFO:colcon.colcon_cmake.task.cmake.build:Building CMake package in '/home/ubuntu/PucksInDeep/rosHockey/hockey_msgs'
[1.701s] INFO:colcon.colcon_core.plugin_system:Skipping extension 'colcon_core.shell.bat': Not used on non-Windows systems
[1.703s] INFO:colcon.colcon_core.shell:Skip shell extension 'powershell' for command environment: Not usable outside of PowerShell
[1.703s] DEBUG:colcon.colcon_core.shell:Skip shell extension 'dsv' for command environment
[1.718s] DEBUG:colcon.colcon_core.shell:Ignoring prefix path '/opt/ros/foxy'
[1.736s] INFO:colcon.colcon_ros.task.ament_python.build:Building ROS package in '/home/ubuntu/PucksInDeep/rosHockey/keyboard_control' with build type 'ament_python'
[1.737s] Level 1:colcon.colcon_core.shell:create_environment_hook('keyboard_control', 'ament_prefix_path')
[1.740s] INFO:colcon.colcon_core.shell:Creating environment hook '/home/ubuntu/PucksInDeep/rosHockey/install/keyboard_control/share/keyboard_control/hook/ament_prefix_path.ps1'
[1.747s] INFO:colcon.colcon_core.shell:Creating environment descriptor '/home/ubuntu/PucksInDeep/rosHockey/install/keyboard_control/share/keyboard_control/hook/ament_prefix_path.dsv'
[1.752s] INFO:colcon.colcon_core.shell:Creating environment hook '/home/ubuntu/PucksInDeep/rosHockey/install/keyboard_control/share/keyboard_control/hook/ament_prefix_path.sh'
[1.759s] INFO:colcon.colcon_core.shell:Skip shell extension 'powershell' for command environment: Not usable outside of PowerShell
[1.760s] DEBUG:colcon.colcon_core.shell:Skip shell extension 'dsv' for command environment
[1.770s] DEBUG:colcon.colcon_core.shell:Ignoring prefix path '/opt/ros/foxy'
[1.792s] INFO:colcon.colcon_ros.task.ament_python.build:Building ROS package in '/home/ubuntu/PucksInDeep/rosHockey/position_publisher' with build type 'ament_python'
[1.794s] Level 1:colcon.colcon_core.shell:create_environment_hook('position_publisher', 'ament_prefix_path')
[1.798s] INFO:colcon.colcon_core.shell:Creating environment hook '/home/ubuntu/PucksInDeep/rosHockey/install/position_publisher/share/position_publisher/hook/ament_prefix_path.ps1'
[1.802s] INFO:colcon.colcon_core.shell:Creating environment descriptor '/home/ubuntu/PucksInDeep/rosHockey/install/position_publisher/share/position_publisher/hook/ament_prefix_path.dsv'
[1.805s] INFO:colcon.colcon_core.shell:Creating environment hook '/home/ubuntu/PucksInDeep/rosHockey/install/position_publisher/share/position_publisher/hook/ament_prefix_path.sh'
[1.812s] INFO:colcon.colcon_core.shell:Skip shell extension 'powershell' for command environment: Not usable outside of PowerShell
[1.813s] DEBUG:colcon.colcon_core.shell:Skip shell extension 'dsv' for command environment
[1.826s] DEBUG:colcon.colcon_core.shell:Ignoring prefix path '/opt/ros/foxy'
[1.848s] INFO:colcon.colcon_ros.task.ament_python.build:Building ROS package in '/home/ubuntu/PucksInDeep/rosHockey/visualizer' with build type 'ament_python'
[1.851s] Level 1:colcon.colcon_core.shell:create_environment_hook('visualizer', 'ament_prefix_path')
[1.856s] INFO:colcon.colcon_core.shell:Creating environment hook '/home/ubuntu/PucksInDeep/rosHockey/install/visualizer/share/visualizer/hook/ament_prefix_path.ps1'
[1.861s] INFO:colcon.colcon_core.shell:Creating environment descriptor '/home/ubuntu/PucksInDeep/rosHockey/install/visualizer/share/visualizer/hook/ament_prefix_path.dsv'
[1.865s] INFO:colcon.colcon_core.shell:Creating environment hook '/home/ubuntu/PucksInDeep/rosHockey/install/visualizer/share/visualizer/hook/ament_prefix_path.sh'
[1.875s] INFO:colcon.colcon_core.shell:Skip shell extension 'powershell' for command environment: Not usable outside of PowerShell
[1.878s] DEBUG:colcon.colcon_core.shell:Skip shell extension 'dsv' for command environment
[1.894s] DEBUG:colcon.colcon_core.shell:Ignoring prefix path '/opt/ros/foxy'
[1.976s] DEBUG:colcon.colcon_core.event_handler.log_command:Invoking command in '/home/ubuntu/PucksInDeep/rosHockey/build/hockey_msgs': BYOBU_DATE=%Y-%m-%d CMAKE_PREFIX_PATH=/opt/ros/foxy /usr/bin/cmake --build /home/ubuntu/PucksInDeep/rosHockey/build/hockey_msgs -- -j4 -l4
[4.188s] INFO:colcon.colcon_core.task.python.build:Building Python package in '/home/ubuntu/PucksInDeep/rosHockey/keyboard_control'
[4.194s] INFO:colcon.colcon_core.shell:Skip shell extension 'powershell' for command environment: Not usable outside of PowerShell
[4.194s] DEBUG:colcon.colcon_core.shell:Skip shell extension 'dsv' for command environment
[4.206s] DEBUG:colcon.colcon_core.shell:Ignoring prefix path '/opt/ros/foxy'
[7.118s] INFO:colcon.colcon_core.task.python.build:Building Python package in '/home/ubuntu/PucksInDeep/rosHockey/position_publisher'
[7.123s] INFO:colcon.colcon_core.shell:Skip shell extension 'powershell' for command environment: Not usable outside of PowerShell
[7.123s] DEBUG:colcon.colcon_core.shell:Skip shell extension 'dsv' for command environment
[7.135s] DEBUG:colcon.colcon_core.shell:Ignoring prefix path '/opt/ros/foxy'
[11.683s] INFO:colcon.colcon_core.task.python.build:Building Python package in '/home/ubuntu/PucksInDeep/rosHockey/visualizer'
[11.688s] INFO:colcon.colcon_core.shell:Skip shell extension 'powershell' for command environment: Not usable outside of PowerShell
[11.688s] DEBUG:colcon.colcon_core.shell:Skip shell extension 'dsv' for command environment
[11.697s] DEBUG:colcon.colcon_core.shell:Ignoring prefix path '/opt/ros/foxy'
[11.877s] DEBUG:colcon.colcon_core.event_handler.log_command:Invoking command in '/home/ubuntu/PucksInDeep/rosHockey/keyboard_control': BYOBU_DATE=%Y-%m-%d PYTHONPATH=/home/ubuntu/PucksInDeep/rosHockey/install/keyboard_control/lib/python3.8/site-packages:${PYTHONPATH} /usr/bin/python3 setup.py egg_info --egg-base ../build/keyboard_control build --build-base /home/ubuntu/PucksInDeep/rosHockey/build/keyboard_control/build install --prefix /home/ubuntu/PucksInDeep/rosHockey/install/keyboard_control --record /home/ubuntu/PucksInDeep/rosHockey/build/keyboard_control/install.log --single-version-externally-managed
[11.934s] DEBUG:colcon.colcon_core.event_handler.log_command:Invoking command in '/home/ubuntu/PucksInDeep/rosHockey/position_publisher': BYOBU_DATE=%Y-%m-%d PYTHONPATH=/home/ubuntu/PucksInDeep/rosHockey/install/position_publisher/lib/python3.8/site-packages:${PYTHONPATH} /usr/bin/python3 setup.py egg_info --egg-base ../build/position_publisher build --build-base /home/ubuntu/PucksInDeep/rosHockey/build/position_publisher/build install --prefix /home/ubuntu/PucksInDeep/rosHockey/install/position_publisher --record /home/ubuntu/PucksInDeep/rosHockey/build/position_publisher/install.log --single-version-externally-managed
[11.997s] DEBUG:colcon.colcon_core.event_handler.log_command:Invoking command in '/home/ubuntu/PucksInDeep/rosHockey/visualizer': BYOBU_DATE=%Y-%m-%d PYTHONPATH=/home/ubuntu/PucksInDeep/rosHockey/install/visualizer/lib/python3.8/site-packages:${PYTHONPATH} /usr/bin/python3 setup.py egg_info --egg-base ../build/visualizer build --build-base /home/ubuntu/PucksInDeep/rosHockey/build/visualizer/build install --prefix /home/ubuntu/PucksInDeep/rosHockey/install/visualizer --record /home/ubuntu/PucksInDeep/rosHockey/build/visualizer/install.log --single-version-externally-managed
[17.696s] DEBUG:colcon.colcon_core.event_handler.log_command:Invoked command in '/home/ubuntu/PucksInDeep/rosHockey/keyboard_control' returned '1': BYOBU_DATE=%Y-%m-%d PYTHONPATH=/home/ubuntu/PucksInDeep/rosHockey/install/keyboard_control/lib/python3.8/site-packages:${PYTHONPATH} /usr/bin/python3 setup.py egg_info --egg-base ../build/keyboard_control build --build-base /home/ubuntu/PucksInDeep/rosHockey/build/keyboard_control/build install --prefix /home/ubuntu/PucksInDeep/rosHockey/install/keyboard_control --record /home/ubuntu/PucksInDeep/rosHockey/build/keyboard_control/install.log --single-version-externally-managed
[31.082s] DEBUG:colcon.colcon_parallel_executor.executor.parallel:closing loop
[31.085s] DEBUG:colcon.colcon_parallel_executor.executor.parallel:loop closed
[31.087s] DEBUG:colcon.colcon_parallel_executor.executor.parallel:run_until_complete finished with '1'
[31.088s] DEBUG:colcon.colcon_core.event_reactor:joining thread
[31.142s] INFO:colcon.colcon_core.plugin_system:Skipping extension 'colcon_notification.desktop_notification.terminal_notifier': Not used on non-Darwin systems
[31.144s] INFO:colcon.colcon_core.plugin_system:Skipping extension 'colcon_notification.desktop_notification.win32': Not used on non-Windows systems
[31.144s] INFO:colcon.colcon_notification.desktop_notification:Sending desktop notification using 'notify2'
[31.264s] DEBUG:colcon.colcon_core.event_reactor:joined thread
[31.267s] INFO:colcon.colcon_core.shell:Creating prefix script '/home/ubuntu/PucksInDeep/rosHockey/install/local_setup.ps1'
[31.277s] INFO:colcon.colcon_core.shell:Creating prefix util module '/home/ubuntu/PucksInDeep/rosHockey/install/_local_setup_util_ps1.py'
[31.284s] INFO:colcon.colcon_core.shell:Creating prefix chain script '/home/ubuntu/PucksInDeep/rosHockey/install/setup.ps1'
[31.299s] INFO:colcon.colcon_core.shell:Creating prefix script '/home/ubuntu/PucksInDeep/rosHockey/install/local_setup.sh'
[31.302s] INFO:colcon.colcon_core.shell:Creating prefix util module '/home/ubuntu/PucksInDeep/rosHockey/install/_local_setup_util_sh.py'
[31.305s] INFO:colcon.colcon_core.shell:Creating prefix chain script '/home/ubuntu/PucksInDeep/rosHockey/install/setup.sh'
[31.316s] INFO:colcon.colcon_core.shell:Creating prefix script '/home/ubuntu/PucksInDeep/rosHockey/install/local_setup.bash'
[31.320s] INFO:colcon.colcon_core.shell:Creating prefix chain script '/home/ubuntu/PucksInDeep/rosHockey/install/setup.bash'
[31.331s] INFO:colcon.colcon_core.shell:Creating prefix script '/home/ubuntu/PucksInDeep/rosHockey/install/local_setup.zsh'
[31.335s] INFO:colcon.colcon_core.shell:Creating prefix chain script '/home/ubuntu/PucksInDeep/rosHockey/install/setup.zsh'
