[0.598s] DEBUG:colcon:Command line arguments: ['/usr/bin/colcon', 'build']
[0.599s] DEBUG:colcon:Parsed command line arguments: Namespace(allow_overriding=[], ament_cmake_args=None, base_paths=['.'], build_base='build', catkin_cmake_args=None, catkin_skip_building_tests=False, cmake_args=None, cmake_clean_cache=False, cmake_clean_first=False, cmake_force_configure=False, cmake_target=None, cmake_target_skip_unavailable=False, continue_on_error=False, event_handlers=None, executor='parallel', ignore_user_meta=False, install_base='install', log_base=None, log_level=None, main=<bound method BuildVerb.main of <colcon_core.verb.build.BuildVerb object at 0xffff84ea7610>>, merge_install=False, metas=['./colcon.meta'], packages_above=None, packages_above_and_dependencies=None, packages_above_depth=None, packages_end=None, packages_ignore=None, packages_ignore_regex=None, packages_select=None, packages_select_build_failed=False, packages_select_by_dep=None, packages_select_regex=None, packages_select_test_failures=False, packages_skip=None, packages_skip_build_finished=False, packages_skip_by_dep=None, packages_skip_regex=None, packages_skip_test_passed=False, packages_skip_up_to=None, packages_start=None, packages_up_to=None, packages_up_to_regex=None, parallel_workers=4, paths=None, symlink_install=False, test_result_base=None, verb_extension=<colcon_core.verb.build.BuildVerb object at 0xffff84ea7610>, verb_name='build', verb_parser=<colcon_defaults.argument_parser.defaults.DefaultArgumentsDecorator object at 0xffff84ea7b50>)
[0.619s] Level 1:colcon.colcon_core.package_discovery:discover_packages(colcon_meta) check parameters
[0.619s] Level 1:colcon.colcon_core.package_discovery:discover_packages(recursive) check parameters
[0.619s] Level 1:colcon.colcon_core.package_discovery:discover_packages(ignore) check parameters
[0.619s] Level 1:colcon.colcon_core.package_discovery:discover_packages(path) check parameters
[0.620s] Level 1:colcon.colcon_core.package_discovery:discover_packages(colcon_meta) discover
[0.620s] Level 1:colcon.colcon_core.package_discovery:discover_packages(recursive) discover
[0.620s] INFO:colcon.colcon_core.package_discovery:Crawling recursively for packages in '/home/ubuntu/PucksInDeep/RPi/rosHockey'
[0.621s] Level 1:colcon.colcon_core.package_identification:_identify(.) by extensions ['ignore', 'ignore_ament_install']
[0.621s] Level 1:colcon.colcon_core.package_identification:_identify(.) by extension 'ignore'
[0.621s] Level 1:colcon.colcon_core.package_identification:_identify(.) by extension 'ignore_ament_install'
[0.622s] Level 1:colcon.colcon_core.package_identification:_identify(.) by extensions ['colcon_pkg']
[0.622s] Level 1:colcon.colcon_core.package_identification:_identify(.) by extension 'colcon_pkg'
[0.622s] Level 1:colcon.colcon_core.package_identification:_identify(.) by extensions ['colcon_meta']
[0.622s] Level 1:colcon.colcon_core.package_identification:_identify(.) by extension 'colcon_meta'
[0.622s] Level 1:colcon.colcon_core.package_identification:_identify(.) by extensions ['ros']
[0.623s] Level 1:colcon.colcon_core.package_identification:_identify(.) by extension 'ros'
[0.672s] Level 1:colcon.colcon_core.package_identification:_identify(.) by extensions ['cmake', 'python']
[0.673s] Level 1:colcon.colcon_core.package_identification:_identify(.) by extension 'cmake'
[0.673s] Level 1:colcon.colcon_core.package_identification:_identify(.) by extension 'python'
[0.673s] Level 1:colcon.colcon_core.package_identification:_identify(.) by extensions ['python_setup_py']
[0.673s] Level 1:colcon.colcon_core.package_identification:_identify(.) by extension 'python_setup_py'
[0.674s] Level 1:colcon.colcon_core.package_identification:_identify(build) by extensions ['ignore', 'ignore_ament_install']
[0.674s] Level 1:colcon.colcon_core.package_identification:_identify(build) by extension 'ignore'
[0.674s] Level 1:colcon.colcon_core.package_identification:_identify(build) ignored
[0.675s] Level 1:colcon.colcon_core.package_identification:_identify(hockey_msgs) by extensions ['ignore', 'ignore_ament_install']
[0.675s] Level 1:colcon.colcon_core.package_identification:_identify(hockey_msgs) by extension 'ignore'
[0.676s] Level 1:colcon.colcon_core.package_identification:_identify(hockey_msgs) by extension 'ignore_ament_install'
[0.676s] Level 1:colcon.colcon_core.package_identification:_identify(hockey_msgs) by extensions ['colcon_pkg']
[0.676s] Level 1:colcon.colcon_core.package_identification:_identify(hockey_msgs) by extension 'colcon_pkg'
[0.676s] Level 1:colcon.colcon_core.package_identification:_identify(hockey_msgs) by extensions ['colcon_meta']
[0.677s] Level 1:colcon.colcon_core.package_identification:_identify(hockey_msgs) by extension 'colcon_meta'
[0.677s] Level 1:colcon.colcon_core.package_identification:_identify(hockey_msgs) by extensions ['ros']
[0.677s] Level 1:colcon.colcon_core.package_identification:_identify(hockey_msgs) by extension 'ros'
[0.686s] DEBUG:colcon.colcon_core.package_identification:Package 'hockey_msgs' with type 'ros.ament_cmake' and name 'hockey_msgs'
[0.687s] Level 1:colcon.colcon_core.package_identification:_identify(install) by extensions ['ignore', 'ignore_ament_install']
[0.687s] Level 1:colcon.colcon_core.package_identification:_identify(install) by extension 'ignore'
[0.688s] Level 1:colcon.colcon_core.package_identification:_identify(install) ignored
[0.688s] Level 1:colcon.colcon_core.package_identification:_identify(keyboard_control) by extensions ['ignore', 'ignore_ament_install']
[0.688s] Level 1:colcon.colcon_core.package_identification:_identify(keyboard_control) by extension 'ignore'
[0.689s] Level 1:colcon.colcon_core.package_identification:_identify(keyboard_control) by extension 'ignore_ament_install'
[0.689s] Level 1:colcon.colcon_core.package_identification:_identify(keyboard_control) by extensions ['colcon_pkg']
[0.689s] Level 1:colcon.colcon_core.package_identification:_identify(keyboard_control) by extension 'colcon_pkg'
[0.689s] Level 1:colcon.colcon_core.package_identification:_identify(keyboard_control) by extensions ['colcon_meta']
[0.689s] Level 1:colcon.colcon_core.package_identification:_identify(keyboard_control) by extension 'colcon_meta'
[0.690s] Level 1:colcon.colcon_core.package_identification:_identify(keyboard_control) by extensions ['ros']
[0.690s] Level 1:colcon.colcon_core.package_identification:_identify(keyboard_control) by extension 'ros'
[0.692s] DEBUG:colcon.colcon_core.package_identification:Package 'keyboard_control' with type 'ros.ament_python' and name 'keyboard_control'
[0.693s] Level 1:colcon.colcon_core.package_identification:_identify(log) by extensions ['ignore', 'ignore_ament_install']
[0.693s] Level 1:colcon.colcon_core.package_identification:_identify(log) by extension 'ignore'
[0.693s] Level 1:colcon.colcon_core.package_identification:_identify(log) ignored
[0.694s] Level 1:colcon.colcon_core.package_identification:_identify(position_publisher) by extensions ['ignore', 'ignore_ament_install']
[0.694s] Level 1:colcon.colcon_core.package_identification:_identify(position_publisher) by extension 'ignore'
[0.694s] Level 1:colcon.colcon_core.package_identification:_identify(position_publisher) by extension 'ignore_ament_install'
[0.695s] Level 1:colcon.colcon_core.package_identification:_identify(position_publisher) by extensions ['colcon_pkg']
[0.695s] Level 1:colcon.colcon_core.package_identification:_identify(position_publisher) by extension 'colcon_pkg'
[0.695s] Level 1:colcon.colcon_core.package_identification:_identify(position_publisher) by extensions ['colcon_meta']
[0.695s] Level 1:colcon.colcon_core.package_identification:_identify(position_publisher) by extension 'colcon_meta'
[0.696s] Level 1:colcon.colcon_core.package_identification:_identify(position_publisher) by extensions ['ros']
[0.696s] Level 1:colcon.colcon_core.package_identification:_identify(position_publisher) by extension 'ros'
[0.698s] DEBUG:colcon.colcon_core.package_identification:Package 'position_publisher' with type 'ros.ament_python' and name 'position_publisher'
[0.698s] Level 1:colcon.colcon_core.package_identification:_identify(puck_tracker) by extensions ['ignore', 'ignore_ament_install']
[0.699s] Level 1:colcon.colcon_core.package_identification:_identify(puck_tracker) by extension 'ignore'
[0.699s] Level 1:colcon.colcon_core.package_identification:_identify(puck_tracker) by extension 'ignore_ament_install'
[0.699s] Level 1:colcon.colcon_core.package_identification:_identify(puck_tracker) by extensions ['colcon_pkg']
[0.699s] Level 1:colcon.colcon_core.package_identification:_identify(puck_tracker) by extension 'colcon_pkg'
[0.700s] Level 1:colcon.colcon_core.package_identification:_identify(puck_tracker) by extensions ['colcon_meta']
[0.700s] Level 1:colcon.colcon_core.package_identification:_identify(puck_tracker) by extension 'colcon_meta'
[0.700s] Level 1:colcon.colcon_core.package_identification:_identify(puck_tracker) by extensions ['ros']
[0.700s] Level 1:colcon.colcon_core.package_identification:_identify(puck_tracker) by extension 'ros'
[0.702s] DEBUG:colcon.colcon_core.package_identification:Package 'puck_tracker' with type 'ros.ament_python' and name 'puck_tracker'
[0.703s] Level 1:colcon.colcon_core.package_identification:_identify(visualizer) by extensions ['ignore', 'ignore_ament_install']
[0.703s] Level 1:colcon.colcon_core.package_identification:_identify(visualizer) by extension 'ignore'
[0.703s] Level 1:colcon.colcon_core.package_identification:_identify(visualizer) by extension 'ignore_ament_install'
[0.704s] Level 1:colcon.colcon_core.package_identification:_identify(visualizer) by extensions ['colcon_pkg']
[0.704s] Level 1:colcon.colcon_core.package_identification:_identify(visualizer) by extension 'colcon_pkg'
[0.704s] Level 1:colcon.colcon_core.package_identification:_identify(visualizer) by extensions ['colcon_meta']
[0.704s] Level 1:colcon.colcon_core.package_identification:_identify(visualizer) by extension 'colcon_meta'
[0.704s] Level 1:colcon.colcon_core.package_identification:_identify(visualizer) by extensions ['ros']
[0.705s] Level 1:colcon.colcon_core.package_identification:_identify(visualizer) by extension 'ros'
[0.707s] DEBUG:colcon.colcon_core.package_identification:Package 'visualizer' with type 'ros.ament_python' and name 'visualizer'
[0.707s] Level 1:colcon.colcon_core.package_discovery:discover_packages(recursive) using defaults
[0.707s] Level 1:colcon.colcon_core.package_discovery:discover_packages(ignore) discover
[0.707s] Level 1:colcon.colcon_core.package_discovery:discover_packages(ignore) using defaults
[0.707s] Level 1:colcon.colcon_core.package_discovery:discover_packages(path) discover
[0.708s] Level 1:colcon.colcon_core.package_discovery:discover_packages(path) using defaults
[0.783s] Level 5:colcon.colcon_core.verb:set package 'hockey_msgs' build argument 'cmake_args' from command line to 'None'
[0.784s] Level 5:colcon.colcon_core.verb:set package 'hockey_msgs' build argument 'cmake_target' from command line to 'None'
[0.784s] Level 5:colcon.colcon_core.verb:set package 'hockey_msgs' build argument 'cmake_target_skip_unavailable' from command line to 'False'
[0.784s] Level 5:colcon.colcon_core.verb:set package 'hockey_msgs' build argument 'cmake_clean_cache' from command line to 'False'
[0.784s] Level 5:colcon.colcon_core.verb:set package 'hockey_msgs' build argument 'cmake_clean_first' from command line to 'False'
[0.784s] Level 5:colcon.colcon_core.verb:set package 'hockey_msgs' build argument 'cmake_force_configure' from command line to 'False'
[0.784s] Level 5:colcon.colcon_core.verb:set package 'hockey_msgs' build argument 'ament_cmake_args' from command line to 'None'
[0.785s] Level 5:colcon.colcon_core.verb:set package 'hockey_msgs' build argument 'catkin_cmake_args' from command line to 'None'
[0.785s] Level 5:colcon.colcon_core.verb:set package 'hockey_msgs' build argument 'catkin_skip_building_tests' from command line to 'False'
[0.785s] DEBUG:colcon.colcon_core.verb:Building package 'hockey_msgs' with the following arguments: {'ament_cmake_args': None, 'build_base': '/home/ubuntu/PucksInDeep/RPi/rosHockey/build/hockey_msgs', 'catkin_cmake_args': None, 'catkin_skip_building_tests': False, 'cmake_args': None, 'cmake_clean_cache': False, 'cmake_clean_first': False, 'cmake_force_configure': False, 'cmake_target': None, 'cmake_target_skip_unavailable': False, 'install_base': '/home/ubuntu/PucksInDeep/RPi/rosHockey/install/hockey_msgs', 'merge_install': False, 'path': '/home/ubuntu/PucksInDeep/RPi/rosHockey/hockey_msgs', 'symlink_install': False, 'test_result_base': None}
[0.788s] Level 5:colcon.colcon_core.verb:set package 'keyboard_control' build argument 'cmake_args' from command line to 'None'
[0.788s] Level 5:colcon.colcon_core.verb:set package 'keyboard_control' build argument 'cmake_target' from command line to 'None'
[0.788s] Level 5:colcon.colcon_core.verb:set package 'keyboard_control' build argument 'cmake_target_skip_unavailable' from command line to 'False'
[0.788s] Level 5:colcon.colcon_core.verb:set package 'keyboard_control' build argument 'cmake_clean_cache' from command line to 'False'
[0.789s] Level 5:colcon.colcon_core.verb:set package 'keyboard_control' build argument 'cmake_clean_first' from command line to 'False'
[0.789s] Level 5:colcon.colcon_core.verb:set package 'keyboard_control' build argument 'cmake_force_configure' from command line to 'False'
[0.789s] Level 5:colcon.colcon_core.verb:set package 'keyboard_control' build argument 'ament_cmake_args' from command line to 'None'
[0.789s] Level 5:colcon.colcon_core.verb:set package 'keyboard_control' build argument 'catkin_cmake_args' from command line to 'None'
[0.789s] Level 5:colcon.colcon_core.verb:set package 'keyboard_control' build argument 'catkin_skip_building_tests' from command line to 'False'
[0.789s] DEBUG:colcon.colcon_core.verb:Building package 'keyboard_control' with the following arguments: {'ament_cmake_args': None, 'build_base': '/home/ubuntu/PucksInDeep/RPi/rosHockey/build/keyboard_control', 'catkin_cmake_args': None, 'catkin_skip_building_tests': False, 'cmake_args': None, 'cmake_clean_cache': False, 'cmake_clean_first': False, 'cmake_force_configure': False, 'cmake_target': None, 'cmake_target_skip_unavailable': False, 'install_base': '/home/ubuntu/PucksInDeep/RPi/rosHockey/install/keyboard_control', 'merge_install': False, 'path': '/home/ubuntu/PucksInDeep/RPi/rosHockey/keyboard_control', 'symlink_install': False, 'test_result_base': None}
[0.792s] Level 5:colcon.colcon_core.verb:set package 'position_publisher' build argument 'cmake_args' from command line to 'None'
[0.792s] Level 5:colcon.colcon_core.verb:set package 'position_publisher' build argument 'cmake_target' from command line to 'None'
[0.792s] Level 5:colcon.colcon_core.verb:set package 'position_publisher' build argument 'cmake_target_skip_unavailable' from command line to 'False'
[0.793s] Level 5:colcon.colcon_core.verb:set package 'position_publisher' build argument 'cmake_clean_cache' from command line to 'False'
[0.793s] Level 5:colcon.colcon_core.verb:set package 'position_publisher' build argument 'cmake_clean_first' from command line to 'False'
[0.793s] Level 5:colcon.colcon_core.verb:set package 'position_publisher' build argument 'cmake_force_configure' from command line to 'False'
[0.793s] Level 5:colcon.colcon_core.verb:set package 'position_publisher' build argument 'ament_cmake_args' from command line to 'None'
[0.793s] Level 5:colcon.colcon_core.verb:set package 'position_publisher' build argument 'catkin_cmake_args' from command line to 'None'
[0.793s] Level 5:colcon.colcon_core.verb:set package 'position_publisher' build argument 'catkin_skip_building_tests' from command line to 'False'
[0.794s] DEBUG:colcon.colcon_core.verb:Building package 'position_publisher' with the following arguments: {'ament_cmake_args': None, 'build_base': '/home/ubuntu/PucksInDeep/RPi/rosHockey/build/position_publisher', 'catkin_cmake_args': None, 'catkin_skip_building_tests': False, 'cmake_args': None, 'cmake_clean_cache': False, 'cmake_clean_first': False, 'cmake_force_configure': False, 'cmake_target': None, 'cmake_target_skip_unavailable': False, 'install_base': '/home/ubuntu/PucksInDeep/RPi/rosHockey/install/position_publisher', 'merge_install': False, 'path': '/home/ubuntu/PucksInDeep/RPi/rosHockey/position_publisher', 'symlink_install': False, 'test_result_base': None}
[0.796s] Level 5:colcon.colcon_core.verb:set package 'puck_tracker' build argument 'cmake_args' from command line to 'None'
[0.797s] Level 5:colcon.colcon_core.verb:set package 'puck_tracker' build argument 'cmake_target' from command line to 'None'
[0.797s] Level 5:colcon.colcon_core.verb:set package 'puck_tracker' build argument 'cmake_target_skip_unavailable' from command line to 'False'
[0.797s] Level 5:colcon.colcon_core.verb:set package 'puck_tracker' build argument 'cmake_clean_cache' from command line to 'False'
[0.797s] Level 5:colcon.colcon_core.verb:set package 'puck_tracker' build argument 'cmake_clean_first' from command line to 'False'
[0.797s] Level 5:colcon.colcon_core.verb:set package 'puck_tracker' build argument 'cmake_force_configure' from command line to 'False'
[0.797s] Level 5:colcon.colcon_core.verb:set package 'puck_tracker' build argument 'ament_cmake_args' from command line to 'None'
[0.797s] Level 5:colcon.colcon_core.verb:set package 'puck_tracker' build argument 'catkin_cmake_args' from command line to 'None'
[0.798s] Level 5:colcon.colcon_core.verb:set package 'puck_tracker' build argument 'catkin_skip_building_tests' from command line to 'False'
[0.798s] DEBUG:colcon.colcon_core.verb:Building package 'puck_tracker' with the following arguments: {'ament_cmake_args': None, 'build_base': '/home/ubuntu/PucksInDeep/RPi/rosHockey/build/puck_tracker', 'catkin_cmake_args': None, 'catkin_skip_building_tests': False, 'cmake_args': None, 'cmake_clean_cache': False, 'cmake_clean_first': False, 'cmake_force_configure': False, 'cmake_target': None, 'cmake_target_skip_unavailable': False, 'install_base': '/home/ubuntu/PucksInDeep/RPi/rosHockey/install/puck_tracker', 'merge_install': False, 'path': '/home/ubuntu/PucksInDeep/RPi/rosHockey/puck_tracker', 'symlink_install': False, 'test_result_base': None}
[0.801s] Level 5:colcon.colcon_core.verb:set package 'visualizer' build argument 'cmake_args' from command line to 'None'
[0.801s] Level 5:colcon.colcon_core.verb:set package 'visualizer' build argument 'cmake_target' from command line to 'None'
[0.801s] Level 5:colcon.colcon_core.verb:set package 'visualizer' build argument 'cmake_target_skip_unavailable' from command line to 'False'
[0.802s] Level 5:colcon.colcon_core.verb:set package 'visualizer' build argument 'cmake_clean_cache' from command line to 'False'
[0.802s] Level 5:colcon.colcon_core.verb:set package 'visualizer' build argument 'cmake_clean_first' from command line to 'False'
[0.802s] Level 5:colcon.colcon_core.verb:set package 'visualizer' build argument 'cmake_force_configure' from command line to 'False'
[0.802s] Level 5:colcon.colcon_core.verb:set package 'visualizer' build argument 'ament_cmake_args' from command line to 'None'
[0.802s] Level 5:colcon.colcon_core.verb:set package 'visualizer' build argument 'catkin_cmake_args' from command line to 'None'
[0.802s] Level 5:colcon.colcon_core.verb:set package 'visualizer' build argument 'catkin_skip_building_tests' from command line to 'False'
[0.802s] DEBUG:colcon.colcon_core.verb:Building package 'visualizer' with the following arguments: {'ament_cmake_args': None, 'build_base': '/home/ubuntu/PucksInDeep/RPi/rosHockey/build/visualizer', 'catkin_cmake_args': None, 'catkin_skip_building_tests': False, 'cmake_args': None, 'cmake_clean_cache': False, 'cmake_clean_first': False, 'cmake_force_configure': False, 'cmake_target': None, 'cmake_target_skip_unavailable': False, 'install_base': '/home/ubuntu/PucksInDeep/RPi/rosHockey/install/visualizer', 'merge_install': False, 'path': '/home/ubuntu/PucksInDeep/RPi/rosHockey/visualizer', 'symlink_install': False, 'test_result_base': None}
[0.808s] INFO:colcon.colcon_core.executor:Executing jobs using 'parallel' executor
[0.816s] DEBUG:colcon.colcon_parallel_executor.executor.parallel:run_until_complete
[0.817s] INFO:colcon.colcon_ros.task.ament_cmake.build:Building ROS package in '/home/ubuntu/PucksInDeep/RPi/rosHockey/hockey_msgs' with build type 'ament_cmake'
[0.818s] INFO:colcon.colcon_cmake.task.cmake.build:Building CMake package in '/home/ubuntu/PucksInDeep/RPi/rosHockey/hockey_msgs'
[0.833s] INFO:colcon.colcon_core.plugin_system:Skipping extension 'colcon_core.shell.bat': Not used on non-Windows systems
[0.834s] INFO:colcon.colcon_core.shell:Skip shell extension 'powershell' for command environment: Not usable outside of PowerShell
[0.835s] DEBUG:colcon.colcon_core.shell:Skip shell extension 'dsv' for command environment
[0.848s] INFO:colcon.colcon_ros.task.ament_python.build:Building ROS package in '/home/ubuntu/PucksInDeep/RPi/rosHockey/keyboard_control' with build type 'ament_python'
[0.849s] Level 1:colcon.colcon_core.shell:create_environment_hook('keyboard_control', 'ament_prefix_path')
[0.852s] INFO:colcon.colcon_core.shell:Creating environment hook '/home/ubuntu/PucksInDeep/RPi/rosHockey/install/keyboard_control/share/keyboard_control/hook/ament_prefix_path.ps1'
[0.859s] INFO:colcon.colcon_core.shell:Creating environment descriptor '/home/ubuntu/PucksInDeep/RPi/rosHockey/install/keyboard_control/share/keyboard_control/hook/ament_prefix_path.dsv'
[0.862s] INFO:colcon.colcon_core.shell:Creating environment hook '/home/ubuntu/PucksInDeep/RPi/rosHockey/install/keyboard_control/share/keyboard_control/hook/ament_prefix_path.sh'
[0.867s] INFO:colcon.colcon_core.shell:Skip shell extension 'powershell' for command environment: Not usable outside of PowerShell
[0.868s] DEBUG:colcon.colcon_core.shell:Skip shell extension 'dsv' for command environment
[0.884s] INFO:colcon.colcon_ros.task.ament_python.build:Building ROS package in '/home/ubuntu/PucksInDeep/RPi/rosHockey/position_publisher' with build type 'ament_python'
[0.885s] Level 1:colcon.colcon_core.shell:create_environment_hook('position_publisher', 'ament_prefix_path')
[0.888s] INFO:colcon.colcon_core.shell:Creating environment hook '/home/ubuntu/PucksInDeep/RPi/rosHockey/install/position_publisher/share/position_publisher/hook/ament_prefix_path.ps1'
[0.894s] INFO:colcon.colcon_core.shell:Creating environment descriptor '/home/ubuntu/PucksInDeep/RPi/rosHockey/install/position_publisher/share/position_publisher/hook/ament_prefix_path.dsv'
[0.896s] INFO:colcon.colcon_core.shell:Creating environment hook '/home/ubuntu/PucksInDeep/RPi/rosHockey/install/position_publisher/share/position_publisher/hook/ament_prefix_path.sh'
[0.900s] INFO:colcon.colcon_core.shell:Skip shell extension 'powershell' for command environment: Not usable outside of PowerShell
[0.901s] DEBUG:colcon.colcon_core.shell:Skip shell extension 'dsv' for command environment
[0.913s] INFO:colcon.colcon_ros.task.ament_python.build:Building ROS package in '/home/ubuntu/PucksInDeep/RPi/rosHockey/puck_tracker' with build type 'ament_python'
[0.915s] Level 1:colcon.colcon_core.shell:create_environment_hook('puck_tracker', 'ament_prefix_path')
[0.918s] INFO:colcon.colcon_core.shell:Creating environment hook '/home/ubuntu/PucksInDeep/RPi/rosHockey/install/puck_tracker/share/puck_tracker/hook/ament_prefix_path.ps1'
[0.921s] INFO:colcon.colcon_core.shell:Creating environment descriptor '/home/ubuntu/PucksInDeep/RPi/rosHockey/install/puck_tracker/share/puck_tracker/hook/ament_prefix_path.dsv'
[0.926s] INFO:colcon.colcon_core.shell:Creating environment hook '/home/ubuntu/PucksInDeep/RPi/rosHockey/install/puck_tracker/share/puck_tracker/hook/ament_prefix_path.sh'
[0.931s] INFO:colcon.colcon_core.shell:Skip shell extension 'powershell' for command environment: Not usable outside of PowerShell
[0.931s] DEBUG:colcon.colcon_core.shell:Skip shell extension 'dsv' for command environment
[0.975s] DEBUG:colcon.colcon_core.event_handler.log_command:Invoking command in '/home/ubuntu/PucksInDeep/RPi/rosHockey/build/hockey_msgs': /usr/bin/cmake --build /home/ubuntu/PucksInDeep/RPi/rosHockey/build/hockey_msgs -- -j4 -l4
[2.222s] INFO:colcon.colcon_core.task.python.build:Building Python package in '/home/ubuntu/PucksInDeep/RPi/rosHockey/keyboard_control'
[2.228s] INFO:colcon.colcon_core.shell:Skip shell extension 'powershell' for command environment: Not usable outside of PowerShell
[2.228s] DEBUG:colcon.colcon_core.shell:Skip shell extension 'dsv' for command environment
[3.632s] INFO:colcon.colcon_core.task.python.build:Building Python package in '/home/ubuntu/PucksInDeep/RPi/rosHockey/position_publisher'
[3.636s] INFO:colcon.colcon_core.shell:Skip shell extension 'powershell' for command environment: Not usable outside of PowerShell
[3.636s] DEBUG:colcon.colcon_core.shell:Skip shell extension 'dsv' for command environment
[5.070s] INFO:colcon.colcon_core.task.python.build:Building Python package in '/home/ubuntu/PucksInDeep/RPi/rosHockey/puck_tracker'
[5.073s] INFO:colcon.colcon_core.shell:Skip shell extension 'powershell' for command environment: Not usable outside of PowerShell
[5.073s] DEBUG:colcon.colcon_core.shell:Skip shell extension 'dsv' for command environment
[5.102s] DEBUG:colcon.colcon_core.event_handler.log_command:Invoked command in '/home/ubuntu/PucksInDeep/RPi/rosHockey/build/hockey_msgs' returned '2': /usr/bin/cmake --build /home/ubuntu/PucksInDeep/RPi/rosHockey/build/hockey_msgs -- -j4 -l4
[5.521s] Level 1:colcon.colcon_core.environment:create_environment_scripts_only(hockey_msgs)
[5.550s] Level 1:colcon.colcon_core.environment:checking '/home/ubuntu/PucksInDeep/RPi/rosHockey/install/hockey_msgs' for CMake module files
[5.553s] Level 1:colcon.colcon_core.environment:checking '/home/ubuntu/PucksInDeep/RPi/rosHockey/install/hockey_msgs' for CMake config files
[5.557s] Level 1:colcon.colcon_core.environment:checking '/home/ubuntu/PucksInDeep/RPi/rosHockey/install/hockey_msgs/bin'
[5.558s] Level 1:colcon.colcon_core.environment:checking '/home/ubuntu/PucksInDeep/RPi/rosHockey/install/hockey_msgs/lib/pkgconfig/hockey_msgs.pc'
[5.559s] Level 1:colcon.colcon_core.environment:checking '/home/ubuntu/PucksInDeep/RPi/rosHockey/install/hockey_msgs/lib/python3.8/site-packages'
[5.562s] INFO:colcon.colcon_core.shell:Creating package script '/home/ubuntu/PucksInDeep/RPi/rosHockey/install/hockey_msgs/share/hockey_msgs/package.ps1'
[5.568s] INFO:colcon.colcon_core.shell:Creating package descriptor '/home/ubuntu/PucksInDeep/RPi/rosHockey/install/hockey_msgs/share/hockey_msgs/package.dsv'
[5.573s] INFO:colcon.colcon_core.shell:Creating package script '/home/ubuntu/PucksInDeep/RPi/rosHockey/install/hockey_msgs/share/hockey_msgs/package.sh'
[5.580s] INFO:colcon.colcon_core.shell:Creating package script '/home/ubuntu/PucksInDeep/RPi/rosHockey/install/hockey_msgs/share/hockey_msgs/package.bash'
[5.592s] INFO:colcon.colcon_core.shell:Creating package script '/home/ubuntu/PucksInDeep/RPi/rosHockey/install/hockey_msgs/share/hockey_msgs/package.zsh'
[5.655s] Level 1:colcon.colcon_core.environment:create_file_with_runtime_dependencies(/home/ubuntu/PucksInDeep/RPi/rosHockey/install/hockey_msgs/share/colcon-core/packages/hockey_msgs)
[7.563s] DEBUG:colcon.colcon_parallel_executor.executor.parallel:closing loop
[7.564s] DEBUG:colcon.colcon_parallel_executor.executor.parallel:loop closed
[7.565s] DEBUG:colcon.colcon_parallel_executor.executor.parallel:run_until_complete finished with '2'
[7.565s] DEBUG:colcon.colcon_core.event_reactor:joining thread
[7.594s] INFO:colcon.colcon_core.plugin_system:Skipping extension 'colcon_notification.desktop_notification.terminal_notifier': Not used on non-Darwin systems
[7.594s] INFO:colcon.colcon_core.plugin_system:Skipping extension 'colcon_notification.desktop_notification.win32': Not used on non-Windows systems
[7.595s] INFO:colcon.colcon_notification.desktop_notification:Sending desktop notification using 'notify2'
[7.672s] DEBUG:colcon.colcon_core.event_reactor:joined thread
[7.675s] INFO:colcon.colcon_core.shell:Creating prefix script '/home/ubuntu/PucksInDeep/RPi/rosHockey/install/local_setup.ps1'
[7.680s] INFO:colcon.colcon_core.shell:Creating prefix util module '/home/ubuntu/PucksInDeep/RPi/rosHockey/install/_local_setup_util_ps1.py'
[7.687s] INFO:colcon.colcon_core.shell:Creating prefix chain script '/home/ubuntu/PucksInDeep/RPi/rosHockey/install/setup.ps1'
[7.715s] INFO:colcon.colcon_core.shell:Creating prefix script '/home/ubuntu/PucksInDeep/RPi/rosHockey/install/local_setup.sh'
[7.719s] INFO:colcon.colcon_core.shell:Creating prefix util module '/home/ubuntu/PucksInDeep/RPi/rosHockey/install/_local_setup_util_sh.py'
[7.721s] INFO:colcon.colcon_core.shell:Creating prefix chain script '/home/ubuntu/PucksInDeep/RPi/rosHockey/install/setup.sh'
[7.734s] INFO:colcon.colcon_core.shell:Creating prefix script '/home/ubuntu/PucksInDeep/RPi/rosHockey/install/local_setup.bash'
[7.743s] INFO:colcon.colcon_core.shell:Creating prefix chain script '/home/ubuntu/PucksInDeep/RPi/rosHockey/install/setup.bash'
[7.748s] INFO:colcon.colcon_core.shell:Creating prefix script '/home/ubuntu/PucksInDeep/RPi/rosHockey/install/local_setup.zsh'
[7.751s] INFO:colcon.colcon_core.shell:Creating prefix chain script '/home/ubuntu/PucksInDeep/RPi/rosHockey/install/setup.zsh'
