[0.249s] Invoking command in '/home/ubuntu/PucksInDeep/rosHockey/build/hockey_msgs': BYOBU_DATE=%Y-%m-%d CMAKE_PREFIX_PATH=/opt/ros/foxy /usr/bin/cmake /home/ubuntu/PucksInDeep/rosHockey/hockey_msgs -DCMAKE_INSTALL_PREFIX=/home/ubuntu/PucksInDeep/rosHockey/install/hockey_msgs
[2.837s] -- The C compiler identification is GNU 9.3.0
[2.843s] -- The CXX compiler identification is GNU 9.3.0
[2.845s] -- Check for working C compiler: /usr/bin/cc
[2.845s] -- Check for working C compiler: /usr/bin/cc -- works
[2.846s] -- Detecting C compiler ABI info
[3.005s] -- Detecting C compiler ABI info - done
[3.050s] -- Detecting C compile features
[3.052s] -- Detecting C compile features - done
[3.071s] -- Check for working CXX compiler: /usr/bin/c++
[3.445s] -- Check for working CXX compiler: /usr/bin/c++ -- works
[3.450s] -- Detecting CXX compiler ABI info
[3.825s] -- Detecting CXX compiler ABI info - done
[3.873s] -- Detecting CXX compile features
[3.878s] -- Detecting CXX compile features - done
[3.920s] -- Found ament_cmake: 0.9.9 (/opt/ros/foxy/share/ament_cmake/cmake)
[4.095s] -- Found PythonInterp: /usr/bin/python3 (found suitable version "3.8.10", minimum required is "3") 
[4.096s] -- Using PYTHON_EXECUTABLE: /usr/bin/python3
[5.837s] -- Found ament_lint_auto: 0.9.6 (/opt/ros/foxy/share/ament_lint_auto/cmake)
[6.621s] -- Found rosidl_default_generators: 1.0.1 (/opt/ros/foxy/share/rosidl_default_generators/cmake)
[6.655s] -- Using all available rosidl_typesupport_c: rosidl_typesupport_fastrtps_c;rosidl_typesupport_introspection_c
[6.728s] -- Found rosidl_adapter: 1.2.1 (/opt/ros/foxy/share/rosidl_adapter/cmake)
[7.631s] -- Found OpenSSL: /usr/lib/aarch64-linux-gnu/libcrypto.so (found version "1.1.1f")  
[7.919s] -- Found FastRTPS: /opt/ros/foxy/include  
[8.640s] -- Using all available rosidl_typesupport_cpp: rosidl_typesupport_fastrtps_cpp;rosidl_typesupport_introspection_cpp
[8.935s] -- Found PythonInterp: /usr/bin/python3 (found version "3.8.10") 
[9.256s] -- Found ament_cmake_ros: 0.9.2 (/opt/ros/foxy/share/ament_cmake_ros/cmake)
[10.399s] -- Using all available rosidl_typesupport_c: rosidl_typesupport_fastrtps_c;rosidl_typesupport_introspection_c
[10.440s] -- Using all available rosidl_typesupport_cpp: rosidl_typesupport_fastrtps_cpp;rosidl_typesupport_introspection_cpp
[10.551s] -- Found PythonInterp: /usr/bin/python3 (found suitable version "3.8.10", minimum required is "3.5") 
[10.571s] -- Found python_cmake_module: 0.8.1 (/opt/ros/foxy/share/python_cmake_module/cmake)
[10.704s] -- Found PythonLibs: /usr/lib/aarch64-linux-gnu/libpython3.8.so (found suitable version "3.8.10", minimum required is "3.5") 
[10.705s] -- Using PYTHON_EXECUTABLE: /usr/bin/python3
[10.705s] -- Using PYTHON_INCLUDE_DIRS: /usr/include/python3.8
[10.706s] -- Using PYTHON_LIBRARIES: /usr/lib/aarch64-linux-gnu/libpython3.8.so
[10.812s] -- Found PythonExtra: .so  
[11.040s] -- Added test 'copyright' to check source files copyright and LICENSE
[11.054s] -- Added test 'lint_cmake' to check CMake code style
[11.064s] -- Added test 'xmllint' to check XML markup files
[11.128s] -- Configuring done
[11.305s] -- Generating done
[11.318s] -- Build files have been written to: /home/ubuntu/PucksInDeep/rosHockey/build/hockey_msgs
