[5.100s] Invoking command in '/home/ubuntu/PucksInDeep/rosHockey/position_publisher': PYTHONPATH=/home/ubuntu/PucksInDeep/rosHockey/install/position_publisher/lib/python3.8/site-packages:${PYTHONPATH} /usr/bin/python3 setup.py egg_info --egg-base ../build/position_publisher build --build-base /home/ubuntu/PucksInDeep/rosHockey/build/position_publisher/build install --prefix /home/ubuntu/PucksInDeep/rosHockey/install/position_publisher --record /home/ubuntu/PucksInDeep/rosHockey/build/position_publisher/install.log --single-version-externally-managed
[6.991s] running egg_info
[7.022s] writing ../build/position_publisher/position_publisher.egg-info/PKG-INFO
[7.034s] writing dependency_links to ../build/position_publisher/position_publisher.egg-info/dependency_links.txt
[7.035s] writing entry points to ../build/position_publisher/position_publisher.egg-info/entry_points.txt
[7.043s] writing requirements to ../build/position_publisher/position_publisher.egg-info/requires.txt
[7.045s] writing top-level names to ../build/position_publisher/position_publisher.egg-info/top_level.txt
[7.513s] reading manifest file '../build/position_publisher/position_publisher.egg-info/SOURCES.txt'
[7.527s] writing manifest file '../build/position_publisher/position_publisher.egg-info/SOURCES.txt'
[7.534s] running build
[7.535s] running build_py
[7.540s] copying position_publisher/position_publisher.py -> /home/ubuntu/PucksInDeep/rosHockey/build/position_publisher/build/lib/position_publisher
[7.544s] running install
[7.553s] running install_lib
[7.562s] copying /home/ubuntu/PucksInDeep/rosHockey/build/position_publisher/build/lib/position_publisher/position_publisher.py -> /home/ubuntu/PucksInDeep/rosHockey/install/position_publisher/lib/python3.8/site-packages/position_publisher
[7.571s] byte-compiling /home/ubuntu/PucksInDeep/rosHockey/install/position_publisher/lib/python3.8/site-packages/position_publisher/position_publisher.py to position_publisher.cpython-38.pyc
[7.594s] running install_data
[7.599s] running install_egg_info
[7.610s] removing '/home/ubuntu/PucksInDeep/rosHockey/install/position_publisher/lib/python3.8/site-packages/position_publisher-0.0.0-py3.8.egg-info' (and everything under it)
[7.615s] Copying ../build/position_publisher/position_publisher.egg-info to /home/ubuntu/PucksInDeep/rosHockey/install/position_publisher/lib/python3.8/site-packages/position_publisher-0.0.0-py3.8.egg-info
[7.651s] running install_scripts
[7.868s] Installing position_publisher script to /home/ubuntu/PucksInDeep/rosHockey/install/position_publisher/lib/position_publisher
[7.906s] writing list of installed files to '/home/ubuntu/PucksInDeep/rosHockey/build/position_publisher/install.log'
[8.490s] Invoked command in '/home/ubuntu/PucksInDeep/rosHockey/position_publisher' returned '0': PYTHONPATH=/home/ubuntu/PucksInDeep/rosHockey/install/position_publisher/lib/python3.8/site-packages:${PYTHONPATH} /usr/bin/python3 setup.py egg_info --egg-base ../build/position_publisher build --build-base /home/ubuntu/PucksInDeep/rosHockey/build/position_publisher/build install --prefix /home/ubuntu/PucksInDeep/rosHockey/install/position_publisher --record /home/ubuntu/PucksInDeep/rosHockey/build/position_publisher/install.log --single-version-externally-managed
