[4.095s] Invoking command in '/home/ubuntu/PucksInDeep/rosHockey/visualizer': BYOBU_DATE=%Y-%m-%d PYTHONPATH=/home/ubuntu/PucksInDeep/rosHockey/install/visualizer/lib/python3.8/site-packages:${PYTHONPATH} /usr/bin/python3 setup.py egg_info --egg-base ../build/visualizer build --build-base /home/ubuntu/PucksInDeep/rosHockey/build/visualizer/build install --prefix /home/ubuntu/PucksInDeep/rosHockey/install/visualizer --record /home/ubuntu/PucksInDeep/rosHockey/build/visualizer/install.log --single-version-externally-managed
[5.755s] running egg_info
[5.758s] creating ../build/visualizer/visualizer.egg-info
[5.759s] writing ../build/visualizer/visualizer.egg-info/PKG-INFO
[5.761s] writing dependency_links to ../build/visualizer/visualizer.egg-info/dependency_links.txt
[5.762s] writing entry points to ../build/visualizer/visualizer.egg-info/entry_points.txt
[5.763s] writing requirements to ../build/visualizer/visualizer.egg-info/requires.txt
[5.764s] writing top-level names to ../build/visualizer/visualizer.egg-info/top_level.txt
[5.774s] writing manifest file '../build/visualizer/visualizer.egg-info/SOURCES.txt'
[5.986s] reading manifest file '../build/visualizer/visualizer.egg-info/SOURCES.txt'
[5.994s] writing manifest file '../build/visualizer/visualizer.egg-info/SOURCES.txt'
[5.996s] running build
[5.998s] running build_py
[6.000s] creating /home/ubuntu/PucksInDeep/rosHockey/build/visualizer/build
[6.002s] creating /home/ubuntu/PucksInDeep/rosHockey/build/visualizer/build/lib
[6.011s] creating /home/ubuntu/PucksInDeep/rosHockey/build/visualizer/build/lib/visualizer
[6.013s] copying visualizer/sub.py -> /home/ubuntu/PucksInDeep/rosHockey/build/visualizer/build/lib/visualizer
[6.014s] copying visualizer/__init__.py -> /home/ubuntu/PucksInDeep/rosHockey/build/visualizer/build/lib/visualizer
[6.015s] copying visualizer/viz.py -> /home/ubuntu/PucksInDeep/rosHockey/build/visualizer/build/lib/visualizer
[6.016s] running install
[6.019s] running install_lib
[6.031s] creating /home/ubuntu/PucksInDeep/rosHockey/install/visualizer/lib/python3.8/site-packages/visualizer
[6.033s] copying /home/ubuntu/PucksInDeep/rosHockey/build/visualizer/build/lib/visualizer/sub.py -> /home/ubuntu/PucksInDeep/rosHockey/install/visualizer/lib/python3.8/site-packages/visualizer
[6.036s] copying /home/ubuntu/PucksInDeep/rosHockey/build/visualizer/build/lib/visualizer/__init__.py -> /home/ubuntu/PucksInDeep/rosHockey/install/visualizer/lib/python3.8/site-packages/visualizer
[6.039s] copying /home/ubuntu/PucksInDeep/rosHockey/build/visualizer/build/lib/visualizer/viz.py -> /home/ubuntu/PucksInDeep/rosHockey/install/visualizer/lib/python3.8/site-packages/visualizer
[6.046s] byte-compiling /home/ubuntu/PucksInDeep/rosHockey/install/visualizer/lib/python3.8/site-packages/visualizer/sub.py to sub.cpython-38.pyc
[6.057s] byte-compiling /home/ubuntu/PucksInDeep/rosHockey/install/visualizer/lib/python3.8/site-packages/visualizer/__init__.py to __init__.cpython-38.pyc
[6.060s] byte-compiling /home/ubuntu/PucksInDeep/rosHockey/install/visualizer/lib/python3.8/site-packages/visualizer/viz.py to viz.cpython-38.pyc
[6.079s] running install_data
[6.084s] creating /home/ubuntu/PucksInDeep/rosHockey/install/visualizer/share/ament_index
[6.085s] creating /home/ubuntu/PucksInDeep/rosHockey/install/visualizer/share/ament_index/resource_index
[6.087s] creating /home/ubuntu/PucksInDeep/rosHockey/install/visualizer/share/ament_index/resource_index/packages
[6.089s] error: can't copy 'resource/visualizer': doesn't exist or not a regular file
