[01m[K/home/fizzer/PucksInDeep/RPi/rosHockey/bp_coms_cpp/src/bp_coms.cpp:[m[K In member function ‘[01m[Kvoid BpComm::initialize()[m[K’:
[01m[K/home/fizzer/PucksInDeep/RPi/rosHockey/bp_coms_cpp/src/bp_coms.cpp:69:5:[m[K [01;31m[Kerror: [m[Kexpected initializer before ‘[01m[Kuint8_t[m[K’
   69 |     [01;31m[Kuint8_t[m[K byte_buff[1];
      |     [01;31m[K^~~~~~~[m[K
[01m[K/home/fizzer/PucksInDeep/RPi/rosHockey/bp_coms_cpp/src/bp_coms.cpp:70:35:[m[K [01;31m[Kerror: [m[K‘[01m[Kbytes[m[K’ was not declared in this scope
   70 |     ioctl(serial_port, FIONREAD, &[01;31m[Kbytes[m[K);
      |                                   [01;31m[K^~~~~[m[K
[01m[K/home/fizzer/PucksInDeep/RPi/rosHockey/bp_coms_cpp/src/bp_coms.cpp:73:28:[m[K [01;31m[Kerror: [m[K‘[01m[Kbyte_buff[m[K’ was not declared in this scope
   73 |         read(serial_port, &[01;31m[Kbyte_buff[m[K, sizeof(byte_buff));
      |                            [01;31m[K^~~~~~~~~[m[K
[01m[K/home/fizzer/PucksInDeep/RPi/rosHockey/bp_coms_cpp/src/bp_coms.cpp:81:22:[m[K [01;31m[Kerror: [m[Kexpected ‘[01m[K;[m[K’ before ‘[01m[K}[m[K’ token
   81 |                 break
      |                      [01;31m[K^[m[K
      |                      [32m[K;[m[K
   82 |             [32m[K}[m[K
      |             [32m[K~[m[K         
[01m[K/home/fizzer/PucksInDeep/RPi/rosHockey/bp_coms_cpp/src/bp_coms.cpp:[m[K In member function ‘[01m[Kvoid BpComm::write_bp(hockey_msgs::msg::NextPath_<std::allocator<void> >::SharedPtr)[m[K’:
[01m[K/home/fizzer/PucksInDeep/RPi/rosHockey/bp_coms_cpp/src/bp_coms.cpp:132:26:[m[K [01;35m[Kwarning: [m[Knarrowing conversion of ‘[01m[K(hockey_msgs::msg::NextPath_<std::allocator<void> >::_x_type)msg.hockey_msgs::msg::NextPath_<std::allocator<void> >::x[m[K’ from ‘[01m[Khockey_msgs::msg::NextPath_<std::allocator<void> >::_x_type[m[K’ {aka ‘[01m[Kdouble[m[K’} to ‘[01m[Kfloat[m[K’ [[01;35m[K-Wnarrowing[m[K]
  132 |     float vals[7] = {[01;35m[Kmsg.x[m[K, msg.y, msg.vx, msg.vy, msg.ax, msg.ay, msg.t};
      |                      [01;35m[K~~~~^[m[K
[01m[K/home/fizzer/PucksInDeep/RPi/rosHockey/bp_coms_cpp/src/bp_coms.cpp:132:33:[m[K [01;35m[Kwarning: [m[Knarrowing conversion of ‘[01m[K(hockey_msgs::msg::NextPath_<std::allocator<void> >::_y_type)msg.hockey_msgs::msg::NextPath_<std::allocator<void> >::y[m[K’ from ‘[01m[Khockey_msgs::msg::NextPath_<std::allocator<void> >::_y_type[m[K’ {aka ‘[01m[Kdouble[m[K’} to ‘[01m[Kfloat[m[K’ [[01;35m[K-Wnarrowing[m[K]
  132 |     float vals[7] = {msg.x, [01;35m[Kmsg.y[m[K, msg.vx, msg.vy, msg.ax, msg.ay, msg.t};
      |                             [01;35m[K~~~~^[m[K
[01m[K/home/fizzer/PucksInDeep/RPi/rosHockey/bp_coms_cpp/src/bp_coms.cpp:132:40:[m[K [01;35m[Kwarning: [m[Knarrowing conversion of ‘[01m[K(hockey_msgs::msg::NextPath_<std::allocator<void> >::_vx_type)msg.hockey_msgs::msg::NextPath_<std::allocator<void> >::vx[m[K’ from ‘[01m[Khockey_msgs::msg::NextPath_<std::allocator<void> >::_vx_type[m[K’ {aka ‘[01m[Kdouble[m[K’} to ‘[01m[Kfloat[m[K’ [[01;35m[K-Wnarrowing[m[K]
  132 |     float vals[7] = {msg.x, msg.y, [01;35m[Kmsg.vx[m[K, msg.vy, msg.ax, msg.ay, msg.t};
      |                                    [01;35m[K~~~~^~[m[K
[01m[K/home/fizzer/PucksInDeep/RPi/rosHockey/bp_coms_cpp/src/bp_coms.cpp:132:48:[m[K [01;35m[Kwarning: [m[Knarrowing conversion of ‘[01m[K(hockey_msgs::msg::NextPath_<std::allocator<void> >::_vy_type)msg.hockey_msgs::msg::NextPath_<std::allocator<void> >::vy[m[K’ from ‘[01m[Khockey_msgs::msg::NextPath_<std::allocator<void> >::_vy_type[m[K’ {aka ‘[01m[Kdouble[m[K’} to ‘[01m[Kfloat[m[K’ [[01;35m[K-Wnarrowing[m[K]
  132 |     float vals[7] = {msg.x, msg.y, msg.vx, [01;35m[Kmsg.vy[m[K, msg.ax, msg.ay, msg.t};
      |                                            [01;35m[K~~~~^~[m[K
[01m[K/home/fizzer/PucksInDeep/RPi/rosHockey/bp_coms_cpp/src/bp_coms.cpp:132:56:[m[K [01;35m[Kwarning: [m[Knarrowing conversion of ‘[01m[K(hockey_msgs::msg::NextPath_<std::allocator<void> >::_ax_type)msg.hockey_msgs::msg::NextPath_<std::allocator<void> >::ax[m[K’ from ‘[01m[Khockey_msgs::msg::NextPath_<std::allocator<void> >::_ax_type[m[K’ {aka ‘[01m[Kdouble[m[K’} to ‘[01m[Kfloat[m[K’ [[01;35m[K-Wnarrowing[m[K]
  132 |     float vals[7] = {msg.x, msg.y, msg.vx, msg.vy, [01;35m[Kmsg.ax[m[K, msg.ay, msg.t};
      |                                                    [01;35m[K~~~~^~[m[K
[01m[K/home/fizzer/PucksInDeep/RPi/rosHockey/bp_coms_cpp/src/bp_coms.cpp:132:64:[m[K [01;35m[Kwarning: [m[Knarrowing conversion of ‘[01m[K(hockey_msgs::msg::NextPath_<std::allocator<void> >::_ay_type)msg.hockey_msgs::msg::NextPath_<std::allocator<void> >::ay[m[K’ from ‘[01m[Khockey_msgs::msg::NextPath_<std::allocator<void> >::_ay_type[m[K’ {aka ‘[01m[Kdouble[m[K’} to ‘[01m[Kfloat[m[K’ [[01;35m[K-Wnarrowing[m[K]
  132 |     float vals[7] = {msg.x, msg.y, msg.vx, msg.vy, msg.ax, [01;35m[Kmsg.ay[m[K, msg.t};
      |                                                            [01;35m[K~~~~^~[m[K
[01m[K/home/fizzer/PucksInDeep/RPi/rosHockey/bp_coms_cpp/src/bp_coms.cpp:132:72:[m[K [01;35m[Kwarning: [m[Knarrowing conversion of ‘[01m[K(hockey_msgs::msg::NextPath_<std::allocator<void> >::_t_type)msg.hockey_msgs::msg::NextPath_<std::allocator<void> >::t[m[K’ from ‘[01m[Khockey_msgs::msg::NextPath_<std::allocator<void> >::_t_type[m[K’ {aka ‘[01m[Kdouble[m[K’} to ‘[01m[Kfloat[m[K’ [[01;35m[K-Wnarrowing[m[K]
  132 |     float vals[7] = {msg.x, msg.y, msg.vx, msg.vy, msg.ax, msg.ay, [01;35m[Kmsg.t[m[K};
      |                                                                    [01;35m[K~~~~^[m[K
make[2]: *** [CMakeFiles/bp_coms.dir/build.make:63: CMakeFiles/bp_coms.dir/src/bp_coms.cpp.o] Error 1
make[1]: *** [CMakeFiles/Makefile2:105: CMakeFiles/bp_coms.dir/all] Error 2
make: *** [Makefile:141: all] Error 2
