[0.017s] Invoking command in '/home/fizzer/PucksInDeep/build/bp_coms_cpp': CMAKE_PREFIX_PATH=${CMAKE_PREFIX_PATH}:/home/fizzer/PucksInDeep/RPi/rosHockey/install/qt_gui:/home/fizzer/PucksInDeep/RPi/rosHockey/install/bp_coms:/home/fizzer/PucksInDeep/RPi/rosHockey/install/HLC:/opt/ros/foxy /usr/bin/cmake /home/fizzer/PucksInDeep/RPi/rosHockey/bp_coms_cpp -DCMAKE_INSTALL_PREFIX=/home/fizzer/PucksInDeep/install/bp_coms_cpp
[0.099s] -- The C compiler identification is GNU 9.3.0
[0.177s] -- The CXX compiler identification is GNU 9.3.0
[0.185s] -- Check for working C compiler: /usr/bin/cc
[0.285s] -- Check for working C compiler: /usr/bin/cc -- works
[0.286s] -- Detecting C compiler ABI info
[0.387s] -- Detecting C compiler ABI info - done
[0.402s] -- Detecting C compile features
[0.402s] -- Detecting C compile features - done
[0.405s] -- Check for working CXX compiler: /usr/bin/c++
[0.513s] -- Check for working CXX compiler: /usr/bin/c++ -- works
[0.515s] -- Detecting CXX compiler ABI info
[0.622s] -- Detecting CXX compiler ABI info - done
[0.640s] -- Detecting CXX compile features
[0.641s] -- Detecting CXX compile features - done
[0.644s] -- Found ament_cmake: 0.9.9 (/opt/ros/foxy/share/ament_cmake/cmake)
[0.684s] -- Found PythonInterp: /usr/bin/python3 (found suitable version "3.8.10", minimum required is "3") 
[0.684s] -- Using PYTHON_EXECUTABLE: /usr/bin/python3
[0.948s] -- Found rclcpp: 2.4.0 (/opt/ros/foxy/share/rclcpp/cmake)
[1.008s] -- Using all available rosidl_typesupport_c: rosidl_typesupport_fastrtps_c;rosidl_typesupport_introspection_c
[1.016s] -- Found rosidl_adapter: 1.2.1 (/opt/ros/foxy/share/rosidl_adapter/cmake)
[1.140s] -- Found OpenSSL: /usr/lib/x86_64-linux-gnu/libcrypto.so (found version "1.1.1f")  
[1.180s] -- Found FastRTPS: /opt/ros/foxy/include  
[1.281s] -- Using all available rosidl_typesupport_cpp: rosidl_typesupport_fastrtps_cpp;rosidl_typesupport_introspection_cpp
[1.357s] -- Found rmw_implementation_cmake: 1.0.3 (/opt/ros/foxy/share/rmw_implementation_cmake/cmake)
[1.358s] -- Using RMW implementation 'rmw_fastrtps_cpp' as default
[1.360s] -- Looking for pthread.h
[1.457s] -- Looking for pthread.h - found
[1.458s] -- Performing Test CMAKE_HAVE_LIBC_PTHREAD
[1.558s] -- Performing Test CMAKE_HAVE_LIBC_PTHREAD - Failed
[1.558s] -- Looking for pthread_create in pthreads
[1.642s] -- Looking for pthread_create in pthreads - not found
[1.642s] -- Looking for pthread_create in pthread
[1.743s] -- Looking for pthread_create in pthread - found
[1.744s] -- Found Threads: TRUE  
[1.937s] -- Found hockey_msgs: 0.0.0 (/home/fizzer/PucksInDeep/RPi/rosHockey/install/hockey_msgs/share/hockey_msgs/cmake)
[1.949s] -- Found ament_lint_auto: 0.9.6 (/opt/ros/foxy/share/ament_lint_auto/cmake)
[2.052s] -- Added test 'copyright' to check source files copyright and LICENSE
[2.054s] -- Added test 'cppcheck' to perform static code analysis on C / C++ code
[2.054s] -- Configured cppcheck include dirs: 
[2.055s] -- Configured cppcheck exclude dirs and/or files: 
[2.056s] -- Added test 'cpplint' to check C / C++ code against the Google style
[2.056s] -- Configured cpplint exclude dirs and/or files: 
[2.057s] -- Added test 'lint_cmake' to check CMake code style
[2.058s] -- Added test 'uncrustify' to check C / C++ code style
[2.058s] -- Configured uncrustify additional arguments: 
[2.058s] -- Added test 'xmllint' to check XML markup files
[2.062s] -- Configuring done
[2.070s] -- Generating done
[2.072s] -- Build files have been written to: /home/fizzer/PucksInDeep/build/bp_coms_cpp
[2.082s] Invoked command in '/home/fizzer/PucksInDeep/build/bp_coms_cpp' returned '0': CMAKE_PREFIX_PATH=${CMAKE_PREFIX_PATH}:/home/fizzer/PucksInDeep/RPi/rosHockey/install/qt_gui:/home/fizzer/PucksInDeep/RPi/rosHockey/install/bp_coms:/home/fizzer/PucksInDeep/RPi/rosHockey/install/HLC:/opt/ros/foxy /usr/bin/cmake /home/fizzer/PucksInDeep/RPi/rosHockey/bp_coms_cpp -DCMAKE_INSTALL_PREFIX=/home/fizzer/PucksInDeep/install/bp_coms_cpp
[2.088s] Invoking command in '/home/fizzer/PucksInDeep/build/bp_coms_cpp': CMAKE_PREFIX_PATH=${CMAKE_PREFIX_PATH}:/home/fizzer/PucksInDeep/RPi/rosHockey/install/qt_gui:/home/fizzer/PucksInDeep/RPi/rosHockey/install/bp_coms:/home/fizzer/PucksInDeep/RPi/rosHockey/install/HLC:/opt/ros/foxy /usr/bin/cmake --build /home/fizzer/PucksInDeep/build/bp_coms_cpp -- -j4 -l4
[2.141s] [35m[1mScanning dependencies of target bp_coms[0m
[2.187s] [ 50%] [32mBuilding CXX object CMakeFiles/bp_coms.dir/src/bp_coms.cpp.o[0m
[3.841s] [01m[K/home/fizzer/PucksInDeep/RPi/rosHockey/bp_coms_cpp/src/bp_coms.cpp:[m[K In member function ‘[01m[Kvoid BpComm::initialize()[m[K’:
[3.841s] [01m[K/home/fizzer/PucksInDeep/RPi/rosHockey/bp_coms_cpp/src/bp_coms.cpp:69:5:[m[K [01;31m[Kerror: [m[Kexpected initializer before ‘[01m[Kuint8_t[m[K’
[3.841s]    69 |     [01;31m[Kuint8_t[m[K byte_buff[1];
[3.841s]       |     [01;31m[K^~~~~~~[m[K
[3.843s] [01m[K/home/fizzer/PucksInDeep/RPi/rosHockey/bp_coms_cpp/src/bp_coms.cpp:70:35:[m[K [01;31m[Kerror: [m[K‘[01m[Kbytes[m[K’ was not declared in this scope
[3.843s]    70 |     ioctl(serial_port, FIONREAD, &[01;31m[Kbytes[m[K);
[3.843s]       |                                   [01;31m[K^~~~~[m[K
[3.846s] [01m[K/home/fizzer/PucksInDeep/RPi/rosHockey/bp_coms_cpp/src/bp_coms.cpp:73:28:[m[K [01;31m[Kerror: [m[K‘[01m[Kbyte_buff[m[K’ was not declared in this scope
[3.846s]    73 |         read(serial_port, &[01;31m[Kbyte_buff[m[K, sizeof(byte_buff));
[3.846s]       |                            [01;31m[K^~~~~~~~~[m[K
[3.846s] [01m[K/home/fizzer/PucksInDeep/RPi/rosHockey/bp_coms_cpp/src/bp_coms.cpp:81:22:[m[K [01;31m[Kerror: [m[Kexpected ‘[01m[K;[m[K’ before ‘[01m[K}[m[K’ token
[3.846s]    81 |                 break
[3.846s]       |                      [01;31m[K^[m[K
[3.847s]       |                      [32m[K;[m[K
[3.847s]    82 |             [32m[K}[m[K
[3.847s]       |             [32m[K~[m[K         
[3.866s] [01m[K/home/fizzer/PucksInDeep/RPi/rosHockey/bp_coms_cpp/src/bp_coms.cpp:[m[K In member function ‘[01m[Kvoid BpComm::write_bp(hockey_msgs::msg::NextPath_<std::allocator<void> >::SharedPtr)[m[K’:
[3.866s] [01m[K/home/fizzer/PucksInDeep/RPi/rosHockey/bp_coms_cpp/src/bp_coms.cpp:132:26:[m[K [01;35m[Kwarning: [m[Knarrowing conversion of ‘[01m[K(hockey_msgs::msg::NextPath_<std::allocator<void> >::_x_type)msg.hockey_msgs::msg::NextPath_<std::allocator<void> >::x[m[K’ from ‘[01m[Khockey_msgs::msg::NextPath_<std::allocator<void> >::_x_type[m[K’ {aka ‘[01m[Kdouble[m[K’} to ‘[01m[Kfloat[m[K’ [[01;35m[K-Wnarrowing[m[K]
[3.866s]   132 |     float vals[7] = {[01;35m[Kmsg.x[m[K, msg.y, msg.vx, msg.vy, msg.ax, msg.ay, msg.t};
[3.866s]       |                      [01;35m[K~~~~^[m[K
[3.866s] [01m[K/home/fizzer/PucksInDeep/RPi/rosHockey/bp_coms_cpp/src/bp_coms.cpp:132:33:[m[K [01;35m[Kwarning: [m[Knarrowing conversion of ‘[01m[K(hockey_msgs::msg::NextPath_<std::allocator<void> >::_y_type)msg.hockey_msgs::msg::NextPath_<std::allocator<void> >::y[m[K’ from ‘[01m[Khockey_msgs::msg::NextPath_<std::allocator<void> >::_y_type[m[K’ {aka ‘[01m[Kdouble[m[K’} to ‘[01m[Kfloat[m[K’ [[01;35m[K-Wnarrowing[m[K]
[3.866s]   132 |     float vals[7] = {msg.x, [01;35m[Kmsg.y[m[K, msg.vx, msg.vy, msg.ax, msg.ay, msg.t};
[3.866s]       |                             [01;35m[K~~~~^[m[K
[3.866s] [01m[K/home/fizzer/PucksInDeep/RPi/rosHockey/bp_coms_cpp/src/bp_coms.cpp:132:40:[m[K [01;35m[Kwarning: [m[Knarrowing conversion of ‘[01m[K(hockey_msgs::msg::NextPath_<std::allocator<void> >::_vx_type)msg.hockey_msgs::msg::NextPath_<std::allocator<void> >::vx[m[K’ from ‘[01m[Khockey_msgs::msg::NextPath_<std::allocator<void> >::_vx_type[m[K’ {aka ‘[01m[Kdouble[m[K’} to ‘[01m[Kfloat[m[K’ [[01;35m[K-Wnarrowing[m[K]
[3.867s]   132 |     float vals[7] = {msg.x, msg.y, [01;35m[Kmsg.vx[m[K, msg.vy, msg.ax, msg.ay, msg.t};
[3.867s]       |                                    [01;35m[K~~~~^~[m[K
[3.867s] [01m[K/home/fizzer/PucksInDeep/RPi/rosHockey/bp_coms_cpp/src/bp_coms.cpp:132:48:[m[K [01;35m[Kwarning: [m[Knarrowing conversion of ‘[01m[K(hockey_msgs::msg::NextPath_<std::allocator<void> >::_vy_type)msg.hockey_msgs::msg::NextPath_<std::allocator<void> >::vy[m[K’ from ‘[01m[Khockey_msgs::msg::NextPath_<std::allocator<void> >::_vy_type[m[K’ {aka ‘[01m[Kdouble[m[K’} to ‘[01m[Kfloat[m[K’ [[01;35m[K-Wnarrowing[m[K]
[3.867s]   132 |     float vals[7] = {msg.x, msg.y, msg.vx, [01;35m[Kmsg.vy[m[K, msg.ax, msg.ay, msg.t};
[3.867s]       |                                            [01;35m[K~~~~^~[m[K
[3.867s] [01m[K/home/fizzer/PucksInDeep/RPi/rosHockey/bp_coms_cpp/src/bp_coms.cpp:132:56:[m[K [01;35m[Kwarning: [m[Knarrowing conversion of ‘[01m[K(hockey_msgs::msg::NextPath_<std::allocator<void> >::_ax_type)msg.hockey_msgs::msg::NextPath_<std::allocator<void> >::ax[m[K’ from ‘[01m[Khockey_msgs::msg::NextPath_<std::allocator<void> >::_ax_type[m[K’ {aka ‘[01m[Kdouble[m[K’} to ‘[01m[Kfloat[m[K’ [[01;35m[K-Wnarrowing[m[K]
[3.867s]   132 |     float vals[7] = {msg.x, msg.y, msg.vx, msg.vy, [01;35m[Kmsg.ax[m[K, msg.ay, msg.t};
[3.867s]       |                                                    [01;35m[K~~~~^~[m[K
[3.867s] [01m[K/home/fizzer/PucksInDeep/RPi/rosHockey/bp_coms_cpp/src/bp_coms.cpp:132:64:[m[K [01;35m[Kwarning: [m[Knarrowing conversion of ‘[01m[K(hockey_msgs::msg::NextPath_<std::allocator<void> >::_ay_type)msg.hockey_msgs::msg::NextPath_<std::allocator<void> >::ay[m[K’ from ‘[01m[Khockey_msgs::msg::NextPath_<std::allocator<void> >::_ay_type[m[K’ {aka ‘[01m[Kdouble[m[K’} to ‘[01m[Kfloat[m[K’ [[01;35m[K-Wnarrowing[m[K]
[3.867s]   132 |     float vals[7] = {msg.x, msg.y, msg.vx, msg.vy, msg.ax, [01;35m[Kmsg.ay[m[K, msg.t};
[3.867s]       |                                                            [01;35m[K~~~~^~[m[K
[3.868s] [01m[K/home/fizzer/PucksInDeep/RPi/rosHockey/bp_coms_cpp/src/bp_coms.cpp:132:72:[m[K [01;35m[Kwarning: [m[Knarrowing conversion of ‘[01m[K(hockey_msgs::msg::NextPath_<std::allocator<void> >::_t_type)msg.hockey_msgs::msg::NextPath_<std::allocator<void> >::t[m[K’ from ‘[01m[Khockey_msgs::msg::NextPath_<std::allocator<void> >::_t_type[m[K’ {aka ‘[01m[Kdouble[m[K’} to ‘[01m[Kfloat[m[K’ [[01;35m[K-Wnarrowing[m[K]
[3.868s]   132 |     float vals[7] = {msg.x, msg.y, msg.vx, msg.vy, msg.ax, msg.ay, [01;35m[Kmsg.t[m[K};
[3.868s]       |                                                                    [01;35m[K~~~~^[m[K
[5.818s] make[2]: *** [CMakeFiles/bp_coms.dir/build.make:63: CMakeFiles/bp_coms.dir/src/bp_coms.cpp.o] Error 1
[5.819s] make[1]: *** [CMakeFiles/Makefile2:105: CMakeFiles/bp_coms.dir/all] Error 2
[5.819s] make: *** [Makefile:141: all] Error 2
[5.822s] Invoked command in '/home/fizzer/PucksInDeep/build/bp_coms_cpp' returned '2': CMAKE_PREFIX_PATH=${CMAKE_PREFIX_PATH}:/home/fizzer/PucksInDeep/RPi/rosHockey/install/qt_gui:/home/fizzer/PucksInDeep/RPi/rosHockey/install/bp_coms:/home/fizzer/PucksInDeep/RPi/rosHockey/install/HLC:/opt/ros/foxy /usr/bin/cmake --build /home/fizzer/PucksInDeep/build/bp_coms_cpp -- -j4 -l4
