running develop
Removing /home/pham/PucksInDeep/install/data_logger/lib/python3.8/site-packages/data-logger.egg-link (link to .)
running egg_info
writing ../../../build/data_logger/data_logger.egg-info/PKG-INFO
writing dependency_links to ../../../build/data_logger/data_logger.egg-info/dependency_links.txt
writing entry points to ../../../build/data_logger/data_logger.egg-info/entry_points.txt
writing requirements to ../../../build/data_logger/data_logger.egg-info/requires.txt
writing top-level names to ../../../build/data_logger/data_logger.egg-info/top_level.txt
reading manifest file '../../../build/data_logger/data_logger.egg-info/SOURCES.txt'
writing manifest file '../../../build/data_logger/data_logger.egg-info/SOURCES.txt'
running build
running build_py
creating /home/pham/PucksInDeep/build/data_logger/build
creating /home/pham/PucksInDeep/build/data_logger/build/lib
creating /home/pham/PucksInDeep/build/data_logger/build/lib/data_logger
copying data_logger/plotter.py -> /home/pham/PucksInDeep/build/data_logger/build/lib/data_logger
copying data_logger/solve_for_coefs.py -> /home/pham/PucksInDeep/build/data_logger/build/lib/data_logger
copying data_logger/__init__.py -> /home/pham/PucksInDeep/build/data_logger/build/lib/data_logger
copying data_logger/logger_node.py -> /home/pham/PucksInDeep/build/data_logger/build/lib/data_logger
running install
running install_lib
creating /home/pham/PucksInDeep/install/data_logger/lib/python3.8/site-packages/data_logger
copying /home/pham/PucksInDeep/build/data_logger/build/lib/data_logger/plotter.py -> /home/pham/PucksInDeep/install/data_logger/lib/python3.8/site-packages/data_logger
copying /home/pham/PucksInDeep/build/data_logger/build/lib/data_logger/solve_for_coefs.py -> /home/pham/PucksInDeep/install/data_logger/lib/python3.8/site-packages/data_logger
copying /home/pham/PucksInDeep/build/data_logger/build/lib/data_logger/__init__.py -> /home/pham/PucksInDeep/install/data_logger/lib/python3.8/site-packages/data_logger
copying /home/pham/PucksInDeep/build/data_logger/build/lib/data_logger/logger_node.py -> /home/pham/PucksInDeep/install/data_logger/lib/python3.8/site-packages/data_logger
byte-compiling /home/pham/PucksInDeep/install/data_logger/lib/python3.8/site-packages/data_logger/plotter.py to plotter.cpython-38.pyc
byte-compiling /home/pham/PucksInDeep/install/data_logger/lib/python3.8/site-packages/data_logger/solve_for_coefs.py to solve_for_coefs.cpython-38.pyc
byte-compiling /home/pham/PucksInDeep/install/data_logger/lib/python3.8/site-packages/data_logger/__init__.py to __init__.cpython-38.pyc
byte-compiling /home/pham/PucksInDeep/install/data_logger/lib/python3.8/site-packages/data_logger/logger_node.py to logger_node.cpython-38.pyc
running install_data
running install_egg_info
Copying ../../../build/data_logger/data_logger.egg-info to /home/pham/PucksInDeep/install/data_logger/lib/python3.8/site-packages/data_logger-0.0.0-py3.8.egg-info
running install_scripts
Installing logger script to /home/pham/PucksInDeep/install/data_logger/lib/data_logger
writing list of installed files to '/home/pham/PucksInDeep/build/data_logger/install.log'
