[0.029s] Invoking command in '/home/pham/PucksInDeep/build/bp_coms_cpp': AMENT_PREFIX_PATH=/home/pham/PucksInDeep/install/hockey_msgs:${AMENT_PREFIX_PATH} CMAKE_PREFIX_PATH=/home/pham/PucksInDeep/install/hockey_msgs:/home/pham/PucksInDeep/RPi/rosHockey/install/bp_coms_cpp:/home/pham/PucksInDeep/RPi/rosHockey/install/hockey_msgs:/home/pham/ros2_foxy/ros2-linux:/home/pham/PucksInDeep/RPi/rosHockey/install/visualizer:/home/pham/PucksInDeep/RPi/rosHockey/install/qt_gui:/home/pham/PucksInDeep/RPi/rosHockey/install/puck_tracker:/home/pham/PucksInDeep/RPi/rosHockey/install/position_publisher:/home/pham/PucksInDeep/RPi/rosHockey/install/keyboard_control:/home/pham/PucksInDeep/RPi/rosHockey/install/hockey_testing:/home/pham/PucksInDeep/RPi/rosHockey/install/hockey_gui:/home/pham/PucksInDeep/RPi/rosHockey/install/data_logger:/home/pham/PucksInDeep/RPi/rosHockey/install/bp_coms:/home/pham/PucksInDeep/RPi/rosHockey/install/ID_tool:/home/pham/PucksInDeep/RPi/rosHockey/install/HLC LD_LIBRARY_PATH=/home/pham/PucksInDeep/install/hockey_msgs/lib:${LD_LIBRARY_PATH} PYTHONPATH=/home/pham/PucksInDeep/install/hockey_msgs/lib/python3.8/site-packages:${PYTHONPATH} /usr/bin/cmake /home/pham/PucksInDeep/RPi/rosHockey/bp_coms_cpp -DCMAKE_INSTALL_PREFIX=/home/pham/PucksInDeep/install/bp_coms_cpp
[0.111s] -- The C compiler identification is GNU 9.4.0
[0.191s] -- The CXX compiler identification is GNU 9.4.0
[0.199s] -- Check for working C compiler: /usr/bin/cc
[0.298s] -- Check for working C compiler: /usr/bin/cc -- works
[0.300s] -- Detecting C compiler ABI info
[0.379s] -- Detecting C compiler ABI info - done
[0.397s] -- Detecting C compile features
[0.397s] -- Detecting C compile features - done
[0.401s] -- Check for working CXX compiler: /usr/bin/c++
[0.501s] -- Check for working CXX compiler: /usr/bin/c++ -- works
[0.503s] -- Detecting CXX compiler ABI info
[0.605s] -- Detecting CXX compiler ABI info - done
[0.620s] -- Detecting CXX compile features
[0.621s] -- Detecting CXX compile features - done
[0.624s] -- Found ament_cmake: 0.9.9 (/home/pham/ros2_foxy/ros2-linux/share/ament_cmake/cmake)
[0.675s] -- Found PythonInterp: /usr/bin/python3 (found suitable version "3.8.10", minimum required is "3") 
[0.675s] -- Using PYTHON_EXECUTABLE: /usr/bin/python3
[0.975s] -- Found rclcpp: 2.4.0 (/home/pham/ros2_foxy/ros2-linux/share/rclcpp/cmake)
[1.040s] -- Using all available rosidl_typesupport_c: rosidl_typesupport_connext_c;rosidl_typesupport_fastrtps_c;rosidl_typesupport_introspection_c
[1.048s] -- Found rosidl_adapter: 1.2.1 (/home/pham/ros2_foxy/ros2-linux/share/rosidl_adapter/cmake)
[1.071s] -- Could not find RTI Connext - skipping rosidl_typesupport_connext_c
[1.087s] -- Could not find RTI Connext - skipping rosidl_typesupport_connext_cpp
[1.180s] -- Found OpenSSL: /usr/lib/x86_64-linux-gnu/libcrypto.so (found version "1.1.1f")  
[1.215s] -- Found FastRTPS: /home/pham/ros2_foxy/ros2-linux/include  
[1.296s] -- Using all available rosidl_typesupport_cpp: rosidl_typesupport_connext_cpp;rosidl_typesupport_fastrtps_cpp;rosidl_typesupport_introspection_cpp
[1.387s] -- Found rmw_implementation_cmake: 1.0.3 (/home/pham/ros2_foxy/ros2-linux/share/rmw_implementation_cmake/cmake)
[1.392s] -- Using RMW implementation 'rmw_fastrtps_cpp' as default
[1.394s] -- Looking for pthread.h
[1.488s] -- Looking for pthread.h - found
[1.489s] -- Performing Test CMAKE_HAVE_LIBC_PTHREAD
[1.587s] -- Performing Test CMAKE_HAVE_LIBC_PTHREAD - Failed
[1.588s] -- Looking for pthread_create in pthreads
[1.674s] -- Looking for pthread_create in pthreads - not found
[1.675s] -- Looking for pthread_create in pthread
[1.783s] -- Looking for pthread_create in pthread - found
[1.784s] -- Found Threads: TRUE  
[1.943s] -- Found hockey_msgs: 0.0.0 (/home/pham/PucksInDeep/install/hockey_msgs/share/hockey_msgs/cmake)
[1.954s] -- Found ament_lint_auto: 0.9.6 (/home/pham/ros2_foxy/ros2-linux/share/ament_lint_auto/cmake)
[2.058s] -- Added test 'copyright' to check source files copyright and LICENSE
[2.059s] -- Added test 'cppcheck' to perform static code analysis on C / C++ code
[2.060s] -- Configured cppcheck include dirs: 
[2.060s] -- Configured cppcheck exclude dirs and/or files: 
[2.061s] -- Added test 'cpplint' to check C / C++ code against the Google style
[2.061s] -- Configured cpplint exclude dirs and/or files: 
[2.062s] -- Added test 'lint_cmake' to check CMake code style
[2.063s] -- Added test 'uncrustify' to check C / C++ code style
[2.063s] -- Configured uncrustify additional arguments: 
[2.064s] -- Added test 'xmllint' to check XML markup files
[2.067s] -- Configuring done
[2.075s] -- Generating done
[2.076s] -- Build files have been written to: /home/pham/PucksInDeep/build/bp_coms_cpp
[2.086s] Invoked command in '/home/pham/PucksInDeep/build/bp_coms_cpp' returned '0': AMENT_PREFIX_PATH=/home/pham/PucksInDeep/install/hockey_msgs:${AMENT_PREFIX_PATH} CMAKE_PREFIX_PATH=/home/pham/PucksInDeep/install/hockey_msgs:/home/pham/PucksInDeep/RPi/rosHockey/install/bp_coms_cpp:/home/pham/PucksInDeep/RPi/rosHockey/install/hockey_msgs:/home/pham/ros2_foxy/ros2-linux:/home/pham/PucksInDeep/RPi/rosHockey/install/visualizer:/home/pham/PucksInDeep/RPi/rosHockey/install/qt_gui:/home/pham/PucksInDeep/RPi/rosHockey/install/puck_tracker:/home/pham/PucksInDeep/RPi/rosHockey/install/position_publisher:/home/pham/PucksInDeep/RPi/rosHockey/install/keyboard_control:/home/pham/PucksInDeep/RPi/rosHockey/install/hockey_testing:/home/pham/PucksInDeep/RPi/rosHockey/install/hockey_gui:/home/pham/PucksInDeep/RPi/rosHockey/install/data_logger:/home/pham/PucksInDeep/RPi/rosHockey/install/bp_coms:/home/pham/PucksInDeep/RPi/rosHockey/install/ID_tool:/home/pham/PucksInDeep/RPi/rosHockey/install/HLC LD_LIBRARY_PATH=/home/pham/PucksInDeep/install/hockey_msgs/lib:${LD_LIBRARY_PATH} PYTHONPATH=/home/pham/PucksInDeep/install/hockey_msgs/lib/python3.8/site-packages:${PYTHONPATH} /usr/bin/cmake /home/pham/PucksInDeep/RPi/rosHockey/bp_coms_cpp -DCMAKE_INSTALL_PREFIX=/home/pham/PucksInDeep/install/bp_coms_cpp
[2.089s] Invoking command in '/home/pham/PucksInDeep/build/bp_coms_cpp': AMENT_PREFIX_PATH=/home/pham/PucksInDeep/install/hockey_msgs:${AMENT_PREFIX_PATH} CMAKE_PREFIX_PATH=/home/pham/PucksInDeep/install/hockey_msgs:/home/pham/PucksInDeep/RPi/rosHockey/install/bp_coms_cpp:/home/pham/PucksInDeep/RPi/rosHockey/install/hockey_msgs:/home/pham/ros2_foxy/ros2-linux:/home/pham/PucksInDeep/RPi/rosHockey/install/visualizer:/home/pham/PucksInDeep/RPi/rosHockey/install/qt_gui:/home/pham/PucksInDeep/RPi/rosHockey/install/puck_tracker:/home/pham/PucksInDeep/RPi/rosHockey/install/position_publisher:/home/pham/PucksInDeep/RPi/rosHockey/install/keyboard_control:/home/pham/PucksInDeep/RPi/rosHockey/install/hockey_testing:/home/pham/PucksInDeep/RPi/rosHockey/install/hockey_gui:/home/pham/PucksInDeep/RPi/rosHockey/install/data_logger:/home/pham/PucksInDeep/RPi/rosHockey/install/bp_coms:/home/pham/PucksInDeep/RPi/rosHockey/install/ID_tool:/home/pham/PucksInDeep/RPi/rosHockey/install/HLC LD_LIBRARY_PATH=/home/pham/PucksInDeep/install/hockey_msgs/lib:${LD_LIBRARY_PATH} PYTHONPATH=/home/pham/PucksInDeep/install/hockey_msgs/lib/python3.8/site-packages:${PYTHONPATH} /usr/bin/cmake --build /home/pham/PucksInDeep/build/bp_coms_cpp -- -j8 -l8
[2.159s] [35m[1mScanning dependencies of target bp_coms[0m
[2.315s] [ 50%] [32mBuilding CXX object CMakeFiles/bp_coms.dir/src/bp_coms.cpp.o[0m
[3.826s] [01m[K/home/pham/PucksInDeep/RPi/rosHockey/bp_coms_cpp/src/bp_coms.cpp:[m[K In member function ‘[01m[Kvoid BpComm::write_bp(hockey_msgs::msg::NextPath_<std::allocator<void> >::SharedPtr)[m[K’:
[3.826s] [01m[K/home/pham/PucksInDeep/RPi/rosHockey/bp_coms_cpp/src/bp_coms.cpp:178:26:[m[K [01;35m[Kwarning: [m[Knarrowing conversion of ‘[01m[K(hockey_msgs::msg::NextPath_<std::allocator<void> >::_x_type)msg.hockey_msgs::msg::NextPath_<std::allocator<void> >::x[m[K’ from ‘[01m[Khockey_msgs::msg::NextPath_<std::allocator<void> >::_x_type[m[K’ {aka ‘[01m[Kdouble[m[K’} to ‘[01m[Kfloat[m[K’ [[01;35m[K-Wnarrowing[m[K]
[3.826s]   178 |     float vals[7] = {[01;35m[Kmsg.x[m[K, msg.y, msg.vx, msg.vy, msg.ax, msg.ay, msg.t};
[3.826s]       |                      [01;35m[K~~~~^[m[K
[3.826s] [01m[K/home/pham/PucksInDeep/RPi/rosHockey/bp_coms_cpp/src/bp_coms.cpp:178:33:[m[K [01;35m[Kwarning: [m[Knarrowing conversion of ‘[01m[K(hockey_msgs::msg::NextPath_<std::allocator<void> >::_y_type)msg.hockey_msgs::msg::NextPath_<std::allocator<void> >::y[m[K’ from ‘[01m[Khockey_msgs::msg::NextPath_<std::allocator<void> >::_y_type[m[K’ {aka ‘[01m[Kdouble[m[K’} to ‘[01m[Kfloat[m[K’ [[01;35m[K-Wnarrowing[m[K]
[3.826s]   178 |     float vals[7] = {msg.x, [01;35m[Kmsg.y[m[K, msg.vx, msg.vy, msg.ax, msg.ay, msg.t};
[3.826s]       |                             [01;35m[K~~~~^[m[K
[3.827s] [01m[K/home/pham/PucksInDeep/RPi/rosHockey/bp_coms_cpp/src/bp_coms.cpp:178:40:[m[K [01;35m[Kwarning: [m[Knarrowing conversion of ‘[01m[K(hockey_msgs::msg::NextPath_<std::allocator<void> >::_vx_type)msg.hockey_msgs::msg::NextPath_<std::allocator<void> >::vx[m[K’ from ‘[01m[Khockey_msgs::msg::NextPath_<std::allocator<void> >::_vx_type[m[K’ {aka ‘[01m[Kdouble[m[K’} to ‘[01m[Kfloat[m[K’ [[01;35m[K-Wnarrowing[m[K]
[3.827s]   178 |     float vals[7] = {msg.x, msg.y, [01;35m[Kmsg.vx[m[K, msg.vy, msg.ax, msg.ay, msg.t};
[3.827s]       |                                    [01;35m[K~~~~^~[m[K
[3.827s] [01m[K/home/pham/PucksInDeep/RPi/rosHockey/bp_coms_cpp/src/bp_coms.cpp:178:48:[m[K [01;35m[Kwarning: [m[Knarrowing conversion of ‘[01m[K(hockey_msgs::msg::NextPath_<std::allocator<void> >::_vy_type)msg.hockey_msgs::msg::NextPath_<std::allocator<void> >::vy[m[K’ from ‘[01m[Khockey_msgs::msg::NextPath_<std::allocator<void> >::_vy_type[m[K’ {aka ‘[01m[Kdouble[m[K’} to ‘[01m[Kfloat[m[K’ [[01;35m[K-Wnarrowing[m[K]
[3.827s]   178 |     float vals[7] = {msg.x, msg.y, msg.vx, [01;35m[Kmsg.vy[m[K, msg.ax, msg.ay, msg.t};
[3.827s]       |                                            [01;35m[K~~~~^~[m[K
[3.827s] [01m[K/home/pham/PucksInDeep/RPi/rosHockey/bp_coms_cpp/src/bp_coms.cpp:178:56:[m[K [01;35m[Kwarning: [m[Knarrowing conversion of ‘[01m[K(hockey_msgs::msg::NextPath_<std::allocator<void> >::_ax_type)msg.hockey_msgs::msg::NextPath_<std::allocator<void> >::ax[m[K’ from ‘[01m[Khockey_msgs::msg::NextPath_<std::allocator<void> >::_ax_type[m[K’ {aka ‘[01m[Kdouble[m[K’} to ‘[01m[Kfloat[m[K’ [[01;35m[K-Wnarrowing[m[K]
[3.827s]   178 |     float vals[7] = {msg.x, msg.y, msg.vx, msg.vy, [01;35m[Kmsg.ax[m[K, msg.ay, msg.t};
[3.827s]       |                                                    [01;35m[K~~~~^~[m[K
[3.827s] [01m[K/home/pham/PucksInDeep/RPi/rosHockey/bp_coms_cpp/src/bp_coms.cpp:178:64:[m[K [01;35m[Kwarning: [m[Knarrowing conversion of ‘[01m[K(hockey_msgs::msg::NextPath_<std::allocator<void> >::_ay_type)msg.hockey_msgs::msg::NextPath_<std::allocator<void> >::ay[m[K’ from ‘[01m[Khockey_msgs::msg::NextPath_<std::allocator<void> >::_ay_type[m[K’ {aka ‘[01m[Kdouble[m[K’} to ‘[01m[Kfloat[m[K’ [[01;35m[K-Wnarrowing[m[K]
[3.827s]   178 |     float vals[7] = {msg.x, msg.y, msg.vx, msg.vy, msg.ax, [01;35m[Kmsg.ay[m[K, msg.t};
[3.828s]       |                                                            [01;35m[K~~~~^~[m[K
[3.828s] [01m[K/home/pham/PucksInDeep/RPi/rosHockey/bp_coms_cpp/src/bp_coms.cpp:178:72:[m[K [01;35m[Kwarning: [m[Knarrowing conversion of ‘[01m[K(hockey_msgs::msg::NextPath_<std::allocator<void> >::_t_type)msg.hockey_msgs::msg::NextPath_<std::allocator<void> >::t[m[K’ from ‘[01m[Khockey_msgs::msg::NextPath_<std::allocator<void> >::_t_type[m[K’ {aka ‘[01m[Kdouble[m[K’} to ‘[01m[Kfloat[m[K’ [[01;35m[K-Wnarrowing[m[K]
[3.828s]   178 |     float vals[7] = {msg.x, msg.y, msg.vx, msg.vy, msg.ax, msg.ay, [01;35m[Kmsg.t[m[K};
[3.828s]       |                                                                    [01;35m[K~~~~^[m[K
[9.053s] [100%] [32m[1mLinking CXX executable bp_coms[0m
[9.388s] [100%] Built target bp_coms
[9.401s] Invoked command in '/home/pham/PucksInDeep/build/bp_coms_cpp' returned '0': AMENT_PREFIX_PATH=/home/pham/PucksInDeep/install/hockey_msgs:${AMENT_PREFIX_PATH} CMAKE_PREFIX_PATH=/home/pham/PucksInDeep/install/hockey_msgs:/home/pham/PucksInDeep/RPi/rosHockey/install/bp_coms_cpp:/home/pham/PucksInDeep/RPi/rosHockey/install/hockey_msgs:/home/pham/ros2_foxy/ros2-linux:/home/pham/PucksInDeep/RPi/rosHockey/install/visualizer:/home/pham/PucksInDeep/RPi/rosHockey/install/qt_gui:/home/pham/PucksInDeep/RPi/rosHockey/install/puck_tracker:/home/pham/PucksInDeep/RPi/rosHockey/install/position_publisher:/home/pham/PucksInDeep/RPi/rosHockey/install/keyboard_control:/home/pham/PucksInDeep/RPi/rosHockey/install/hockey_testing:/home/pham/PucksInDeep/RPi/rosHockey/install/hockey_gui:/home/pham/PucksInDeep/RPi/rosHockey/install/data_logger:/home/pham/PucksInDeep/RPi/rosHockey/install/bp_coms:/home/pham/PucksInDeep/RPi/rosHockey/install/ID_tool:/home/pham/PucksInDeep/RPi/rosHockey/install/HLC LD_LIBRARY_PATH=/home/pham/PucksInDeep/install/hockey_msgs/lib:${LD_LIBRARY_PATH} PYTHONPATH=/home/pham/PucksInDeep/install/hockey_msgs/lib/python3.8/site-packages:${PYTHONPATH} /usr/bin/cmake --build /home/pham/PucksInDeep/build/bp_coms_cpp -- -j8 -l8
[9.435s] Invoking command in '/home/pham/PucksInDeep/build/bp_coms_cpp': AMENT_PREFIX_PATH=/home/pham/PucksInDeep/install/hockey_msgs:${AMENT_PREFIX_PATH} CMAKE_PREFIX_PATH=/home/pham/PucksInDeep/install/hockey_msgs:/home/pham/PucksInDeep/RPi/rosHockey/install/bp_coms_cpp:/home/pham/PucksInDeep/RPi/rosHockey/install/hockey_msgs:/home/pham/ros2_foxy/ros2-linux:/home/pham/PucksInDeep/RPi/rosHockey/install/visualizer:/home/pham/PucksInDeep/RPi/rosHockey/install/qt_gui:/home/pham/PucksInDeep/RPi/rosHockey/install/puck_tracker:/home/pham/PucksInDeep/RPi/rosHockey/install/position_publisher:/home/pham/PucksInDeep/RPi/rosHockey/install/keyboard_control:/home/pham/PucksInDeep/RPi/rosHockey/install/hockey_testing:/home/pham/PucksInDeep/RPi/rosHockey/install/hockey_gui:/home/pham/PucksInDeep/RPi/rosHockey/install/data_logger:/home/pham/PucksInDeep/RPi/rosHockey/install/bp_coms:/home/pham/PucksInDeep/RPi/rosHockey/install/ID_tool:/home/pham/PucksInDeep/RPi/rosHockey/install/HLC LD_LIBRARY_PATH=/home/pham/PucksInDeep/install/hockey_msgs/lib:${LD_LIBRARY_PATH} PYTHONPATH=/home/pham/PucksInDeep/install/hockey_msgs/lib/python3.8/site-packages:${PYTHONPATH} /usr/bin/cmake --install /home/pham/PucksInDeep/build/bp_coms_cpp
[9.445s] -- Install configuration: ""
[9.446s] -- Installing: /home/pham/PucksInDeep/install/bp_coms_cpp/lib/bp_coms_cpp/bp_coms
[9.449s] -- Set runtime path of "/home/pham/PucksInDeep/install/bp_coms_cpp/lib/bp_coms_cpp/bp_coms" to ""
[9.449s] -- Installing: /home/pham/PucksInDeep/install/bp_coms_cpp/share/ament_index/resource_index/package_run_dependencies/bp_coms_cpp
[9.450s] -- Installing: /home/pham/PucksInDeep/install/bp_coms_cpp/share/ament_index/resource_index/parent_prefix_path/bp_coms_cpp
[9.450s] -- Installing: /home/pham/PucksInDeep/install/bp_coms_cpp/share/bp_coms_cpp/environment/ament_prefix_path.sh
[9.450s] -- Installing: /home/pham/PucksInDeep/install/bp_coms_cpp/share/bp_coms_cpp/environment/ament_prefix_path.dsv
[9.450s] -- Installing: /home/pham/PucksInDeep/install/bp_coms_cpp/share/bp_coms_cpp/environment/path.sh
[9.451s] -- Installing: /home/pham/PucksInDeep/install/bp_coms_cpp/share/bp_coms_cpp/environment/path.dsv
[9.451s] -- Installing: /home/pham/PucksInDeep/install/bp_coms_cpp/share/bp_coms_cpp/local_setup.bash
[9.452s] -- Installing: /home/pham/PucksInDeep/install/bp_coms_cpp/share/bp_coms_cpp/local_setup.sh
[9.452s] -- Installing: /home/pham/PucksInDeep/install/bp_coms_cpp/share/bp_coms_cpp/local_setup.zsh
[9.452s] -- Installing: /home/pham/PucksInDeep/install/bp_coms_cpp/share/bp_coms_cpp/local_setup.dsv
[9.452s] -- Installing: /home/pham/PucksInDeep/install/bp_coms_cpp/share/bp_coms_cpp/package.dsv
[9.452s] -- Installing: /home/pham/PucksInDeep/install/bp_coms_cpp/share/ament_index/resource_index/packages/bp_coms_cpp
[9.453s] -- Installing: /home/pham/PucksInDeep/install/bp_coms_cpp/share/bp_coms_cpp/cmake/bp_coms_cppConfig.cmake
[9.453s] -- Installing: /home/pham/PucksInDeep/install/bp_coms_cpp/share/bp_coms_cpp/cmake/bp_coms_cppConfig-version.cmake
[9.453s] -- Installing: /home/pham/PucksInDeep/install/bp_coms_cpp/share/bp_coms_cpp/package.xml
[9.456s] Invoked command in '/home/pham/PucksInDeep/build/bp_coms_cpp' returned '0': AMENT_PREFIX_PATH=/home/pham/PucksInDeep/install/hockey_msgs:${AMENT_PREFIX_PATH} CMAKE_PREFIX_PATH=/home/pham/PucksInDeep/install/hockey_msgs:/home/pham/PucksInDeep/RPi/rosHockey/install/bp_coms_cpp:/home/pham/PucksInDeep/RPi/rosHockey/install/hockey_msgs:/home/pham/ros2_foxy/ros2-linux:/home/pham/PucksInDeep/RPi/rosHockey/install/visualizer:/home/pham/PucksInDeep/RPi/rosHockey/install/qt_gui:/home/pham/PucksInDeep/RPi/rosHockey/install/puck_tracker:/home/pham/PucksInDeep/RPi/rosHockey/install/position_publisher:/home/pham/PucksInDeep/RPi/rosHockey/install/keyboard_control:/home/pham/PucksInDeep/RPi/rosHockey/install/hockey_testing:/home/pham/PucksInDeep/RPi/rosHockey/install/hockey_gui:/home/pham/PucksInDeep/RPi/rosHockey/install/data_logger:/home/pham/PucksInDeep/RPi/rosHockey/install/bp_coms:/home/pham/PucksInDeep/RPi/rosHockey/install/ID_tool:/home/pham/PucksInDeep/RPi/rosHockey/install/HLC LD_LIBRARY_PATH=/home/pham/PucksInDeep/install/hockey_msgs/lib:${LD_LIBRARY_PATH} PYTHONPATH=/home/pham/PucksInDeep/install/hockey_msgs/lib/python3.8/site-packages:${PYTHONPATH} /usr/bin/cmake --install /home/pham/PucksInDeep/build/bp_coms_cpp
