[1.520s] Invoking command in '/home/ubuntu/PucksInDeep/rosHockey/position_publisher': BYOBU_DATE=%Y-%m-%d PYTHONPATH=/home/ubuntu/PucksInDeep/rosHockey/install/position_publisher/lib/python3.8/site-packages:${PYTHONPATH} /usr/bin/python3 setup.py egg_info --egg-base ../build/position_publisher build --build-base /home/ubuntu/PucksInDeep/rosHockey/build/position_publisher/build install --prefix /home/ubuntu/PucksInDeep/rosHockey/install/position_publisher --record /home/ubuntu/PucksInDeep/rosHockey/build/position_publisher/install.log --single-version-externally-managed
[2.648s] running egg_info
[2.650s] writing ../build/position_publisher/position_publisher.egg-info/PKG-INFO
[2.660s] writing dependency_links to ../build/position_publisher/position_publisher.egg-info/dependency_links.txt
[2.661s] writing entry points to ../build/position_publisher/position_publisher.egg-info/entry_points.txt
[2.661s] writing requirements to ../build/position_publisher/position_publisher.egg-info/requires.txt
[2.662s] writing top-level names to ../build/position_publisher/position_publisher.egg-info/top_level.txt
[2.827s] reading manifest file '../build/position_publisher/position_publisher.egg-info/SOURCES.txt'
[2.832s] writing manifest file '../build/position_publisher/position_publisher.egg-info/SOURCES.txt'
[2.833s] running build
[2.834s] running build_py
[2.835s] copying position_publisher/encoder.py -> /home/ubuntu/PucksInDeep/rosHockey/build/position_publisher/build/lib/position_publisher
[2.836s] running install
[2.841s] running install_lib
[2.846s] copying /home/ubuntu/PucksInDeep/rosHockey/build/position_publisher/build/lib/position_publisher/encoder.py -> /home/ubuntu/PucksInDeep/rosHockey/install/position_publisher/lib/python3.8/site-packages/position_publisher
[2.849s] byte-compiling /home/ubuntu/PucksInDeep/rosHockey/install/position_publisher/lib/python3.8/site-packages/position_publisher/encoder.py to encoder.cpython-38.pyc
[2.858s] running install_data
[2.861s] running install_egg_info
[2.873s] removing '/home/ubuntu/PucksInDeep/rosHockey/install/position_publisher/lib/python3.8/site-packages/position_publisher-0.0.0-py3.8.egg-info' (and everything under it)
[2.875s] Copying ../build/position_publisher/position_publisher.egg-info to /home/ubuntu/PucksInDeep/rosHockey/install/position_publisher/lib/python3.8/site-packages/position_publisher-0.0.0-py3.8.egg-info
[2.883s] running install_scripts
[2.963s] Installing position_publisher script to /home/ubuntu/PucksInDeep/rosHockey/install/position_publisher/lib/position_publisher
[2.967s] writing list of installed files to '/home/ubuntu/PucksInDeep/rosHockey/build/position_publisher/install.log'
[3.089s] Invoked command in '/home/ubuntu/PucksInDeep/rosHockey/position_publisher' returned '0': BYOBU_DATE=%Y-%m-%d PYTHONPATH=/home/ubuntu/PucksInDeep/rosHockey/install/position_publisher/lib/python3.8/site-packages:${PYTHONPATH} /usr/bin/python3 setup.py egg_info --egg-base ../build/position_publisher build --build-base /home/ubuntu/PucksInDeep/rosHockey/build/position_publisher/build install --prefix /home/ubuntu/PucksInDeep/rosHockey/install/position_publisher --record /home/ubuntu/PucksInDeep/rosHockey/build/position_publisher/install.log --single-version-externally-managed
