[0.018s] Invoking command in '/home/fizzer/PucksInDeep/build/bp_coms_cpp': CMAKE_PREFIX_PATH=${CMAKE_PREFIX_PATH}:/home/fizzer/PucksInDeep/RPi/rosHockey/install/qt_gui:/home/fizzer/PucksInDeep/RPi/rosHockey/install/bp_coms:/home/fizzer/PucksInDeep/RPi/rosHockey/install/HLC:/opt/ros/foxy /usr/bin/cmake --build /home/fizzer/PucksInDeep/build/bp_coms_cpp -- -j4 -l4
[0.084s] [35m[1mScanning dependencies of target bp_coms[0m
[0.119s] [ 50%] [32mBuilding CXX object CMakeFiles/bp_coms.dir/src/bp_coms.cpp.o[0m
[1.721s] [01m[K/home/fizzer/PucksInDeep/RPi/rosHockey/bp_coms_cpp/src/bp_coms.cpp:[m[K In member function ‘[01m[Kvoid BpComm::initialize()[m[K’:
[1.721s] [01m[K/home/fizzer/PucksInDeep/RPi/rosHockey/bp_coms_cpp/src/bp_coms.cpp:99:26:[m[K [01;31m[Kerror: [m[Kqualified-id in declaration before ‘[01m[K([m[K’ token
[1.721s]    99 | void BpComm::clear_serial[01;31m[K([m[K){
[1.721s]       |                          [01;31m[K^[m[K
[1.721s] [01m[K/home/fizzer/PucksInDeep/RPi/rosHockey/bp_coms_cpp/src/bp_coms.cpp:109:21:[m[K [01;31m[Kerror: [m[Kqualified-id in declaration before ‘[01m[K([m[K’ token
[1.721s]   109 | void BpComm::read_bp[01;31m[K([m[K){
[1.721s]       |                     [01;31m[K^[m[K
[1.722s] [01m[K/home/fizzer/PucksInDeep/RPi/rosHockey/bp_coms_cpp/src/bp_coms.cpp:139:22:[m[K [01;31m[Kerror: [m[Kqualified-id in declaration before ‘[01m[K([m[K’ token
[1.722s]   139 | void BpComm::write_bp[01;31m[K([m[Kconst hockey_msgs::msg::NextPath::SharedPtr msg_ptr){
[1.722s]       |                      [01;31m[K^[m[K
[1.722s] [01m[K/home/fizzer/PucksInDeep/RPi/rosHockey/bp_coms_cpp/src/bp_coms.cpp:153:23:[m[K [01;31m[Kerror: [m[Kqualified-id in declaration before ‘[01m[K([m[K’ token
[1.722s]   153 | int BpComm::config_tty[01;31m[K([m[K){
[1.722s]       |                       [01;31m[K^[m[K
[1.722s] [01m[K/home/fizzer/PucksInDeep/RPi/rosHockey/bp_coms_cpp/src/bp_coms.cpp:202:26:[m[K [01;31m[Kerror: [m[Kqualified-id in declaration before ‘[01m[K([m[K’ token
[1.722s]   202 | void BpComm::close_serial[01;31m[K([m[K){
[1.722s]       |                          [01;31m[K^[m[K
[1.722s] [01m[K/home/fizzer/PucksInDeep/RPi/rosHockey/bp_coms_cpp/src/bp_coms.cpp:209:1:[m[K [01;31m[Kerror: [m[Ka function-definition is not allowed here before ‘[01m[K{[m[K’ token
[1.724s]   209 | [01;31m[K{[m[K
[1.724s]       | [01;31m[K^[m[K
[1.724s] [01m[K/home/fizzer/PucksInDeep/RPi/rosHockey/bp_coms_cpp/src/bp_coms.cpp:214:1:[m[K [01;31m[Kerror: [m[Kexpected ‘[01m[K}[m[K’ at end of input
[1.725s]   214 | [01;31m[K}[m[K
[1.725s]       | [01;31m[K^[m[K
[1.725s] [01m[K/home/fizzer/PucksInDeep/RPi/rosHockey/bp_coms_cpp/src/bp_coms.cpp:67:26:[m[K [01;36m[Knote: [m[Kto match this ‘[01m[K{[m[K’
[1.725s]    67 | void BpComm::initialize()[01;36m[K{[m[K
[1.725s]       |                          [01;36m[K^[m[K
[3.503s] make[2]: *** [CMakeFiles/bp_coms.dir/build.make:63: CMakeFiles/bp_coms.dir/src/bp_coms.cpp.o] Error 1
[3.503s] make[1]: *** [CMakeFiles/Makefile2:105: CMakeFiles/bp_coms.dir/all] Error 2
[3.503s] make: *** [Makefile:141: all] Error 2
[3.506s] Invoked command in '/home/fizzer/PucksInDeep/build/bp_coms_cpp' returned '2': CMAKE_PREFIX_PATH=${CMAKE_PREFIX_PATH}:/home/fizzer/PucksInDeep/RPi/rosHockey/install/qt_gui:/home/fizzer/PucksInDeep/RPi/rosHockey/install/bp_coms:/home/fizzer/PucksInDeep/RPi/rosHockey/install/HLC:/opt/ros/foxy /usr/bin/cmake --build /home/fizzer/PucksInDeep/build/bp_coms_cpp -- -j4 -l4
