[0.188s] Invoking command in '/home/pham/PucksInDeep/build/hockey_msgs': CMAKE_PREFIX_PATH=${CMAKE_PREFIX_PATH}:/home/pham/PucksInDeep/RPi/rosHockey/install/visualizer:/home/pham/PucksInDeep/RPi/rosHockey/install/qt_gui:/home/pham/PucksInDeep/RPi/rosHockey/install/puck_tracker:/home/pham/PucksInDeep/RPi/rosHockey/install/position_publisher:/home/pham/PucksInDeep/RPi/rosHockey/install/keyboard_control:/home/pham/PucksInDeep/RPi/rosHockey/install/hockey_testing:/home/pham/PucksInDeep/RPi/rosHockey/install/hockey_gui:/home/pham/PucksInDeep/RPi/rosHockey/install/data_logger:/home/pham/PucksInDeep/RPi/rosHockey/install/bp_coms:/home/pham/PucksInDeep/RPi/rosHockey/install/ID_tool:/home/pham/PucksInDeep/RPi/rosHockey/install/HLC /usr/bin/cmake /home/pham/PucksInDeep/RPi/rosHockey/hockey_msgs -DAMENT_CMAKE_SYMLINK_INSTALL=1 -DCMAKE_INSTALL_PREFIX=/home/pham/PucksInDeep/install/hockey_msgs
[3.099s] -- The C compiler identification is GNU 9.4.0
[3.100s] -- The CXX compiler identification is GNU 9.4.0
[3.101s] -- Check for working C compiler: /usr/bin/cc
[3.101s] -- Check for working C compiler: /usr/bin/cc -- works
[3.102s] -- Detecting C compiler ABI info
[3.102s] -- Detecting C compiler ABI info - done
[3.103s] -- Detecting C compile features
[3.104s] -- Detecting C compile features - done
[3.104s] -- Check for working CXX compiler: /usr/bin/c++
[3.105s] -- Check for working CXX compiler: /usr/bin/c++ -- works
[3.106s] -- Detecting CXX compiler ABI info
[3.106s] -- Detecting CXX compiler ABI info - done
[3.107s] -- Detecting CXX compile features
[3.110s] -- Detecting CXX compile features - done
[3.111s] -- Found ament_cmake: 0.9.9 (/home/pham/ros2_foxy/ros2-linux/share/ament_cmake/cmake)
[3.114s] -- Found PythonInterp: /usr/bin/python3 (found suitable version "3.8.10", minimum required is "3") 
[3.116s] -- Using PYTHON_EXECUTABLE: /usr/bin/python3
[3.118s] -- Override CMake install command with custom implementation using symlinks instead of copying resources
[3.119s] -- Found ament_lint_auto: 0.9.6 (/home/pham/ros2_foxy/ros2-linux/share/ament_lint_auto/cmake)
[3.120s] -- Found rosidl_default_generators: 1.0.1 (/home/pham/ros2_foxy/ros2-linux/share/rosidl_default_generators/cmake)
[3.121s] -- Using all available rosidl_typesupport_c: rosidl_typesupport_connext_c;rosidl_typesupport_fastrtps_c;rosidl_typesupport_introspection_c
[3.121s] -- Found rosidl_adapter: 1.2.1 (/home/pham/ros2_foxy/ros2-linux/share/rosidl_adapter/cmake)
[3.123s] -- Could not find RTI Connext - skipping rosidl_typesupport_connext_c
[3.124s] -- Could not find RTI Connext - skipping rosidl_typesupport_connext_cpp
[3.126s] -- Found OpenSSL: /usr/lib/x86_64-linux-gnu/libcrypto.so (found version "1.1.1f")  
[3.127s] -- Found FastRTPS: /home/pham/ros2_foxy/ros2-linux/include  
[3.127s] -- Using all available rosidl_typesupport_cpp: rosidl_typesupport_connext_cpp;rosidl_typesupport_fastrtps_cpp;rosidl_typesupport_introspection_cpp
[3.128s] -- Found PythonInterp: /usr/bin/python3 (found version "3.8.10") 
[3.132s] -- Found ament_cmake_ros: 0.9.2 (/home/pham/ros2_foxy/ros2-linux/share/ament_cmake_ros/cmake)
[3.134s] -- Using all available rosidl_typesupport_c: rosidl_typesupport_connext_c;rosidl_typesupport_fastrtps_c;rosidl_typesupport_introspection_c
[3.135s] -- Using all available rosidl_typesupport_cpp: rosidl_typesupport_connext_cpp;rosidl_typesupport_fastrtps_cpp;rosidl_typesupport_introspection_cpp
[3.136s] -- Found PythonInterp: /usr/bin/python3 (found suitable version "3.8.10", minimum required is "3.5") 
[3.139s] -- Found python_cmake_module: 0.8.1 (/home/pham/ros2_foxy/ros2-linux/share/python_cmake_module/cmake)
[3.140s] -- Found PythonLibs: /usr/lib/x86_64-linux-gnu/libpython3.8.so (found suitable version "3.8.10", minimum required is "3.5") 
[3.140s] -- Using PYTHON_EXECUTABLE: /usr/bin/python3
[3.144s] -- Using PYTHON_INCLUDE_DIRS: /usr/include/python3.8
[3.145s] -- Using PYTHON_LIBRARIES: /usr/lib/x86_64-linux-gnu/libpython3.8.so
[3.146s] -- Found PythonExtra: .so  
[3.150s] -- Added test 'copyright' to check source files copyright and LICENSE
[3.151s] -- Added test 'lint_cmake' to check CMake code style
[3.151s] -- Added test 'xmllint' to check XML markup files
[3.152s] -- Configuring done
[3.154s] -- Generating done
[3.155s] -- Build files have been written to: /home/pham/PucksInDeep/build/hockey_msgs
[3.156s] Invoked command in '/home/pham/PucksInDeep/build/hockey_msgs' returned '0': CMAKE_PREFIX_PATH=${CMAKE_PREFIX_PATH}:/home/pham/PucksInDeep/RPi/rosHockey/install/visualizer:/home/pham/PucksInDeep/RPi/rosHockey/install/qt_gui:/home/pham/PucksInDeep/RPi/rosHockey/install/puck_tracker:/home/pham/PucksInDeep/RPi/rosHockey/install/position_publisher:/home/pham/PucksInDeep/RPi/rosHockey/install/keyboard_control:/home/pham/PucksInDeep/RPi/rosHockey/install/hockey_testing:/home/pham/PucksInDeep/RPi/rosHockey/install/hockey_gui:/home/pham/PucksInDeep/RPi/rosHockey/install/data_logger:/home/pham/PucksInDeep/RPi/rosHockey/install/bp_coms:/home/pham/PucksInDeep/RPi/rosHockey/install/ID_tool:/home/pham/PucksInDeep/RPi/rosHockey/install/HLC /usr/bin/cmake /home/pham/PucksInDeep/RPi/rosHockey/hockey_msgs -DAMENT_CMAKE_SYMLINK_INSTALL=1 -DCMAKE_INSTALL_PREFIX=/home/pham/PucksInDeep/install/hockey_msgs
[3.162s] Invoking command in '/home/pham/PucksInDeep/build/hockey_msgs': CMAKE_PREFIX_PATH=${CMAKE_PREFIX_PATH}:/home/pham/PucksInDeep/RPi/rosHockey/install/visualizer:/home/pham/PucksInDeep/RPi/rosHockey/install/qt_gui:/home/pham/PucksInDeep/RPi/rosHockey/install/puck_tracker:/home/pham/PucksInDeep/RPi/rosHockey/install/position_publisher:/home/pham/PucksInDeep/RPi/rosHockey/install/keyboard_control:/home/pham/PucksInDeep/RPi/rosHockey/install/hockey_testing:/home/pham/PucksInDeep/RPi/rosHockey/install/hockey_gui:/home/pham/PucksInDeep/RPi/rosHockey/install/data_logger:/home/pham/PucksInDeep/RPi/rosHockey/install/bp_coms:/home/pham/PucksInDeep/RPi/rosHockey/install/ID_tool:/home/pham/PucksInDeep/RPi/rosHockey/install/HLC /usr/bin/cmake --build /home/pham/PucksInDeep/build/hockey_msgs -- -j8 -l8
[3.211s] [35m[1mScanning dependencies of target hockey_msgs__cpp[0m
[3.239s] [  1%] [34m[1mGenerating C code for ROS interfaces[0m
[3.274s] [  3%] [34m[1mGenerating C++ code for ROS interfaces[0m
[4.687s] [  3%] Built target hockey_msgs__cpp
[4.724s] [  5%] [34m[1mGenerating C++ introspection for ROS interfaces[0m
[4.752s] [  7%] [34m[1mGenerating C++ type support dispatch for ROS interfaces[0m
[4.766s] [  9%] [34m[1mGenerating C++ type support for eProsima Fast-RTPS[0m
[5.060s] [35m[1mScanning dependencies of target hockey_msgs__rosidl_generator_c[0m
[5.164s] [ 10%] [32mBuilding C object CMakeFiles/hockey_msgs__rosidl_generator_c.dir/rosidl_generator_c/hockey_msgs/msg/detail/mallet_pos__functions.c.o[0m
[5.187s] [ 12%] [32mBuilding C object CMakeFiles/hockey_msgs__rosidl_generator_c.dir/rosidl_generator_c/hockey_msgs/msg/detail/puck_status__functions.c.o[0m
[5.205s] [ 14%] [32mBuilding C object CMakeFiles/hockey_msgs__rosidl_generator_c.dir/rosidl_generator_c/hockey_msgs/msg/detail/motor_status__functions.c.o[0m
[5.228s] [ 16%] [32mBuilding C object CMakeFiles/hockey_msgs__rosidl_generator_c.dir/rosidl_generator_c/hockey_msgs/msg/detail/next_path__functions.c.o[0m
[5.507s] [ 18%] [32m[1mLinking C shared library libhockey_msgs__rosidl_generator_c.so[0m
[5.714s] [ 18%] Built target hockey_msgs__rosidl_generator_c
[5.816s] [ 20%] [34m[1mGenerating C introspection for ROS interfaces[0m
[5.824s] [ 21%] [34m[1mGenerating C type support dispatch for ROS interfaces[0m
[5.900s] [35m[1mScanning dependencies of target hockey_msgs__rosidl_typesupport_cpp[0m
[6.036s] [ 23%] [32mBuilding CXX object CMakeFiles/hockey_msgs__rosidl_typesupport_cpp.dir/rosidl_typesupport_cpp/hockey_msgs/msg/mallet_pos__type_support.cpp.o[0m
[6.052s] [ 25%] [32mBuilding CXX object CMakeFiles/hockey_msgs__rosidl_typesupport_cpp.dir/rosidl_typesupport_cpp/hockey_msgs/msg/puck_status__type_support.cpp.o[0m
[6.096s] [ 27%] [32mBuilding CXX object CMakeFiles/hockey_msgs__rosidl_typesupport_cpp.dir/rosidl_typesupport_cpp/hockey_msgs/msg/next_path__type_support.cpp.o[0m
[6.100s] [ 29%] [32mBuilding CXX object CMakeFiles/hockey_msgs__rosidl_typesupport_cpp.dir/rosidl_typesupport_cpp/hockey_msgs/msg/motor_status__type_support.cpp.o[0m
[6.952s] [35m[1mScanning dependencies of target hockey_msgs__rosidl_typesupport_introspection_cpp[0m
[7.041s] [ 30%] [32mBuilding CXX object CMakeFiles/hockey_msgs__rosidl_typesupport_introspection_cpp.dir/rosidl_typesupport_introspection_cpp/hockey_msgs/msg/detail/mallet_pos__type_support.cpp.o[0m
[7.235s] [35m[1mScanning dependencies of target hockey_msgs__rosidl_typesupport_fastrtps_cpp[0m
[7.259s] [ 32%] [32mBuilding CXX object CMakeFiles/hockey_msgs__rosidl_typesupport_introspection_cpp.dir/rosidl_typesupport_introspection_cpp/hockey_msgs/msg/detail/puck_status__type_support.cpp.o[0m
[7.313s] [ 34%] [32mBuilding CXX object CMakeFiles/hockey_msgs__rosidl_typesupport_fastrtps_cpp.dir/rosidl_typesupport_fastrtps_cpp/hockey_msgs/msg/detail/dds_fastrtps/mallet_pos__type_support.cpp.o[0m
[7.412s] [ 36%] [32mBuilding CXX object CMakeFiles/hockey_msgs__rosidl_typesupport_fastrtps_cpp.dir/rosidl_typesupport_fastrtps_cpp/hockey_msgs/msg/detail/dds_fastrtps/puck_status__type_support.cpp.o[0m
[7.535s] [35m[1mScanning dependencies of target hockey_msgs__rosidl_typesupport_c[0m
[7.631s] [ 38%] [32mBuilding CXX object CMakeFiles/hockey_msgs__rosidl_typesupport_c.dir/rosidl_typesupport_c/hockey_msgs/msg/mallet_pos__type_support.cpp.o[0m
[7.652s] [ 40%] [32mBuilding CXX object CMakeFiles/hockey_msgs__rosidl_typesupport_introspection_cpp.dir/rosidl_typesupport_introspection_cpp/hockey_msgs/msg/detail/motor_status__type_support.cpp.o[0m
[7.690s] [ 41%] [32m[1mLinking CXX shared library libhockey_msgs__rosidl_typesupport_cpp.so[0m
[7.747s] [ 43%] [32mBuilding CXX object CMakeFiles/hockey_msgs__rosidl_typesupport_c.dir/rosidl_typesupport_c/hockey_msgs/msg/puck_status__type_support.cpp.o[0m
[7.849s] [ 45%] [32mBuilding CXX object CMakeFiles/hockey_msgs__rosidl_typesupport_c.dir/rosidl_typesupport_c/hockey_msgs/msg/motor_status__type_support.cpp.o[0m
[7.871s] [ 45%] Built target hockey_msgs__rosidl_typesupport_cpp
[7.883s] [35m[1mScanning dependencies of target hockey_msgs__rosidl_typesupport_introspection_c[0m
[7.899s] [ 47%] [32mBuilding CXX object CMakeFiles/hockey_msgs__rosidl_typesupport_c.dir/rosidl_typesupport_c/hockey_msgs/msg/next_path__type_support.cpp.o[0m
[7.955s] [ 49%] [32mBuilding C object CMakeFiles/hockey_msgs__rosidl_typesupport_introspection_c.dir/rosidl_typesupport_introspection_c/hockey_msgs/msg/detail/mallet_pos__type_support.c.o[0m
[7.983s] [ 52%] [32mBuilding C object CMakeFiles/hockey_msgs__rosidl_typesupport_introspection_c.dir/rosidl_typesupport_introspection_c/hockey_msgs/msg/detail/puck_status__type_support.c.o[0m
[7.984s] [ 52%] [32m[1mLinking CXX shared library libhockey_msgs__rosidl_typesupport_c.so[0m
[8.065s] [ 54%] [32mBuilding C object CMakeFiles/hockey_msgs__rosidl_typesupport_introspection_c.dir/rosidl_typesupport_introspection_c/hockey_msgs/msg/detail/motor_status__type_support.c.o[0m
[8.092s] [ 56%] [32mBuilding CXX object CMakeFiles/hockey_msgs__rosidl_typesupport_introspection_cpp.dir/rosidl_typesupport_introspection_cpp/hockey_msgs/msg/detail/next_path__type_support.cpp.o[0m
[8.093s] [ 58%] [32mBuilding C object CMakeFiles/hockey_msgs__rosidl_typesupport_introspection_c.dir/rosidl_typesupport_introspection_c/hockey_msgs/msg/detail/next_path__type_support.c.o[0m
[8.117s] [ 58%] Built target hockey_msgs__rosidl_typesupport_c
[8.161s] [ 61%] [32mBuilding CXX object CMakeFiles/hockey_msgs__rosidl_typesupport_fastrtps_cpp.dir/rosidl_typesupport_fastrtps_cpp/hockey_msgs/msg/detail/dds_fastrtps/next_path__type_support.cpp.o[0m
[8.162s] [ 61%] [32mBuilding CXX object CMakeFiles/hockey_msgs__rosidl_typesupport_fastrtps_cpp.dir/rosidl_typesupport_fastrtps_cpp/hockey_msgs/msg/detail/dds_fastrtps/motor_status__type_support.cpp.o[0m
[8.207s] [ 63%] [32m[1mLinking C shared library libhockey_msgs__rosidl_typesupport_introspection_c.so[0m
[8.331s] [ 63%] Built target hockey_msgs__rosidl_typesupport_introspection_c
[8.815s] [ 65%] [32m[1mLinking CXX shared library libhockey_msgs__rosidl_typesupport_introspection_cpp.so[0m
[8.881s] [ 65%] Built target hockey_msgs__rosidl_typesupport_introspection_cpp
[9.137s] [ 67%] [32m[1mLinking CXX shared library libhockey_msgs__rosidl_typesupport_fastrtps_cpp.so[0m
[9.242s] [ 67%] Built target hockey_msgs__rosidl_typesupport_fastrtps_cpp
[9.253s] [ 69%] [34m[1mGenerating C type support for eProsima Fast-RTPS[0m
[9.651s] [35m[1mScanning dependencies of target hockey_msgs__rosidl_typesupport_fastrtps_c[0m
[9.679s] [ 72%] [32mBuilding CXX object CMakeFiles/hockey_msgs__rosidl_typesupport_fastrtps_c.dir/rosidl_typesupport_fastrtps_c/hockey_msgs/msg/detail/motor_status__type_support_c.cpp.o[0m
[9.679s] [ 72%] [32mBuilding CXX object CMakeFiles/hockey_msgs__rosidl_typesupport_fastrtps_c.dir/rosidl_typesupport_fastrtps_c/hockey_msgs/msg/detail/puck_status__type_support_c.cpp.o[0m
[9.684s] [ 74%] [32mBuilding CXX object CMakeFiles/hockey_msgs__rosidl_typesupport_fastrtps_c.dir/rosidl_typesupport_fastrtps_c/hockey_msgs/msg/detail/mallet_pos__type_support_c.cpp.o[0m
[9.686s] [ 76%] [32mBuilding CXX object CMakeFiles/hockey_msgs__rosidl_typesupport_fastrtps_c.dir/rosidl_typesupport_fastrtps_c/hockey_msgs/msg/detail/next_path__type_support_c.cpp.o[0m
[10.310s] [ 78%] [32m[1mLinking CXX shared library libhockey_msgs__rosidl_typesupport_fastrtps_c.so[0m
[10.413s] [ 78%] Built target hockey_msgs__rosidl_typesupport_fastrtps_c
[10.430s] [35m[1mScanning dependencies of target hockey_msgs[0m
[10.447s] [ 78%] Built target hockey_msgs
[10.465s] [35m[1mScanning dependencies of target hockey_msgs__py[0m
[10.483s] [ 80%] [34m[1mGenerating Python code for ROS interfaces[0m
[11.291s] [ 80%] Built target hockey_msgs__py
[11.305s] [35m[1mScanning dependencies of target hockey_msgs__python[0m
[11.363s] [ 83%] [32mBuilding C object CMakeFiles/hockey_msgs__python.dir/rosidl_generator_py/hockey_msgs/msg/_motor_status_s.c.o[0m
[11.364s] [ 83%] [32mBuilding C object CMakeFiles/hockey_msgs__python.dir/rosidl_generator_py/hockey_msgs/msg/_puck_status_s.c.o[0m
[11.368s] [ 85%] [32mBuilding C object CMakeFiles/hockey_msgs__python.dir/rosidl_generator_py/hockey_msgs/msg/_mallet_pos_s.c.o[0m
[11.369s] [ 87%] [32mBuilding C object CMakeFiles/hockey_msgs__python.dir/rosidl_generator_py/hockey_msgs/msg/_next_path_s.c.o[0m
[11.532s] [ 89%] [32m[1mLinking C shared library rosidl_generator_py/hockey_msgs/libhockey_msgs__python.so[0m
[11.588s] [ 89%] Built target hockey_msgs__python
[11.608s] [35m[1mScanning dependencies of target hockey_msgs__rosidl_typesupport_introspection_c__pyext[0m
[11.609s] [35m[1mScanning dependencies of target hockey_msgs__rosidl_typesupport_c__pyext[0m
[11.609s] [35m[1mScanning dependencies of target hockey_msgs__rosidl_typesupport_fastrtps_c__pyext[0m
[11.647s] [ 90%] [32mBuilding C object CMakeFiles/hockey_msgs__rosidl_typesupport_fastrtps_c__pyext.dir/rosidl_generator_py/hockey_msgs/_hockey_msgs_s.ep.rosidl_typesupport_fastrtps_c.c.o[0m
[11.650s] [ 94%] [32mBuilding C object CMakeFiles/hockey_msgs__rosidl_typesupport_c__pyext.dir/rosidl_generator_py/hockey_msgs/_hockey_msgs_s.ep.rosidl_typesupport_c.c.o[0m
[11.650s] [ 94%] [32mBuilding C object CMakeFiles/hockey_msgs__rosidl_typesupport_introspection_c__pyext.dir/rosidl_generator_py/hockey_msgs/_hockey_msgs_s.ep.rosidl_typesupport_introspection_c.c.o[0m
[11.791s] [100%] [32m[1mLinking CXX shared library rosidl_generator_py/hockey_msgs/hockey_msgs_s__rosidl_typesupport_fastrtps_c.cpython-38-x86_64-linux-gnu.so[0m
[11.791s] [100%] [32m[1mLinking C shared library rosidl_generator_py/hockey_msgs/hockey_msgs_s__rosidl_typesupport_introspection_c.cpython-38-x86_64-linux-gnu.so[0m
[11.791s] [100%] [32m[1mLinking C shared library rosidl_generator_py/hockey_msgs/hockey_msgs_s__rosidl_typesupport_c.cpython-38-x86_64-linux-gnu.so[0m
[11.847s] [100%] Built target hockey_msgs__rosidl_typesupport_introspection_c__pyext
[11.852s] [100%] Built target hockey_msgs__rosidl_typesupport_c__pyext
[11.899s] [100%] Built target hockey_msgs__rosidl_typesupport_fastrtps_c__pyext
