[6.199s] Invoking command in '/home/ubuntu/PucksInDeep/rosHockey/keyboard_control': BYOBU_DATE=%Y-%m-%d PYTHONPATH=/home/ubuntu/PucksInDeep/rosHockey/install/keyboard_control/lib/python3.8/site-packages:${PYTHONPATH} /usr/bin/python3 setup.py egg_info --egg-base ../build/keyboard_control build --build-base /home/ubuntu/PucksInDeep/rosHockey/build/keyboard_control/build install --prefix /home/ubuntu/PucksInDeep/rosHockey/install/keyboard_control --record /home/ubuntu/PucksInDeep/rosHockey/build/keyboard_control/install.log --single-version-externally-managed
[9.069s] running egg_info
[9.079s] writing ../build/keyboard_control/keyboard_control.egg-info/PKG-INFO
[9.080s] writing dependency_links to ../build/keyboard_control/keyboard_control.egg-info/dependency_links.txt
[9.081s] writing entry points to ../build/keyboard_control/keyboard_control.egg-info/entry_points.txt
[9.082s] writing requirements to ../build/keyboard_control/keyboard_control.egg-info/requires.txt
[9.090s] writing top-level names to ../build/keyboard_control/keyboard_control.egg-info/top_level.txt
[9.296s] reading manifest file '../build/keyboard_control/keyboard_control.egg-info/SOURCES.txt'
[9.301s] writing manifest file '../build/keyboard_control/keyboard_control.egg-info/SOURCES.txt'
[9.306s] running build
[9.306s] running build_py
[9.307s] copying keyboard_control/__init__.py -> /home/ubuntu/PucksInDeep/rosHockey/build/keyboard_control/build/lib/keyboard_control
[13.330s] running install
[13.341s] running install_lib
[13.351s] copying /home/ubuntu/PucksInDeep/rosHockey/build/keyboard_control/build/lib/keyboard_control/__init__.py -> /home/ubuntu/PucksInDeep/rosHockey/install/keyboard_control/lib/python3.8/site-packages/keyboard_control
[13.352s] byte-compiling /home/ubuntu/PucksInDeep/rosHockey/install/keyboard_control/lib/python3.8/site-packages/keyboard_control/__init__.py to __init__.cpython-38.pyc
[13.401s] running install_data
[13.418s] copying resource/keyboard_control -> /home/ubuntu/PucksInDeep/rosHockey/install/keyboard_control/share/ament_index/resource_index/packages
[13.420s] copying package.xml -> /home/ubuntu/PucksInDeep/rosHockey/install/keyboard_control/share/keyboard_control
[13.431s] running install_egg_info
[13.483s] Copying ../build/keyboard_control/keyboard_control.egg-info to /home/ubuntu/PucksInDeep/rosHockey/install/keyboard_control/lib/python3.8/site-packages/keyboard_control-0.0.0-py3.8.egg-info
[13.497s] running install_scripts
[13.545s] writing list of installed files to '/home/ubuntu/PucksInDeep/rosHockey/build/keyboard_control/install.log'
[13.779s] Invoked command in '/home/ubuntu/PucksInDeep/rosHockey/keyboard_control' returned '0': BYOBU_DATE=%Y-%m-%d PYTHONPATH=/home/ubuntu/PucksInDeep/rosHockey/install/keyboard_control/lib/python3.8/site-packages:${PYTHONPATH} /usr/bin/python3 setup.py egg_info --egg-base ../build/keyboard_control build --build-base /home/ubuntu/PucksInDeep/rosHockey/build/keyboard_control/build install --prefix /home/ubuntu/PucksInDeep/rosHockey/install/keyboard_control --record /home/ubuntu/PucksInDeep/rosHockey/build/keyboard_control/install.log --single-version-externally-managed
