[9.948s] Invoking command in '/home/ubuntu/PucksInDeep/RPi/rosHockey/puck_tracker': PYTHONPATH=/home/ubuntu/PucksInDeep/RPi/rosHockey/install/puck_tracker/lib/python3.8/site-packages: /usr/bin/python3 setup.py egg_info --egg-base ../build/puck_tracker build --build-base /home/ubuntu/PucksInDeep/RPi/rosHockey/build/puck_tracker/build install --prefix /home/ubuntu/PucksInDeep/RPi/rosHockey/install/puck_tracker --record /home/ubuntu/PucksInDeep/RPi/rosHockey/build/puck_tracker/install.log --single-version-externally-managed
[11.514s] running egg_info
[11.517s] writing ../build/puck_tracker/puck_tracker.egg-info/PKG-INFO
[11.518s] writing dependency_links to ../build/puck_tracker/puck_tracker.egg-info/dependency_links.txt
[11.530s] writing entry points to ../build/puck_tracker/puck_tracker.egg-info/entry_points.txt
[11.531s] writing requirements to ../build/puck_tracker/puck_tracker.egg-info/requires.txt
[11.532s] writing top-level names to ../build/puck_tracker/puck_tracker.egg-info/top_level.txt
[11.751s] reading manifest file '../build/puck_tracker/puck_tracker.egg-info/SOURCES.txt'
[11.766s] writing manifest file '../build/puck_tracker/puck_tracker.egg-info/SOURCES.txt'
[11.767s] running build
[11.768s] running build_py
[11.771s] copying puck_tracker/tracker.py -> /home/ubuntu/PucksInDeep/RPi/rosHockey/build/puck_tracker/build/lib/puck_tracker
[11.772s] running install
[11.778s] running install_lib
[11.784s] copying /home/ubuntu/PucksInDeep/RPi/rosHockey/build/puck_tracker/build/lib/puck_tracker/tracker.py -> /home/ubuntu/PucksInDeep/RPi/rosHockey/install/puck_tracker/lib/python3.8/site-packages/puck_tracker
[11.791s] byte-compiling /home/ubuntu/PucksInDeep/RPi/rosHockey/install/puck_tracker/lib/python3.8/site-packages/puck_tracker/tracker.py to tracker.cpython-38.pyc
[11.803s] /home/ubuntu/PucksInDeep/RPi/rosHockey/install/puck_tracker/lib/python3.8/site-packages/puck_tracker/tracker.py:63: SyntaxWarning: 'str' object is not callable; perhaps you missed a comma?
[11.804s]   frame = cv2.putText(frame, "x: %f y: %f\nx_vel: %f y_vel: %f" (cX, cY, self.puck_vel[0], self.puck_vel[1]), (0,0), cv2.FONT_HERSHEY_SIMPLEX, 1, (0,0,0), 2, cv2.LINE_AA)
[11.807s] running install_data
[11.813s] running install_egg_info
[11.822s] removing '/home/ubuntu/PucksInDeep/RPi/rosHockey/install/puck_tracker/lib/python3.8/site-packages/puck_tracker-0.0.0-py3.8.egg-info' (and everything under it)
[11.827s] Copying ../build/puck_tracker/puck_tracker.egg-info to /home/ubuntu/PucksInDeep/RPi/rosHockey/install/puck_tracker/lib/python3.8/site-packages/puck_tracker-0.0.0-py3.8.egg-info
[11.838s] running install_scripts
[12.044s] Installing puck_tracker script to /home/ubuntu/PucksInDeep/RPi/rosHockey/install/puck_tracker/lib/puck_tracker
[12.049s] writing list of installed files to '/home/ubuntu/PucksInDeep/RPi/rosHockey/build/puck_tracker/install.log'
[12.204s] Invoked command in '/home/ubuntu/PucksInDeep/RPi/rosHockey/puck_tracker' returned '0': PYTHONPATH=/home/ubuntu/PucksInDeep/RPi/rosHockey/install/puck_tracker/lib/python3.8/site-packages: /usr/bin/python3 setup.py egg_info --egg-base ../build/puck_tracker build --build-base /home/ubuntu/PucksInDeep/RPi/rosHockey/build/puck_tracker/build install --prefix /home/ubuntu/PucksInDeep/RPi/rosHockey/install/puck_tracker --record /home/ubuntu/PucksInDeep/RPi/rosHockey/build/puck_tracker/install.log --single-version-externally-managed
