[1.862s] DEBUG:colcon:Command line arguments: ['/usr/bin/colcon', 'build']
[1.863s] DEBUG:colcon:Parsed command line arguments: Namespace(ament_cmake_args=None, base_paths=['.'], build_base='build', catkin_cmake_args=None, catkin_skip_building_tests=False, cmake_args=None, cmake_clean_cache=False, cmake_clean_first=False, cmake_force_configure=False, cmake_target=None, cmake_target_skip_unavailable=False, continue_on_error=False, event_handlers=None, executor='parallel', ignore_user_meta=False, install_base='install', log_base=None, log_level=None, main=<bound method BuildVerb.main of <colcon_core.verb.build.BuildVerb object at 0xffff96c90310>>, merge_install=False, metas=['./colcon.meta'], packages_above=None, packages_above_and_dependencies=None, packages_above_depth=None, packages_end=None, packages_ignore=None, packages_ignore_regex=None, packages_select=None, packages_select_build_failed=False, packages_select_by_dep=None, packages_select_regex=None, packages_select_test_failures=False, packages_skip=None, packages_skip_build_finished=False, packages_skip_by_dep=None, packages_skip_regex=None, packages_skip_test_passed=False, packages_skip_up_to=None, packages_start=None, packages_up_to=None, packages_up_to_regex=None, parallel_workers=4, paths=None, symlink_install=False, test_result_base=None, verb_extension=<colcon_core.verb.build.BuildVerb object at 0xffff96c90310>, verb_name='build', verb_parser=<colcon_defaults.argument_parser.defaults.DefaultArgumentsDecorator object at 0xffff96c90850>)
[1.914s] Level 1:colcon.colcon_core.package_discovery:discover_packages(colcon_meta) check parameters
[1.915s] Level 1:colcon.colcon_core.package_discovery:discover_packages(recursive) check parameters
[1.915s] Level 1:colcon.colcon_core.package_discovery:discover_packages(ignore) check parameters
[1.915s] Level 1:colcon.colcon_core.package_discovery:discover_packages(path) check parameters
[1.915s] Level 1:colcon.colcon_core.package_discovery:discover_packages(colcon_meta) discover
[1.917s] Level 1:colcon.colcon_core.package_discovery:discover_packages(recursive) discover
[1.917s] INFO:colcon.colcon_core.package_discovery:Crawling recursively for packages in '/home/ubuntu/PucksInDeep/rosHockey'
[1.918s] Level 1:colcon.colcon_core.package_identification:_identify(.) by extensions ['ignore', 'ignore_ament_install']
[1.919s] Level 1:colcon.colcon_core.package_identification:_identify(.) by extension 'ignore'
[1.919s] Level 1:colcon.colcon_core.package_identification:_identify(.) by extension 'ignore_ament_install'
[1.920s] Level 1:colcon.colcon_core.package_identification:_identify(.) by extensions ['colcon_pkg']
[1.920s] Level 1:colcon.colcon_core.package_identification:_identify(.) by extension 'colcon_pkg'
[1.921s] Level 1:colcon.colcon_core.package_identification:_identify(.) by extensions ['colcon_meta']
[1.921s] Level 1:colcon.colcon_core.package_identification:_identify(.) by extension 'colcon_meta'
[1.921s] Level 1:colcon.colcon_core.package_identification:_identify(.) by extensions ['ros']
[1.921s] Level 1:colcon.colcon_core.package_identification:_identify(.) by extension 'ros'
[1.992s] Level 1:colcon.colcon_core.package_identification:_identify(.) by extensions ['cmake', 'python']
[1.993s] Level 1:colcon.colcon_core.package_identification:_identify(.) by extension 'cmake'
[1.993s] Level 1:colcon.colcon_core.package_identification:_identify(.) by extension 'python'
[1.993s] Level 1:colcon.colcon_core.package_identification:_identify(.) by extensions ['python_setup_py']
[1.994s] Level 1:colcon.colcon_core.package_identification:_identify(.) by extension 'python_setup_py'
[1.994s] Level 1:colcon.colcon_core.package_identification:_identify(build) by extensions ['ignore', 'ignore_ament_install']
[1.995s] Level 1:colcon.colcon_core.package_identification:_identify(build) by extension 'ignore'
[1.995s] Level 1:colcon.colcon_core.package_identification:_identify(build) ignored
[1.996s] Level 1:colcon.colcon_core.package_identification:_identify(hockey_msgs) by extensions ['ignore', 'ignore_ament_install']
[1.997s] Level 1:colcon.colcon_core.package_identification:_identify(hockey_msgs) by extension 'ignore'
[1.997s] Level 1:colcon.colcon_core.package_identification:_identify(hockey_msgs) by extension 'ignore_ament_install'
[1.998s] Level 1:colcon.colcon_core.package_identification:_identify(hockey_msgs) by extensions ['colcon_pkg']
[1.998s] Level 1:colcon.colcon_core.package_identification:_identify(hockey_msgs) by extension 'colcon_pkg'
[1.998s] Level 1:colcon.colcon_core.package_identification:_identify(hockey_msgs) by extensions ['colcon_meta']
[1.998s] Level 1:colcon.colcon_core.package_identification:_identify(hockey_msgs) by extension 'colcon_meta'
[1.999s] Level 1:colcon.colcon_core.package_identification:_identify(hockey_msgs) by extensions ['ros']
[1.999s] Level 1:colcon.colcon_core.package_identification:_identify(hockey_msgs) by extension 'ros'
[2.012s] DEBUG:colcon.colcon_core.package_identification:Package 'hockey_msgs' with type 'ros.ament_cmake' and name 'hockey_msgs'
[2.013s] Level 1:colcon.colcon_core.package_identification:_identify(install) by extensions ['ignore', 'ignore_ament_install']
[2.014s] Level 1:colcon.colcon_core.package_identification:_identify(install) by extension 'ignore'
[2.014s] Level 1:colcon.colcon_core.package_identification:_identify(install) ignored
[2.015s] Level 1:colcon.colcon_core.package_identification:_identify(keyboard_control) by extensions ['ignore', 'ignore_ament_install']
[2.015s] Level 1:colcon.colcon_core.package_identification:_identify(keyboard_control) by extension 'ignore'
[2.016s] Level 1:colcon.colcon_core.package_identification:_identify(keyboard_control) by extension 'ignore_ament_install'
[2.016s] Level 1:colcon.colcon_core.package_identification:_identify(keyboard_control) by extensions ['colcon_pkg']
[2.017s] Level 1:colcon.colcon_core.package_identification:_identify(keyboard_control) by extension 'colcon_pkg'
[2.017s] Level 1:colcon.colcon_core.package_identification:_identify(keyboard_control) by extensions ['colcon_meta']
[2.017s] Level 1:colcon.colcon_core.package_identification:_identify(keyboard_control) by extension 'colcon_meta'
[2.017s] Level 1:colcon.colcon_core.package_identification:_identify(keyboard_control) by extensions ['ros']
[2.018s] Level 1:colcon.colcon_core.package_identification:_identify(keyboard_control) by extension 'ros'
[2.022s] DEBUG:colcon.colcon_core.package_identification:Package 'keyboard_control' with type 'ros.ament_python' and name 'keyboard_control'
[2.023s] Level 1:colcon.colcon_core.package_identification:_identify(log) by extensions ['ignore', 'ignore_ament_install']
[2.024s] Level 1:colcon.colcon_core.package_identification:_identify(log) by extension 'ignore'
[2.024s] Level 1:colcon.colcon_core.package_identification:_identify(log) ignored
[2.025s] Level 1:colcon.colcon_core.package_identification:_identify(position_publisher) by extensions ['ignore', 'ignore_ament_install']
[2.025s] Level 1:colcon.colcon_core.package_identification:_identify(position_publisher) by extension 'ignore'
[2.026s] Level 1:colcon.colcon_core.package_identification:_identify(position_publisher) by extension 'ignore_ament_install'
[2.026s] Level 1:colcon.colcon_core.package_identification:_identify(position_publisher) by extensions ['colcon_pkg']
[2.027s] Level 1:colcon.colcon_core.package_identification:_identify(position_publisher) by extension 'colcon_pkg'
[2.027s] Level 1:colcon.colcon_core.package_identification:_identify(position_publisher) by extensions ['colcon_meta']
[2.027s] Level 1:colcon.colcon_core.package_identification:_identify(position_publisher) by extension 'colcon_meta'
[2.028s] Level 1:colcon.colcon_core.package_identification:_identify(position_publisher) by extensions ['ros']
[2.028s] Level 1:colcon.colcon_core.package_identification:_identify(position_publisher) by extension 'ros'
[2.033s] DEBUG:colcon.colcon_core.package_identification:Package 'position_publisher' with type 'ros.ament_python' and name 'position_publisher'
[2.034s] Level 1:colcon.colcon_core.package_identification:_identify(visualizer) by extensions ['ignore', 'ignore_ament_install']
[2.035s] Level 1:colcon.colcon_core.package_identification:_identify(visualizer) by extension 'ignore'
[2.035s] Level 1:colcon.colcon_core.package_identification:_identify(visualizer) by extension 'ignore_ament_install'
[2.036s] Level 1:colcon.colcon_core.package_identification:_identify(visualizer) by extensions ['colcon_pkg']
[2.036s] Level 1:colcon.colcon_core.package_identification:_identify(visualizer) by extension 'colcon_pkg'
[2.036s] Level 1:colcon.colcon_core.package_identification:_identify(visualizer) by extensions ['colcon_meta']
[2.036s] Level 1:colcon.colcon_core.package_identification:_identify(visualizer) by extension 'colcon_meta'
[2.037s] Level 1:colcon.colcon_core.package_identification:_identify(visualizer) by extensions ['ros']
[2.037s] Level 1:colcon.colcon_core.package_identification:_identify(visualizer) by extension 'ros'
[2.041s] DEBUG:colcon.colcon_core.package_identification:Package 'visualizer' with type 'ros.ament_python' and name 'visualizer'
[2.041s] Level 1:colcon.colcon_core.package_discovery:discover_packages(recursive) using defaults
[2.041s] Level 1:colcon.colcon_core.package_discovery:discover_packages(ignore) discover
[2.041s] Level 1:colcon.colcon_core.package_discovery:discover_packages(ignore) using defaults
[2.042s] Level 1:colcon.colcon_core.package_discovery:discover_packages(path) discover
[2.042s] Level 1:colcon.colcon_core.package_discovery:discover_packages(path) using defaults
[2.161s] Level 5:colcon.colcon_core.verb:set package 'hockey_msgs' build argument 'cmake_args' from command line to 'None'
[2.161s] Level 5:colcon.colcon_core.verb:set package 'hockey_msgs' build argument 'cmake_target' from command line to 'None'
[2.161s] Level 5:colcon.colcon_core.verb:set package 'hockey_msgs' build argument 'cmake_target_skip_unavailable' from command line to 'False'
[2.161s] Level 5:colcon.colcon_core.verb:set package 'hockey_msgs' build argument 'cmake_clean_cache' from command line to 'False'
[2.161s] Level 5:colcon.colcon_core.verb:set package 'hockey_msgs' build argument 'cmake_clean_first' from command line to 'False'
[2.162s] Level 5:colcon.colcon_core.verb:set package 'hockey_msgs' build argument 'cmake_force_configure' from command line to 'False'
[2.162s] Level 5:colcon.colcon_core.verb:set package 'hockey_msgs' build argument 'ament_cmake_args' from command line to 'None'
[2.162s] Level 5:colcon.colcon_core.verb:set package 'hockey_msgs' build argument 'catkin_cmake_args' from command line to 'None'
[2.162s] Level 5:colcon.colcon_core.verb:set package 'hockey_msgs' build argument 'catkin_skip_building_tests' from command line to 'False'
[2.162s] DEBUG:colcon.colcon_core.verb:Building package 'hockey_msgs' with the following arguments: {'ament_cmake_args': None, 'build_base': '/home/ubuntu/PucksInDeep/rosHockey/build/hockey_msgs', 'catkin_cmake_args': None, 'catkin_skip_building_tests': False, 'cmake_args': None, 'cmake_clean_cache': False, 'cmake_clean_first': False, 'cmake_force_configure': False, 'cmake_target': None, 'cmake_target_skip_unavailable': False, 'install_base': '/home/ubuntu/PucksInDeep/rosHockey/install/hockey_msgs', 'merge_install': False, 'path': '/home/ubuntu/PucksInDeep/rosHockey/hockey_msgs', 'symlink_install': False, 'test_result_base': None}
[2.174s] Level 5:colcon.colcon_core.verb:set package 'keyboard_control' build argument 'cmake_args' from command line to 'None'
[2.174s] Level 5:colcon.colcon_core.verb:set package 'keyboard_control' build argument 'cmake_target' from command line to 'None'
[2.174s] Level 5:colcon.colcon_core.verb:set package 'keyboard_control' build argument 'cmake_target_skip_unavailable' from command line to 'False'
[2.175s] Level 5:colcon.colcon_core.verb:set package 'keyboard_control' build argument 'cmake_clean_cache' from command line to 'False'
[2.175s] Level 5:colcon.colcon_core.verb:set package 'keyboard_control' build argument 'cmake_clean_first' from command line to 'False'
[2.175s] Level 5:colcon.colcon_core.verb:set package 'keyboard_control' build argument 'cmake_force_configure' from command line to 'False'
[2.175s] Level 5:colcon.colcon_core.verb:set package 'keyboard_control' build argument 'ament_cmake_args' from command line to 'None'
[2.175s] Level 5:colcon.colcon_core.verb:set package 'keyboard_control' build argument 'catkin_cmake_args' from command line to 'None'
[2.175s] Level 5:colcon.colcon_core.verb:set package 'keyboard_control' build argument 'catkin_skip_building_tests' from command line to 'False'
[2.176s] DEBUG:colcon.colcon_core.verb:Building package 'keyboard_control' with the following arguments: {'ament_cmake_args': None, 'build_base': '/home/ubuntu/PucksInDeep/rosHockey/build/keyboard_control', 'catkin_cmake_args': None, 'catkin_skip_building_tests': False, 'cmake_args': None, 'cmake_clean_cache': False, 'cmake_clean_first': False, 'cmake_force_configure': False, 'cmake_target': None, 'cmake_target_skip_unavailable': False, 'install_base': '/home/ubuntu/PucksInDeep/rosHockey/install/keyboard_control', 'merge_install': False, 'path': '/home/ubuntu/PucksInDeep/rosHockey/keyboard_control', 'symlink_install': False, 'test_result_base': None}
[2.189s] Level 5:colcon.colcon_core.verb:set package 'position_publisher' build argument 'cmake_args' from command line to 'None'
[2.189s] Level 5:colcon.colcon_core.verb:set package 'position_publisher' build argument 'cmake_target' from command line to 'None'
[2.190s] Level 5:colcon.colcon_core.verb:set package 'position_publisher' build argument 'cmake_target_skip_unavailable' from command line to 'False'
[2.190s] Level 5:colcon.colcon_core.verb:set package 'position_publisher' build argument 'cmake_clean_cache' from command line to 'False'
[2.190s] Level 5:colcon.colcon_core.verb:set package 'position_publisher' build argument 'cmake_clean_first' from command line to 'False'
[2.190s] Level 5:colcon.colcon_core.verb:set package 'position_publisher' build argument 'cmake_force_configure' from command line to 'False'
[2.190s] Level 5:colcon.colcon_core.verb:set package 'position_publisher' build argument 'ament_cmake_args' from command line to 'None'
[2.190s] Level 5:colcon.colcon_core.verb:set package 'position_publisher' build argument 'catkin_cmake_args' from command line to 'None'
[2.191s] Level 5:colcon.colcon_core.verb:set package 'position_publisher' build argument 'catkin_skip_building_tests' from command line to 'False'
[2.191s] DEBUG:colcon.colcon_core.verb:Building package 'position_publisher' with the following arguments: {'ament_cmake_args': None, 'build_base': '/home/ubuntu/PucksInDeep/rosHockey/build/position_publisher', 'catkin_cmake_args': None, 'catkin_skip_building_tests': False, 'cmake_args': None, 'cmake_clean_cache': False, 'cmake_clean_first': False, 'cmake_force_configure': False, 'cmake_target': None, 'cmake_target_skip_unavailable': False, 'install_base': '/home/ubuntu/PucksInDeep/rosHockey/install/position_publisher', 'merge_install': False, 'path': '/home/ubuntu/PucksInDeep/rosHockey/position_publisher', 'symlink_install': False, 'test_result_base': None}
[2.202s] Level 5:colcon.colcon_core.verb:set package 'visualizer' build argument 'cmake_args' from command line to 'None'
[2.202s] Level 5:colcon.colcon_core.verb:set package 'visualizer' build argument 'cmake_target' from command line to 'None'
[2.202s] Level 5:colcon.colcon_core.verb:set package 'visualizer' build argument 'cmake_target_skip_unavailable' from command line to 'False'
[2.202s] Level 5:colcon.colcon_core.verb:set package 'visualizer' build argument 'cmake_clean_cache' from command line to 'False'
[2.203s] Level 5:colcon.colcon_core.verb:set package 'visualizer' build argument 'cmake_clean_first' from command line to 'False'
[2.203s] Level 5:colcon.colcon_core.verb:set package 'visualizer' build argument 'cmake_force_configure' from command line to 'False'
[2.203s] Level 5:colcon.colcon_core.verb:set package 'visualizer' build argument 'ament_cmake_args' from command line to 'None'
[2.203s] Level 5:colcon.colcon_core.verb:set package 'visualizer' build argument 'catkin_cmake_args' from command line to 'None'
[2.203s] Level 5:colcon.colcon_core.verb:set package 'visualizer' build argument 'catkin_skip_building_tests' from command line to 'False'
[2.204s] DEBUG:colcon.colcon_core.verb:Building package 'visualizer' with the following arguments: {'ament_cmake_args': None, 'build_base': '/home/ubuntu/PucksInDeep/rosHockey/build/visualizer', 'catkin_cmake_args': None, 'catkin_skip_building_tests': False, 'cmake_args': None, 'cmake_clean_cache': False, 'cmake_clean_first': False, 'cmake_force_configure': False, 'cmake_target': None, 'cmake_target_skip_unavailable': False, 'install_base': '/home/ubuntu/PucksInDeep/rosHockey/install/visualizer', 'merge_install': False, 'path': '/home/ubuntu/PucksInDeep/rosHockey/visualizer', 'symlink_install': False, 'test_result_base': None}
[2.205s] INFO:colcon.colcon_core.executor:Executing jobs using 'parallel' executor
[2.214s] DEBUG:colcon.colcon_parallel_executor.executor.parallel:run_until_complete
[2.216s] INFO:colcon.colcon_ros.task.ament_cmake.build:Building ROS package in '/home/ubuntu/PucksInDeep/rosHockey/hockey_msgs' with build type 'ament_cmake'
[2.217s] INFO:colcon.colcon_cmake.task.cmake.build:Building CMake package in '/home/ubuntu/PucksInDeep/rosHockey/hockey_msgs'
[2.251s] INFO:colcon.colcon_core.plugin_system:Skipping extension 'colcon_core.shell.bat': Not used on non-Windows systems
[2.253s] INFO:colcon.colcon_core.shell:Skip shell extension 'powershell' for command environment: Not usable outside of PowerShell
[2.253s] DEBUG:colcon.colcon_core.shell:Skip shell extension 'dsv' for command environment
[2.270s] DEBUG:colcon.colcon_core.shell:Ignoring prefix path '/opt/ros/foxy'
[2.285s] INFO:colcon.colcon_ros.task.ament_python.build:Building ROS package in '/home/ubuntu/PucksInDeep/rosHockey/keyboard_control' with build type 'ament_python'
[2.286s] Level 1:colcon.colcon_core.shell:create_environment_hook('keyboard_control', 'ament_prefix_path')
[2.291s] INFO:colcon.colcon_core.shell:Creating environment hook '/home/ubuntu/PucksInDeep/rosHockey/install/keyboard_control/share/keyboard_control/hook/ament_prefix_path.ps1'
[2.297s] INFO:colcon.colcon_core.shell:Creating environment descriptor '/home/ubuntu/PucksInDeep/rosHockey/install/keyboard_control/share/keyboard_control/hook/ament_prefix_path.dsv'
[2.302s] INFO:colcon.colcon_core.shell:Creating environment hook '/home/ubuntu/PucksInDeep/rosHockey/install/keyboard_control/share/keyboard_control/hook/ament_prefix_path.sh'
[2.309s] INFO:colcon.colcon_core.shell:Skip shell extension 'powershell' for command environment: Not usable outside of PowerShell
[2.310s] DEBUG:colcon.colcon_core.shell:Skip shell extension 'dsv' for command environment
[2.321s] DEBUG:colcon.colcon_core.shell:Ignoring prefix path '/opt/ros/foxy'
[2.337s] INFO:colcon.colcon_ros.task.ament_python.build:Building ROS package in '/home/ubuntu/PucksInDeep/rosHockey/position_publisher' with build type 'ament_python'
[2.338s] Level 1:colcon.colcon_core.shell:create_environment_hook('position_publisher', 'ament_prefix_path')
[2.342s] INFO:colcon.colcon_core.shell:Creating environment hook '/home/ubuntu/PucksInDeep/rosHockey/install/position_publisher/share/position_publisher/hook/ament_prefix_path.ps1'
[2.345s] INFO:colcon.colcon_core.shell:Creating environment descriptor '/home/ubuntu/PucksInDeep/rosHockey/install/position_publisher/share/position_publisher/hook/ament_prefix_path.dsv'
[2.348s] INFO:colcon.colcon_core.shell:Creating environment hook '/home/ubuntu/PucksInDeep/rosHockey/install/position_publisher/share/position_publisher/hook/ament_prefix_path.sh'
[2.354s] INFO:colcon.colcon_core.shell:Skip shell extension 'powershell' for command environment: Not usable outside of PowerShell
[2.354s] DEBUG:colcon.colcon_core.shell:Skip shell extension 'dsv' for command environment
[2.362s] DEBUG:colcon.colcon_core.shell:Ignoring prefix path '/opt/ros/foxy'
[2.383s] INFO:colcon.colcon_ros.task.ament_python.build:Building ROS package in '/home/ubuntu/PucksInDeep/rosHockey/visualizer' with build type 'ament_python'
[2.384s] Level 1:colcon.colcon_core.shell:create_environment_hook('visualizer', 'ament_prefix_path')
[2.388s] INFO:colcon.colcon_core.shell:Creating environment hook '/home/ubuntu/PucksInDeep/rosHockey/install/visualizer/share/visualizer/hook/ament_prefix_path.ps1'
[2.391s] INFO:colcon.colcon_core.shell:Creating environment descriptor '/home/ubuntu/PucksInDeep/rosHockey/install/visualizer/share/visualizer/hook/ament_prefix_path.dsv'
[2.394s] INFO:colcon.colcon_core.shell:Creating environment hook '/home/ubuntu/PucksInDeep/rosHockey/install/visualizer/share/visualizer/hook/ament_prefix_path.sh'
[2.400s] INFO:colcon.colcon_core.shell:Skip shell extension 'powershell' for command environment: Not usable outside of PowerShell
[2.401s] DEBUG:colcon.colcon_core.shell:Skip shell extension 'dsv' for command environment
[2.409s] DEBUG:colcon.colcon_core.shell:Ignoring prefix path '/opt/ros/foxy'
[2.460s] DEBUG:colcon.colcon_core.event_handler.log_command:Invoking command in '/home/ubuntu/PucksInDeep/rosHockey/build/hockey_msgs': CMAKE_PREFIX_PATH=/opt/ros/foxy /usr/bin/cmake --build /home/ubuntu/PucksInDeep/rosHockey/build/hockey_msgs -- -j4 -l4
[4.566s] INFO:colcon.colcon_core.task.python.build:Building Python package in '/home/ubuntu/PucksInDeep/rosHockey/keyboard_control'
[4.570s] INFO:colcon.colcon_core.shell:Skip shell extension 'powershell' for command environment: Not usable outside of PowerShell
[4.572s] DEBUG:colcon.colcon_core.shell:Skip shell extension 'dsv' for command environment
[4.580s] DEBUG:colcon.colcon_core.shell:Ignoring prefix path '/opt/ros/foxy'
[6.233s] INFO:colcon.colcon_core.task.python.build:Building Python package in '/home/ubuntu/PucksInDeep/rosHockey/position_publisher'
[6.237s] INFO:colcon.colcon_core.shell:Skip shell extension 'powershell' for command environment: Not usable outside of PowerShell
[6.237s] DEBUG:colcon.colcon_core.shell:Skip shell extension 'dsv' for command environment
[6.244s] DEBUG:colcon.colcon_core.shell:Ignoring prefix path '/opt/ros/foxy'
[7.315s] INFO:colcon.colcon_core.task.python.build:Building Python package in '/home/ubuntu/PucksInDeep/rosHockey/visualizer'
[7.318s] INFO:colcon.colcon_core.shell:Skip shell extension 'powershell' for command environment: Not usable outside of PowerShell
[7.319s] DEBUG:colcon.colcon_core.shell:Skip shell extension 'dsv' for command environment
[7.328s] DEBUG:colcon.colcon_core.shell:Ignoring prefix path '/opt/ros/foxy'
[7.382s] DEBUG:colcon.colcon_core.event_handler.log_command:Invoked command in '/home/ubuntu/PucksInDeep/rosHockey/build/hockey_msgs' returned '0': CMAKE_PREFIX_PATH=/opt/ros/foxy /usr/bin/cmake --build /home/ubuntu/PucksInDeep/rosHockey/build/hockey_msgs -- -j4 -l4
[7.408s] DEBUG:colcon.colcon_core.event_handler.log_command:Invoking command in '/home/ubuntu/PucksInDeep/rosHockey/keyboard_control': PYTHONPATH=/home/ubuntu/PucksInDeep/rosHockey/install/keyboard_control/lib/python3.8/site-packages:${PYTHONPATH} /usr/bin/python3 setup.py egg_info --egg-base ../build/keyboard_control build --build-base /home/ubuntu/PucksInDeep/rosHockey/build/keyboard_control/build install --prefix /home/ubuntu/PucksInDeep/rosHockey/install/keyboard_control --record /home/ubuntu/PucksInDeep/rosHockey/build/keyboard_control/install.log --single-version-externally-managed
[7.439s] DEBUG:colcon.colcon_core.event_handler.log_command:Invoking command in '/home/ubuntu/PucksInDeep/rosHockey/position_publisher': PYTHONPATH=/home/ubuntu/PucksInDeep/rosHockey/install/position_publisher/lib/python3.8/site-packages:${PYTHONPATH} /usr/bin/python3 setup.py egg_info --egg-base ../build/position_publisher build --build-base /home/ubuntu/PucksInDeep/rosHockey/build/position_publisher/build install --prefix /home/ubuntu/PucksInDeep/rosHockey/install/position_publisher --record /home/ubuntu/PucksInDeep/rosHockey/build/position_publisher/install.log --single-version-externally-managed
[7.451s] DEBUG:colcon.colcon_core.event_handler.log_command:Invoking command in '/home/ubuntu/PucksInDeep/rosHockey/visualizer': PYTHONPATH=/home/ubuntu/PucksInDeep/rosHockey/install/visualizer/lib/python3.8/site-packages:${PYTHONPATH} /usr/bin/python3 setup.py egg_info --egg-base ../build/visualizer build --build-base /home/ubuntu/PucksInDeep/rosHockey/build/visualizer/build install --prefix /home/ubuntu/PucksInDeep/rosHockey/install/visualizer --record /home/ubuntu/PucksInDeep/rosHockey/build/visualizer/install.log --single-version-externally-managed
[9.222s] DEBUG:colcon.colcon_core.event_handler.log_command:Invoking command in '/home/ubuntu/PucksInDeep/rosHockey/build/hockey_msgs': CMAKE_PREFIX_PATH=/opt/ros/foxy /usr/bin/cmake --install /home/ubuntu/PucksInDeep/rosHockey/build/hockey_msgs
[10.310s] Level 1:colcon.colcon_core.environment:create_environment_scripts_only(hockey_msgs)
[10.314s] DEBUG:colcon.colcon_core.event_handler.log_command:Invoked command in '/home/ubuntu/PucksInDeep/rosHockey/build/hockey_msgs' returned '0': CMAKE_PREFIX_PATH=/opt/ros/foxy /usr/bin/cmake --install /home/ubuntu/PucksInDeep/rosHockey/build/hockey_msgs
[10.444s] Level 1:colcon.colcon_core.environment:checking '/home/ubuntu/PucksInDeep/rosHockey/install/hockey_msgs' for CMake module files
[10.464s] Level 1:colcon.colcon_core.environment:checking '/home/ubuntu/PucksInDeep/rosHockey/install/hockey_msgs' for CMake config files
[10.467s] Level 1:colcon.colcon_core.shell:create_environment_hook('hockey_msgs', 'cmake_prefix_path')
[10.486s] INFO:colcon.colcon_core.shell:Creating environment hook '/home/ubuntu/PucksInDeep/rosHockey/install/hockey_msgs/share/hockey_msgs/hook/cmake_prefix_path.ps1'
[10.501s] INFO:colcon.colcon_core.shell:Creating environment descriptor '/home/ubuntu/PucksInDeep/rosHockey/install/hockey_msgs/share/hockey_msgs/hook/cmake_prefix_path.dsv'
[10.506s] INFO:colcon.colcon_core.shell:Creating environment hook '/home/ubuntu/PucksInDeep/rosHockey/install/hockey_msgs/share/hockey_msgs/hook/cmake_prefix_path.sh'
[10.526s] Level 1:colcon.colcon_core.environment:checking '/home/ubuntu/PucksInDeep/rosHockey/install/hockey_msgs/lib'
[10.531s] Level 1:colcon.colcon_core.shell:create_environment_hook('hockey_msgs', 'ld_library_path_lib')
[10.534s] INFO:colcon.colcon_core.shell:Creating environment hook '/home/ubuntu/PucksInDeep/rosHockey/install/hockey_msgs/share/hockey_msgs/hook/ld_library_path_lib.ps1'
[10.549s] INFO:colcon.colcon_core.shell:Creating environment descriptor '/home/ubuntu/PucksInDeep/rosHockey/install/hockey_msgs/share/hockey_msgs/hook/ld_library_path_lib.dsv'
[10.552s] INFO:colcon.colcon_core.shell:Creating environment hook '/home/ubuntu/PucksInDeep/rosHockey/install/hockey_msgs/share/hockey_msgs/hook/ld_library_path_lib.sh'
[10.557s] Level 1:colcon.colcon_core.environment:checking '/home/ubuntu/PucksInDeep/rosHockey/install/hockey_msgs/bin'
[10.558s] Level 1:colcon.colcon_core.environment:checking '/home/ubuntu/PucksInDeep/rosHockey/install/hockey_msgs/lib/pkgconfig/hockey_msgs.pc'
[10.559s] Level 1:colcon.colcon_core.environment:checking '/home/ubuntu/PucksInDeep/rosHockey/install/hockey_msgs/lib/python3.8/site-packages'
[10.565s] Level 1:colcon.colcon_core.shell:create_environment_hook('hockey_msgs', 'pythonpath')
[10.570s] INFO:colcon.colcon_core.shell:Creating environment hook '/home/ubuntu/PucksInDeep/rosHockey/install/hockey_msgs/share/hockey_msgs/hook/pythonpath.ps1'
[10.573s] INFO:colcon.colcon_core.shell:Creating environment descriptor '/home/ubuntu/PucksInDeep/rosHockey/install/hockey_msgs/share/hockey_msgs/hook/pythonpath.dsv'
[10.577s] INFO:colcon.colcon_core.shell:Creating environment hook '/home/ubuntu/PucksInDeep/rosHockey/install/hockey_msgs/share/hockey_msgs/hook/pythonpath.sh'
[10.585s] INFO:colcon.colcon_core.shell:Creating package script '/home/ubuntu/PucksInDeep/rosHockey/install/hockey_msgs/share/hockey_msgs/package.ps1'
[10.601s] INFO:colcon.colcon_core.shell:Creating package descriptor '/home/ubuntu/PucksInDeep/rosHockey/install/hockey_msgs/share/hockey_msgs/package.dsv'
[10.610s] INFO:colcon.colcon_core.shell:Creating package script '/home/ubuntu/PucksInDeep/rosHockey/install/hockey_msgs/share/hockey_msgs/package.sh'
[10.629s] INFO:colcon.colcon_core.shell:Creating package script '/home/ubuntu/PucksInDeep/rosHockey/install/hockey_msgs/share/hockey_msgs/package.bash'
[10.643s] INFO:colcon.colcon_core.shell:Creating package script '/home/ubuntu/PucksInDeep/rosHockey/install/hockey_msgs/share/hockey_msgs/package.zsh'
[10.658s] Level 1:colcon.colcon_core.environment:create_file_with_runtime_dependencies(/home/ubuntu/PucksInDeep/rosHockey/install/hockey_msgs/share/colcon-core/packages/hockey_msgs)
[10.722s] DEBUG:colcon.colcon_core.event_handler.log_command:Invoked command in '/home/ubuntu/PucksInDeep/rosHockey/keyboard_control' returned '0': PYTHONPATH=/home/ubuntu/PucksInDeep/rosHockey/install/keyboard_control/lib/python3.8/site-packages:${PYTHONPATH} /usr/bin/python3 setup.py egg_info --egg-base ../build/keyboard_control build --build-base /home/ubuntu/PucksInDeep/rosHockey/build/keyboard_control/build install --prefix /home/ubuntu/PucksInDeep/rosHockey/install/keyboard_control --record /home/ubuntu/PucksInDeep/rosHockey/build/keyboard_control/install.log --single-version-externally-managed
[10.733s] Level 1:colcon.colcon_core.environment:checking '/home/ubuntu/PucksInDeep/rosHockey/install/keyboard_control' for CMake module files
[10.751s] Level 1:colcon.colcon_core.environment:checking '/home/ubuntu/PucksInDeep/rosHockey/install/keyboard_control' for CMake config files
[10.758s] Level 1:colcon.colcon_core.environment:checking '/home/ubuntu/PucksInDeep/rosHockey/install/keyboard_control/lib'
[10.759s] Level 1:colcon.colcon_core.environment:checking '/home/ubuntu/PucksInDeep/rosHockey/install/keyboard_control/bin'
[10.760s] Level 1:colcon.colcon_core.environment:checking '/home/ubuntu/PucksInDeep/rosHockey/install/keyboard_control/lib/pkgconfig/keyboard_control.pc'
[10.761s] Level 1:colcon.colcon_core.environment:checking '/home/ubuntu/PucksInDeep/rosHockey/install/keyboard_control/lib/python3.8/site-packages'
[10.762s] Level 1:colcon.colcon_core.shell:create_environment_hook('keyboard_control', 'pythonpath')
[10.767s] INFO:colcon.colcon_core.shell:Creating environment hook '/home/ubuntu/PucksInDeep/rosHockey/install/keyboard_control/share/keyboard_control/hook/pythonpath.ps1'
[10.772s] INFO:colcon.colcon_core.shell:Creating environment descriptor '/home/ubuntu/PucksInDeep/rosHockey/install/keyboard_control/share/keyboard_control/hook/pythonpath.dsv'
[10.776s] INFO:colcon.colcon_core.shell:Creating environment hook '/home/ubuntu/PucksInDeep/rosHockey/install/keyboard_control/share/keyboard_control/hook/pythonpath.sh'
[10.780s] Level 1:colcon.colcon_core.environment:create_environment_scripts_only(keyboard_control)
[10.786s] INFO:colcon.colcon_core.shell:Creating package script '/home/ubuntu/PucksInDeep/rosHockey/install/keyboard_control/share/keyboard_control/package.ps1'
[10.792s] INFO:colcon.colcon_core.shell:Creating package descriptor '/home/ubuntu/PucksInDeep/rosHockey/install/keyboard_control/share/keyboard_control/package.dsv'
[10.796s] INFO:colcon.colcon_core.shell:Creating package script '/home/ubuntu/PucksInDeep/rosHockey/install/keyboard_control/share/keyboard_control/package.sh'
[10.800s] INFO:colcon.colcon_core.shell:Creating package script '/home/ubuntu/PucksInDeep/rosHockey/install/keyboard_control/share/keyboard_control/package.bash'
[10.805s] INFO:colcon.colcon_core.shell:Creating package script '/home/ubuntu/PucksInDeep/rosHockey/install/keyboard_control/share/keyboard_control/package.zsh'
[10.809s] Level 1:colcon.colcon_core.environment:create_file_with_runtime_dependencies(/home/ubuntu/PucksInDeep/rosHockey/install/keyboard_control/share/colcon-core/packages/keyboard_control)
[10.823s] Level 1:colcon.colcon_core.environment:checking '/home/ubuntu/PucksInDeep/rosHockey/install/position_publisher' for CMake module files
[10.829s] DEBUG:colcon.colcon_core.event_handler.log_command:Invoked command in '/home/ubuntu/PucksInDeep/rosHockey/position_publisher' returned '0': PYTHONPATH=/home/ubuntu/PucksInDeep/rosHockey/install/position_publisher/lib/python3.8/site-packages:${PYTHONPATH} /usr/bin/python3 setup.py egg_info --egg-base ../build/position_publisher build --build-base /home/ubuntu/PucksInDeep/rosHockey/build/position_publisher/build install --prefix /home/ubuntu/PucksInDeep/rosHockey/install/position_publisher --record /home/ubuntu/PucksInDeep/rosHockey/build/position_publisher/install.log --single-version-externally-managed
[10.836s] Level 1:colcon.colcon_core.environment:checking '/home/ubuntu/PucksInDeep/rosHockey/install/position_publisher' for CMake config files
[10.843s] Level 1:colcon.colcon_core.environment:checking '/home/ubuntu/PucksInDeep/rosHockey/install/position_publisher/lib'
[10.844s] Level 1:colcon.colcon_core.environment:checking '/home/ubuntu/PucksInDeep/rosHockey/install/position_publisher/bin'
[10.845s] Level 1:colcon.colcon_core.environment:checking '/home/ubuntu/PucksInDeep/rosHockey/install/position_publisher/lib/pkgconfig/position_publisher.pc'
[10.845s] Level 1:colcon.colcon_core.environment:checking '/home/ubuntu/PucksInDeep/rosHockey/install/position_publisher/lib/python3.8/site-packages'
[10.846s] Level 1:colcon.colcon_core.shell:create_environment_hook('position_publisher', 'pythonpath')
[10.852s] INFO:colcon.colcon_core.shell:Creating environment hook '/home/ubuntu/PucksInDeep/rosHockey/install/position_publisher/share/position_publisher/hook/pythonpath.ps1'
[10.857s] INFO:colcon.colcon_core.shell:Creating environment descriptor '/home/ubuntu/PucksInDeep/rosHockey/install/position_publisher/share/position_publisher/hook/pythonpath.dsv'
[10.860s] INFO:colcon.colcon_core.shell:Creating environment hook '/home/ubuntu/PucksInDeep/rosHockey/install/position_publisher/share/position_publisher/hook/pythonpath.sh'
[10.863s] Level 1:colcon.colcon_core.environment:create_environment_scripts_only(position_publisher)
[10.869s] INFO:colcon.colcon_core.shell:Creating package script '/home/ubuntu/PucksInDeep/rosHockey/install/position_publisher/share/position_publisher/package.ps1'
[10.873s] INFO:colcon.colcon_core.shell:Creating package descriptor '/home/ubuntu/PucksInDeep/rosHockey/install/position_publisher/share/position_publisher/package.dsv'
[10.877s] INFO:colcon.colcon_core.shell:Creating package script '/home/ubuntu/PucksInDeep/rosHockey/install/position_publisher/share/position_publisher/package.sh'
[10.883s] INFO:colcon.colcon_core.shell:Creating package script '/home/ubuntu/PucksInDeep/rosHockey/install/position_publisher/share/position_publisher/package.bash'
[10.887s] INFO:colcon.colcon_core.shell:Creating package script '/home/ubuntu/PucksInDeep/rosHockey/install/position_publisher/share/position_publisher/package.zsh'
[10.890s] Level 1:colcon.colcon_core.environment:create_file_with_runtime_dependencies(/home/ubuntu/PucksInDeep/rosHockey/install/position_publisher/share/colcon-core/packages/position_publisher)
[10.919s] DEBUG:colcon.colcon_core.event_handler.log_command:Invoked command in '/home/ubuntu/PucksInDeep/rosHockey/visualizer' returned '0': PYTHONPATH=/home/ubuntu/PucksInDeep/rosHockey/install/visualizer/lib/python3.8/site-packages:${PYTHONPATH} /usr/bin/python3 setup.py egg_info --egg-base ../build/visualizer build --build-base /home/ubuntu/PucksInDeep/rosHockey/build/visualizer/build install --prefix /home/ubuntu/PucksInDeep/rosHockey/install/visualizer --record /home/ubuntu/PucksInDeep/rosHockey/build/visualizer/install.log --single-version-externally-managed
[10.925s] Level 1:colcon.colcon_core.environment:checking '/home/ubuntu/PucksInDeep/rosHockey/install/visualizer' for CMake module files
[10.929s] Level 1:colcon.colcon_core.environment:checking '/home/ubuntu/PucksInDeep/rosHockey/install/visualizer' for CMake config files
[10.936s] Level 1:colcon.colcon_core.environment:checking '/home/ubuntu/PucksInDeep/rosHockey/install/visualizer/lib'
[10.937s] Level 1:colcon.colcon_core.environment:checking '/home/ubuntu/PucksInDeep/rosHockey/install/visualizer/bin'
[10.938s] Level 1:colcon.colcon_core.environment:checking '/home/ubuntu/PucksInDeep/rosHockey/install/visualizer/lib/pkgconfig/visualizer.pc'
[10.939s] Level 1:colcon.colcon_core.environment:checking '/home/ubuntu/PucksInDeep/rosHockey/install/visualizer/lib/python3.8/site-packages'
[10.939s] Level 1:colcon.colcon_core.shell:create_environment_hook('visualizer', 'pythonpath')
[10.943s] INFO:colcon.colcon_core.shell:Creating environment hook '/home/ubuntu/PucksInDeep/rosHockey/install/visualizer/share/visualizer/hook/pythonpath.ps1'
[10.946s] INFO:colcon.colcon_core.shell:Creating environment descriptor '/home/ubuntu/PucksInDeep/rosHockey/install/visualizer/share/visualizer/hook/pythonpath.dsv'
[10.949s] INFO:colcon.colcon_core.shell:Creating environment hook '/home/ubuntu/PucksInDeep/rosHockey/install/visualizer/share/visualizer/hook/pythonpath.sh'
[10.953s] Level 1:colcon.colcon_core.environment:create_environment_scripts_only(visualizer)
[10.957s] INFO:colcon.colcon_core.shell:Creating package script '/home/ubuntu/PucksInDeep/rosHockey/install/visualizer/share/visualizer/package.ps1'
[10.961s] INFO:colcon.colcon_core.shell:Creating package descriptor '/home/ubuntu/PucksInDeep/rosHockey/install/visualizer/share/visualizer/package.dsv'
[10.965s] INFO:colcon.colcon_core.shell:Creating package script '/home/ubuntu/PucksInDeep/rosHockey/install/visualizer/share/visualizer/package.sh'
[10.969s] INFO:colcon.colcon_core.shell:Creating package script '/home/ubuntu/PucksInDeep/rosHockey/install/visualizer/share/visualizer/package.bash'
[10.973s] INFO:colcon.colcon_core.shell:Creating package script '/home/ubuntu/PucksInDeep/rosHockey/install/visualizer/share/visualizer/package.zsh'
[10.975s] Level 1:colcon.colcon_core.environment:create_file_with_runtime_dependencies(/home/ubuntu/PucksInDeep/rosHockey/install/visualizer/share/colcon-core/packages/visualizer)
[11.200s] Level 1:colcon.colcon_core.environment:create_environment_scripts_only(hockey_msgs)
[11.217s] Level 1:colcon.colcon_core.environment:checking '/home/ubuntu/PucksInDeep/rosHockey/install/hockey_msgs' for CMake module files
[11.226s] Level 1:colcon.colcon_core.environment:checking '/home/ubuntu/PucksInDeep/rosHockey/install/hockey_msgs' for CMake config files
[11.230s] Level 1:colcon.colcon_core.shell:create_environment_hook('hockey_msgs', 'cmake_prefix_path')
[11.233s] INFO:colcon.colcon_core.shell:Creating environment hook '/home/ubuntu/PucksInDeep/rosHockey/install/hockey_msgs/share/hockey_msgs/hook/cmake_prefix_path.ps1'
[11.236s] INFO:colcon.colcon_core.shell:Creating environment descriptor '/home/ubuntu/PucksInDeep/rosHockey/install/hockey_msgs/share/hockey_msgs/hook/cmake_prefix_path.dsv'
[11.239s] INFO:colcon.colcon_core.shell:Creating environment hook '/home/ubuntu/PucksInDeep/rosHockey/install/hockey_msgs/share/hockey_msgs/hook/cmake_prefix_path.sh'
[11.242s] Level 1:colcon.colcon_core.environment:checking '/home/ubuntu/PucksInDeep/rosHockey/install/hockey_msgs/lib'
[11.243s] Level 1:colcon.colcon_core.shell:create_environment_hook('hockey_msgs', 'ld_library_path_lib')
[11.247s] INFO:colcon.colcon_core.shell:Creating environment hook '/home/ubuntu/PucksInDeep/rosHockey/install/hockey_msgs/share/hockey_msgs/hook/ld_library_path_lib.ps1'
[11.251s] INFO:colcon.colcon_core.shell:Creating environment descriptor '/home/ubuntu/PucksInDeep/rosHockey/install/hockey_msgs/share/hockey_msgs/hook/ld_library_path_lib.dsv'
[11.254s] INFO:colcon.colcon_core.shell:Creating environment hook '/home/ubuntu/PucksInDeep/rosHockey/install/hockey_msgs/share/hockey_msgs/hook/ld_library_path_lib.sh'
[11.257s] Level 1:colcon.colcon_core.environment:checking '/home/ubuntu/PucksInDeep/rosHockey/install/hockey_msgs/bin'
[11.258s] Level 1:colcon.colcon_core.environment:checking '/home/ubuntu/PucksInDeep/rosHockey/install/hockey_msgs/lib/pkgconfig/hockey_msgs.pc'
[11.258s] Level 1:colcon.colcon_core.environment:checking '/home/ubuntu/PucksInDeep/rosHockey/install/hockey_msgs/lib/python3.8/site-packages'
[11.259s] Level 1:colcon.colcon_core.shell:create_environment_hook('hockey_msgs', 'pythonpath')
[11.262s] INFO:colcon.colcon_core.shell:Creating environment hook '/home/ubuntu/PucksInDeep/rosHockey/install/hockey_msgs/share/hockey_msgs/hook/pythonpath.ps1'
[11.265s] INFO:colcon.colcon_core.shell:Creating environment descriptor '/home/ubuntu/PucksInDeep/rosHockey/install/hockey_msgs/share/hockey_msgs/hook/pythonpath.dsv'
[11.267s] INFO:colcon.colcon_core.shell:Creating environment hook '/home/ubuntu/PucksInDeep/rosHockey/install/hockey_msgs/share/hockey_msgs/hook/pythonpath.sh'
[11.274s] INFO:colcon.colcon_core.shell:Creating package script '/home/ubuntu/PucksInDeep/rosHockey/install/hockey_msgs/share/hockey_msgs/package.ps1'
[11.278s] INFO:colcon.colcon_core.shell:Creating package descriptor '/home/ubuntu/PucksInDeep/rosHockey/install/hockey_msgs/share/hockey_msgs/package.dsv'
[11.284s] INFO:colcon.colcon_core.shell:Creating package script '/home/ubuntu/PucksInDeep/rosHockey/install/hockey_msgs/share/hockey_msgs/package.sh'
[11.288s] INFO:colcon.colcon_core.shell:Creating package script '/home/ubuntu/PucksInDeep/rosHockey/install/hockey_msgs/share/hockey_msgs/package.bash'
[11.292s] INFO:colcon.colcon_core.shell:Creating package script '/home/ubuntu/PucksInDeep/rosHockey/install/hockey_msgs/share/hockey_msgs/package.zsh'
[11.295s] Level 1:colcon.colcon_core.environment:create_file_with_runtime_dependencies(/home/ubuntu/PucksInDeep/rosHockey/install/hockey_msgs/share/colcon-core/packages/hockey_msgs)
[11.297s] DEBUG:colcon.colcon_parallel_executor.executor.parallel:closing loop
[11.300s] DEBUG:colcon.colcon_parallel_executor.executor.parallel:loop closed
[11.301s] DEBUG:colcon.colcon_parallel_executor.executor.parallel:run_until_complete finished with '0'
[11.302s] DEBUG:colcon.colcon_core.event_reactor:joining thread
[11.346s] INFO:colcon.colcon_core.plugin_system:Skipping extension 'colcon_notification.desktop_notification.terminal_notifier': Not used on non-Darwin systems
[11.347s] INFO:colcon.colcon_core.plugin_system:Skipping extension 'colcon_notification.desktop_notification.win32': Not used on non-Windows systems
[11.347s] INFO:colcon.colcon_notification.desktop_notification:Sending desktop notification using 'notify2'
[11.520s] DEBUG:colcon.colcon_core.event_reactor:joined thread
[11.524s] INFO:colcon.colcon_core.shell:Creating prefix script '/home/ubuntu/PucksInDeep/rosHockey/install/local_setup.ps1'
[11.531s] INFO:colcon.colcon_core.shell:Creating prefix util module '/home/ubuntu/PucksInDeep/rosHockey/install/_local_setup_util_ps1.py'
[11.543s] INFO:colcon.colcon_core.shell:Creating prefix chain script '/home/ubuntu/PucksInDeep/rosHockey/install/setup.ps1'
[11.580s] INFO:colcon.colcon_core.shell:Creating prefix script '/home/ubuntu/PucksInDeep/rosHockey/install/local_setup.sh'
[11.603s] INFO:colcon.colcon_core.shell:Creating prefix util module '/home/ubuntu/PucksInDeep/rosHockey/install/_local_setup_util_sh.py'
[11.609s] INFO:colcon.colcon_core.shell:Creating prefix chain script '/home/ubuntu/PucksInDeep/rosHockey/install/setup.sh'
[11.635s] INFO:colcon.colcon_core.shell:Creating prefix script '/home/ubuntu/PucksInDeep/rosHockey/install/local_setup.bash'
[11.652s] INFO:colcon.colcon_core.shell:Creating prefix chain script '/home/ubuntu/PucksInDeep/rosHockey/install/setup.bash'
[11.679s] INFO:colcon.colcon_core.shell:Creating prefix script '/home/ubuntu/PucksInDeep/rosHockey/install/local_setup.zsh'
[11.696s] INFO:colcon.colcon_core.shell:Creating prefix chain script '/home/ubuntu/PucksInDeep/rosHockey/install/setup.zsh'
