running egg_info
writing ../build/position_publisher/position_publisher.egg-info/PKG-INFO
writing dependency_links to ../build/position_publisher/position_publisher.egg-info/dependency_links.txt
writing entry points to ../build/position_publisher/position_publisher.egg-info/entry_points.txt
writing requirements to ../build/position_publisher/position_publisher.egg-info/requires.txt
writing top-level names to ../build/position_publisher/position_publisher.egg-info/top_level.txt
reading manifest file '../build/position_publisher/position_publisher.egg-info/SOURCES.txt'
writing manifest file '../build/position_publisher/position_publisher.egg-info/SOURCES.txt'
running build
running build_py
creating /home/ubuntu/PucksInDeep/rosHockey/build/position_publisher/build
creating /home/ubuntu/PucksInDeep/rosHockey/build/position_publisher/build/lib
creating /home/ubuntu/PucksInDeep/rosHockey/build/position_publisher/build/lib/position_publisher
copying position_publisher/encoder.py -> /home/ubuntu/PucksInDeep/rosHockey/build/position_publisher/build/lib/position_publisher
copying position_publisher/__init__.py -> /home/ubuntu/PucksInDeep/rosHockey/build/position_publisher/build/lib/position_publisher
copying position_publisher/position_publisher.py -> /home/ubuntu/PucksInDeep/rosHockey/build/position_publisher/build/lib/position_publisher
running install
running install_lib
creating /home/ubuntu/PucksInDeep/rosHockey/install/position_publisher/lib/python3.8/site-packages/position_publisher
copying /home/ubuntu/PucksInDeep/rosHockey/build/position_publisher/build/lib/position_publisher/encoder.py -> /home/ubuntu/PucksInDeep/rosHockey/install/position_publisher/lib/python3.8/site-packages/position_publisher
copying /home/ubuntu/PucksInDeep/rosHockey/build/position_publisher/build/lib/position_publisher/__init__.py -> /home/ubuntu/PucksInDeep/rosHockey/install/position_publisher/lib/python3.8/site-packages/position_publisher
copying /home/ubuntu/PucksInDeep/rosHockey/build/position_publisher/build/lib/position_publisher/position_publisher.py -> /home/ubuntu/PucksInDeep/rosHockey/install/position_publisher/lib/python3.8/site-packages/position_publisher
byte-compiling /home/ubuntu/PucksInDeep/rosHockey/install/position_publisher/lib/python3.8/site-packages/position_publisher/encoder.py to encoder.cpython-38.pyc
byte-compiling /home/ubuntu/PucksInDeep/rosHockey/install/position_publisher/lib/python3.8/site-packages/position_publisher/__init__.py to __init__.cpython-38.pyc
byte-compiling /home/ubuntu/PucksInDeep/rosHockey/install/position_publisher/lib/python3.8/site-packages/position_publisher/position_publisher.py to position_publisher.cpython-38.pyc
running install_data
creating /home/ubuntu/PucksInDeep/rosHockey/install/position_publisher/share/ament_index
creating /home/ubuntu/PucksInDeep/rosHockey/install/position_publisher/share/ament_index/resource_index
creating /home/ubuntu/PucksInDeep/rosHockey/install/position_publisher/share/ament_index/resource_index/packages
copying resource/position_publisher -> /home/ubuntu/PucksInDeep/rosHockey/install/position_publisher/share/ament_index/resource_index/packages
copying package.xml -> /home/ubuntu/PucksInDeep/rosHockey/install/position_publisher/share/position_publisher
running install_egg_info
Copying ../build/position_publisher/position_publisher.egg-info to /home/ubuntu/PucksInDeep/rosHockey/install/position_publisher/lib/python3.8/site-packages/position_publisher-0.0.0-py3.8.egg-info
running install_scripts
writing list of installed files to '/home/ubuntu/PucksInDeep/rosHockey/build/position_publisher/install.log'
