[10.133s] Invoking command in '/home/ubuntu/PucksInDeep/rosHockey/position_publisher': BYOBU_DATE=%Y-%m-%d PYTHONPATH=/home/ubuntu/PucksInDeep/rosHockey/install/position_publisher/lib/python3.8/site-packages:${PYTHONPATH} /usr/bin/python3 setup.py egg_info --egg-base ../build/position_publisher build --build-base /home/ubuntu/PucksInDeep/rosHockey/build/position_publisher/build install --prefix /home/ubuntu/PucksInDeep/rosHockey/install/position_publisher --record /home/ubuntu/PucksInDeep/rosHockey/build/position_publisher/install.log --single-version-externally-managed
[14.677s] running egg_info
[14.682s] writing ../build/position_publisher/position_publisher.egg-info/PKG-INFO
[14.688s] writing dependency_links to ../build/position_publisher/position_publisher.egg-info/dependency_links.txt
[14.691s] writing entry points to ../build/position_publisher/position_publisher.egg-info/entry_points.txt
[14.698s] writing requirements to ../build/position_publisher/position_publisher.egg-info/requires.txt
[14.704s] writing top-level names to ../build/position_publisher/position_publisher.egg-info/top_level.txt
[15.149s] reading manifest file '../build/position_publisher/position_publisher.egg-info/SOURCES.txt'
[15.159s] writing manifest file '../build/position_publisher/position_publisher.egg-info/SOURCES.txt'
[15.163s] running build
[15.164s] running build_py
[15.176s] creating /home/ubuntu/PucksInDeep/rosHockey/build/position_publisher/build
[15.178s] creating /home/ubuntu/PucksInDeep/rosHockey/build/position_publisher/build/lib
[15.180s] creating /home/ubuntu/PucksInDeep/rosHockey/build/position_publisher/build/lib/position_publisher
[15.182s] copying position_publisher/encoder.py -> /home/ubuntu/PucksInDeep/rosHockey/build/position_publisher/build/lib/position_publisher
[15.193s] copying position_publisher/__init__.py -> /home/ubuntu/PucksInDeep/rosHockey/build/position_publisher/build/lib/position_publisher
[15.197s] copying position_publisher/position_publisher.py -> /home/ubuntu/PucksInDeep/rosHockey/build/position_publisher/build/lib/position_publisher
[15.200s] running install
[15.211s] running install_lib
[15.223s] creating /home/ubuntu/PucksInDeep/rosHockey/install/position_publisher/lib/python3.8/site-packages/position_publisher
[15.225s] copying /home/ubuntu/PucksInDeep/rosHockey/build/position_publisher/build/lib/position_publisher/encoder.py -> /home/ubuntu/PucksInDeep/rosHockey/install/position_publisher/lib/python3.8/site-packages/position_publisher
[15.241s] copying /home/ubuntu/PucksInDeep/rosHockey/build/position_publisher/build/lib/position_publisher/__init__.py -> /home/ubuntu/PucksInDeep/rosHockey/install/position_publisher/lib/python3.8/site-packages/position_publisher
[15.244s] copying /home/ubuntu/PucksInDeep/rosHockey/build/position_publisher/build/lib/position_publisher/position_publisher.py -> /home/ubuntu/PucksInDeep/rosHockey/install/position_publisher/lib/python3.8/site-packages/position_publisher
[15.249s] byte-compiling /home/ubuntu/PucksInDeep/rosHockey/install/position_publisher/lib/python3.8/site-packages/position_publisher/encoder.py to encoder.cpython-38.pyc
[15.269s] byte-compiling /home/ubuntu/PucksInDeep/rosHockey/install/position_publisher/lib/python3.8/site-packages/position_publisher/__init__.py to __init__.cpython-38.pyc
[15.272s] byte-compiling /home/ubuntu/PucksInDeep/rosHockey/install/position_publisher/lib/python3.8/site-packages/position_publisher/position_publisher.py to position_publisher.cpython-38.pyc
[15.277s] running install_data
[15.293s] creating /home/ubuntu/PucksInDeep/rosHockey/install/position_publisher/share/ament_index
[15.297s] creating /home/ubuntu/PucksInDeep/rosHockey/install/position_publisher/share/ament_index/resource_index
[15.301s] creating /home/ubuntu/PucksInDeep/rosHockey/install/position_publisher/share/ament_index/resource_index/packages
[15.304s] copying resource/position_publisher -> /home/ubuntu/PucksInDeep/rosHockey/install/position_publisher/share/ament_index/resource_index/packages
[15.316s] copying package.xml -> /home/ubuntu/PucksInDeep/rosHockey/install/position_publisher/share/position_publisher
[15.318s] running install_egg_info
[15.346s] Copying ../build/position_publisher/position_publisher.egg-info to /home/ubuntu/PucksInDeep/rosHockey/install/position_publisher/lib/python3.8/site-packages/position_publisher-0.0.0-py3.8.egg-info
[15.383s] running install_scripts
[15.745s] writing list of installed files to '/home/ubuntu/PucksInDeep/rosHockey/build/position_publisher/install.log'
