[3.206s] Invoking command in '/home/ubuntu/PucksInDeep/RPi/rosHockey/puck_tracker': PYTHONPATH=/home/ubuntu/PucksInDeep/RPi/rosHockey/install/puck_tracker/lib/python3.8/site-packages:${PYTHONPATH} /usr/bin/python3 setup.py egg_info --egg-base ../build/puck_tracker build --build-base /home/ubuntu/PucksInDeep/RPi/rosHockey/build/puck_tracker/build install --prefix /home/ubuntu/PucksInDeep/RPi/rosHockey/install/puck_tracker --record /home/ubuntu/PucksInDeep/RPi/rosHockey/build/puck_tracker/install.log --single-version-externally-managed
[4.287s] running egg_info
[4.289s] writing ../build/puck_tracker/puck_tracker.egg-info/PKG-INFO
[4.290s] writing dependency_links to ../build/puck_tracker/puck_tracker.egg-info/dependency_links.txt
[4.291s] writing entry points to ../build/puck_tracker/puck_tracker.egg-info/entry_points.txt
[4.292s] writing requirements to ../build/puck_tracker/puck_tracker.egg-info/requires.txt
[4.293s] writing top-level names to ../build/puck_tracker/puck_tracker.egg-info/top_level.txt
[4.446s] reading manifest file '../build/puck_tracker/puck_tracker.egg-info/SOURCES.txt'
[4.450s] writing manifest file '../build/puck_tracker/puck_tracker.egg-info/SOURCES.txt'
[4.451s] running build
[4.451s] running build_py
[4.452s] copying puck_tracker/tracker.py -> /home/ubuntu/PucksInDeep/RPi/rosHockey/build/puck_tracker/build/lib/puck_tracker
[4.453s] running install
[4.457s] running install_lib
[4.461s] copying /home/ubuntu/PucksInDeep/RPi/rosHockey/build/puck_tracker/build/lib/puck_tracker/tracker.py -> /home/ubuntu/PucksInDeep/RPi/rosHockey/install/puck_tracker/lib/python3.8/site-packages/puck_tracker
[4.464s] byte-compiling /home/ubuntu/PucksInDeep/RPi/rosHockey/install/puck_tracker/lib/python3.8/site-packages/puck_tracker/tracker.py to tracker.cpython-38.pyc
[4.473s] running install_data
[4.475s] running install_egg_info
[4.482s] removing '/home/ubuntu/PucksInDeep/RPi/rosHockey/install/puck_tracker/lib/python3.8/site-packages/puck_tracker-0.0.0-py3.8.egg-info' (and everything under it)
[4.484s] Copying ../build/puck_tracker/puck_tracker.egg-info to /home/ubuntu/PucksInDeep/RPi/rosHockey/install/puck_tracker/lib/python3.8/site-packages/puck_tracker-0.0.0-py3.8.egg-info
[4.489s] running install_scripts
[4.559s] Installing puck_tracker script to /home/ubuntu/PucksInDeep/RPi/rosHockey/install/puck_tracker/lib/puck_tracker
[4.561s] writing list of installed files to '/home/ubuntu/PucksInDeep/RPi/rosHockey/build/puck_tracker/install.log'
[4.665s] Invoked command in '/home/ubuntu/PucksInDeep/RPi/rosHockey/puck_tracker' returned '0': PYTHONPATH=/home/ubuntu/PucksInDeep/RPi/rosHockey/install/puck_tracker/lib/python3.8/site-packages:${PYTHONPATH} /usr/bin/python3 setup.py egg_info --egg-base ../build/puck_tracker build --build-base /home/ubuntu/PucksInDeep/RPi/rosHockey/build/puck_tracker/build install --prefix /home/ubuntu/PucksInDeep/RPi/rosHockey/install/puck_tracker --record /home/ubuntu/PucksInDeep/RPi/rosHockey/build/puck_tracker/install.log --single-version-externally-managed
