running develop
running egg_info
creating data_logger.egg-info
writing data_logger.egg-info/PKG-INFO
writing dependency_links to data_logger.egg-info/dependency_links.txt
writing entry points to data_logger.egg-info/entry_points.txt
writing requirements to data_logger.egg-info/requires.txt
writing top-level names to data_logger.egg-info/top_level.txt
writing manifest file 'data_logger.egg-info/SOURCES.txt'
reading manifest file 'data_logger.egg-info/SOURCES.txt'
writing manifest file 'data_logger.egg-info/SOURCES.txt'
running build_ext
Creating /home/pham/PucksInDeep/install/data_logger/lib/python3.8/site-packages/site.py
Creating /home/pham/PucksInDeep/install/data_logger/lib/python3.8/site-packages/data-logger.egg-link (link to .)
Installing logger script to /home/pham/PucksInDeep/install/data_logger/lib/data_logger

Installed /home/pham/PucksInDeep/build/data_logger
running install_data
creating /home/pham/PucksInDeep/install/data_logger/share/ament_index
creating /home/pham/PucksInDeep/install/data_logger/share/ament_index/resource_index
creating /home/pham/PucksInDeep/install/data_logger/share/ament_index/resource_index/packages
copying resource/data_logger -> /home/pham/PucksInDeep/install/data_logger/share/ament_index/resource_index/packages
copying package.xml -> /home/pham/PucksInDeep/install/data_logger/share/data_logger
