[6.623s] Invoking command in '/home/ubuntu/PucksInDeep/RPi/rosHockey/visualizer': PYTHONPATH=/home/ubuntu/PucksInDeep/RPi/rosHockey/install/visualizer/lib/python3.8/site-packages:${PYTHONPATH} /usr/bin/python3 setup.py egg_info --egg-base ../build/visualizer build --build-base /home/ubuntu/PucksInDeep/RPi/rosHockey/build/visualizer/build install --prefix /home/ubuntu/PucksInDeep/RPi/rosHockey/install/visualizer --record /home/ubuntu/PucksInDeep/RPi/rosHockey/build/visualizer/install.log --single-version-externally-managed
[9.237s] running egg_info
[9.240s] creating ../build/visualizer/visualizer.egg-info
[9.241s] writing ../build/visualizer/visualizer.egg-info/PKG-INFO
[9.244s] writing dependency_links to ../build/visualizer/visualizer.egg-info/dependency_links.txt
[9.246s] writing entry points to ../build/visualizer/visualizer.egg-info/entry_points.txt
[9.248s] writing requirements to ../build/visualizer/visualizer.egg-info/requires.txt
[9.250s] writing top-level names to ../build/visualizer/visualizer.egg-info/top_level.txt
[9.255s] writing manifest file '../build/visualizer/visualizer.egg-info/SOURCES.txt'
[9.461s] reading manifest file '../build/visualizer/visualizer.egg-info/SOURCES.txt'
[9.468s] writing manifest file '../build/visualizer/visualizer.egg-info/SOURCES.txt'
[9.470s] running build
[9.472s] running build_py
[9.479s] creating /home/ubuntu/PucksInDeep/RPi/rosHockey/build/visualizer/build
[9.486s] creating /home/ubuntu/PucksInDeep/RPi/rosHockey/build/visualizer/build/lib
[9.487s] creating /home/ubuntu/PucksInDeep/RPi/rosHockey/build/visualizer/build/lib/visualizer
[9.488s] copying visualizer/sub.py -> /home/ubuntu/PucksInDeep/RPi/rosHockey/build/visualizer/build/lib/visualizer
[9.489s] copying visualizer/__init__.py -> /home/ubuntu/PucksInDeep/RPi/rosHockey/build/visualizer/build/lib/visualizer
[9.491s] copying visualizer/viz.py -> /home/ubuntu/PucksInDeep/RPi/rosHockey/build/visualizer/build/lib/visualizer
[9.492s] running install
[9.493s] running install_lib
[9.495s] creating /home/ubuntu/PucksInDeep/RPi/rosHockey/install/visualizer/lib/python3.8/site-packages/visualizer
[9.496s] copying /home/ubuntu/PucksInDeep/RPi/rosHockey/build/visualizer/build/lib/visualizer/sub.py -> /home/ubuntu/PucksInDeep/RPi/rosHockey/install/visualizer/lib/python3.8/site-packages/visualizer
[9.498s] copying /home/ubuntu/PucksInDeep/RPi/rosHockey/build/visualizer/build/lib/visualizer/__init__.py -> /home/ubuntu/PucksInDeep/RPi/rosHockey/install/visualizer/lib/python3.8/site-packages/visualizer
[9.499s] copying /home/ubuntu/PucksInDeep/RPi/rosHockey/build/visualizer/build/lib/visualizer/viz.py -> /home/ubuntu/PucksInDeep/RPi/rosHockey/install/visualizer/lib/python3.8/site-packages/visualizer
[9.502s] byte-compiling /home/ubuntu/PucksInDeep/RPi/rosHockey/install/visualizer/lib/python3.8/site-packages/visualizer/sub.py to sub.cpython-38.pyc
[9.510s] byte-compiling /home/ubuntu/PucksInDeep/RPi/rosHockey/install/visualizer/lib/python3.8/site-packages/visualizer/__init__.py to __init__.cpython-38.pyc
[9.512s] byte-compiling /home/ubuntu/PucksInDeep/RPi/rosHockey/install/visualizer/lib/python3.8/site-packages/visualizer/viz.py to viz.cpython-38.pyc
[9.525s] running install_data
[9.528s] creating /home/ubuntu/PucksInDeep/RPi/rosHockey/install/visualizer/share/ament_index
[9.530s] creating /home/ubuntu/PucksInDeep/RPi/rosHockey/install/visualizer/share/ament_index/resource_index
[9.531s] creating /home/ubuntu/PucksInDeep/RPi/rosHockey/install/visualizer/share/ament_index/resource_index/packages
[9.532s] copying resource/visualizer -> /home/ubuntu/PucksInDeep/RPi/rosHockey/install/visualizer/share/ament_index/resource_index/packages
[9.533s] copying package.xml -> /home/ubuntu/PucksInDeep/RPi/rosHockey/install/visualizer/share/visualizer
[9.533s] running install_egg_info
[9.547s] Copying ../build/visualizer/visualizer.egg-info to /home/ubuntu/PucksInDeep/RPi/rosHockey/install/visualizer/lib/python3.8/site-packages/visualizer-0.0.0-py3.8.egg-info
[9.552s] running install_scripts
[9.717s] Installing sub script to /home/ubuntu/PucksInDeep/RPi/rosHockey/install/visualizer/lib/visualizer
[9.718s] Installing viz script to /home/ubuntu/PucksInDeep/RPi/rosHockey/install/visualizer/lib/visualizer
[9.720s] writing list of installed files to '/home/ubuntu/PucksInDeep/RPi/rosHockey/build/visualizer/install.log'
[9.866s] Invoked command in '/home/ubuntu/PucksInDeep/RPi/rosHockey/visualizer' returned '0': PYTHONPATH=/home/ubuntu/PucksInDeep/RPi/rosHockey/install/visualizer/lib/python3.8/site-packages:${PYTHONPATH} /usr/bin/python3 setup.py egg_info --egg-base ../build/visualizer build --build-base /home/ubuntu/PucksInDeep/RPi/rosHockey/build/visualizer/build install --prefix /home/ubuntu/PucksInDeep/RPi/rosHockey/install/visualizer --record /home/ubuntu/PucksInDeep/RPi/rosHockey/build/visualizer/install.log --single-version-externally-managed
