running egg_info
creating ../build/visualizer/visualizer.egg-info
writing ../build/visualizer/visualizer.egg-info/PKG-INFO
writing dependency_links to ../build/visualizer/visualizer.egg-info/dependency_links.txt
writing entry points to ../build/visualizer/visualizer.egg-info/entry_points.txt
writing requirements to ../build/visualizer/visualizer.egg-info/requires.txt
writing top-level names to ../build/visualizer/visualizer.egg-info/top_level.txt
writing manifest file '../build/visualizer/visualizer.egg-info/SOURCES.txt'
reading manifest file '../build/visualizer/visualizer.egg-info/SOURCES.txt'
writing manifest file '../build/visualizer/visualizer.egg-info/SOURCES.txt'
running build
running build_py
creating /home/ubuntu/PucksInDeep/rosHockey/build/visualizer/build
creating /home/ubuntu/PucksInDeep/rosHockey/build/visualizer/build/lib
creating /home/ubuntu/PucksInDeep/rosHockey/build/visualizer/build/lib/visualizer
copying visualizer/sub.py -> /home/ubuntu/PucksInDeep/rosHockey/build/visualizer/build/lib/visualizer
copying visualizer/__init__.py -> /home/ubuntu/PucksInDeep/rosHockey/build/visualizer/build/lib/visualizer
copying visualizer/viz.py -> /home/ubuntu/PucksInDeep/rosHockey/build/visualizer/build/lib/visualizer
running install
running install_lib
creating /home/ubuntu/PucksInDeep/rosHockey/install/visualizer/lib/python3.8/site-packages/visualizer
copying /home/ubuntu/PucksInDeep/rosHockey/build/visualizer/build/lib/visualizer/sub.py -> /home/ubuntu/PucksInDeep/rosHockey/install/visualizer/lib/python3.8/site-packages/visualizer
copying /home/ubuntu/PucksInDeep/rosHockey/build/visualizer/build/lib/visualizer/__init__.py -> /home/ubuntu/PucksInDeep/rosHockey/install/visualizer/lib/python3.8/site-packages/visualizer
copying /home/ubuntu/PucksInDeep/rosHockey/build/visualizer/build/lib/visualizer/viz.py -> /home/ubuntu/PucksInDeep/rosHockey/install/visualizer/lib/python3.8/site-packages/visualizer
byte-compiling /home/ubuntu/PucksInDeep/rosHockey/install/visualizer/lib/python3.8/site-packages/visualizer/sub.py to sub.cpython-38.pyc
byte-compiling /home/ubuntu/PucksInDeep/rosHockey/install/visualizer/lib/python3.8/site-packages/visualizer/__init__.py to __init__.cpython-38.pyc
byte-compiling /home/ubuntu/PucksInDeep/rosHockey/install/visualizer/lib/python3.8/site-packages/visualizer/viz.py to viz.cpython-38.pyc
running install_data
creating /home/ubuntu/PucksInDeep/rosHockey/install/visualizer/share/ament_index
creating /home/ubuntu/PucksInDeep/rosHockey/install/visualizer/share/ament_index/resource_index
creating /home/ubuntu/PucksInDeep/rosHockey/install/visualizer/share/ament_index/resource_index/packages
