[0.180s] Invoking command in '/home/pham/PucksInDeep/build/hockey_msgs': CMAKE_PREFIX_PATH=${CMAKE_PREFIX_PATH}:/home/pham/PucksInDeep/RPi/rosHockey/install/visualizer:/home/pham/PucksInDeep/RPi/rosHockey/install/qt_gui:/home/pham/PucksInDeep/RPi/rosHockey/install/puck_tracker:/home/pham/PucksInDeep/RPi/rosHockey/install/position_publisher:/home/pham/PucksInDeep/RPi/rosHockey/install/keyboard_control:/home/pham/PucksInDeep/RPi/rosHockey/install/hockey_testing:/home/pham/PucksInDeep/RPi/rosHockey/install/hockey_gui:/home/pham/PucksInDeep/RPi/rosHockey/install/data_logger:/home/pham/PucksInDeep/RPi/rosHockey/install/bp_coms:/home/pham/PucksInDeep/RPi/rosHockey/install/ID_tool:/home/pham/PucksInDeep/RPi/rosHockey/install/HLC /usr/bin/cmake --build /home/pham/PucksInDeep/build/hockey_msgs -- -j8 -l8
[2.676s] [  1%] Built target hockey_msgs__cpp
[2.677s] [ 12%] Built target hockey_msgs__rosidl_generator_c
[2.677s] [ 34%] Built target hockey_msgs__rosidl_typesupport_cpp
[2.677s] [ 34%] Built target hockey_msgs__rosidl_typesupport_introspection_c
[2.677s] [ 56%] Built target hockey_msgs__rosidl_typesupport_c
[2.677s] [ 56%] Built target hockey_msgs__rosidl_typesupport_introspection_cpp
[2.678s] [ 67%] Built target hockey_msgs__rosidl_typesupport_fastrtps_cpp
[2.679s] [ 78%] Built target hockey_msgs__rosidl_typesupport_fastrtps_c
[2.680s] [ 78%] Built target hockey_msgs
[2.680s] [ 80%] Built target hockey_msgs__py
[2.680s] [ 89%] Built target hockey_msgs__python
[2.681s] [100%] Built target hockey_msgs__rosidl_typesupport_introspection_c__pyext
[2.682s] [100%] Built target hockey_msgs__rosidl_typesupport_fastrtps_c__pyext
[2.684s] [100%] Built target hockey_msgs__rosidl_typesupport_c__pyext
[2.686s] Invoked command in '/home/pham/PucksInDeep/build/hockey_msgs' returned '0': CMAKE_PREFIX_PATH=${CMAKE_PREFIX_PATH}:/home/pham/PucksInDeep/RPi/rosHockey/install/visualizer:/home/pham/PucksInDeep/RPi/rosHockey/install/qt_gui:/home/pham/PucksInDeep/RPi/rosHockey/install/puck_tracker:/home/pham/PucksInDeep/RPi/rosHockey/install/position_publisher:/home/pham/PucksInDeep/RPi/rosHockey/install/keyboard_control:/home/pham/PucksInDeep/RPi/rosHockey/install/hockey_testing:/home/pham/PucksInDeep/RPi/rosHockey/install/hockey_gui:/home/pham/PucksInDeep/RPi/rosHockey/install/data_logger:/home/pham/PucksInDeep/RPi/rosHockey/install/bp_coms:/home/pham/PucksInDeep/RPi/rosHockey/install/ID_tool:/home/pham/PucksInDeep/RPi/rosHockey/install/HLC /usr/bin/cmake --build /home/pham/PucksInDeep/build/hockey_msgs -- -j8 -l8
[2.967s] Invoking command in '/home/pham/PucksInDeep/build/hockey_msgs': CMAKE_PREFIX_PATH=${CMAKE_PREFIX_PATH}:/home/pham/PucksInDeep/RPi/rosHockey/install/visualizer:/home/pham/PucksInDeep/RPi/rosHockey/install/qt_gui:/home/pham/PucksInDeep/RPi/rosHockey/install/puck_tracker:/home/pham/PucksInDeep/RPi/rosHockey/install/position_publisher:/home/pham/PucksInDeep/RPi/rosHockey/install/keyboard_control:/home/pham/PucksInDeep/RPi/rosHockey/install/hockey_testing:/home/pham/PucksInDeep/RPi/rosHockey/install/hockey_gui:/home/pham/PucksInDeep/RPi/rosHockey/install/data_logger:/home/pham/PucksInDeep/RPi/rosHockey/install/bp_coms:/home/pham/PucksInDeep/RPi/rosHockey/install/ID_tool:/home/pham/PucksInDeep/RPi/rosHockey/install/HLC /usr/bin/cmake --install /home/pham/PucksInDeep/build/hockey_msgs
[2.997s] -- Install configuration: ""
[2.999s] -- Execute custom install script
[3.000s] -- Up-to-date symlink: /home/pham/PucksInDeep/install/hockey_msgs/share/ament_index/resource_index/rosidl_interfaces/hockey_msgs
[3.002s] -- Up-to-date symlink: /home/pham/PucksInDeep/install/hockey_msgs/include/hockey_msgs/msg/detail/mallet_pos__functions.h
[3.003s] -- Up-to-date symlink: /home/pham/PucksInDeep/install/hockey_msgs/include/hockey_msgs/msg/detail/mallet_pos__struct.h
[3.004s] -- Up-to-date symlink: /home/pham/PucksInDeep/install/hockey_msgs/include/hockey_msgs/msg/detail/mallet_pos__type_support.h
[3.004s] -- Up-to-date symlink: /home/pham/PucksInDeep/install/hockey_msgs/include/hockey_msgs/msg/detail/motor_status__functions.h
[3.005s] -- Up-to-date symlink: /home/pham/PucksInDeep/install/hockey_msgs/include/hockey_msgs/msg/detail/motor_status__struct.h
[3.006s] -- Up-to-date symlink: /home/pham/PucksInDeep/install/hockey_msgs/include/hockey_msgs/msg/detail/motor_status__type_support.h
[3.006s] -- Up-to-date symlink: /home/pham/PucksInDeep/install/hockey_msgs/include/hockey_msgs/msg/detail/next_path__functions.h
[3.007s] -- Up-to-date symlink: /home/pham/PucksInDeep/install/hockey_msgs/include/hockey_msgs/msg/detail/next_path__struct.h
[3.007s] -- Up-to-date symlink: /home/pham/PucksInDeep/install/hockey_msgs/include/hockey_msgs/msg/detail/next_path__type_support.h
[3.008s] -- Up-to-date symlink: /home/pham/PucksInDeep/install/hockey_msgs/include/hockey_msgs/msg/detail/puck_status__functions.h
[3.009s] -- Up-to-date symlink: /home/pham/PucksInDeep/install/hockey_msgs/include/hockey_msgs/msg/detail/puck_status__struct.h
[3.009s] -- Up-to-date symlink: /home/pham/PucksInDeep/install/hockey_msgs/include/hockey_msgs/msg/detail/puck_status__type_support.h
[3.010s] -- Up-to-date symlink: /home/pham/PucksInDeep/install/hockey_msgs/include/hockey_msgs/msg/mallet_pos.h
[3.011s] -- Up-to-date symlink: /home/pham/PucksInDeep/install/hockey_msgs/include/hockey_msgs/msg/motor_status.h
[3.011s] -- Up-to-date symlink: /home/pham/PucksInDeep/install/hockey_msgs/include/hockey_msgs/msg/next_path.h
[3.012s] -- Up-to-date symlink: /home/pham/PucksInDeep/install/hockey_msgs/include/hockey_msgs/msg/puck_status.h
[3.013s] -- Up-to-date symlink: /home/pham/PucksInDeep/install/hockey_msgs/include/hockey_msgs/msg/rosidl_generator_c__visibility_control.h
[3.014s] -- Up-to-date symlink: /home/pham/PucksInDeep/install/hockey_msgs/share/hockey_msgs/environment/library_path.sh
[3.015s] -- Up-to-date symlink: /home/pham/PucksInDeep/install/hockey_msgs/share/hockey_msgs/environment/library_path.dsv
[3.017s] -- Up-to-date symlink: /home/pham/PucksInDeep/install/hockey_msgs/include/hockey_msgs/msg/detail/mallet_pos__rosidl_typesupport_fastrtps_c.h
[3.018s] -- Up-to-date symlink: /home/pham/PucksInDeep/install/hockey_msgs/include/hockey_msgs/msg/detail/motor_status__rosidl_typesupport_fastrtps_c.h
[3.018s] -- Up-to-date symlink: /home/pham/PucksInDeep/install/hockey_msgs/include/hockey_msgs/msg/detail/next_path__rosidl_typesupport_fastrtps_c.h
[3.019s] -- Up-to-date symlink: /home/pham/PucksInDeep/install/hockey_msgs/include/hockey_msgs/msg/detail/puck_status__rosidl_typesupport_fastrtps_c.h
[3.020s] -- Up-to-date symlink: /home/pham/PucksInDeep/install/hockey_msgs/include/hockey_msgs/msg/rosidl_typesupport_fastrtps_c__visibility_control.h
[3.021s] -- Up-to-date symlink: /home/pham/PucksInDeep/install/hockey_msgs/lib/libhockey_msgs__rosidl_typesupport_fastrtps_c.so
[3.024s] -- Up-to-date symlink: /home/pham/PucksInDeep/install/hockey_msgs/include/hockey_msgs/msg/detail/mallet_pos__rosidl_typesupport_fastrtps_cpp.hpp
[3.024s] -- Up-to-date symlink: /home/pham/PucksInDeep/install/hockey_msgs/include/hockey_msgs/msg/detail/motor_status__rosidl_typesupport_fastrtps_cpp.hpp
[3.025s] -- Up-to-date symlink: /home/pham/PucksInDeep/install/hockey_msgs/include/hockey_msgs/msg/detail/next_path__rosidl_typesupport_fastrtps_cpp.hpp
[3.026s] -- Up-to-date symlink: /home/pham/PucksInDeep/install/hockey_msgs/include/hockey_msgs/msg/detail/puck_status__rosidl_typesupport_fastrtps_cpp.hpp
[3.026s] -- Up-to-date symlink: /home/pham/PucksInDeep/install/hockey_msgs/include/hockey_msgs/msg/rosidl_typesupport_fastrtps_cpp__visibility_control.h
[3.028s] -- Up-to-date symlink: /home/pham/PucksInDeep/install/hockey_msgs/lib/libhockey_msgs__rosidl_typesupport_fastrtps_cpp.so
[3.031s] -- Up-to-date symlink: /home/pham/PucksInDeep/install/hockey_msgs/include/hockey_msgs/msg/detail/mallet_pos__rosidl_typesupport_introspection_c.h
[3.031s] -- Up-to-date symlink: /home/pham/PucksInDeep/install/hockey_msgs/include/hockey_msgs/msg/detail/motor_status__rosidl_typesupport_introspection_c.h
[3.032s] -- Up-to-date symlink: /home/pham/PucksInDeep/install/hockey_msgs/include/hockey_msgs/msg/detail/next_path__rosidl_typesupport_introspection_c.h
[3.033s] -- Up-to-date symlink: /home/pham/PucksInDeep/install/hockey_msgs/include/hockey_msgs/msg/detail/puck_status__rosidl_typesupport_introspection_c.h
[3.033s] -- Up-to-date symlink: /home/pham/PucksInDeep/install/hockey_msgs/include/hockey_msgs/msg/rosidl_typesupport_introspection_c__visibility_control.h
[3.036s] -- Up-to-date symlink: /home/pham/PucksInDeep/install/hockey_msgs/include/hockey_msgs/msg/detail/mallet_pos__builder.hpp
[3.036s] -- Up-to-date symlink: /home/pham/PucksInDeep/install/hockey_msgs/include/hockey_msgs/msg/detail/mallet_pos__struct.hpp
[3.037s] -- Up-to-date symlink: /home/pham/PucksInDeep/install/hockey_msgs/include/hockey_msgs/msg/detail/mallet_pos__traits.hpp
[3.037s] -- Up-to-date symlink: /home/pham/PucksInDeep/install/hockey_msgs/include/hockey_msgs/msg/detail/motor_status__builder.hpp
[3.038s] -- Up-to-date symlink: /home/pham/PucksInDeep/install/hockey_msgs/include/hockey_msgs/msg/detail/motor_status__struct.hpp
[3.039s] -- Up-to-date symlink: /home/pham/PucksInDeep/install/hockey_msgs/include/hockey_msgs/msg/detail/motor_status__traits.hpp
[3.039s] -- Up-to-date symlink: /home/pham/PucksInDeep/install/hockey_msgs/include/hockey_msgs/msg/detail/next_path__builder.hpp
[3.040s] -- Up-to-date symlink: /home/pham/PucksInDeep/install/hockey_msgs/include/hockey_msgs/msg/detail/next_path__struct.hpp
[3.041s] -- Up-to-date symlink: /home/pham/PucksInDeep/install/hockey_msgs/include/hockey_msgs/msg/detail/next_path__traits.hpp
[3.041s] -- Up-to-date symlink: /home/pham/PucksInDeep/install/hockey_msgs/include/hockey_msgs/msg/detail/puck_status__builder.hpp
[3.042s] -- Up-to-date symlink: /home/pham/PucksInDeep/install/hockey_msgs/include/hockey_msgs/msg/detail/puck_status__struct.hpp
[3.043s] -- Up-to-date symlink: /home/pham/PucksInDeep/install/hockey_msgs/include/hockey_msgs/msg/detail/puck_status__traits.hpp
[3.043s] -- Up-to-date symlink: /home/pham/PucksInDeep/install/hockey_msgs/include/hockey_msgs/msg/mallet_pos.hpp
[3.044s] -- Up-to-date symlink: /home/pham/PucksInDeep/install/hockey_msgs/include/hockey_msgs/msg/motor_status.hpp
[3.044s] -- Up-to-date symlink: /home/pham/PucksInDeep/install/hockey_msgs/include/hockey_msgs/msg/next_path.hpp
[3.045s] -- Up-to-date symlink: /home/pham/PucksInDeep/install/hockey_msgs/include/hockey_msgs/msg/puck_status.hpp
[3.051s] -- Up-to-date symlink: /home/pham/PucksInDeep/install/hockey_msgs/include/hockey_msgs/msg/detail/mallet_pos__rosidl_typesupport_introspection_cpp.hpp
[3.051s] -- Up-to-date symlink: /home/pham/PucksInDeep/install/hockey_msgs/include/hockey_msgs/msg/detail/motor_status__rosidl_typesupport_introspection_cpp.hpp
[3.052s] -- Up-to-date symlink: /home/pham/PucksInDeep/install/hockey_msgs/include/hockey_msgs/msg/detail/next_path__rosidl_typesupport_introspection_cpp.hpp
[3.052s] -- Up-to-date symlink: /home/pham/PucksInDeep/install/hockey_msgs/include/hockey_msgs/msg/detail/puck_status__rosidl_typesupport_introspection_cpp.hpp
[3.053s] -- Up-to-date symlink: /home/pham/PucksInDeep/install/hockey_msgs/share/hockey_msgs/environment/pythonpath.sh
[3.055s] -- Up-to-date symlink: /home/pham/PucksInDeep/install/hockey_msgs/share/hockey_msgs/environment/pythonpath.dsv
[3.056s] -- Up-to-date symlink: /home/pham/PucksInDeep/install/hockey_msgs/lib/python3.8/site-packages/hockey_msgs/__init__.py
[3.058s] -- Up-to-date symlink: /home/pham/PucksInDeep/install/hockey_msgs/lib/python3.8/site-packages/hockey_msgs/msg/__init__.py
[3.058s] -- Up-to-date symlink: /home/pham/PucksInDeep/install/hockey_msgs/lib/python3.8/site-packages/hockey_msgs/msg/_mallet_pos.py
[3.059s] -- Up-to-date symlink: /home/pham/PucksInDeep/install/hockey_msgs/lib/python3.8/site-packages/hockey_msgs/msg/_motor_status.py
[3.060s] -- Up-to-date symlink: /home/pham/PucksInDeep/install/hockey_msgs/lib/python3.8/site-packages/hockey_msgs/msg/_next_path.py
[3.060s] -- Up-to-date symlink: /home/pham/PucksInDeep/install/hockey_msgs/lib/python3.8/site-packages/hockey_msgs/msg/_puck_status.py
[3.062s] -- Up-to-date symlink: /home/pham/PucksInDeep/install/hockey_msgs/lib/python3.8/site-packages/hockey_msgs/hockey_msgs_s__rosidl_typesupport_fastrtps_c.cpython-38-x86_64-linux-gnu.so
[3.063s] -- Up-to-date symlink: /home/pham/PucksInDeep/install/hockey_msgs/lib/python3.8/site-packages/hockey_msgs/hockey_msgs_s__rosidl_typesupport_introspection_c.cpython-38-x86_64-linux-gnu.so
[3.064s] -- Up-to-date symlink: /home/pham/PucksInDeep/install/hockey_msgs/lib/python3.8/site-packages/hockey_msgs/hockey_msgs_s__rosidl_typesupport_c.cpython-38-x86_64-linux-gnu.so
[3.066s] -- Up-to-date symlink: /home/pham/PucksInDeep/install/hockey_msgs/lib/libhockey_msgs__python.so
[3.067s] -- Up-to-date symlink: /home/pham/PucksInDeep/install/hockey_msgs/share/hockey_msgs/msg/MalletPos.idl
[3.068s] -- Up-to-date symlink: /home/pham/PucksInDeep/install/hockey_msgs/share/hockey_msgs/msg/PuckStatus.idl
[3.069s] -- Up-to-date symlink: /home/pham/PucksInDeep/install/hockey_msgs/share/hockey_msgs/msg/MotorStatus.idl
[3.069s] -- Up-to-date symlink: /home/pham/PucksInDeep/install/hockey_msgs/share/hockey_msgs/msg/NextPath.idl
[3.070s] -- Up-to-date symlink: /home/pham/PucksInDeep/install/hockey_msgs/share/hockey_msgs/msg/MalletPos.msg
[3.071s] -- Up-to-date symlink: /home/pham/PucksInDeep/install/hockey_msgs/share/hockey_msgs/msg/PuckStatus.msg
[3.072s] -- Up-to-date symlink: /home/pham/PucksInDeep/install/hockey_msgs/share/hockey_msgs/msg/MotorStatus.msg
[3.073s] -- Up-to-date symlink: /home/pham/PucksInDeep/install/hockey_msgs/share/hockey_msgs/msg/NextPath.msg
[3.074s] -- Up-to-date symlink: /home/pham/PucksInDeep/install/hockey_msgs/share/ament_index/resource_index/package_run_dependencies/hockey_msgs
[3.075s] -- Up-to-date symlink: /home/pham/PucksInDeep/install/hockey_msgs/share/ament_index/resource_index/parent_prefix_path/hockey_msgs
[3.076s] -- Up-to-date symlink: /home/pham/PucksInDeep/install/hockey_msgs/share/hockey_msgs/environment/ament_prefix_path.sh
[3.077s] -- Up-to-date symlink: /home/pham/PucksInDeep/install/hockey_msgs/share/hockey_msgs/environment/ament_prefix_path.dsv
[3.078s] -- Up-to-date symlink: /home/pham/PucksInDeep/install/hockey_msgs/share/hockey_msgs/environment/path.sh
[3.079s] -- Up-to-date symlink: /home/pham/PucksInDeep/install/hockey_msgs/share/hockey_msgs/environment/path.dsv
[3.080s] -- Up-to-date symlink: /home/pham/PucksInDeep/install/hockey_msgs/share/hockey_msgs/local_setup.bash
[3.081s] -- Up-to-date symlink: /home/pham/PucksInDeep/install/hockey_msgs/share/hockey_msgs/local_setup.sh
[3.082s] -- Up-to-date symlink: /home/pham/PucksInDeep/install/hockey_msgs/share/hockey_msgs/local_setup.zsh
[3.083s] -- Up-to-date symlink: /home/pham/PucksInDeep/install/hockey_msgs/share/hockey_msgs/local_setup.dsv
[3.084s] -- Symlinking: /home/pham/PucksInDeep/install/hockey_msgs/share/hockey_msgs/package.dsv
[3.114s] -- Up-to-date symlink: /home/pham/PucksInDeep/install/hockey_msgs/share/ament_index/resource_index/packages/hockey_msgs
[3.115s] -- Up-to-date symlink: /home/pham/PucksInDeep/install/hockey_msgs/share/hockey_msgs/cmake/rosidl_cmake-extras.cmake
[3.116s] -- Up-to-date symlink: /home/pham/PucksInDeep/install/hockey_msgs/share/hockey_msgs/cmake/ament_cmake_export_dependencies-extras.cmake
[3.118s] -- Up-to-date symlink: /home/pham/PucksInDeep/install/hockey_msgs/share/hockey_msgs/cmake/ament_cmake_export_libraries-extras.cmake
[3.120s] -- Up-to-date symlink: /home/pham/PucksInDeep/install/hockey_msgs/share/hockey_msgs/cmake/ament_cmake_export_targets-extras.cmake
[3.121s] -- Up-to-date symlink: /home/pham/PucksInDeep/install/hockey_msgs/share/hockey_msgs/cmake/ament_cmake_export_include_directories-extras.cmake
[3.123s] -- Up-to-date symlink: /home/pham/PucksInDeep/install/hockey_msgs/share/hockey_msgs/cmake/rosidl_cmake_export_typesupport_libraries-extras.cmake
[3.124s] -- Up-to-date symlink: /home/pham/PucksInDeep/install/hockey_msgs/share/hockey_msgs/cmake/rosidl_cmake_export_typesupport_targets-extras.cmake
[3.126s] -- Up-to-date symlink: /home/pham/PucksInDeep/install/hockey_msgs/share/hockey_msgs/cmake/hockey_msgsConfig.cmake
[3.127s] -- Up-to-date symlink: /home/pham/PucksInDeep/install/hockey_msgs/share/hockey_msgs/cmake/hockey_msgsConfig-version.cmake
[3.129s] -- Up-to-date symlink: /home/pham/PucksInDeep/install/hockey_msgs/share/hockey_msgs/package.xml
[3.131s] -- Up-to-date: /home/pham/PucksInDeep/install/hockey_msgs/lib/libhockey_msgs__rosidl_generator_c.so
[3.133s] -- Up-to-date: /home/pham/PucksInDeep/install/hockey_msgs/lib/libhockey_msgs__rosidl_typesupport_introspection_c.so
[3.135s] -- Up-to-date: /home/pham/PucksInDeep/install/hockey_msgs/lib/libhockey_msgs__rosidl_typesupport_c.so
[3.137s] -- Up-to-date: /home/pham/PucksInDeep/install/hockey_msgs/lib/libhockey_msgs__rosidl_typesupport_introspection_cpp.so
[3.138s] -- Up-to-date: /home/pham/PucksInDeep/install/hockey_msgs/lib/libhockey_msgs__rosidl_typesupport_cpp.so
[3.324s] -- Up-to-date: /home/pham/PucksInDeep/install/hockey_msgs/share/hockey_msgs/cmake/hockey_msgs__rosidl_generator_cExport.cmake
[3.325s] -- Up-to-date: /home/pham/PucksInDeep/install/hockey_msgs/share/hockey_msgs/cmake/hockey_msgs__rosidl_generator_cExport-noconfig.cmake
[3.326s] -- Up-to-date: /home/pham/PucksInDeep/install/hockey_msgs/share/hockey_msgs/cmake/hockey_msgs__rosidl_typesupport_introspection_cExport.cmake
[3.327s] -- Up-to-date: /home/pham/PucksInDeep/install/hockey_msgs/share/hockey_msgs/cmake/hockey_msgs__rosidl_typesupport_introspection_cExport-noconfig.cmake
[3.328s] -- Up-to-date: /home/pham/PucksInDeep/install/hockey_msgs/share/hockey_msgs/cmake/hockey_msgs__rosidl_typesupport_cExport.cmake
[3.328s] -- Up-to-date: /home/pham/PucksInDeep/install/hockey_msgs/share/hockey_msgs/cmake/hockey_msgs__rosidl_typesupport_cExport-noconfig.cmake
[3.329s] -- Up-to-date: /home/pham/PucksInDeep/install/hockey_msgs/share/hockey_msgs/cmake/hockey_msgs__rosidl_generator_cppExport.cmake
[3.330s] -- Up-to-date: /home/pham/PucksInDeep/install/hockey_msgs/share/hockey_msgs/cmake/hockey_msgs__rosidl_typesupport_introspection_cppExport.cmake
[3.332s] -- Up-to-date: /home/pham/PucksInDeep/install/hockey_msgs/share/hockey_msgs/cmake/hockey_msgs__rosidl_typesupport_introspection_cppExport-noconfig.cmake
[3.333s] -- Up-to-date: /home/pham/PucksInDeep/install/hockey_msgs/share/hockey_msgs/cmake/hockey_msgs__rosidl_typesupport_cppExport.cmake
[3.334s] -- Up-to-date: /home/pham/PucksInDeep/install/hockey_msgs/share/hockey_msgs/cmake/hockey_msgs__rosidl_typesupport_cppExport-noconfig.cmake
[3.351s] Invoked command in '/home/pham/PucksInDeep/build/hockey_msgs' returned '0': CMAKE_PREFIX_PATH=${CMAKE_PREFIX_PATH}:/home/pham/PucksInDeep/RPi/rosHockey/install/visualizer:/home/pham/PucksInDeep/RPi/rosHockey/install/qt_gui:/home/pham/PucksInDeep/RPi/rosHockey/install/puck_tracker:/home/pham/PucksInDeep/RPi/rosHockey/install/position_publisher:/home/pham/PucksInDeep/RPi/rosHockey/install/keyboard_control:/home/pham/PucksInDeep/RPi/rosHockey/install/hockey_testing:/home/pham/PucksInDeep/RPi/rosHockey/install/hockey_gui:/home/pham/PucksInDeep/RPi/rosHockey/install/data_logger:/home/pham/PucksInDeep/RPi/rosHockey/install/bp_coms:/home/pham/PucksInDeep/RPi/rosHockey/install/ID_tool:/home/pham/PucksInDeep/RPi/rosHockey/install/HLC /usr/bin/cmake --install /home/pham/PucksInDeep/build/hockey_msgs
