-- Found ament_cmake: 0.9.9 (/home/pham/ros2_foxy/ros2-linux/share/ament_cmake/cmake)
-- Found PythonInterp: /usr/bin/python3 (found suitable version "3.8.10", minimum required is "3") 
-- Using PYTHON_EXECUTABLE: /usr/bin/python3
-- Override CMake install command with custom implementation using symlinks instead of copying resources
-- Found ament_lint_auto: 0.9.6 (/home/pham/ros2_foxy/ros2-linux/share/ament_lint_auto/cmake)
-- Found rosidl_default_generators: 1.0.1 (/home/pham/ros2_foxy/ros2-linux/share/rosidl_default_generators/cmake)
-- Using all available rosidl_typesupport_c: rosidl_typesupport_connext_c;rosidl_typesupport_fastrtps_c;rosidl_typesupport_introspection_c
-- Found rosidl_adapter: 1.2.1 (/home/pham/ros2_foxy/ros2-linux/share/rosidl_adapter/cmake)
-- Could not find RTI Connext - skipping rosidl_typesupport_connext_c
-- Could not find RTI Connext - skipping rosidl_typesupport_connext_cpp
-- Using all available rosidl_typesupport_cpp: rosidl_typesupport_connext_cpp;rosidl_typesupport_fastrtps_cpp;rosidl_typesupport_introspection_cpp
-- Found PythonInterp: /usr/bin/python3 (found version "3.8.10") 
-- Found ament_cmake_ros: 0.9.2 (/home/pham/ros2_foxy/ros2-linux/share/ament_cmake_ros/cmake)
-- Using all available rosidl_typesupport_c: rosidl_typesupport_connext_c;rosidl_typesupport_fastrtps_c;rosidl_typesupport_introspection_c
-- Using all available rosidl_typesupport_cpp: rosidl_typesupport_connext_cpp;rosidl_typesupport_fastrtps_cpp;rosidl_typesupport_introspection_cpp
-- Found PythonInterp: /usr/bin/python3 (found suitable version "3.8.10", minimum required is "3.5") 
-- Found python_cmake_module: 0.8.1 (/home/pham/ros2_foxy/ros2-linux/share/python_cmake_module/cmake)
-- Using PYTHON_EXECUTABLE: /usr/bin/python3
-- Using PYTHON_INCLUDE_DIRS: /usr/include/python3.8
-- Using PYTHON_LIBRARIES: /usr/lib/x86_64-linux-gnu/libpython3.8.so
-- Added test 'copyright' to check source files copyright and LICENSE
-- Added test 'lint_cmake' to check CMake code style
-- Added test 'xmllint' to check XML markup files
-- Configuring done
-- Generating done
-- Build files have been written to: /home/pham/PucksInDeep/build/hockey_msgs
[  1%] Built target hockey_msgs__cpp
[ 12%] Built target hockey_msgs__rosidl_generator_c
[ 34%] Built target hockey_msgs__rosidl_typesupport_cpp
[ 41%] Built target hockey_msgs__rosidl_typesupport_c
[ 45%] Built target hockey_msgs__rosidl_typesupport_introspection_cpp
[ 56%] Built target hockey_msgs__rosidl_typesupport_introspection_c
[ 67%] Built target hockey_msgs__rosidl_typesupport_fastrtps_cpp
[ 78%] Built target hockey_msgs__rosidl_typesupport_fastrtps_c
[ 78%] Built target hockey_msgs
[ 80%] Built target hockey_msgs__py
[ 89%] Built target hockey_msgs__python
[100%] Built target hockey_msgs__rosidl_typesupport_fastrtps_c__pyext
[100%] Built target hockey_msgs__rosidl_typesupport_introspection_c__pyext
[100%] Built target hockey_msgs__rosidl_typesupport_c__pyext
-- Install configuration: ""
-- Execute custom install script
-- Symlinking: /home/pham/PucksInDeep/install/hockey_msgs/share/ament_index/resource_index/rosidl_interfaces/hockey_msgs
-- Symlinking: /home/pham/PucksInDeep/install/hockey_msgs/include/hockey_msgs/msg/detail/mallet_pos__functions.h
-- Symlinking: /home/pham/PucksInDeep/install/hockey_msgs/include/hockey_msgs/msg/detail/mallet_pos__struct.h
-- Symlinking: /home/pham/PucksInDeep/install/hockey_msgs/include/hockey_msgs/msg/detail/mallet_pos__type_support.h
-- Symlinking: /home/pham/PucksInDeep/install/hockey_msgs/include/hockey_msgs/msg/detail/motor_status__functions.h
-- Symlinking: /home/pham/PucksInDeep/install/hockey_msgs/include/hockey_msgs/msg/detail/motor_status__struct.h
-- Symlinking: /home/pham/PucksInDeep/install/hockey_msgs/include/hockey_msgs/msg/detail/motor_status__type_support.h
-- Symlinking: /home/pham/PucksInDeep/install/hockey_msgs/include/hockey_msgs/msg/detail/next_path__functions.h
-- Symlinking: /home/pham/PucksInDeep/install/hockey_msgs/include/hockey_msgs/msg/detail/next_path__struct.h
-- Symlinking: /home/pham/PucksInDeep/install/hockey_msgs/include/hockey_msgs/msg/detail/next_path__type_support.h
-- Symlinking: /home/pham/PucksInDeep/install/hockey_msgs/include/hockey_msgs/msg/detail/puck_status__functions.h
-- Symlinking: /home/pham/PucksInDeep/install/hockey_msgs/include/hockey_msgs/msg/detail/puck_status__struct.h
-- Symlinking: /home/pham/PucksInDeep/install/hockey_msgs/include/hockey_msgs/msg/detail/puck_status__type_support.h
-- Symlinking: /home/pham/PucksInDeep/install/hockey_msgs/include/hockey_msgs/msg/mallet_pos.h
-- Symlinking: /home/pham/PucksInDeep/install/hockey_msgs/include/hockey_msgs/msg/motor_status.h
-- Symlinking: /home/pham/PucksInDeep/install/hockey_msgs/include/hockey_msgs/msg/next_path.h
-- Symlinking: /home/pham/PucksInDeep/install/hockey_msgs/include/hockey_msgs/msg/puck_status.h
-- Symlinking: /home/pham/PucksInDeep/install/hockey_msgs/include/hockey_msgs/msg/rosidl_generator_c__visibility_control.h
-- Symlinking: /home/pham/PucksInDeep/install/hockey_msgs/share/hockey_msgs/environment/library_path.sh
-- Symlinking: /home/pham/PucksInDeep/install/hockey_msgs/share/hockey_msgs/environment/library_path.dsv
-- Symlinking: /home/pham/PucksInDeep/install/hockey_msgs/include/hockey_msgs/msg/detail/mallet_pos__rosidl_typesupport_fastrtps_c.h
-- Symlinking: /home/pham/PucksInDeep/install/hockey_msgs/include/hockey_msgs/msg/detail/motor_status__rosidl_typesupport_fastrtps_c.h
-- Symlinking: /home/pham/PucksInDeep/install/hockey_msgs/include/hockey_msgs/msg/detail/next_path__rosidl_typesupport_fastrtps_c.h
-- Symlinking: /home/pham/PucksInDeep/install/hockey_msgs/include/hockey_msgs/msg/detail/puck_status__rosidl_typesupport_fastrtps_c.h
-- Symlinking: /home/pham/PucksInDeep/install/hockey_msgs/include/hockey_msgs/msg/rosidl_typesupport_fastrtps_c__visibility_control.h
-- Symlinking: /home/pham/PucksInDeep/install/hockey_msgs/lib/libhockey_msgs__rosidl_typesupport_fastrtps_c.so
-- Symlinking: /home/pham/PucksInDeep/install/hockey_msgs/include/hockey_msgs/msg/detail/mallet_pos__rosidl_typesupport_fastrtps_cpp.hpp
-- Symlinking: /home/pham/PucksInDeep/install/hockey_msgs/include/hockey_msgs/msg/detail/motor_status__rosidl_typesupport_fastrtps_cpp.hpp
-- Symlinking: /home/pham/PucksInDeep/install/hockey_msgs/include/hockey_msgs/msg/detail/next_path__rosidl_typesupport_fastrtps_cpp.hpp
-- Symlinking: /home/pham/PucksInDeep/install/hockey_msgs/include/hockey_msgs/msg/detail/puck_status__rosidl_typesupport_fastrtps_cpp.hpp
-- Symlinking: /home/pham/PucksInDeep/install/hockey_msgs/include/hockey_msgs/msg/rosidl_typesupport_fastrtps_cpp__visibility_control.h
-- Symlinking: /home/pham/PucksInDeep/install/hockey_msgs/lib/libhockey_msgs__rosidl_typesupport_fastrtps_cpp.so
-- Symlinking: /home/pham/PucksInDeep/install/hockey_msgs/include/hockey_msgs/msg/detail/mallet_pos__rosidl_typesupport_introspection_c.h
-- Symlinking: /home/pham/PucksInDeep/install/hockey_msgs/include/hockey_msgs/msg/detail/motor_status__rosidl_typesupport_introspection_c.h
-- Symlinking: /home/pham/PucksInDeep/install/hockey_msgs/include/hockey_msgs/msg/detail/next_path__rosidl_typesupport_introspection_c.h
-- Symlinking: /home/pham/PucksInDeep/install/hockey_msgs/include/hockey_msgs/msg/detail/puck_status__rosidl_typesupport_introspection_c.h
-- Symlinking: /home/pham/PucksInDeep/install/hockey_msgs/include/hockey_msgs/msg/rosidl_typesupport_introspection_c__visibility_control.h
-- Symlinking: /home/pham/PucksInDeep/install/hockey_msgs/include/hockey_msgs/msg/detail/mallet_pos__builder.hpp
-- Symlinking: /home/pham/PucksInDeep/install/hockey_msgs/include/hockey_msgs/msg/detail/mallet_pos__struct.hpp
-- Symlinking: /home/pham/PucksInDeep/install/hockey_msgs/include/hockey_msgs/msg/detail/mallet_pos__traits.hpp
-- Symlinking: /home/pham/PucksInDeep/install/hockey_msgs/include/hockey_msgs/msg/detail/motor_status__builder.hpp
-- Symlinking: /home/pham/PucksInDeep/install/hockey_msgs/include/hockey_msgs/msg/detail/motor_status__struct.hpp
-- Symlinking: /home/pham/PucksInDeep/install/hockey_msgs/include/hockey_msgs/msg/detail/motor_status__traits.hpp
-- Symlinking: /home/pham/PucksInDeep/install/hockey_msgs/include/hockey_msgs/msg/detail/next_path__builder.hpp
-- Symlinking: /home/pham/PucksInDeep/install/hockey_msgs/include/hockey_msgs/msg/detail/next_path__struct.hpp
-- Symlinking: /home/pham/PucksInDeep/install/hockey_msgs/include/hockey_msgs/msg/detail/next_path__traits.hpp
-- Symlinking: /home/pham/PucksInDeep/install/hockey_msgs/include/hockey_msgs/msg/detail/puck_status__builder.hpp
-- Symlinking: /home/pham/PucksInDeep/install/hockey_msgs/include/hockey_msgs/msg/detail/puck_status__struct.hpp
-- Symlinking: /home/pham/PucksInDeep/install/hockey_msgs/include/hockey_msgs/msg/detail/puck_status__traits.hpp
-- Symlinking: /home/pham/PucksInDeep/install/hockey_msgs/include/hockey_msgs/msg/mallet_pos.hpp
-- Symlinking: /home/pham/PucksInDeep/install/hockey_msgs/include/hockey_msgs/msg/motor_status.hpp
-- Symlinking: /home/pham/PucksInDeep/install/hockey_msgs/include/hockey_msgs/msg/next_path.hpp
-- Symlinking: /home/pham/PucksInDeep/install/hockey_msgs/include/hockey_msgs/msg/puck_status.hpp
-- Symlinking: /home/pham/PucksInDeep/install/hockey_msgs/include/hockey_msgs/msg/detail/mallet_pos__rosidl_typesupport_introspection_cpp.hpp
-- Symlinking: /home/pham/PucksInDeep/install/hockey_msgs/include/hockey_msgs/msg/detail/motor_status__rosidl_typesupport_introspection_cpp.hpp
-- Symlinking: /home/pham/PucksInDeep/install/hockey_msgs/include/hockey_msgs/msg/detail/next_path__rosidl_typesupport_introspection_cpp.hpp
-- Symlinking: /home/pham/PucksInDeep/install/hockey_msgs/include/hockey_msgs/msg/detail/puck_status__rosidl_typesupport_introspection_cpp.hpp
-- Symlinking: /home/pham/PucksInDeep/install/hockey_msgs/share/hockey_msgs/environment/pythonpath.sh
-- Symlinking: /home/pham/PucksInDeep/install/hockey_msgs/share/hockey_msgs/environment/pythonpath.dsv
-- Symlinking: /home/pham/PucksInDeep/install/hockey_msgs/lib/python3.8/site-packages/hockey_msgs/__init__.py
-- Symlinking: /home/pham/PucksInDeep/install/hockey_msgs/lib/python3.8/site-packages/hockey_msgs/msg/__init__.py
-- Symlinking: /home/pham/PucksInDeep/install/hockey_msgs/lib/python3.8/site-packages/hockey_msgs/msg/_mallet_pos.py
-- Symlinking: /home/pham/PucksInDeep/install/hockey_msgs/lib/python3.8/site-packages/hockey_msgs/msg/_motor_status.py
-- Symlinking: /home/pham/PucksInDeep/install/hockey_msgs/lib/python3.8/site-packages/hockey_msgs/msg/_next_path.py
-- Symlinking: /home/pham/PucksInDeep/install/hockey_msgs/lib/python3.8/site-packages/hockey_msgs/msg/_puck_status.py
-- Symlinking: /home/pham/PucksInDeep/install/hockey_msgs/lib/python3.8/site-packages/hockey_msgs/hockey_msgs_s__rosidl_typesupport_fastrtps_c.cpython-38-x86_64-linux-gnu.so
-- Symlinking: /home/pham/PucksInDeep/install/hockey_msgs/lib/python3.8/site-packages/hockey_msgs/hockey_msgs_s__rosidl_typesupport_introspection_c.cpython-38-x86_64-linux-gnu.so
-- Symlinking: /home/pham/PucksInDeep/install/hockey_msgs/lib/python3.8/site-packages/hockey_msgs/hockey_msgs_s__rosidl_typesupport_c.cpython-38-x86_64-linux-gnu.so
-- Symlinking: /home/pham/PucksInDeep/install/hockey_msgs/lib/libhockey_msgs__python.so
-- Symlinking: /home/pham/PucksInDeep/install/hockey_msgs/share/hockey_msgs/msg/MalletPos.idl
-- Symlinking: /home/pham/PucksInDeep/install/hockey_msgs/share/hockey_msgs/msg/PuckStatus.idl
-- Symlinking: /home/pham/PucksInDeep/install/hockey_msgs/share/hockey_msgs/msg/MotorStatus.idl
-- Symlinking: /home/pham/PucksInDeep/install/hockey_msgs/share/hockey_msgs/msg/NextPath.idl
-- Symlinking: /home/pham/PucksInDeep/install/hockey_msgs/share/hockey_msgs/msg/MalletPos.msg
-- Symlinking: /home/pham/PucksInDeep/install/hockey_msgs/share/hockey_msgs/msg/PuckStatus.msg
-- Symlinking: /home/pham/PucksInDeep/install/hockey_msgs/share/hockey_msgs/msg/MotorStatus.msg
-- Symlinking: /home/pham/PucksInDeep/install/hockey_msgs/share/hockey_msgs/msg/NextPath.msg
-- Symlinking: /home/pham/PucksInDeep/install/hockey_msgs/share/ament_index/resource_index/package_run_dependencies/hockey_msgs
-- Symlinking: /home/pham/PucksInDeep/install/hockey_msgs/share/ament_index/resource_index/parent_prefix_path/hockey_msgs
-- Symlinking: /home/pham/PucksInDeep/install/hockey_msgs/share/hockey_msgs/environment/ament_prefix_path.sh
-- Symlinking: /home/pham/PucksInDeep/install/hockey_msgs/share/hockey_msgs/environment/ament_prefix_path.dsv
-- Symlinking: /home/pham/PucksInDeep/install/hockey_msgs/share/hockey_msgs/environment/path.sh
-- Symlinking: /home/pham/PucksInDeep/install/hockey_msgs/share/hockey_msgs/environment/path.dsv
-- Symlinking: /home/pham/PucksInDeep/install/hockey_msgs/share/hockey_msgs/local_setup.bash
-- Symlinking: /home/pham/PucksInDeep/install/hockey_msgs/share/hockey_msgs/local_setup.sh
-- Symlinking: /home/pham/PucksInDeep/install/hockey_msgs/share/hockey_msgs/local_setup.zsh
-- Symlinking: /home/pham/PucksInDeep/install/hockey_msgs/share/hockey_msgs/local_setup.dsv
-- Symlinking: /home/pham/PucksInDeep/install/hockey_msgs/share/hockey_msgs/package.dsv
-- Symlinking: /home/pham/PucksInDeep/install/hockey_msgs/share/ament_index/resource_index/packages/hockey_msgs
-- Symlinking: /home/pham/PucksInDeep/install/hockey_msgs/share/hockey_msgs/cmake/rosidl_cmake-extras.cmake
-- Symlinking: /home/pham/PucksInDeep/install/hockey_msgs/share/hockey_msgs/cmake/ament_cmake_export_dependencies-extras.cmake
-- Symlinking: /home/pham/PucksInDeep/install/hockey_msgs/share/hockey_msgs/cmake/ament_cmake_export_libraries-extras.cmake
-- Symlinking: /home/pham/PucksInDeep/install/hockey_msgs/share/hockey_msgs/cmake/ament_cmake_export_targets-extras.cmake
-- Symlinking: /home/pham/PucksInDeep/install/hockey_msgs/share/hockey_msgs/cmake/ament_cmake_export_include_directories-extras.cmake
-- Symlinking: /home/pham/PucksInDeep/install/hockey_msgs/share/hockey_msgs/cmake/rosidl_cmake_export_typesupport_libraries-extras.cmake
-- Symlinking: /home/pham/PucksInDeep/install/hockey_msgs/share/hockey_msgs/cmake/rosidl_cmake_export_typesupport_targets-extras.cmake
-- Symlinking: /home/pham/PucksInDeep/install/hockey_msgs/share/hockey_msgs/cmake/hockey_msgsConfig.cmake
-- Symlinking: /home/pham/PucksInDeep/install/hockey_msgs/share/hockey_msgs/cmake/hockey_msgsConfig-version.cmake
-- Symlinking: /home/pham/PucksInDeep/install/hockey_msgs/share/hockey_msgs/package.xml
-- Installing: /home/pham/PucksInDeep/install/hockey_msgs/lib/libhockey_msgs__rosidl_generator_c.so
-- Set runtime path of "/home/pham/PucksInDeep/install/hockey_msgs/lib/libhockey_msgs__rosidl_generator_c.so" to ""
-- Installing: /home/pham/PucksInDeep/install/hockey_msgs/lib/libhockey_msgs__rosidl_typesupport_introspection_c.so
-- Set runtime path of "/home/pham/PucksInDeep/install/hockey_msgs/lib/libhockey_msgs__rosidl_typesupport_introspection_c.so" to ""
-- Installing: /home/pham/PucksInDeep/install/hockey_msgs/lib/libhockey_msgs__rosidl_typesupport_c.so
-- Set runtime path of "/home/pham/PucksInDeep/install/hockey_msgs/lib/libhockey_msgs__rosidl_typesupport_c.so" to ""
-- Installing: /home/pham/PucksInDeep/install/hockey_msgs/lib/libhockey_msgs__rosidl_typesupport_introspection_cpp.so
-- Set runtime path of "/home/pham/PucksInDeep/install/hockey_msgs/lib/libhockey_msgs__rosidl_typesupport_introspection_cpp.so" to ""
-- Installing: /home/pham/PucksInDeep/install/hockey_msgs/lib/libhockey_msgs__rosidl_typesupport_cpp.so
-- Set runtime path of "/home/pham/PucksInDeep/install/hockey_msgs/lib/libhockey_msgs__rosidl_typesupport_cpp.so" to ""
Compiling '/home/pham/PucksInDeep/install/hockey_msgs/lib/python3.8/site-packages/hockey_msgs/__init__.py'...
-- Installing: /home/pham/PucksInDeep/install/hockey_msgs/share/hockey_msgs/cmake/hockey_msgs__rosidl_generator_cExport.cmake
-- Installing: /home/pham/PucksInDeep/install/hockey_msgs/share/hockey_msgs/cmake/hockey_msgs__rosidl_generator_cExport-noconfig.cmake
-- Installing: /home/pham/PucksInDeep/install/hockey_msgs/share/hockey_msgs/cmake/hockey_msgs__rosidl_typesupport_introspection_cExport.cmake
-- Installing: /home/pham/PucksInDeep/install/hockey_msgs/share/hockey_msgs/cmake/hockey_msgs__rosidl_typesupport_introspection_cExport-noconfig.cmake
-- Installing: /home/pham/PucksInDeep/install/hockey_msgs/share/hockey_msgs/cmake/hockey_msgs__rosidl_typesupport_cExport.cmake
-- Installing: /home/pham/PucksInDeep/install/hockey_msgs/share/hockey_msgs/cmake/hockey_msgs__rosidl_typesupport_cExport-noconfig.cmake
-- Installing: /home/pham/PucksInDeep/install/hockey_msgs/share/hockey_msgs/cmake/hockey_msgs__rosidl_generator_cppExport.cmake
-- Installing: /home/pham/PucksInDeep/install/hockey_msgs/share/hockey_msgs/cmake/hockey_msgs__rosidl_typesupport_introspection_cppExport.cmake
-- Installing: /home/pham/PucksInDeep/install/hockey_msgs/share/hockey_msgs/cmake/hockey_msgs__rosidl_typesupport_introspection_cppExport-noconfig.cmake
-- Installing: /home/pham/PucksInDeep/install/hockey_msgs/share/hockey_msgs/cmake/hockey_msgs__rosidl_typesupport_cppExport.cmake
-- Installing: /home/pham/PucksInDeep/install/hockey_msgs/share/hockey_msgs/cmake/hockey_msgs__rosidl_typesupport_cppExport-noconfig.cmake
