[1.351s] Invoking command in '/home/ubuntu/PucksInDeep/RPi/rosHockey/build/hockey_msgs': /usr/bin/cmake --build /home/ubuntu/PucksInDeep/RPi/rosHockey/build/hockey_msgs -- -j4 -l4
[6.040s] [  2%] Built target hockey_msgs__cpp
[6.041s] [ 12%] Built target hockey_msgs__rosidl_generator_c
[6.043s] [ 23%] Built target hockey_msgs__rosidl_typesupport_cpp
[6.044s] [ 33%] Built target hockey_msgs__rosidl_typesupport_fastrtps_cpp
[6.045s] [ 43%] Built target hockey_msgs__rosidl_typesupport_introspection_cpp
[6.047s] [ 53%] Built target hockey_msgs__rosidl_typesupport_c
[6.048s] [ 64%] Built target hockey_msgs__rosidl_typesupport_introspection_c
[6.050s] [ 74%] Built target hockey_msgs__rosidl_typesupport_fastrtps_c
[6.056s] [ 74%] Built target hockey_msgs
[6.058s] [ 76%] Built target hockey_msgs__py
[6.059s] [ 84%] Built target hockey_msgs__python
[6.059s] [ 89%] Built target hockey_msgs__rosidl_typesupport_introspection_c__pyext
[6.060s] [ 94%] Built target hockey_msgs__rosidl_typesupport_c__pyext
[6.062s] [100%] Built target hockey_msgs__rosidl_typesupport_fastrtps_c__pyext
[6.066s] Invoked command in '/home/ubuntu/PucksInDeep/RPi/rosHockey/build/hockey_msgs' returned '0': /usr/bin/cmake --build /home/ubuntu/PucksInDeep/RPi/rosHockey/build/hockey_msgs -- -j4 -l4
[6.656s] Invoking command in '/home/ubuntu/PucksInDeep/RPi/rosHockey/build/hockey_msgs': /usr/bin/cmake --install /home/ubuntu/PucksInDeep/RPi/rosHockey/build/hockey_msgs
[6.721s] -- Install configuration: ""
[6.723s] -- Up-to-date: /home/ubuntu/PucksInDeep/RPi/rosHockey/install/hockey_msgs/share/ament_index/resource_index/rosidl_interfaces/hockey_msgs
[6.727s] -- Up-to-date: /home/ubuntu/PucksInDeep/RPi/rosHockey/install/hockey_msgs/include/hockey_msgs
[6.733s] -- Up-to-date: /home/ubuntu/PucksInDeep/RPi/rosHockey/install/hockey_msgs/include/hockey_msgs/msg
[6.736s] -- Up-to-date: /home/ubuntu/PucksInDeep/RPi/rosHockey/install/hockey_msgs/include/hockey_msgs/msg/detail
[6.750s] -- Up-to-date: /home/ubuntu/PucksInDeep/RPi/rosHockey/install/hockey_msgs/include/hockey_msgs/msg/detail/puck_status__type_support.h
[6.754s] -- Up-to-date: /home/ubuntu/PucksInDeep/RPi/rosHockey/install/hockey_msgs/include/hockey_msgs/msg/detail/puck_status__functions.c
[6.757s] -- Up-to-date: /home/ubuntu/PucksInDeep/RPi/rosHockey/install/hockey_msgs/include/hockey_msgs/msg/detail/mallet_pos__type_support.h
[6.760s] -- Up-to-date: /home/ubuntu/PucksInDeep/RPi/rosHockey/install/hockey_msgs/include/hockey_msgs/msg/detail/puck_status__struct.h
[6.764s] -- Up-to-date: /home/ubuntu/PucksInDeep/RPi/rosHockey/install/hockey_msgs/include/hockey_msgs/msg/detail/mallet_pos__struct.h
[6.767s] -- Up-to-date: /home/ubuntu/PucksInDeep/RPi/rosHockey/install/hockey_msgs/include/hockey_msgs/msg/detail/mallet_pos__functions.h
[6.770s] -- Up-to-date: /home/ubuntu/PucksInDeep/RPi/rosHockey/install/hockey_msgs/include/hockey_msgs/msg/detail/mallet_pos__functions.c
[6.775s] -- Up-to-date: /home/ubuntu/PucksInDeep/RPi/rosHockey/install/hockey_msgs/include/hockey_msgs/msg/detail/puck_status__functions.h
[6.780s] -- Up-to-date: /home/ubuntu/PucksInDeep/RPi/rosHockey/install/hockey_msgs/include/hockey_msgs/msg/rosidl_generator_c__visibility_control.h
[6.783s] -- Up-to-date: /home/ubuntu/PucksInDeep/RPi/rosHockey/install/hockey_msgs/include/hockey_msgs/msg/mallet_pos.h
[6.788s] -- Up-to-date: /home/ubuntu/PucksInDeep/RPi/rosHockey/install/hockey_msgs/include/hockey_msgs/msg/puck_status.h
[6.792s] -- Up-to-date: /home/ubuntu/PucksInDeep/RPi/rosHockey/install/hockey_msgs/share/hockey_msgs/environment/library_path.sh
[6.795s] -- Up-to-date: /home/ubuntu/PucksInDeep/RPi/rosHockey/install/hockey_msgs/share/hockey_msgs/environment/library_path.dsv
[6.799s] -- Up-to-date: /home/ubuntu/PucksInDeep/RPi/rosHockey/install/hockey_msgs/lib/libhockey_msgs__rosidl_generator_c.so
[6.809s] -- Up-to-date: /home/ubuntu/PucksInDeep/RPi/rosHockey/install/hockey_msgs/include/hockey_msgs
[6.813s] -- Up-to-date: /home/ubuntu/PucksInDeep/RPi/rosHockey/install/hockey_msgs/include/hockey_msgs/msg
[6.819s] -- Up-to-date: /home/ubuntu/PucksInDeep/RPi/rosHockey/install/hockey_msgs/include/hockey_msgs/msg/detail
[6.820s] -- Up-to-date: /home/ubuntu/PucksInDeep/RPi/rosHockey/install/hockey_msgs/include/hockey_msgs/msg/detail/mallet_pos__rosidl_typesupport_fastrtps_c.h
[6.824s] -- Up-to-date: /home/ubuntu/PucksInDeep/RPi/rosHockey/install/hockey_msgs/include/hockey_msgs/msg/detail/puck_status__rosidl_typesupport_fastrtps_c.h
[6.832s] -- Up-to-date: /home/ubuntu/PucksInDeep/RPi/rosHockey/install/hockey_msgs/include/hockey_msgs/msg/rosidl_typesupport_fastrtps_c__visibility_control.h
[6.845s] -- Up-to-date: /home/ubuntu/PucksInDeep/RPi/rosHockey/install/hockey_msgs/lib/libhockey_msgs__rosidl_typesupport_fastrtps_c.so
[6.849s] -- Up-to-date: /home/ubuntu/PucksInDeep/RPi/rosHockey/install/hockey_msgs/include/hockey_msgs
[6.853s] -- Up-to-date: /home/ubuntu/PucksInDeep/RPi/rosHockey/install/hockey_msgs/include/hockey_msgs/msg
[6.857s] -- Up-to-date: /home/ubuntu/PucksInDeep/RPi/rosHockey/install/hockey_msgs/include/hockey_msgs/msg/detail
[6.861s] -- Up-to-date: /home/ubuntu/PucksInDeep/RPi/rosHockey/install/hockey_msgs/include/hockey_msgs/msg/detail/puck_status__rosidl_typesupport_fastrtps_cpp.hpp
[6.866s] -- Up-to-date: /home/ubuntu/PucksInDeep/RPi/rosHockey/install/hockey_msgs/include/hockey_msgs/msg/detail/dds_fastrtps
[6.874s] -- Up-to-date: /home/ubuntu/PucksInDeep/RPi/rosHockey/install/hockey_msgs/include/hockey_msgs/msg/detail/mallet_pos__rosidl_typesupport_fastrtps_cpp.hpp
[6.878s] -- Up-to-date: /home/ubuntu/PucksInDeep/RPi/rosHockey/install/hockey_msgs/include/hockey_msgs/msg/rosidl_typesupport_fastrtps_cpp__visibility_control.h
[6.884s] -- Up-to-date: /home/ubuntu/PucksInDeep/RPi/rosHockey/install/hockey_msgs/lib/libhockey_msgs__rosidl_typesupport_fastrtps_cpp.so
[6.888s] -- Up-to-date: /home/ubuntu/PucksInDeep/RPi/rosHockey/install/hockey_msgs/include/hockey_msgs
[6.891s] -- Up-to-date: /home/ubuntu/PucksInDeep/RPi/rosHockey/install/hockey_msgs/include/hockey_msgs/msg
[6.894s] -- Up-to-date: /home/ubuntu/PucksInDeep/RPi/rosHockey/install/hockey_msgs/include/hockey_msgs/msg/detail
[6.898s] -- Up-to-date: /home/ubuntu/PucksInDeep/RPi/rosHockey/install/hockey_msgs/include/hockey_msgs/msg/detail/puck_status__rosidl_typesupport_introspection_c.h
[6.902s] -- Up-to-date: /home/ubuntu/PucksInDeep/RPi/rosHockey/install/hockey_msgs/include/hockey_msgs/msg/detail/mallet_pos__rosidl_typesupport_introspection_c.h
[6.911s] -- Up-to-date: /home/ubuntu/PucksInDeep/RPi/rosHockey/install/hockey_msgs/include/hockey_msgs/msg/detail/mallet_pos__type_support.c
[6.917s] -- Up-to-date: /home/ubuntu/PucksInDeep/RPi/rosHockey/install/hockey_msgs/include/hockey_msgs/msg/detail/puck_status__type_support.c
[6.922s] -- Up-to-date: /home/ubuntu/PucksInDeep/RPi/rosHockey/install/hockey_msgs/include/hockey_msgs/msg/rosidl_typesupport_introspection_c__visibility_control.h
[6.926s] -- Up-to-date: /home/ubuntu/PucksInDeep/RPi/rosHockey/install/hockey_msgs/lib/libhockey_msgs__rosidl_typesupport_introspection_c.so
[6.930s] -- Up-to-date: /home/ubuntu/PucksInDeep/RPi/rosHockey/install/hockey_msgs/lib/libhockey_msgs__rosidl_typesupport_c.so
[6.947s] -- Up-to-date: /home/ubuntu/PucksInDeep/RPi/rosHockey/install/hockey_msgs/include/hockey_msgs
[6.950s] -- Up-to-date: /home/ubuntu/PucksInDeep/RPi/rosHockey/install/hockey_msgs/include/hockey_msgs/msg
[6.956s] -- Up-to-date: /home/ubuntu/PucksInDeep/RPi/rosHockey/install/hockey_msgs/include/hockey_msgs/msg/detail
[6.958s] -- Up-to-date: /home/ubuntu/PucksInDeep/RPi/rosHockey/install/hockey_msgs/include/hockey_msgs/msg/detail/puck_status__struct.hpp
[6.962s] -- Up-to-date: /home/ubuntu/PucksInDeep/RPi/rosHockey/install/hockey_msgs/include/hockey_msgs/msg/detail/mallet_pos__traits.hpp
[6.966s] -- Up-to-date: /home/ubuntu/PucksInDeep/RPi/rosHockey/install/hockey_msgs/include/hockey_msgs/msg/detail/mallet_pos__struct.hpp
[6.968s] -- Up-to-date: /home/ubuntu/PucksInDeep/RPi/rosHockey/install/hockey_msgs/include/hockey_msgs/msg/detail/puck_status__traits.hpp
[6.970s] -- Up-to-date: /home/ubuntu/PucksInDeep/RPi/rosHockey/install/hockey_msgs/include/hockey_msgs/msg/detail/mallet_pos__builder.hpp
[6.974s] -- Up-to-date: /home/ubuntu/PucksInDeep/RPi/rosHockey/install/hockey_msgs/include/hockey_msgs/msg/detail/puck_status__builder.hpp
[6.976s] -- Up-to-date: /home/ubuntu/PucksInDeep/RPi/rosHockey/install/hockey_msgs/include/hockey_msgs/msg/mallet_pos.hpp
[6.978s] -- Up-to-date: /home/ubuntu/PucksInDeep/RPi/rosHockey/install/hockey_msgs/include/hockey_msgs/msg/puck_status.hpp
[6.979s] -- Up-to-date: /home/ubuntu/PucksInDeep/RPi/rosHockey/install/hockey_msgs/include/hockey_msgs
[6.981s] -- Up-to-date: /home/ubuntu/PucksInDeep/RPi/rosHockey/install/hockey_msgs/include/hockey_msgs/msg
[6.983s] -- Up-to-date: /home/ubuntu/PucksInDeep/RPi/rosHockey/install/hockey_msgs/include/hockey_msgs/msg/detail
[6.984s] -- Up-to-date: /home/ubuntu/PucksInDeep/RPi/rosHockey/install/hockey_msgs/include/hockey_msgs/msg/detail/puck_status__rosidl_typesupport_introspection_cpp.hpp
[6.986s] -- Up-to-date: /home/ubuntu/PucksInDeep/RPi/rosHockey/install/hockey_msgs/include/hockey_msgs/msg/detail/puck_status__type_support.cpp
[6.988s] -- Up-to-date: /home/ubuntu/PucksInDeep/RPi/rosHockey/install/hockey_msgs/include/hockey_msgs/msg/detail/mallet_pos__type_support.cpp
[6.990s] -- Up-to-date: /home/ubuntu/PucksInDeep/RPi/rosHockey/install/hockey_msgs/include/hockey_msgs/msg/detail/mallet_pos__rosidl_typesupport_introspection_cpp.hpp
[6.992s] -- Up-to-date: /home/ubuntu/PucksInDeep/RPi/rosHockey/install/hockey_msgs/lib/libhockey_msgs__rosidl_typesupport_introspection_cpp.so
[6.994s] -- Up-to-date: /home/ubuntu/PucksInDeep/RPi/rosHockey/install/hockey_msgs/lib/libhockey_msgs__rosidl_typesupport_cpp.so
[6.996s] -- Up-to-date: /home/ubuntu/PucksInDeep/RPi/rosHockey/install/hockey_msgs/share/hockey_msgs/environment/pythonpath.sh
[6.997s] -- Up-to-date: /home/ubuntu/PucksInDeep/RPi/rosHockey/install/hockey_msgs/share/hockey_msgs/environment/pythonpath.dsv
[6.999s] -- Up-to-date: /home/ubuntu/PucksInDeep/RPi/rosHockey/install/hockey_msgs/lib/python3.8/site-packages/hockey_msgs/__init__.py
[7.401s] -- Up-to-date: /home/ubuntu/PucksInDeep/RPi/rosHockey/install/hockey_msgs/lib/python3.8/site-packages/hockey_msgs/msg
[7.403s] -- Up-to-date: /home/ubuntu/PucksInDeep/RPi/rosHockey/install/hockey_msgs/lib/python3.8/site-packages/hockey_msgs/msg/_puck_status_s.c
[7.403s] -- Up-to-date: /home/ubuntu/PucksInDeep/RPi/rosHockey/install/hockey_msgs/lib/python3.8/site-packages/hockey_msgs/msg/__init__.py
[7.404s] -- Up-to-date: /home/ubuntu/PucksInDeep/RPi/rosHockey/install/hockey_msgs/lib/python3.8/site-packages/hockey_msgs/msg/_mallet_pos_s.c
[7.405s] -- Up-to-date: /home/ubuntu/PucksInDeep/RPi/rosHockey/install/hockey_msgs/lib/python3.8/site-packages/hockey_msgs/msg/_puck_status.py
[7.407s] -- Up-to-date: /home/ubuntu/PucksInDeep/RPi/rosHockey/install/hockey_msgs/lib/python3.8/site-packages/hockey_msgs/msg/_mallet_pos.py
[7.408s] -- Up-to-date: /home/ubuntu/PucksInDeep/RPi/rosHockey/install/hockey_msgs/lib/python3.8/site-packages/hockey_msgs/hockey_msgs_s__rosidl_typesupport_fastrtps_c.cpython-38-aarch64-linux-gnu.so
[7.411s] -- Up-to-date: /home/ubuntu/PucksInDeep/RPi/rosHockey/install/hockey_msgs/lib/python3.8/site-packages/hockey_msgs/hockey_msgs_s__rosidl_typesupport_introspection_c.cpython-38-aarch64-linux-gnu.so
[7.425s] -- Up-to-date: /home/ubuntu/PucksInDeep/RPi/rosHockey/install/hockey_msgs/lib/python3.8/site-packages/hockey_msgs/hockey_msgs_s__rosidl_typesupport_c.cpython-38-aarch64-linux-gnu.so
[7.430s] -- Up-to-date: /home/ubuntu/PucksInDeep/RPi/rosHockey/install/hockey_msgs/lib/libhockey_msgs__python.so
[7.433s] -- Up-to-date: /home/ubuntu/PucksInDeep/RPi/rosHockey/install/hockey_msgs/share/hockey_msgs/msg/MalletPos.idl
[7.434s] -- Up-to-date: /home/ubuntu/PucksInDeep/RPi/rosHockey/install/hockey_msgs/share/hockey_msgs/msg/PuckStatus.idl
[7.436s] -- Up-to-date: /home/ubuntu/PucksInDeep/RPi/rosHockey/install/hockey_msgs/share/hockey_msgs/msg/MalletPos.msg
[7.446s] -- Up-to-date: /home/ubuntu/PucksInDeep/RPi/rosHockey/install/hockey_msgs/share/hockey_msgs/msg/PuckStatus.msg
[7.447s] -- Up-to-date: /home/ubuntu/PucksInDeep/RPi/rosHockey/install/hockey_msgs/share/ament_index/resource_index/package_run_dependencies/hockey_msgs
[7.448s] -- Up-to-date: /home/ubuntu/PucksInDeep/RPi/rosHockey/install/hockey_msgs/share/ament_index/resource_index/parent_prefix_path/hockey_msgs
[7.448s] -- Up-to-date: /home/ubuntu/PucksInDeep/RPi/rosHockey/install/hockey_msgs/share/hockey_msgs/environment/ament_prefix_path.sh
[7.449s] -- Up-to-date: /home/ubuntu/PucksInDeep/RPi/rosHockey/install/hockey_msgs/share/hockey_msgs/environment/ament_prefix_path.dsv
[7.450s] -- Up-to-date: /home/ubuntu/PucksInDeep/RPi/rosHockey/install/hockey_msgs/share/hockey_msgs/environment/path.sh
[7.450s] -- Up-to-date: /home/ubuntu/PucksInDeep/RPi/rosHockey/install/hockey_msgs/share/hockey_msgs/environment/path.dsv
[7.457s] -- Up-to-date: /home/ubuntu/PucksInDeep/RPi/rosHockey/install/hockey_msgs/share/hockey_msgs/local_setup.bash
[7.466s] -- Up-to-date: /home/ubuntu/PucksInDeep/RPi/rosHockey/install/hockey_msgs/share/hockey_msgs/local_setup.sh
[7.469s] -- Up-to-date: /home/ubuntu/PucksInDeep/RPi/rosHockey/install/hockey_msgs/share/hockey_msgs/local_setup.zsh
[7.471s] -- Up-to-date: /home/ubuntu/PucksInDeep/RPi/rosHockey/install/hockey_msgs/share/hockey_msgs/local_setup.dsv
[7.474s] -- Installing: /home/ubuntu/PucksInDeep/RPi/rosHockey/install/hockey_msgs/share/hockey_msgs/package.dsv
[7.476s] -- Up-to-date: /home/ubuntu/PucksInDeep/RPi/rosHockey/install/hockey_msgs/share/ament_index/resource_index/packages/hockey_msgs
[7.477s] -- Up-to-date: /home/ubuntu/PucksInDeep/RPi/rosHockey/install/hockey_msgs/share/hockey_msgs/cmake/hockey_msgs__rosidl_generator_cExport.cmake
[7.486s] -- Up-to-date: /home/ubuntu/PucksInDeep/RPi/rosHockey/install/hockey_msgs/share/hockey_msgs/cmake/hockey_msgs__rosidl_generator_cExport-noconfig.cmake
[7.489s] -- Up-to-date: /home/ubuntu/PucksInDeep/RPi/rosHockey/install/hockey_msgs/share/hockey_msgs/cmake/hockey_msgs__rosidl_typesupport_introspection_cExport.cmake
[7.492s] -- Up-to-date: /home/ubuntu/PucksInDeep/RPi/rosHockey/install/hockey_msgs/share/hockey_msgs/cmake/hockey_msgs__rosidl_typesupport_introspection_cExport-noconfig.cmake
[7.498s] -- Up-to-date: /home/ubuntu/PucksInDeep/RPi/rosHockey/install/hockey_msgs/share/hockey_msgs/cmake/hockey_msgs__rosidl_typesupport_cExport.cmake
[7.501s] -- Up-to-date: /home/ubuntu/PucksInDeep/RPi/rosHockey/install/hockey_msgs/share/hockey_msgs/cmake/hockey_msgs__rosidl_typesupport_cExport-noconfig.cmake
[7.517s] -- Up-to-date: /home/ubuntu/PucksInDeep/RPi/rosHockey/install/hockey_msgs/share/hockey_msgs/cmake/hockey_msgs__rosidl_generator_cppExport.cmake
[7.523s] -- Up-to-date: /home/ubuntu/PucksInDeep/RPi/rosHockey/install/hockey_msgs/share/hockey_msgs/cmake/hockey_msgs__rosidl_typesupport_introspection_cppExport.cmake
[7.524s] -- Up-to-date: /home/ubuntu/PucksInDeep/RPi/rosHockey/install/hockey_msgs/share/hockey_msgs/cmake/hockey_msgs__rosidl_typesupport_introspection_cppExport-noconfig.cmake
[7.525s] -- Up-to-date: /home/ubuntu/PucksInDeep/RPi/rosHockey/install/hockey_msgs/share/hockey_msgs/cmake/hockey_msgs__rosidl_typesupport_cppExport.cmake
[7.526s] -- Up-to-date: /home/ubuntu/PucksInDeep/RPi/rosHockey/install/hockey_msgs/share/hockey_msgs/cmake/hockey_msgs__rosidl_typesupport_cppExport-noconfig.cmake
[7.526s] -- Up-to-date: /home/ubuntu/PucksInDeep/RPi/rosHockey/install/hockey_msgs/share/hockey_msgs/cmake/rosidl_cmake-extras.cmake
[7.527s] -- Up-to-date: /home/ubuntu/PucksInDeep/RPi/rosHockey/install/hockey_msgs/share/hockey_msgs/cmake/ament_cmake_export_dependencies-extras.cmake
[7.528s] -- Up-to-date: /home/ubuntu/PucksInDeep/RPi/rosHockey/install/hockey_msgs/share/hockey_msgs/cmake/ament_cmake_export_libraries-extras.cmake
[7.529s] -- Up-to-date: /home/ubuntu/PucksInDeep/RPi/rosHockey/install/hockey_msgs/share/hockey_msgs/cmake/ament_cmake_export_targets-extras.cmake
[7.529s] -- Up-to-date: /home/ubuntu/PucksInDeep/RPi/rosHockey/install/hockey_msgs/share/hockey_msgs/cmake/ament_cmake_export_include_directories-extras.cmake
[7.530s] -- Up-to-date: /home/ubuntu/PucksInDeep/RPi/rosHockey/install/hockey_msgs/share/hockey_msgs/cmake/rosidl_cmake_export_typesupport_libraries-extras.cmake
[7.543s] -- Up-to-date: /home/ubuntu/PucksInDeep/RPi/rosHockey/install/hockey_msgs/share/hockey_msgs/cmake/rosidl_cmake_export_typesupport_targets-extras.cmake
[7.544s] -- Up-to-date: /home/ubuntu/PucksInDeep/RPi/rosHockey/install/hockey_msgs/share/hockey_msgs/cmake/hockey_msgsConfig.cmake
[7.545s] -- Up-to-date: /home/ubuntu/PucksInDeep/RPi/rosHockey/install/hockey_msgs/share/hockey_msgs/cmake/hockey_msgsConfig-version.cmake
[7.546s] -- Up-to-date: /home/ubuntu/PucksInDeep/RPi/rosHockey/install/hockey_msgs/share/hockey_msgs/package.xml
[7.547s] Invoked command in '/home/ubuntu/PucksInDeep/RPi/rosHockey/build/hockey_msgs' returned '0': /usr/bin/cmake --install /home/ubuntu/PucksInDeep/RPi/rosHockey/build/hockey_msgs
