[0.019s] Invoking command in '/home/fizzer/PucksInDeep/build/bp_coms_cpp': CMAKE_PREFIX_PATH=${CMAKE_PREFIX_PATH}:/home/fizzer/PucksInDeep/RPi/rosHockey/install/qt_gui:/home/fizzer/PucksInDeep/RPi/rosHockey/install/bp_coms:/home/fizzer/PucksInDeep/RPi/rosHockey/install/HLC:/opt/ros/foxy /usr/bin/cmake --build /home/fizzer/PucksInDeep/build/bp_coms_cpp -- -j4 -l4
[0.083s] [35m[1mScanning dependencies of target bp_coms[0m
[0.117s] [ 50%] [32mBuilding CXX object CMakeFiles/bp_coms.dir/src/bp_coms.cpp.o[0m
[1.765s] [01m[K/home/fizzer/PucksInDeep/RPi/rosHockey/bp_coms_cpp/src/bp_coms.cpp:[m[K In member function ‘[01m[Kvoid BpComm::initialize()[m[K’:
[1.765s] [01m[K/home/fizzer/PucksInDeep/RPi/rosHockey/bp_coms_cpp/src/bp_coms.cpp:77:24:[m[K [01;31m[Kerror: [m[Kexpected ‘[01m[K;[m[K’ before ‘[01m[K}[m[K’ token
[1.765s]    77 |                 count++
[1.765s]       |                        [01;31m[K^[m[K
[1.765s]       |                        [32m[K;[m[K
[1.765s]    78 |             [32m[K}[m[K
[1.766s]       |             [32m[K~[m[K           
[1.783s] [01m[K/home/fizzer/PucksInDeep/RPi/rosHockey/bp_coms_cpp/src/bp_coms.cpp:[m[K In member function ‘[01m[Kvoid BpComm::write_bp(hockey_msgs::msg::NextPath_<std::allocator<void> >::SharedPtr)[m[K’:
[1.783s] [01m[K/home/fizzer/PucksInDeep/RPi/rosHockey/bp_coms_cpp/src/bp_coms.cpp:129:26:[m[K [01;35m[Kwarning: [m[Knarrowing conversion of ‘[01m[K(hockey_msgs::msg::NextPath_<std::allocator<void> >::_x_type)msg.hockey_msgs::msg::NextPath_<std::allocator<void> >::x[m[K’ from ‘[01m[Khockey_msgs::msg::NextPath_<std::allocator<void> >::_x_type[m[K’ {aka ‘[01m[Kdouble[m[K’} to ‘[01m[Kfloat[m[K’ [[01;35m[K-Wnarrowing[m[K]
[1.784s]   129 |     float vals[7] = {[01;35m[Kmsg.x[m[K, msg.y, msg.vx, msg.vy, msg.ax, msg.ay, msg.t};
[1.784s]       |                      [01;35m[K~~~~^[m[K
[1.784s] [01m[K/home/fizzer/PucksInDeep/RPi/rosHockey/bp_coms_cpp/src/bp_coms.cpp:129:33:[m[K [01;35m[Kwarning: [m[Knarrowing conversion of ‘[01m[K(hockey_msgs::msg::NextPath_<std::allocator<void> >::_y_type)msg.hockey_msgs::msg::NextPath_<std::allocator<void> >::y[m[K’ from ‘[01m[Khockey_msgs::msg::NextPath_<std::allocator<void> >::_y_type[m[K’ {aka ‘[01m[Kdouble[m[K’} to ‘[01m[Kfloat[m[K’ [[01;35m[K-Wnarrowing[m[K]
[1.784s]   129 |     float vals[7] = {msg.x, [01;35m[Kmsg.y[m[K, msg.vx, msg.vy, msg.ax, msg.ay, msg.t};
[1.784s]       |                             [01;35m[K~~~~^[m[K
[1.784s] [01m[K/home/fizzer/PucksInDeep/RPi/rosHockey/bp_coms_cpp/src/bp_coms.cpp:129:40:[m[K [01;35m[Kwarning: [m[Knarrowing conversion of ‘[01m[K(hockey_msgs::msg::NextPath_<std::allocator<void> >::_vx_type)msg.hockey_msgs::msg::NextPath_<std::allocator<void> >::vx[m[K’ from ‘[01m[Khockey_msgs::msg::NextPath_<std::allocator<void> >::_vx_type[m[K’ {aka ‘[01m[Kdouble[m[K’} to ‘[01m[Kfloat[m[K’ [[01;35m[K-Wnarrowing[m[K]
[1.784s]   129 |     float vals[7] = {msg.x, msg.y, [01;35m[Kmsg.vx[m[K, msg.vy, msg.ax, msg.ay, msg.t};
[1.784s]       |                                    [01;35m[K~~~~^~[m[K
[1.784s] [01m[K/home/fizzer/PucksInDeep/RPi/rosHockey/bp_coms_cpp/src/bp_coms.cpp:129:48:[m[K [01;35m[Kwarning: [m[Knarrowing conversion of ‘[01m[K(hockey_msgs::msg::NextPath_<std::allocator<void> >::_vy_type)msg.hockey_msgs::msg::NextPath_<std::allocator<void> >::vy[m[K’ from ‘[01m[Khockey_msgs::msg::NextPath_<std::allocator<void> >::_vy_type[m[K’ {aka ‘[01m[Kdouble[m[K’} to ‘[01m[Kfloat[m[K’ [[01;35m[K-Wnarrowing[m[K]
[1.784s]   129 |     float vals[7] = {msg.x, msg.y, msg.vx, [01;35m[Kmsg.vy[m[K, msg.ax, msg.ay, msg.t};
[1.785s]       |                                            [01;35m[K~~~~^~[m[K
[1.785s] [01m[K/home/fizzer/PucksInDeep/RPi/rosHockey/bp_coms_cpp/src/bp_coms.cpp:129:56:[m[K [01;35m[Kwarning: [m[Knarrowing conversion of ‘[01m[K(hockey_msgs::msg::NextPath_<std::allocator<void> >::_ax_type)msg.hockey_msgs::msg::NextPath_<std::allocator<void> >::ax[m[K’ from ‘[01m[Khockey_msgs::msg::NextPath_<std::allocator<void> >::_ax_type[m[K’ {aka ‘[01m[Kdouble[m[K’} to ‘[01m[Kfloat[m[K’ [[01;35m[K-Wnarrowing[m[K]
[1.785s]   129 |     float vals[7] = {msg.x, msg.y, msg.vx, msg.vy, [01;35m[Kmsg.ax[m[K, msg.ay, msg.t};
[1.785s]       |                                                    [01;35m[K~~~~^~[m[K
[1.785s] [01m[K/home/fizzer/PucksInDeep/RPi/rosHockey/bp_coms_cpp/src/bp_coms.cpp:129:64:[m[K [01;35m[Kwarning: [m[Knarrowing conversion of ‘[01m[K(hockey_msgs::msg::NextPath_<std::allocator<void> >::_ay_type)msg.hockey_msgs::msg::NextPath_<std::allocator<void> >::ay[m[K’ from ‘[01m[Khockey_msgs::msg::NextPath_<std::allocator<void> >::_ay_type[m[K’ {aka ‘[01m[Kdouble[m[K’} to ‘[01m[Kfloat[m[K’ [[01;35m[K-Wnarrowing[m[K]
[1.785s]   129 |     float vals[7] = {msg.x, msg.y, msg.vx, msg.vy, msg.ax, [01;35m[Kmsg.ay[m[K, msg.t};
[1.785s]       |                                                            [01;35m[K~~~~^~[m[K
[1.785s] [01m[K/home/fizzer/PucksInDeep/RPi/rosHockey/bp_coms_cpp/src/bp_coms.cpp:129:72:[m[K [01;35m[Kwarning: [m[Knarrowing conversion of ‘[01m[K(hockey_msgs::msg::NextPath_<std::allocator<void> >::_t_type)msg.hockey_msgs::msg::NextPath_<std::allocator<void> >::t[m[K’ from ‘[01m[Khockey_msgs::msg::NextPath_<std::allocator<void> >::_t_type[m[K’ {aka ‘[01m[Kdouble[m[K’} to ‘[01m[Kfloat[m[K’ [[01;35m[K-Wnarrowing[m[K]
[1.785s]   129 |     float vals[7] = {msg.x, msg.y, msg.vx, msg.vy, msg.ax, msg.ay, [01;35m[Kmsg.t[m[K};
[1.785s]       |                                                                    [01;35m[K~~~~^[m[K
[3.770s] make[2]: *** [CMakeFiles/bp_coms.dir/build.make:63: CMakeFiles/bp_coms.dir/src/bp_coms.cpp.o] Error 1
[3.771s] make[1]: *** [CMakeFiles/Makefile2:105: CMakeFiles/bp_coms.dir/all] Error 2
[3.771s] make: *** [Makefile:141: all] Error 2
[3.773s] Invoked command in '/home/fizzer/PucksInDeep/build/bp_coms_cpp' returned '2': CMAKE_PREFIX_PATH=${CMAKE_PREFIX_PATH}:/home/fizzer/PucksInDeep/RPi/rosHockey/install/qt_gui:/home/fizzer/PucksInDeep/RPi/rosHockey/install/bp_coms:/home/fizzer/PucksInDeep/RPi/rosHockey/install/HLC:/opt/ros/foxy /usr/bin/cmake --build /home/fizzer/PucksInDeep/build/bp_coms_cpp -- -j4 -l4
