running develop
running egg_info
creating ID_tool.egg-info
writing ID_tool.egg-info/PKG-INFO
writing dependency_links to ID_tool.egg-info/dependency_links.txt
writing entry points to ID_tool.egg-info/entry_points.txt
writing requirements to ID_tool.egg-info/requires.txt
writing top-level names to ID_tool.egg-info/top_level.txt
writing manifest file 'ID_tool.egg-info/SOURCES.txt'
reading manifest file 'ID_tool.egg-info/SOURCES.txt'
writing manifest file 'ID_tool.egg-info/SOURCES.txt'
running build_ext
Creating /home/pham/PucksInDeep/install/ID_tool/lib/python3.8/site-packages/site.py
Creating /home/pham/PucksInDeep/install/ID_tool/lib/python3.8/site-packages/ID-tool.egg-link (link to .)
Installing ID_tool script to /home/pham/PucksInDeep/install/ID_tool/lib/ID_tool

Installed /home/pham/PucksInDeep/build/ID_tool
running install_data
creating /home/pham/PucksInDeep/install/ID_tool/share/ament_index
creating /home/pham/PucksInDeep/install/ID_tool/share/ament_index/resource_index
creating /home/pham/PucksInDeep/install/ID_tool/share/ament_index/resource_index/packages
copying resource/ID_tool -> /home/pham/PucksInDeep/install/ID_tool/share/ament_index/resource_index/packages
copying package.xml -> /home/pham/PucksInDeep/install/ID_tool/share/ID_tool
