[4.790s] Invoking command in '/home/ubuntu/PucksInDeep/RPi/rosHockey/visualizer': PYTHONPATH=/home/ubuntu/PucksInDeep/RPi/rosHockey/install/visualizer/lib/python3.8/site-packages: /usr/bin/python3 setup.py egg_info --egg-base ../build/visualizer build --build-base /home/ubuntu/PucksInDeep/RPi/rosHockey/build/visualizer/build install --prefix /home/ubuntu/PucksInDeep/RPi/rosHockey/install/visualizer --record /home/ubuntu/PucksInDeep/RPi/rosHockey/build/visualizer/install.log --single-version-externally-managed
[6.192s] running egg_info
[6.195s] writing ../build/visualizer/visualizer.egg-info/PKG-INFO
[6.196s] writing dependency_links to ../build/visualizer/visualizer.egg-info/dependency_links.txt
[6.198s] writing entry points to ../build/visualizer/visualizer.egg-info/entry_points.txt
[6.199s] writing requirements to ../build/visualizer/visualizer.egg-info/requires.txt
[6.200s] writing top-level names to ../build/visualizer/visualizer.egg-info/top_level.txt
[6.374s] reading manifest file '../build/visualizer/visualizer.egg-info/SOURCES.txt'
[6.377s] writing manifest file '../build/visualizer/visualizer.egg-info/SOURCES.txt'
[6.378s] running build
[6.379s] running build_py
[6.380s] running install
[6.384s] running install_lib
[6.395s] running install_data
[6.396s] running install_egg_info
[6.403s] removing '/home/ubuntu/PucksInDeep/RPi/rosHockey/install/visualizer/lib/python3.8/site-packages/visualizer-0.0.0-py3.8.egg-info' (and everything under it)
[6.406s] Copying ../build/visualizer/visualizer.egg-info to /home/ubuntu/PucksInDeep/RPi/rosHockey/install/visualizer/lib/python3.8/site-packages/visualizer-0.0.0-py3.8.egg-info
[6.413s] running install_scripts
[6.513s] Installing sub script to /home/ubuntu/PucksInDeep/RPi/rosHockey/install/visualizer/lib/visualizer
[6.514s] Installing viz script to /home/ubuntu/PucksInDeep/RPi/rosHockey/install/visualizer/lib/visualizer
[6.516s] writing list of installed files to '/home/ubuntu/PucksInDeep/RPi/rosHockey/build/visualizer/install.log'
[6.637s] Invoked command in '/home/ubuntu/PucksInDeep/RPi/rosHockey/visualizer' returned '0': PYTHONPATH=/home/ubuntu/PucksInDeep/RPi/rosHockey/install/visualizer/lib/python3.8/site-packages: /usr/bin/python3 setup.py egg_info --egg-base ../build/visualizer build --build-base /home/ubuntu/PucksInDeep/RPi/rosHockey/build/visualizer/build install --prefix /home/ubuntu/PucksInDeep/RPi/rosHockey/install/visualizer --record /home/ubuntu/PucksInDeep/RPi/rosHockey/build/visualizer/install.log --single-version-externally-managed
