[35m[1mScanning dependencies of target bp_coms[0m
[ 50%] [32mBuilding CXX object CMakeFiles/bp_coms.dir/src/bp_coms.cpp.o[0m
[100%] [32m[1mLinking CXX executable bp_coms[0m
[100%] Built target bp_coms
-- Install configuration: ""
-- Installing: /home/fizzer/PucksInDeep/install/bp_coms_cpp/lib/bp_coms_cpp/bp_coms
-- Set runtime path of "/home/fizzer/PucksInDeep/install/bp_coms_cpp/lib/bp_coms_cpp/bp_coms" to ""
-- Installing: /home/fizzer/PucksInDeep/install/bp_coms_cpp/share/ament_index/resource_index/package_run_dependencies/bp_coms_cpp
-- Installing: /home/fizzer/PucksInDeep/install/bp_coms_cpp/share/ament_index/resource_index/parent_prefix_path/bp_coms_cpp
-- Installing: /home/fizzer/PucksInDeep/install/bp_coms_cpp/share/bp_coms_cpp/environment/ament_prefix_path.sh
-- Installing: /home/fizzer/PucksInDeep/install/bp_coms_cpp/share/bp_coms_cpp/environment/ament_prefix_path.dsv
-- Installing: /home/fizzer/PucksInDeep/install/bp_coms_cpp/share/bp_coms_cpp/environment/path.sh
-- Installing: /home/fizzer/PucksInDeep/install/bp_coms_cpp/share/bp_coms_cpp/environment/path.dsv
-- Installing: /home/fizzer/PucksInDeep/install/bp_coms_cpp/share/bp_coms_cpp/local_setup.bash
-- Installing: /home/fizzer/PucksInDeep/install/bp_coms_cpp/share/bp_coms_cpp/local_setup.sh
-- Installing: /home/fizzer/PucksInDeep/install/bp_coms_cpp/share/bp_coms_cpp/local_setup.zsh
-- Installing: /home/fizzer/PucksInDeep/install/bp_coms_cpp/share/bp_coms_cpp/local_setup.dsv
-- Installing: /home/fizzer/PucksInDeep/install/bp_coms_cpp/share/bp_coms_cpp/package.dsv
-- Installing: /home/fizzer/PucksInDeep/install/bp_coms_cpp/share/ament_index/resource_index/packages/bp_coms_cpp
-- Installing: /home/fizzer/PucksInDeep/install/bp_coms_cpp/share/bp_coms_cpp/cmake/bp_coms_cppConfig.cmake
-- Installing: /home/fizzer/PucksInDeep/install/bp_coms_cpp/share/bp_coms_cpp/cmake/bp_coms_cppConfig-version.cmake
-- Installing: /home/fizzer/PucksInDeep/install/bp_coms_cpp/share/bp_coms_cpp/package.xml
