running develop
running egg_info
creating hockey_gui.egg-info
writing hockey_gui.egg-info/PKG-INFO
writing dependency_links to hockey_gui.egg-info/dependency_links.txt
writing entry points to hockey_gui.egg-info/entry_points.txt
writing requirements to hockey_gui.egg-info/requires.txt
writing top-level names to hockey_gui.egg-info/top_level.txt
writing manifest file 'hockey_gui.egg-info/SOURCES.txt'
reading manifest file 'hockey_gui.egg-info/SOURCES.txt'
writing manifest file 'hockey_gui.egg-info/SOURCES.txt'
running build_ext
Creating /home/pham/PucksInDeep/install/hockey_gui/lib/python3.8/site-packages/site.py
Creating /home/pham/PucksInDeep/install/hockey_gui/lib/python3.8/site-packages/hockey-gui.egg-link (link to .)
Installing main script to /home/pham/PucksInDeep/install/hockey_gui/lib/hockey_gui

Installed /home/pham/PucksInDeep/build/hockey_gui
running install_data
creating /home/pham/PucksInDeep/install/hockey_gui/share/ament_index
creating /home/pham/PucksInDeep/install/hockey_gui/share/ament_index/resource_index
creating /home/pham/PucksInDeep/install/hockey_gui/share/ament_index/resource_index/packages
copying resource/hockey_gui -> /home/pham/PucksInDeep/install/hockey_gui/share/ament_index/resource_index/packages
copying package.xml -> /home/pham/PucksInDeep/install/hockey_gui/share/hockey_gui
