-- Found ament_cmake: 0.9.9 (/opt/ros/foxy/share/ament_cmake/cmake)
-- Found PythonInterp: /usr/bin/python3 (found suitable version "3.8.10", minimum required is "3") 
-- Using PYTHON_EXECUTABLE: /usr/bin/python3
-- Found ament_lint_auto: 0.9.6 (/opt/ros/foxy/share/ament_lint_auto/cmake)
-- Found rosidl_default_generators: 1.0.1 (/opt/ros/foxy/share/rosidl_default_generators/cmake)
-- Using all available rosidl_typesupport_c: rosidl_typesupport_fastrtps_c;rosidl_typesupport_introspection_c
-- Found rosidl_adapter: 1.2.1 (/opt/ros/foxy/share/rosidl_adapter/cmake)
-- Found OpenSSL: /usr/lib/aarch64-linux-gnu/libcrypto.so (found version "1.1.1f")  
-- Found FastRTPS: /opt/ros/foxy/include  
-- Using all available rosidl_typesupport_cpp: rosidl_typesupport_fastrtps_cpp;rosidl_typesupport_introspection_cpp
-- Found PythonInterp: /usr/bin/python3 (found version "3.8.10") 
-- Found ament_cmake_ros: 0.9.2 (/opt/ros/foxy/share/ament_cmake_ros/cmake)
-- Using all available rosidl_typesupport_c: rosidl_typesupport_fastrtps_c;rosidl_typesupport_introspection_c
-- Using all available rosidl_typesupport_cpp: rosidl_typesupport_fastrtps_cpp;rosidl_typesupport_introspection_cpp
-- Found PythonInterp: /usr/bin/python3 (found suitable version "3.8.10", minimum required is "3.5") 
-- Found python_cmake_module: 0.8.1 (/opt/ros/foxy/share/python_cmake_module/cmake)
-- Found PythonLibs: /usr/lib/aarch64-linux-gnu/libpython3.8.so (found suitable version "3.8.10", minimum required is "3.5") 
-- Using PYTHON_EXECUTABLE: /usr/bin/python3
-- Using PYTHON_INCLUDE_DIRS: /usr/include/python3.8
-- Using PYTHON_LIBRARIES: /usr/lib/aarch64-linux-gnu/libpython3.8.so
-- Found PythonExtra: .so  
-- Added test 'copyright' to check source files copyright and LICENSE
-- Added test 'lint_cmake' to check CMake code style
-- Added test 'xmllint' to check XML markup files
-- Configuring done
-- Generating done
-- Build files have been written to: /home/ubuntu/PucksInDeep/RPi/rosHockey/build/hockey_msgs
[35m[1mScanning dependencies of target hockey_msgs__cpp[0m
[  3%] [34m[1mGenerating C code for ROS interfaces[0m
[  6%] [34m[1mGenerating C++ code for ROS interfaces[0m
[  6%] Built target hockey_msgs__cpp
[35m[1mScanning dependencies of target hockey_msgs__rosidl_generator_c[0m
[ 12%] [34m[1mGenerating C++ type support dispatch for ROS interfaces[0m
[ 16%] [34m[1mGenerating C++ introspection for ROS interfaces[0m
[ 16%] [34m[1mGenerating C++ type support for eProsima Fast-RTPS[0m
[ 19%] [32mBuilding C object CMakeFiles/hockey_msgs__rosidl_generator_c.dir/rosidl_generator_c/hockey_msgs/msg/detail/mallet_pos__functions.c.o[0m
[ 22%] [32m[1mLinking C shared library libhockey_msgs__rosidl_generator_c.so[0m
[ 22%] Built target hockey_msgs__rosidl_generator_c
[ 25%] [34m[1mGenerating C type support dispatch for ROS interfaces[0m
[35m[1mScanning dependencies of target hockey_msgs__rosidl_typesupport_fastrtps_cpp[0m
[35m[1mScanning dependencies of target hockey_msgs__rosidl_typesupport_cpp[0m
[35m[1mScanning dependencies of target hockey_msgs__rosidl_typesupport_introspection_cpp[0m
[ 29%] [32mBuilding CXX object CMakeFiles/hockey_msgs__rosidl_typesupport_cpp.dir/rosidl_typesupport_cpp/hockey_msgs/msg/mallet_pos__type_support.cpp.o[0m
[ 32%] [32mBuilding CXX object CMakeFiles/hockey_msgs__rosidl_typesupport_introspection_cpp.dir/rosidl_typesupport_introspection_cpp/hockey_msgs/msg/detail/mallet_pos__type_support.cpp.o[0m
[ 35%] [32mBuilding CXX object CMakeFiles/hockey_msgs__rosidl_typesupport_fastrtps_cpp.dir/rosidl_typesupport_fastrtps_cpp/hockey_msgs/msg/detail/dds_fastrtps/mallet_pos__type_support.cpp.o[0m
[35m[1mScanning dependencies of target hockey_msgs__rosidl_typesupport_c[0m
[ 38%] [32mBuilding CXX object CMakeFiles/hockey_msgs__rosidl_typesupport_c.dir/rosidl_typesupport_c/hockey_msgs/msg/mallet_pos__type_support.cpp.o[0m
[ 41%] [32m[1mLinking CXX shared library libhockey_msgs__rosidl_typesupport_c.so[0m
[ 41%] Built target hockey_msgs__rosidl_typesupport_c
[ 45%] [34m[1mGenerating C introspection for ROS interfaces[0m
[ 48%] [32m[1mLinking CXX shared library libhockey_msgs__rosidl_typesupport_cpp.so[0m
[ 51%] [32m[1mLinking CXX shared library libhockey_msgs__rosidl_typesupport_introspection_cpp.so[0m
[ 51%] Built target hockey_msgs__rosidl_typesupport_cpp
[ 51%] Built target hockey_msgs__rosidl_typesupport_introspection_cpp
[35m[1mScanning dependencies of target hockey_msgs__rosidl_typesupport_introspection_c[0m
[ 54%] [32mBuilding C object CMakeFiles/hockey_msgs__rosidl_typesupport_introspection_c.dir/rosidl_typesupport_introspection_c/hockey_msgs/msg/detail/mallet_pos__type_support.c.o[0m
[ 58%] [32m[1mLinking CXX shared library libhockey_msgs__rosidl_typesupport_fastrtps_cpp.so[0m
[ 61%] [32m[1mLinking C shared library libhockey_msgs__rosidl_typesupport_introspection_c.so[0m
[ 61%] Built target hockey_msgs__rosidl_typesupport_introspection_c
[ 61%] Built target hockey_msgs__rosidl_typesupport_fastrtps_cpp
[ 64%] [34m[1mGenerating C type support for eProsima Fast-RTPS[0m
[35m[1mScanning dependencies of target hockey_msgs__rosidl_typesupport_fastrtps_c[0m
[ 67%] [32mBuilding CXX object CMakeFiles/hockey_msgs__rosidl_typesupport_fastrtps_c.dir/rosidl_typesupport_fastrtps_c/hockey_msgs/msg/detail/mallet_pos__type_support_c.cpp.o[0m
[ 70%] [32m[1mLinking CXX shared library libhockey_msgs__rosidl_typesupport_fastrtps_c.so[0m
[ 70%] Built target hockey_msgs__rosidl_typesupport_fastrtps_c
[35m[1mScanning dependencies of target hockey_msgs[0m
[ 70%] Built target hockey_msgs
[35m[1mScanning dependencies of target hockey_msgs__py[0m
[ 74%] [34m[1mGenerating Python code for ROS interfaces[0m
[ 74%] Built target hockey_msgs__py
[35m[1mScanning dependencies of target hockey_msgs__python[0m
[ 77%] [32mBuilding C object CMakeFiles/hockey_msgs__python.dir/rosidl_generator_py/hockey_msgs/msg/_mallet_pos_s.c.o[0m
[ 80%] [32m[1mLinking C shared library rosidl_generator_py/hockey_msgs/libhockey_msgs__python.so[0m
[ 80%] Built target hockey_msgs__python
[35m[1mScanning dependencies of target hockey_msgs__rosidl_typesupport_introspection_c__pyext[0m
[35m[1mScanning dependencies of target hockey_msgs__rosidl_typesupport_fastrtps_c__pyext[0m
[35m[1mScanning dependencies of target hockey_msgs__rosidl_typesupport_c__pyext[0m
[ 83%] [32mBuilding C object CMakeFiles/hockey_msgs__rosidl_typesupport_fastrtps_c__pyext.dir/rosidl_generator_py/hockey_msgs/_hockey_msgs_s.ep.rosidl_typesupport_fastrtps_c.c.o[0m
[ 87%] [32mBuilding C object CMakeFiles/hockey_msgs__rosidl_typesupport_c__pyext.dir/rosidl_generator_py/hockey_msgs/_hockey_msgs_s.ep.rosidl_typesupport_c.c.o[0m
[ 90%] [32mBuilding C object CMakeFiles/hockey_msgs__rosidl_typesupport_introspection_c__pyext.dir/rosidl_generator_py/hockey_msgs/_hockey_msgs_s.ep.rosidl_typesupport_introspection_c.c.o[0m
[ 93%] [32m[1mLinking C shared library rosidl_generator_py/hockey_msgs/hockey_msgs_s__rosidl_typesupport_introspection_c.cpython-38-aarch64-linux-gnu.so[0m
[ 96%] [32m[1mLinking C shared library rosidl_generator_py/hockey_msgs/hockey_msgs_s__rosidl_typesupport_c.cpython-38-aarch64-linux-gnu.so[0m
[100%] [32m[1mLinking CXX shared library rosidl_generator_py/hockey_msgs/hockey_msgs_s__rosidl_typesupport_fastrtps_c.cpython-38-aarch64-linux-gnu.so[0m
[100%] Built target hockey_msgs__rosidl_typesupport_c__pyext
[100%] Built target hockey_msgs__rosidl_typesupport_introspection_c__pyext
[100%] Built target hockey_msgs__rosidl_typesupport_fastrtps_c__pyext
-- Install configuration: ""
-- Installing: /home/ubuntu/PucksInDeep/RPi/rosHockey/install/hockey_msgs/share/ament_index/resource_index/rosidl_interfaces/hockey_msgs
-- Installing: /home/ubuntu/PucksInDeep/RPi/rosHockey/install/hockey_msgs/include/hockey_msgs
-- Installing: /home/ubuntu/PucksInDeep/RPi/rosHockey/install/hockey_msgs/include/hockey_msgs/msg
-- Installing: /home/ubuntu/PucksInDeep/RPi/rosHockey/install/hockey_msgs/include/hockey_msgs/msg/detail
-- Installing: /home/ubuntu/PucksInDeep/RPi/rosHockey/install/hockey_msgs/include/hockey_msgs/msg/detail/mallet_pos__type_support.h
-- Installing: /home/ubuntu/PucksInDeep/RPi/rosHockey/install/hockey_msgs/include/hockey_msgs/msg/detail/mallet_pos__struct.h
-- Installing: /home/ubuntu/PucksInDeep/RPi/rosHockey/install/hockey_msgs/include/hockey_msgs/msg/detail/mallet_pos__functions.h
-- Installing: /home/ubuntu/PucksInDeep/RPi/rosHockey/install/hockey_msgs/include/hockey_msgs/msg/detail/mallet_pos__functions.c
-- Installing: /home/ubuntu/PucksInDeep/RPi/rosHockey/install/hockey_msgs/include/hockey_msgs/msg/rosidl_generator_c__visibility_control.h
-- Installing: /home/ubuntu/PucksInDeep/RPi/rosHockey/install/hockey_msgs/include/hockey_msgs/msg/mallet_pos.h
-- Installing: /home/ubuntu/PucksInDeep/RPi/rosHockey/install/hockey_msgs/share/hockey_msgs/environment/library_path.sh
-- Installing: /home/ubuntu/PucksInDeep/RPi/rosHockey/install/hockey_msgs/share/hockey_msgs/environment/library_path.dsv
-- Installing: /home/ubuntu/PucksInDeep/RPi/rosHockey/install/hockey_msgs/lib/libhockey_msgs__rosidl_generator_c.so
-- Set runtime path of "/home/ubuntu/PucksInDeep/RPi/rosHockey/install/hockey_msgs/lib/libhockey_msgs__rosidl_generator_c.so" to ""
-- Up-to-date: /home/ubuntu/PucksInDeep/RPi/rosHockey/install/hockey_msgs/include/hockey_msgs
-- Up-to-date: /home/ubuntu/PucksInDeep/RPi/rosHockey/install/hockey_msgs/include/hockey_msgs/msg
-- Up-to-date: /home/ubuntu/PucksInDeep/RPi/rosHockey/install/hockey_msgs/include/hockey_msgs/msg/detail
-- Installing: /home/ubuntu/PucksInDeep/RPi/rosHockey/install/hockey_msgs/include/hockey_msgs/msg/detail/mallet_pos__rosidl_typesupport_fastrtps_c.h
-- Installing: /home/ubuntu/PucksInDeep/RPi/rosHockey/install/hockey_msgs/include/hockey_msgs/msg/rosidl_typesupport_fastrtps_c__visibility_control.h
-- Installing: /home/ubuntu/PucksInDeep/RPi/rosHockey/install/hockey_msgs/lib/libhockey_msgs__rosidl_typesupport_fastrtps_c.so
-- Set runtime path of "/home/ubuntu/PucksInDeep/RPi/rosHockey/install/hockey_msgs/lib/libhockey_msgs__rosidl_typesupport_fastrtps_c.so" to ""
-- Up-to-date: /home/ubuntu/PucksInDeep/RPi/rosHockey/install/hockey_msgs/include/hockey_msgs
-- Up-to-date: /home/ubuntu/PucksInDeep/RPi/rosHockey/install/hockey_msgs/include/hockey_msgs/msg
-- Up-to-date: /home/ubuntu/PucksInDeep/RPi/rosHockey/install/hockey_msgs/include/hockey_msgs/msg/detail
-- Installing: /home/ubuntu/PucksInDeep/RPi/rosHockey/install/hockey_msgs/include/hockey_msgs/msg/detail/dds_fastrtps
-- Installing: /home/ubuntu/PucksInDeep/RPi/rosHockey/install/hockey_msgs/include/hockey_msgs/msg/detail/mallet_pos__rosidl_typesupport_fastrtps_cpp.hpp
-- Installing: /home/ubuntu/PucksInDeep/RPi/rosHockey/install/hockey_msgs/include/hockey_msgs/msg/rosidl_typesupport_fastrtps_cpp__visibility_control.h
-- Installing: /home/ubuntu/PucksInDeep/RPi/rosHockey/install/hockey_msgs/lib/libhockey_msgs__rosidl_typesupport_fastrtps_cpp.so
-- Set runtime path of "/home/ubuntu/PucksInDeep/RPi/rosHockey/install/hockey_msgs/lib/libhockey_msgs__rosidl_typesupport_fastrtps_cpp.so" to ""
-- Up-to-date: /home/ubuntu/PucksInDeep/RPi/rosHockey/install/hockey_msgs/include/hockey_msgs
-- Up-to-date: /home/ubuntu/PucksInDeep/RPi/rosHockey/install/hockey_msgs/include/hockey_msgs/msg
-- Up-to-date: /home/ubuntu/PucksInDeep/RPi/rosHockey/install/hockey_msgs/include/hockey_msgs/msg/detail
-- Installing: /home/ubuntu/PucksInDeep/RPi/rosHockey/install/hockey_msgs/include/hockey_msgs/msg/detail/mallet_pos__rosidl_typesupport_introspection_c.h
-- Installing: /home/ubuntu/PucksInDeep/RPi/rosHockey/install/hockey_msgs/include/hockey_msgs/msg/detail/mallet_pos__type_support.c
-- Installing: /home/ubuntu/PucksInDeep/RPi/rosHockey/install/hockey_msgs/include/hockey_msgs/msg/rosidl_typesupport_introspection_c__visibility_control.h
-- Installing: /home/ubuntu/PucksInDeep/RPi/rosHockey/install/hockey_msgs/lib/libhockey_msgs__rosidl_typesupport_introspection_c.so
-- Set runtime path of "/home/ubuntu/PucksInDeep/RPi/rosHockey/install/hockey_msgs/lib/libhockey_msgs__rosidl_typesupport_introspection_c.so" to ""
-- Installing: /home/ubuntu/PucksInDeep/RPi/rosHockey/install/hockey_msgs/lib/libhockey_msgs__rosidl_typesupport_c.so
-- Set runtime path of "/home/ubuntu/PucksInDeep/RPi/rosHockey/install/hockey_msgs/lib/libhockey_msgs__rosidl_typesupport_c.so" to ""
-- Up-to-date: /home/ubuntu/PucksInDeep/RPi/rosHockey/install/hockey_msgs/include/hockey_msgs
-- Up-to-date: /home/ubuntu/PucksInDeep/RPi/rosHockey/install/hockey_msgs/include/hockey_msgs/msg
-- Up-to-date: /home/ubuntu/PucksInDeep/RPi/rosHockey/install/hockey_msgs/include/hockey_msgs/msg/detail
-- Installing: /home/ubuntu/PucksInDeep/RPi/rosHockey/install/hockey_msgs/include/hockey_msgs/msg/detail/mallet_pos__traits.hpp
-- Installing: /home/ubuntu/PucksInDeep/RPi/rosHockey/install/hockey_msgs/include/hockey_msgs/msg/detail/mallet_pos__struct.hpp
-- Installing: /home/ubuntu/PucksInDeep/RPi/rosHockey/install/hockey_msgs/include/hockey_msgs/msg/detail/mallet_pos__builder.hpp
-- Installing: /home/ubuntu/PucksInDeep/RPi/rosHockey/install/hockey_msgs/include/hockey_msgs/msg/mallet_pos.hpp
-- Up-to-date: /home/ubuntu/PucksInDeep/RPi/rosHockey/install/hockey_msgs/include/hockey_msgs
-- Up-to-date: /home/ubuntu/PucksInDeep/RPi/rosHockey/install/hockey_msgs/include/hockey_msgs/msg
-- Up-to-date: /home/ubuntu/PucksInDeep/RPi/rosHockey/install/hockey_msgs/include/hockey_msgs/msg/detail
-- Installing: /home/ubuntu/PucksInDeep/RPi/rosHockey/install/hockey_msgs/include/hockey_msgs/msg/detail/mallet_pos__type_support.cpp
-- Installing: /home/ubuntu/PucksInDeep/RPi/rosHockey/install/hockey_msgs/include/hockey_msgs/msg/detail/mallet_pos__rosidl_typesupport_introspection_cpp.hpp
-- Installing: /home/ubuntu/PucksInDeep/RPi/rosHockey/install/hockey_msgs/lib/libhockey_msgs__rosidl_typesupport_introspection_cpp.so
-- Set runtime path of "/home/ubuntu/PucksInDeep/RPi/rosHockey/install/hockey_msgs/lib/libhockey_msgs__rosidl_typesupport_introspection_cpp.so" to ""
-- Installing: /home/ubuntu/PucksInDeep/RPi/rosHockey/install/hockey_msgs/lib/libhockey_msgs__rosidl_typesupport_cpp.so
-- Set runtime path of "/home/ubuntu/PucksInDeep/RPi/rosHockey/install/hockey_msgs/lib/libhockey_msgs__rosidl_typesupport_cpp.so" to ""
-- Installing: /home/ubuntu/PucksInDeep/RPi/rosHockey/install/hockey_msgs/share/hockey_msgs/environment/pythonpath.sh
-- Installing: /home/ubuntu/PucksInDeep/RPi/rosHockey/install/hockey_msgs/share/hockey_msgs/environment/pythonpath.dsv
-- Installing: /home/ubuntu/PucksInDeep/RPi/rosHockey/install/hockey_msgs/lib/python3.8/site-packages/hockey_msgs/__init__.py
Compiling '/home/ubuntu/PucksInDeep/RPi/rosHockey/install/hockey_msgs/lib/python3.8/site-packages/hockey_msgs/__init__.py'...
-- Installing: /home/ubuntu/PucksInDeep/RPi/rosHockey/install/hockey_msgs/lib/python3.8/site-packages/hockey_msgs/msg
-- Installing: /home/ubuntu/PucksInDeep/RPi/rosHockey/install/hockey_msgs/lib/python3.8/site-packages/hockey_msgs/msg/__init__.py
-- Installing: /home/ubuntu/PucksInDeep/RPi/rosHockey/install/hockey_msgs/lib/python3.8/site-packages/hockey_msgs/msg/_mallet_pos_s.c
-- Installing: /home/ubuntu/PucksInDeep/RPi/rosHockey/install/hockey_msgs/lib/python3.8/site-packages/hockey_msgs/msg/_mallet_pos.py
-- Installing: /home/ubuntu/PucksInDeep/RPi/rosHockey/install/hockey_msgs/lib/python3.8/site-packages/hockey_msgs/hockey_msgs_s__rosidl_typesupport_fastrtps_c.cpython-38-aarch64-linux-gnu.so
-- Set runtime path of "/home/ubuntu/PucksInDeep/RPi/rosHockey/install/hockey_msgs/lib/python3.8/site-packages/hockey_msgs/hockey_msgs_s__rosidl_typesupport_fastrtps_c.cpython-38-aarch64-linux-gnu.so" to ""
-- Installing: /home/ubuntu/PucksInDeep/RPi/rosHockey/install/hockey_msgs/lib/python3.8/site-packages/hockey_msgs/hockey_msgs_s__rosidl_typesupport_introspection_c.cpython-38-aarch64-linux-gnu.so
-- Set runtime path of "/home/ubuntu/PucksInDeep/RPi/rosHockey/install/hockey_msgs/lib/python3.8/site-packages/hockey_msgs/hockey_msgs_s__rosidl_typesupport_introspection_c.cpython-38-aarch64-linux-gnu.so" to ""
-- Installing: /home/ubuntu/PucksInDeep/RPi/rosHockey/install/hockey_msgs/lib/python3.8/site-packages/hockey_msgs/hockey_msgs_s__rosidl_typesupport_c.cpython-38-aarch64-linux-gnu.so
-- Set runtime path of "/home/ubuntu/PucksInDeep/RPi/rosHockey/install/hockey_msgs/lib/python3.8/site-packages/hockey_msgs/hockey_msgs_s__rosidl_typesupport_c.cpython-38-aarch64-linux-gnu.so" to ""
-- Installing: /home/ubuntu/PucksInDeep/RPi/rosHockey/install/hockey_msgs/lib/libhockey_msgs__python.so
-- Set runtime path of "/home/ubuntu/PucksInDeep/RPi/rosHockey/install/hockey_msgs/lib/libhockey_msgs__python.so" to ""
-- Installing: /home/ubuntu/PucksInDeep/RPi/rosHockey/install/hockey_msgs/share/hockey_msgs/msg/MalletPos.idl
-- Installing: /home/ubuntu/PucksInDeep/RPi/rosHockey/install/hockey_msgs/share/hockey_msgs/msg/MalletPos.msg
-- Installing: /home/ubuntu/PucksInDeep/RPi/rosHockey/install/hockey_msgs/share/ament_index/resource_index/package_run_dependencies/hockey_msgs
-- Installing: /home/ubuntu/PucksInDeep/RPi/rosHockey/install/hockey_msgs/share/ament_index/resource_index/parent_prefix_path/hockey_msgs
-- Installing: /home/ubuntu/PucksInDeep/RPi/rosHockey/install/hockey_msgs/share/hockey_msgs/environment/ament_prefix_path.sh
-- Installing: /home/ubuntu/PucksInDeep/RPi/rosHockey/install/hockey_msgs/share/hockey_msgs/environment/ament_prefix_path.dsv
-- Installing: /home/ubuntu/PucksInDeep/RPi/rosHockey/install/hockey_msgs/share/hockey_msgs/environment/path.sh
-- Installing: /home/ubuntu/PucksInDeep/RPi/rosHockey/install/hockey_msgs/share/hockey_msgs/environment/path.dsv
-- Installing: /home/ubuntu/PucksInDeep/RPi/rosHockey/install/hockey_msgs/share/hockey_msgs/local_setup.bash
-- Installing: /home/ubuntu/PucksInDeep/RPi/rosHockey/install/hockey_msgs/share/hockey_msgs/local_setup.sh
-- Installing: /home/ubuntu/PucksInDeep/RPi/rosHockey/install/hockey_msgs/share/hockey_msgs/local_setup.zsh
-- Installing: /home/ubuntu/PucksInDeep/RPi/rosHockey/install/hockey_msgs/share/hockey_msgs/local_setup.dsv
-- Installing: /home/ubuntu/PucksInDeep/RPi/rosHockey/install/hockey_msgs/share/hockey_msgs/package.dsv
-- Installing: /home/ubuntu/PucksInDeep/RPi/rosHockey/install/hockey_msgs/share/ament_index/resource_index/packages/hockey_msgs
-- Installing: /home/ubuntu/PucksInDeep/RPi/rosHockey/install/hockey_msgs/share/hockey_msgs/cmake/hockey_msgs__rosidl_generator_cExport.cmake
-- Installing: /home/ubuntu/PucksInDeep/RPi/rosHockey/install/hockey_msgs/share/hockey_msgs/cmake/hockey_msgs__rosidl_generator_cExport-noconfig.cmake
-- Installing: /home/ubuntu/PucksInDeep/RPi/rosHockey/install/hockey_msgs/share/hockey_msgs/cmake/hockey_msgs__rosidl_typesupport_introspection_cExport.cmake
-- Installing: /home/ubuntu/PucksInDeep/RPi/rosHockey/install/hockey_msgs/share/hockey_msgs/cmake/hockey_msgs__rosidl_typesupport_introspection_cExport-noconfig.cmake
-- Installing: /home/ubuntu/PucksInDeep/RPi/rosHockey/install/hockey_msgs/share/hockey_msgs/cmake/hockey_msgs__rosidl_typesupport_cExport.cmake
-- Installing: /home/ubuntu/PucksInDeep/RPi/rosHockey/install/hockey_msgs/share/hockey_msgs/cmake/hockey_msgs__rosidl_typesupport_cExport-noconfig.cmake
-- Installing: /home/ubuntu/PucksInDeep/RPi/rosHockey/install/hockey_msgs/share/hockey_msgs/cmake/hockey_msgs__rosidl_generator_cppExport.cmake
-- Installing: /home/ubuntu/PucksInDeep/RPi/rosHockey/install/hockey_msgs/share/hockey_msgs/cmake/hockey_msgs__rosidl_typesupport_introspection_cppExport.cmake
-- Installing: /home/ubuntu/PucksInDeep/RPi/rosHockey/install/hockey_msgs/share/hockey_msgs/cmake/hockey_msgs__rosidl_typesupport_introspection_cppExport-noconfig.cmake
-- Installing: /home/ubuntu/PucksInDeep/RPi/rosHockey/install/hockey_msgs/share/hockey_msgs/cmake/hockey_msgs__rosidl_typesupport_cppExport.cmake
-- Installing: /home/ubuntu/PucksInDeep/RPi/rosHockey/install/hockey_msgs/share/hockey_msgs/cmake/hockey_msgs__rosidl_typesupport_cppExport-noconfig.cmake
-- Installing: /home/ubuntu/PucksInDeep/RPi/rosHockey/install/hockey_msgs/share/hockey_msgs/cmake/rosidl_cmake-extras.cmake
-- Installing: /home/ubuntu/PucksInDeep/RPi/rosHockey/install/hockey_msgs/share/hockey_msgs/cmake/ament_cmake_export_dependencies-extras.cmake
-- Installing: /home/ubuntu/PucksInDeep/RPi/rosHockey/install/hockey_msgs/share/hockey_msgs/cmake/ament_cmake_export_libraries-extras.cmake
-- Installing: /home/ubuntu/PucksInDeep/RPi/rosHockey/install/hockey_msgs/share/hockey_msgs/cmake/ament_cmake_export_targets-extras.cmake
-- Installing: /home/ubuntu/PucksInDeep/RPi/rosHockey/install/hockey_msgs/share/hockey_msgs/cmake/ament_cmake_export_include_directories-extras.cmake
-- Installing: /home/ubuntu/PucksInDeep/RPi/rosHockey/install/hockey_msgs/share/hockey_msgs/cmake/rosidl_cmake_export_typesupport_libraries-extras.cmake
-- Installing: /home/ubuntu/PucksInDeep/RPi/rosHockey/install/hockey_msgs/share/hockey_msgs/cmake/rosidl_cmake_export_typesupport_targets-extras.cmake
-- Installing: /home/ubuntu/PucksInDeep/RPi/rosHockey/install/hockey_msgs/share/hockey_msgs/cmake/hockey_msgsConfig.cmake
-- Installing: /home/ubuntu/PucksInDeep/RPi/rosHockey/install/hockey_msgs/share/hockey_msgs/cmake/hockey_msgsConfig-version.cmake
-- Installing: /home/ubuntu/PucksInDeep/RPi/rosHockey/install/hockey_msgs/share/hockey_msgs/package.xml
