[0.234s] Invoking command in '/home/ubuntu/PucksInDeep/RPi/rosHockey/build/hockey_msgs': CMAKE_PREFIX_PATH=/opt/ros/foxy /usr/bin/cmake /home/ubuntu/PucksInDeep/RPi/rosHockey/hockey_msgs -DCMAKE_INSTALL_PREFIX=/home/ubuntu/PucksInDeep/RPi/rosHockey/install/hockey_msgs
[4.257s] -- Found ament_cmake: 0.9.9 (/opt/ros/foxy/share/ament_cmake/cmake)
[4.257s] -- Found PythonInterp: /usr/bin/python3 (found suitable version "3.8.10", minimum required is "3") 
[4.258s] -- Using PYTHON_EXECUTABLE: /usr/bin/python3
[4.258s] -- Found ament_lint_auto: 0.9.6 (/opt/ros/foxy/share/ament_lint_auto/cmake)
[4.258s] -- Found rosidl_default_generators: 1.0.1 (/opt/ros/foxy/share/rosidl_default_generators/cmake)
[4.259s] -- Using all available rosidl_typesupport_c: rosidl_typesupport_fastrtps_c;rosidl_typesupport_introspection_c
[4.259s] -- Found rosidl_adapter: 1.2.1 (/opt/ros/foxy/share/rosidl_adapter/cmake)
[4.614s] -- Found OpenSSL: /usr/lib/aarch64-linux-gnu/libcrypto.so (found version "1.1.1f")  
[4.919s] -- Found FastRTPS: /opt/ros/foxy/include  
[5.871s] -- Using all available rosidl_typesupport_cpp: rosidl_typesupport_fastrtps_cpp;rosidl_typesupport_introspection_cpp
[6.450s] -- Found PythonInterp: /usr/bin/python3 (found version "3.8.10") 
[7.040s] -- Found ament_cmake_ros: 0.9.2 (/opt/ros/foxy/share/ament_cmake_ros/cmake)
[8.796s] -- Using all available rosidl_typesupport_c: rosidl_typesupport_fastrtps_c;rosidl_typesupport_introspection_c
[8.941s] -- Using all available rosidl_typesupport_cpp: rosidl_typesupport_fastrtps_cpp;rosidl_typesupport_introspection_cpp
[9.272s] -- Found PythonInterp: /usr/bin/python3 (found suitable version "3.8.10", minimum required is "3.5") 
[9.308s] -- Found python_cmake_module: 0.8.1 (/opt/ros/foxy/share/python_cmake_module/cmake)
[9.543s] -- Found PythonLibs: /usr/lib/aarch64-linux-gnu/libpython3.8.so (found suitable version "3.8.10", minimum required is "3.5") 
[9.546s] -- Using PYTHON_EXECUTABLE: /usr/bin/python3
[9.548s] -- Using PYTHON_INCLUDE_DIRS: /usr/include/python3.8
[9.549s] -- Using PYTHON_LIBRARIES: /usr/lib/aarch64-linux-gnu/libpython3.8.so
[9.808s] -- Found PythonExtra: .so  
[10.349s] -- Added test 'copyright' to check source files copyright and LICENSE
[10.380s] -- Added test 'lint_cmake' to check CMake code style
[10.401s] -- Added test 'xmllint' to check XML markup files
[10.534s] -- Configuring done
[11.009s] -- Generating done
[11.062s] -- Build files have been written to: /home/ubuntu/PucksInDeep/RPi/rosHockey/build/hockey_msgs
[11.234s] Invoked command in '/home/ubuntu/PucksInDeep/RPi/rosHockey/build/hockey_msgs' returned '0': CMAKE_PREFIX_PATH=/opt/ros/foxy /usr/bin/cmake /home/ubuntu/PucksInDeep/RPi/rosHockey/hockey_msgs -DCMAKE_INSTALL_PREFIX=/home/ubuntu/PucksInDeep/RPi/rosHockey/install/hockey_msgs
[11.260s] Invoking command in '/home/ubuntu/PucksInDeep/RPi/rosHockey/build/hockey_msgs': CMAKE_PREFIX_PATH=/opt/ros/foxy /usr/bin/cmake --build /home/ubuntu/PucksInDeep/RPi/rosHockey/build/hockey_msgs -- -j4 -l4
[11.775s] [35m[1mScanning dependencies of target hockey_msgs__cpp[0m
[11.799s] [  3%] [34m[1mGenerating C code for ROS interfaces[0m
[11.897s] [  6%] [34m[1mGenerating C++ code for ROS interfaces[0m
[14.119s] [  6%] Built target hockey_msgs__cpp
[14.130s] [35m[1mScanning dependencies of target hockey_msgs__rosidl_generator_c[0m
[14.343s] [ 12%] [34m[1mGenerating C++ type support dispatch for ROS interfaces[0m
[14.350s] [ 16%] [34m[1mGenerating C++ introspection for ROS interfaces[0m
[14.357s] [ 16%] [34m[1mGenerating C++ type support for eProsima Fast-RTPS[0m
[14.387s] [ 19%] [32mBuilding C object CMakeFiles/hockey_msgs__rosidl_generator_c.dir/rosidl_generator_c/hockey_msgs/msg/detail/mallet_pos__functions.c.o[0m
[15.216s] [ 22%] [32m[1mLinking C shared library libhockey_msgs__rosidl_generator_c.so[0m
[15.683s] [ 22%] Built target hockey_msgs__rosidl_generator_c
[15.859s] [ 25%] [34m[1mGenerating C type support dispatch for ROS interfaces[0m
[16.925s] [35m[1mScanning dependencies of target hockey_msgs__rosidl_typesupport_fastrtps_cpp[0m
[16.939s] [35m[1mScanning dependencies of target hockey_msgs__rosidl_typesupport_cpp[0m
[16.971s] [35m[1mScanning dependencies of target hockey_msgs__rosidl_typesupport_introspection_cpp[0m
[17.063s] [ 29%] [32mBuilding CXX object CMakeFiles/hockey_msgs__rosidl_typesupport_cpp.dir/rosidl_typesupport_cpp/hockey_msgs/msg/mallet_pos__type_support.cpp.o[0m
[17.153s] [ 32%] [32mBuilding CXX object CMakeFiles/hockey_msgs__rosidl_typesupport_introspection_cpp.dir/rosidl_typesupport_introspection_cpp/hockey_msgs/msg/detail/mallet_pos__type_support.cpp.o[0m
[17.181s] [ 35%] [32mBuilding CXX object CMakeFiles/hockey_msgs__rosidl_typesupport_fastrtps_cpp.dir/rosidl_typesupport_fastrtps_cpp/hockey_msgs/msg/detail/dds_fastrtps/mallet_pos__type_support.cpp.o[0m
[17.686s] [35m[1mScanning dependencies of target hockey_msgs__rosidl_typesupport_c[0m
[17.907s] [ 38%] [32mBuilding CXX object CMakeFiles/hockey_msgs__rosidl_typesupport_c.dir/rosidl_typesupport_c/hockey_msgs/msg/mallet_pos__type_support.cpp.o[0m
[18.258s] [ 41%] [32m[1mLinking CXX shared library libhockey_msgs__rosidl_typesupport_c.so[0m
[18.701s] [ 41%] Built target hockey_msgs__rosidl_typesupport_c
[18.854s] [ 45%] [34m[1mGenerating C introspection for ROS interfaces[0m
[20.105s] [ 48%] [32m[1mLinking CXX shared library libhockey_msgs__rosidl_typesupport_cpp.so[0m
[20.221s] [ 51%] [32m[1mLinking CXX shared library libhockey_msgs__rosidl_typesupport_introspection_cpp.so[0m
[20.457s] [ 51%] Built target hockey_msgs__rosidl_typesupport_cpp
[20.725s] [ 51%] Built target hockey_msgs__rosidl_typesupport_introspection_cpp
[20.797s] [35m[1mScanning dependencies of target hockey_msgs__rosidl_typesupport_introspection_c[0m
[20.907s] [ 54%] [32mBuilding C object CMakeFiles/hockey_msgs__rosidl_typesupport_introspection_c.dir/rosidl_typesupport_introspection_c/hockey_msgs/msg/detail/mallet_pos__type_support.c.o[0m
[21.025s] [ 58%] [32m[1mLinking CXX shared library libhockey_msgs__rosidl_typesupport_fastrtps_cpp.so[0m
[21.167s] [ 61%] [32m[1mLinking C shared library libhockey_msgs__rosidl_typesupport_introspection_c.so[0m
[21.453s] [ 61%] Built target hockey_msgs__rosidl_typesupport_introspection_c
[21.837s] [ 61%] Built target hockey_msgs__rosidl_typesupport_fastrtps_cpp
[21.911s] [ 64%] [34m[1mGenerating C type support for eProsima Fast-RTPS[0m
[34.796s] [35m[1mScanning dependencies of target hockey_msgs__rosidl_typesupport_fastrtps_c[0m
[34.864s] [ 67%] [32mBuilding CXX object CMakeFiles/hockey_msgs__rosidl_typesupport_fastrtps_c.dir/rosidl_typesupport_fastrtps_c/hockey_msgs/msg/detail/mallet_pos__type_support_c.cpp.o[0m
[36.494s] [ 70%] [32m[1mLinking CXX shared library libhockey_msgs__rosidl_typesupport_fastrtps_c.so[0m
[36.887s] [ 70%] Built target hockey_msgs__rosidl_typesupport_fastrtps_c
[36.935s] [35m[1mScanning dependencies of target hockey_msgs[0m
[36.982s] [ 70%] Built target hockey_msgs
[37.035s] [35m[1mScanning dependencies of target hockey_msgs__py[0m
[37.081s] [ 74%] [34m[1mGenerating Python code for ROS interfaces[0m
[39.012s] [ 74%] Built target hockey_msgs__py
[39.066s] [35m[1mScanning dependencies of target hockey_msgs__python[0m
[39.251s] [ 77%] [32mBuilding C object CMakeFiles/hockey_msgs__python.dir/rosidl_generator_py/hockey_msgs/msg/_mallet_pos_s.c.o[0m
[39.748s] [ 80%] [32m[1mLinking C shared library rosidl_generator_py/hockey_msgs/libhockey_msgs__python.so[0m
[39.936s] [ 80%] Built target hockey_msgs__python
[39.987s] [35m[1mScanning dependencies of target hockey_msgs__rosidl_typesupport_introspection_c__pyext[0m
[39.990s] [35m[1mScanning dependencies of target hockey_msgs__rosidl_typesupport_fastrtps_c__pyext[0m
[39.992s] [35m[1mScanning dependencies of target hockey_msgs__rosidl_typesupport_c__pyext[0m
[40.112s] [ 83%] [32mBuilding C object CMakeFiles/hockey_msgs__rosidl_typesupport_fastrtps_c__pyext.dir/rosidl_generator_py/hockey_msgs/_hockey_msgs_s.ep.rosidl_typesupport_fastrtps_c.c.o[0m
[40.117s] [ 87%] [32mBuilding C object CMakeFiles/hockey_msgs__rosidl_typesupport_c__pyext.dir/rosidl_generator_py/hockey_msgs/_hockey_msgs_s.ep.rosidl_typesupport_c.c.o[0m
[40.128s] [ 90%] [32mBuilding C object CMakeFiles/hockey_msgs__rosidl_typesupport_introspection_c__pyext.dir/rosidl_generator_py/hockey_msgs/_hockey_msgs_s.ep.rosidl_typesupport_introspection_c.c.o[0m
[40.571s] [ 93%] [32m[1mLinking C shared library rosidl_generator_py/hockey_msgs/hockey_msgs_s__rosidl_typesupport_introspection_c.cpython-38-aarch64-linux-gnu.so[0m
[40.580s] [ 96%] [32m[1mLinking C shared library rosidl_generator_py/hockey_msgs/hockey_msgs_s__rosidl_typesupport_c.cpython-38-aarch64-linux-gnu.so[0m
[40.610s] [100%] [32m[1mLinking CXX shared library rosidl_generator_py/hockey_msgs/hockey_msgs_s__rosidl_typesupport_fastrtps_c.cpython-38-aarch64-linux-gnu.so[0m
[40.791s] [100%] Built target hockey_msgs__rosidl_typesupport_c__pyext
[40.795s] [100%] Built target hockey_msgs__rosidl_typesupport_introspection_c__pyext
[40.943s] [100%] Built target hockey_msgs__rosidl_typesupport_fastrtps_c__pyext
[40.991s] Invoked command in '/home/ubuntu/PucksInDeep/RPi/rosHockey/build/hockey_msgs' returned '0': CMAKE_PREFIX_PATH=/opt/ros/foxy /usr/bin/cmake --build /home/ubuntu/PucksInDeep/RPi/rosHockey/build/hockey_msgs -- -j4 -l4
[41.384s] Invoking command in '/home/ubuntu/PucksInDeep/RPi/rosHockey/build/hockey_msgs': CMAKE_PREFIX_PATH=/opt/ros/foxy /usr/bin/cmake --install /home/ubuntu/PucksInDeep/RPi/rosHockey/build/hockey_msgs
[41.422s] -- Install configuration: ""
[41.423s] -- Installing: /home/ubuntu/PucksInDeep/RPi/rosHockey/install/hockey_msgs/share/ament_index/resource_index/rosidl_interfaces/hockey_msgs
[41.424s] -- Installing: /home/ubuntu/PucksInDeep/RPi/rosHockey/install/hockey_msgs/include/hockey_msgs
[41.425s] -- Installing: /home/ubuntu/PucksInDeep/RPi/rosHockey/install/hockey_msgs/include/hockey_msgs/msg
[41.425s] -- Installing: /home/ubuntu/PucksInDeep/RPi/rosHockey/install/hockey_msgs/include/hockey_msgs/msg/detail
[41.426s] -- Installing: /home/ubuntu/PucksInDeep/RPi/rosHockey/install/hockey_msgs/include/hockey_msgs/msg/detail/mallet_pos__type_support.h
[41.427s] -- Installing: /home/ubuntu/PucksInDeep/RPi/rosHockey/install/hockey_msgs/include/hockey_msgs/msg/detail/mallet_pos__struct.h
[41.428s] -- Installing: /home/ubuntu/PucksInDeep/RPi/rosHockey/install/hockey_msgs/include/hockey_msgs/msg/detail/mallet_pos__functions.h
[41.429s] -- Installing: /home/ubuntu/PucksInDeep/RPi/rosHockey/install/hockey_msgs/include/hockey_msgs/msg/detail/mallet_pos__functions.c
[41.430s] -- Installing: /home/ubuntu/PucksInDeep/RPi/rosHockey/install/hockey_msgs/include/hockey_msgs/msg/rosidl_generator_c__visibility_control.h
[41.432s] -- Installing: /home/ubuntu/PucksInDeep/RPi/rosHockey/install/hockey_msgs/include/hockey_msgs/msg/mallet_pos.h
[41.433s] -- Installing: /home/ubuntu/PucksInDeep/RPi/rosHockey/install/hockey_msgs/share/hockey_msgs/environment/library_path.sh
[41.434s] -- Installing: /home/ubuntu/PucksInDeep/RPi/rosHockey/install/hockey_msgs/share/hockey_msgs/environment/library_path.dsv
[41.436s] -- Installing: /home/ubuntu/PucksInDeep/RPi/rosHockey/install/hockey_msgs/lib/libhockey_msgs__rosidl_generator_c.so
[41.439s] -- Set runtime path of "/home/ubuntu/PucksInDeep/RPi/rosHockey/install/hockey_msgs/lib/libhockey_msgs__rosidl_generator_c.so" to ""
[41.439s] -- Up-to-date: /home/ubuntu/PucksInDeep/RPi/rosHockey/install/hockey_msgs/include/hockey_msgs
[41.440s] -- Up-to-date: /home/ubuntu/PucksInDeep/RPi/rosHockey/install/hockey_msgs/include/hockey_msgs/msg
[41.440s] -- Up-to-date: /home/ubuntu/PucksInDeep/RPi/rosHockey/install/hockey_msgs/include/hockey_msgs/msg/detail
[41.441s] -- Installing: /home/ubuntu/PucksInDeep/RPi/rosHockey/install/hockey_msgs/include/hockey_msgs/msg/detail/mallet_pos__rosidl_typesupport_fastrtps_c.h
[41.441s] -- Installing: /home/ubuntu/PucksInDeep/RPi/rosHockey/install/hockey_msgs/include/hockey_msgs/msg/rosidl_typesupport_fastrtps_c__visibility_control.h
[41.443s] -- Installing: /home/ubuntu/PucksInDeep/RPi/rosHockey/install/hockey_msgs/lib/libhockey_msgs__rosidl_typesupport_fastrtps_c.so
[41.445s] -- Set runtime path of "/home/ubuntu/PucksInDeep/RPi/rosHockey/install/hockey_msgs/lib/libhockey_msgs__rosidl_typesupport_fastrtps_c.so" to ""
[41.446s] -- Up-to-date: /home/ubuntu/PucksInDeep/RPi/rosHockey/install/hockey_msgs/include/hockey_msgs
[41.447s] -- Up-to-date: /home/ubuntu/PucksInDeep/RPi/rosHockey/install/hockey_msgs/include/hockey_msgs/msg
[41.447s] -- Up-to-date: /home/ubuntu/PucksInDeep/RPi/rosHockey/install/hockey_msgs/include/hockey_msgs/msg/detail
[41.448s] -- Installing: /home/ubuntu/PucksInDeep/RPi/rosHockey/install/hockey_msgs/include/hockey_msgs/msg/detail/dds_fastrtps
[41.448s] -- Installing: /home/ubuntu/PucksInDeep/RPi/rosHockey/install/hockey_msgs/include/hockey_msgs/msg/detail/mallet_pos__rosidl_typesupport_fastrtps_cpp.hpp
[41.449s] -- Installing: /home/ubuntu/PucksInDeep/RPi/rosHockey/install/hockey_msgs/include/hockey_msgs/msg/rosidl_typesupport_fastrtps_cpp__visibility_control.h
[41.450s] -- Installing: /home/ubuntu/PucksInDeep/RPi/rosHockey/install/hockey_msgs/lib/libhockey_msgs__rosidl_typesupport_fastrtps_cpp.so
[41.453s] -- Set runtime path of "/home/ubuntu/PucksInDeep/RPi/rosHockey/install/hockey_msgs/lib/libhockey_msgs__rosidl_typesupport_fastrtps_cpp.so" to ""
[41.454s] -- Up-to-date: /home/ubuntu/PucksInDeep/RPi/rosHockey/install/hockey_msgs/include/hockey_msgs
[41.454s] -- Up-to-date: /home/ubuntu/PucksInDeep/RPi/rosHockey/install/hockey_msgs/include/hockey_msgs/msg
[41.455s] -- Up-to-date: /home/ubuntu/PucksInDeep/RPi/rosHockey/install/hockey_msgs/include/hockey_msgs/msg/detail
[41.455s] -- Installing: /home/ubuntu/PucksInDeep/RPi/rosHockey/install/hockey_msgs/include/hockey_msgs/msg/detail/mallet_pos__rosidl_typesupport_introspection_c.h
[41.456s] -- Installing: /home/ubuntu/PucksInDeep/RPi/rosHockey/install/hockey_msgs/include/hockey_msgs/msg/detail/mallet_pos__type_support.c
[41.457s] -- Installing: /home/ubuntu/PucksInDeep/RPi/rosHockey/install/hockey_msgs/include/hockey_msgs/msg/rosidl_typesupport_introspection_c__visibility_control.h
[41.460s] -- Installing: /home/ubuntu/PucksInDeep/RPi/rosHockey/install/hockey_msgs/lib/libhockey_msgs__rosidl_typesupport_introspection_c.so
[41.464s] -- Set runtime path of "/home/ubuntu/PucksInDeep/RPi/rosHockey/install/hockey_msgs/lib/libhockey_msgs__rosidl_typesupport_introspection_c.so" to ""
[41.464s] -- Installing: /home/ubuntu/PucksInDeep/RPi/rosHockey/install/hockey_msgs/lib/libhockey_msgs__rosidl_typesupport_c.so
[41.466s] -- Set runtime path of "/home/ubuntu/PucksInDeep/RPi/rosHockey/install/hockey_msgs/lib/libhockey_msgs__rosidl_typesupport_c.so" to ""
[41.467s] -- Up-to-date: /home/ubuntu/PucksInDeep/RPi/rosHockey/install/hockey_msgs/include/hockey_msgs
[41.467s] -- Up-to-date: /home/ubuntu/PucksInDeep/RPi/rosHockey/install/hockey_msgs/include/hockey_msgs/msg
[41.468s] -- Up-to-date: /home/ubuntu/PucksInDeep/RPi/rosHockey/install/hockey_msgs/include/hockey_msgs/msg/detail
[41.468s] -- Installing: /home/ubuntu/PucksInDeep/RPi/rosHockey/install/hockey_msgs/include/hockey_msgs/msg/detail/mallet_pos__traits.hpp
[41.469s] -- Installing: /home/ubuntu/PucksInDeep/RPi/rosHockey/install/hockey_msgs/include/hockey_msgs/msg/detail/mallet_pos__struct.hpp
[41.470s] -- Installing: /home/ubuntu/PucksInDeep/RPi/rosHockey/install/hockey_msgs/include/hockey_msgs/msg/detail/mallet_pos__builder.hpp
[41.471s] -- Installing: /home/ubuntu/PucksInDeep/RPi/rosHockey/install/hockey_msgs/include/hockey_msgs/msg/mallet_pos.hpp
[41.472s] -- Up-to-date: /home/ubuntu/PucksInDeep/RPi/rosHockey/install/hockey_msgs/include/hockey_msgs
[41.473s] -- Up-to-date: /home/ubuntu/PucksInDeep/RPi/rosHockey/install/hockey_msgs/include/hockey_msgs/msg
[41.473s] -- Up-to-date: /home/ubuntu/PucksInDeep/RPi/rosHockey/install/hockey_msgs/include/hockey_msgs/msg/detail
[41.474s] -- Installing: /home/ubuntu/PucksInDeep/RPi/rosHockey/install/hockey_msgs/include/hockey_msgs/msg/detail/mallet_pos__type_support.cpp
[41.475s] -- Installing: /home/ubuntu/PucksInDeep/RPi/rosHockey/install/hockey_msgs/include/hockey_msgs/msg/detail/mallet_pos__rosidl_typesupport_introspection_cpp.hpp
[41.476s] -- Installing: /home/ubuntu/PucksInDeep/RPi/rosHockey/install/hockey_msgs/lib/libhockey_msgs__rosidl_typesupport_introspection_cpp.so
[41.479s] -- Set runtime path of "/home/ubuntu/PucksInDeep/RPi/rosHockey/install/hockey_msgs/lib/libhockey_msgs__rosidl_typesupport_introspection_cpp.so" to ""
[41.479s] -- Installing: /home/ubuntu/PucksInDeep/RPi/rosHockey/install/hockey_msgs/lib/libhockey_msgs__rosidl_typesupport_cpp.so
[41.482s] -- Set runtime path of "/home/ubuntu/PucksInDeep/RPi/rosHockey/install/hockey_msgs/lib/libhockey_msgs__rosidl_typesupport_cpp.so" to ""
[41.482s] -- Installing: /home/ubuntu/PucksInDeep/RPi/rosHockey/install/hockey_msgs/share/hockey_msgs/environment/pythonpath.sh
[41.484s] -- Installing: /home/ubuntu/PucksInDeep/RPi/rosHockey/install/hockey_msgs/share/hockey_msgs/environment/pythonpath.dsv
[41.485s] -- Installing: /home/ubuntu/PucksInDeep/RPi/rosHockey/install/hockey_msgs/lib/python3.8/site-packages/hockey_msgs/__init__.py
[41.639s] Compiling '/home/ubuntu/PucksInDeep/RPi/rosHockey/install/hockey_msgs/lib/python3.8/site-packages/hockey_msgs/__init__.py'...
[41.666s] -- Installing: /home/ubuntu/PucksInDeep/RPi/rosHockey/install/hockey_msgs/lib/python3.8/site-packages/hockey_msgs/msg
[41.667s] -- Installing: /home/ubuntu/PucksInDeep/RPi/rosHockey/install/hockey_msgs/lib/python3.8/site-packages/hockey_msgs/msg/__init__.py
[41.669s] -- Installing: /home/ubuntu/PucksInDeep/RPi/rosHockey/install/hockey_msgs/lib/python3.8/site-packages/hockey_msgs/msg/_mallet_pos_s.c
[41.670s] -- Installing: /home/ubuntu/PucksInDeep/RPi/rosHockey/install/hockey_msgs/lib/python3.8/site-packages/hockey_msgs/msg/_mallet_pos.py
[41.672s] -- Installing: /home/ubuntu/PucksInDeep/RPi/rosHockey/install/hockey_msgs/lib/python3.8/site-packages/hockey_msgs/hockey_msgs_s__rosidl_typesupport_fastrtps_c.cpython-38-aarch64-linux-gnu.so
[41.675s] -- Set runtime path of "/home/ubuntu/PucksInDeep/RPi/rosHockey/install/hockey_msgs/lib/python3.8/site-packages/hockey_msgs/hockey_msgs_s__rosidl_typesupport_fastrtps_c.cpython-38-aarch64-linux-gnu.so" to ""
[41.676s] -- Installing: /home/ubuntu/PucksInDeep/RPi/rosHockey/install/hockey_msgs/lib/python3.8/site-packages/hockey_msgs/hockey_msgs_s__rosidl_typesupport_introspection_c.cpython-38-aarch64-linux-gnu.so
[41.679s] -- Set runtime path of "/home/ubuntu/PucksInDeep/RPi/rosHockey/install/hockey_msgs/lib/python3.8/site-packages/hockey_msgs/hockey_msgs_s__rosidl_typesupport_introspection_c.cpython-38-aarch64-linux-gnu.so" to ""
[41.680s] -- Installing: /home/ubuntu/PucksInDeep/RPi/rosHockey/install/hockey_msgs/lib/python3.8/site-packages/hockey_msgs/hockey_msgs_s__rosidl_typesupport_c.cpython-38-aarch64-linux-gnu.so
[41.683s] -- Set runtime path of "/home/ubuntu/PucksInDeep/RPi/rosHockey/install/hockey_msgs/lib/python3.8/site-packages/hockey_msgs/hockey_msgs_s__rosidl_typesupport_c.cpython-38-aarch64-linux-gnu.so" to ""
[41.684s] -- Installing: /home/ubuntu/PucksInDeep/RPi/rosHockey/install/hockey_msgs/lib/libhockey_msgs__python.so
[41.687s] -- Set runtime path of "/home/ubuntu/PucksInDeep/RPi/rosHockey/install/hockey_msgs/lib/libhockey_msgs__python.so" to ""
[41.688s] -- Installing: /home/ubuntu/PucksInDeep/RPi/rosHockey/install/hockey_msgs/share/hockey_msgs/msg/MalletPos.idl
[41.689s] -- Installing: /home/ubuntu/PucksInDeep/RPi/rosHockey/install/hockey_msgs/share/hockey_msgs/msg/MalletPos.msg
[41.691s] -- Installing: /home/ubuntu/PucksInDeep/RPi/rosHockey/install/hockey_msgs/share/ament_index/resource_index/package_run_dependencies/hockey_msgs
[41.692s] -- Installing: /home/ubuntu/PucksInDeep/RPi/rosHockey/install/hockey_msgs/share/ament_index/resource_index/parent_prefix_path/hockey_msgs
[41.694s] -- Installing: /home/ubuntu/PucksInDeep/RPi/rosHockey/install/hockey_msgs/share/hockey_msgs/environment/ament_prefix_path.sh
[41.695s] -- Installing: /home/ubuntu/PucksInDeep/RPi/rosHockey/install/hockey_msgs/share/hockey_msgs/environment/ament_prefix_path.dsv
[41.697s] -- Installing: /home/ubuntu/PucksInDeep/RPi/rosHockey/install/hockey_msgs/share/hockey_msgs/environment/path.sh
[41.698s] -- Installing: /home/ubuntu/PucksInDeep/RPi/rosHockey/install/hockey_msgs/share/hockey_msgs/environment/path.dsv
[41.699s] -- Installing: /home/ubuntu/PucksInDeep/RPi/rosHockey/install/hockey_msgs/share/hockey_msgs/local_setup.bash
[41.701s] -- Installing: /home/ubuntu/PucksInDeep/RPi/rosHockey/install/hockey_msgs/share/hockey_msgs/local_setup.sh
[41.702s] -- Installing: /home/ubuntu/PucksInDeep/RPi/rosHockey/install/hockey_msgs/share/hockey_msgs/local_setup.zsh
[41.703s] -- Installing: /home/ubuntu/PucksInDeep/RPi/rosHockey/install/hockey_msgs/share/hockey_msgs/local_setup.dsv
[41.705s] -- Installing: /home/ubuntu/PucksInDeep/RPi/rosHockey/install/hockey_msgs/share/hockey_msgs/package.dsv
[41.706s] -- Installing: /home/ubuntu/PucksInDeep/RPi/rosHockey/install/hockey_msgs/share/ament_index/resource_index/packages/hockey_msgs
[41.708s] -- Installing: /home/ubuntu/PucksInDeep/RPi/rosHockey/install/hockey_msgs/share/hockey_msgs/cmake/hockey_msgs__rosidl_generator_cExport.cmake
[41.710s] -- Installing: /home/ubuntu/PucksInDeep/RPi/rosHockey/install/hockey_msgs/share/hockey_msgs/cmake/hockey_msgs__rosidl_generator_cExport-noconfig.cmake
[41.711s] -- Installing: /home/ubuntu/PucksInDeep/RPi/rosHockey/install/hockey_msgs/share/hockey_msgs/cmake/hockey_msgs__rosidl_typesupport_introspection_cExport.cmake
[41.713s] -- Installing: /home/ubuntu/PucksInDeep/RPi/rosHockey/install/hockey_msgs/share/hockey_msgs/cmake/hockey_msgs__rosidl_typesupport_introspection_cExport-noconfig.cmake
[41.715s] -- Installing: /home/ubuntu/PucksInDeep/RPi/rosHockey/install/hockey_msgs/share/hockey_msgs/cmake/hockey_msgs__rosidl_typesupport_cExport.cmake
[41.716s] -- Installing: /home/ubuntu/PucksInDeep/RPi/rosHockey/install/hockey_msgs/share/hockey_msgs/cmake/hockey_msgs__rosidl_typesupport_cExport-noconfig.cmake
[41.718s] -- Installing: /home/ubuntu/PucksInDeep/RPi/rosHockey/install/hockey_msgs/share/hockey_msgs/cmake/hockey_msgs__rosidl_generator_cppExport.cmake
[41.720s] -- Installing: /home/ubuntu/PucksInDeep/RPi/rosHockey/install/hockey_msgs/share/hockey_msgs/cmake/hockey_msgs__rosidl_typesupport_introspection_cppExport.cmake
[41.721s] -- Installing: /home/ubuntu/PucksInDeep/RPi/rosHockey/install/hockey_msgs/share/hockey_msgs/cmake/hockey_msgs__rosidl_typesupport_introspection_cppExport-noconfig.cmake
[41.723s] -- Installing: /home/ubuntu/PucksInDeep/RPi/rosHockey/install/hockey_msgs/share/hockey_msgs/cmake/hockey_msgs__rosidl_typesupport_cppExport.cmake
[41.725s] -- Installing: /home/ubuntu/PucksInDeep/RPi/rosHockey/install/hockey_msgs/share/hockey_msgs/cmake/hockey_msgs__rosidl_typesupport_cppExport-noconfig.cmake
[41.726s] -- Installing: /home/ubuntu/PucksInDeep/RPi/rosHockey/install/hockey_msgs/share/hockey_msgs/cmake/rosidl_cmake-extras.cmake
[41.728s] -- Installing: /home/ubuntu/PucksInDeep/RPi/rosHockey/install/hockey_msgs/share/hockey_msgs/cmake/ament_cmake_export_dependencies-extras.cmake
[41.729s] -- Installing: /home/ubuntu/PucksInDeep/RPi/rosHockey/install/hockey_msgs/share/hockey_msgs/cmake/ament_cmake_export_libraries-extras.cmake
[41.731s] -- Installing: /home/ubuntu/PucksInDeep/RPi/rosHockey/install/hockey_msgs/share/hockey_msgs/cmake/ament_cmake_export_targets-extras.cmake
[41.732s] -- Installing: /home/ubuntu/PucksInDeep/RPi/rosHockey/install/hockey_msgs/share/hockey_msgs/cmake/ament_cmake_export_include_directories-extras.cmake
[41.734s] -- Installing: /home/ubuntu/PucksInDeep/RPi/rosHockey/install/hockey_msgs/share/hockey_msgs/cmake/rosidl_cmake_export_typesupport_libraries-extras.cmake
[41.735s] -- Installing: /home/ubuntu/PucksInDeep/RPi/rosHockey/install/hockey_msgs/share/hockey_msgs/cmake/rosidl_cmake_export_typesupport_targets-extras.cmake
[41.737s] -- Installing: /home/ubuntu/PucksInDeep/RPi/rosHockey/install/hockey_msgs/share/hockey_msgs/cmake/hockey_msgsConfig.cmake
[41.738s] -- Installing: /home/ubuntu/PucksInDeep/RPi/rosHockey/install/hockey_msgs/share/hockey_msgs/cmake/hockey_msgsConfig-version.cmake
[41.739s] -- Installing: /home/ubuntu/PucksInDeep/RPi/rosHockey/install/hockey_msgs/share/hockey_msgs/package.xml
[41.753s] Invoked command in '/home/ubuntu/PucksInDeep/RPi/rosHockey/build/hockey_msgs' returned '0': CMAKE_PREFIX_PATH=/opt/ros/foxy /usr/bin/cmake --install /home/ubuntu/PucksInDeep/RPi/rosHockey/build/hockey_msgs
