[4.174s] Invoking command in '/home/ubuntu/PucksInDeep/rosHockey/keyboard_control': BYOBU_DATE=%Y-%m-%d PYTHONPATH=/home/ubuntu/PucksInDeep/rosHockey/install/keyboard_control/lib/python3.8/site-packages:${PYTHONPATH} /usr/bin/python3 setup.py egg_info --egg-base ../build/keyboard_control build --build-base /home/ubuntu/PucksInDeep/rosHockey/build/keyboard_control/build install --prefix /home/ubuntu/PucksInDeep/rosHockey/install/keyboard_control --record /home/ubuntu/PucksInDeep/rosHockey/build/keyboard_control/install.log --single-version-externally-managed
[5.785s] running egg_info
[5.788s] creating ../build/keyboard_control/keyboard_control.egg-info
[5.789s] writing ../build/keyboard_control/keyboard_control.egg-info/PKG-INFO
[5.791s] writing dependency_links to ../build/keyboard_control/keyboard_control.egg-info/dependency_links.txt
[5.792s] writing entry points to ../build/keyboard_control/keyboard_control.egg-info/entry_points.txt
[5.793s] writing requirements to ../build/keyboard_control/keyboard_control.egg-info/requires.txt
[5.794s] writing top-level names to ../build/keyboard_control/keyboard_control.egg-info/top_level.txt
[5.805s] writing manifest file '../build/keyboard_control/keyboard_control.egg-info/SOURCES.txt'
[6.029s] reading manifest file '../build/keyboard_control/keyboard_control.egg-info/SOURCES.txt'
[6.033s] writing manifest file '../build/keyboard_control/keyboard_control.egg-info/SOURCES.txt'
[6.040s] running build
[6.043s] running build_py
[6.044s] creating /home/ubuntu/PucksInDeep/rosHockey/build/keyboard_control/build
[6.045s] creating /home/ubuntu/PucksInDeep/rosHockey/build/keyboard_control/build/lib
[6.046s] creating /home/ubuntu/PucksInDeep/rosHockey/build/keyboard_control/build/lib/keyboard_control
[6.046s] copying keyboard_control/__init__.py -> /home/ubuntu/PucksInDeep/rosHockey/build/keyboard_control/build/lib/keyboard_control
[6.047s] running install
[6.060s] running install_lib
[6.072s] creating /home/ubuntu/PucksInDeep/rosHockey/install/keyboard_control/lib/python3.8/site-packages/keyboard_control
[6.073s] copying /home/ubuntu/PucksInDeep/rosHockey/build/keyboard_control/build/lib/keyboard_control/__init__.py -> /home/ubuntu/PucksInDeep/rosHockey/install/keyboard_control/lib/python3.8/site-packages/keyboard_control
[6.090s] byte-compiling /home/ubuntu/PucksInDeep/rosHockey/install/keyboard_control/lib/python3.8/site-packages/keyboard_control/__init__.py to __init__.cpython-38.pyc
[6.098s] running install_data
[6.105s] creating /home/ubuntu/PucksInDeep/rosHockey/install/keyboard_control/share/ament_index
[6.106s] creating /home/ubuntu/PucksInDeep/rosHockey/install/keyboard_control/share/ament_index/resource_index
[6.107s] creating /home/ubuntu/PucksInDeep/rosHockey/install/keyboard_control/share/ament_index/resource_index/packages
[6.108s] error: can't copy 'resource/keyboard_control': doesn't exist or not a regular file
