[0.233s] Invoking command in '/home/ubuntu/PucksInDeep/rosHockey/build/hockey_msgs': BYOBU_DATE=%Y-%m-%d CMAKE_PREFIX_PATH=/opt/ros/foxy /usr/bin/cmake --build /home/ubuntu/PucksInDeep/rosHockey/build/hockey_msgs -- -j4 -l4
[4.103s] [  9%] Built target hockey_msgs__rosidl_generator_c
[4.105s] [ 12%] Built target hockey_msgs__cpp
[4.106s] [ 22%] Built target hockey_msgs__rosidl_typesupport_c
[4.107s] [ 32%] Built target hockey_msgs__rosidl_typesupport_introspection_c
[4.107s] [ 41%] Built target hockey_msgs__rosidl_typesupport_cpp
[4.108s] [ 51%] Built target hockey_msgs__rosidl_typesupport_introspection_cpp
[4.109s] [ 61%] Built target hockey_msgs__rosidl_typesupport_fastrtps_cpp
[4.110s] [ 70%] Built target hockey_msgs__rosidl_typesupport_fastrtps_c
[4.110s] [ 70%] Built target hockey_msgs
[4.111s] [ 74%] Built target hockey_msgs__py
[4.112s] [ 80%] Built target hockey_msgs__python
[4.112s] [ 87%] Built target hockey_msgs__rosidl_typesupport_introspection_c__pyext
[4.113s] [ 93%] Built target hockey_msgs__rosidl_typesupport_c__pyext
[4.121s] [100%] Built target hockey_msgs__rosidl_typesupport_fastrtps_c__pyext
[5.786s] Invoked command in '/home/ubuntu/PucksInDeep/rosHockey/build/hockey_msgs' returned '0': BYOBU_DATE=%Y-%m-%d CMAKE_PREFIX_PATH=/opt/ros/foxy /usr/bin/cmake --build /home/ubuntu/PucksInDeep/rosHockey/build/hockey_msgs -- -j4 -l4
[7.713s] Invoking command in '/home/ubuntu/PucksInDeep/rosHockey/build/hockey_msgs': BYOBU_DATE=%Y-%m-%d CMAKE_PREFIX_PATH=/opt/ros/foxy /usr/bin/cmake --install /home/ubuntu/PucksInDeep/rosHockey/build/hockey_msgs
[7.834s] -- Install configuration: ""
[7.843s] -- Installing: /home/ubuntu/PucksInDeep/rosHockey/install/hockey_msgs/share/ament_index/resource_index/rosidl_interfaces/hockey_msgs
[7.846s] -- Installing: /home/ubuntu/PucksInDeep/rosHockey/install/hockey_msgs/include/hockey_msgs
[7.847s] -- Installing: /home/ubuntu/PucksInDeep/rosHockey/install/hockey_msgs/include/hockey_msgs/msg
[7.848s] -- Installing: /home/ubuntu/PucksInDeep/rosHockey/install/hockey_msgs/include/hockey_msgs/msg/detail
[7.849s] -- Installing: /home/ubuntu/PucksInDeep/rosHockey/install/hockey_msgs/include/hockey_msgs/msg/detail/mallet_pos__type_support.h
[7.851s] -- Installing: /home/ubuntu/PucksInDeep/rosHockey/install/hockey_msgs/include/hockey_msgs/msg/detail/mallet_pos__struct.h
[7.854s] -- Installing: /home/ubuntu/PucksInDeep/rosHockey/install/hockey_msgs/include/hockey_msgs/msg/detail/mallet_pos__functions.h
[7.858s] -- Installing: /home/ubuntu/PucksInDeep/rosHockey/install/hockey_msgs/include/hockey_msgs/msg/detail/mallet_pos__functions.c
[7.859s] -- Installing: /home/ubuntu/PucksInDeep/rosHockey/install/hockey_msgs/include/hockey_msgs/msg/rosidl_generator_c__visibility_control.h
[7.860s] -- Installing: /home/ubuntu/PucksInDeep/rosHockey/install/hockey_msgs/include/hockey_msgs/msg/mallet_pos.h
[7.862s] -- Installing: /home/ubuntu/PucksInDeep/rosHockey/install/hockey_msgs/share/hockey_msgs/environment/library_path.sh
[7.866s] -- Installing: /home/ubuntu/PucksInDeep/rosHockey/install/hockey_msgs/share/hockey_msgs/environment/library_path.dsv
[7.874s] -- Installing: /home/ubuntu/PucksInDeep/rosHockey/install/hockey_msgs/lib/libhockey_msgs__rosidl_generator_c.so
[7.875s] -- Set runtime path of "/home/ubuntu/PucksInDeep/rosHockey/install/hockey_msgs/lib/libhockey_msgs__rosidl_generator_c.so" to ""
[7.876s] -- Up-to-date: /home/ubuntu/PucksInDeep/rosHockey/install/hockey_msgs/include/hockey_msgs
[7.877s] -- Up-to-date: /home/ubuntu/PucksInDeep/rosHockey/install/hockey_msgs/include/hockey_msgs/msg
[7.877s] -- Up-to-date: /home/ubuntu/PucksInDeep/rosHockey/install/hockey_msgs/include/hockey_msgs/msg/detail
[7.878s] -- Installing: /home/ubuntu/PucksInDeep/rosHockey/install/hockey_msgs/include/hockey_msgs/msg/detail/mallet_pos__rosidl_typesupport_fastrtps_c.h
[7.879s] -- Installing: /home/ubuntu/PucksInDeep/rosHockey/install/hockey_msgs/include/hockey_msgs/msg/rosidl_typesupport_fastrtps_c__visibility_control.h
[7.882s] -- Installing: /home/ubuntu/PucksInDeep/rosHockey/install/hockey_msgs/lib/libhockey_msgs__rosidl_typesupport_fastrtps_c.so
[7.885s] -- Set runtime path of "/home/ubuntu/PucksInDeep/rosHockey/install/hockey_msgs/lib/libhockey_msgs__rosidl_typesupport_fastrtps_c.so" to ""
[7.890s] -- Up-to-date: /home/ubuntu/PucksInDeep/rosHockey/install/hockey_msgs/include/hockey_msgs
[7.891s] -- Up-to-date: /home/ubuntu/PucksInDeep/rosHockey/install/hockey_msgs/include/hockey_msgs/msg
[7.892s] -- Up-to-date: /home/ubuntu/PucksInDeep/rosHockey/install/hockey_msgs/include/hockey_msgs/msg/detail
[7.893s] -- Installing: /home/ubuntu/PucksInDeep/rosHockey/install/hockey_msgs/include/hockey_msgs/msg/detail/dds_fastrtps
[7.893s] -- Installing: /home/ubuntu/PucksInDeep/rosHockey/install/hockey_msgs/include/hockey_msgs/msg/detail/mallet_pos__rosidl_typesupport_fastrtps_cpp.hpp
[7.902s] -- Installing: /home/ubuntu/PucksInDeep/rosHockey/install/hockey_msgs/include/hockey_msgs/msg/rosidl_typesupport_fastrtps_cpp__visibility_control.h
[7.903s] -- Installing: /home/ubuntu/PucksInDeep/rosHockey/install/hockey_msgs/lib/libhockey_msgs__rosidl_typesupport_fastrtps_cpp.so
[7.904s] -- Set runtime path of "/home/ubuntu/PucksInDeep/rosHockey/install/hockey_msgs/lib/libhockey_msgs__rosidl_typesupport_fastrtps_cpp.so" to ""
[7.905s] -- Up-to-date: /home/ubuntu/PucksInDeep/rosHockey/install/hockey_msgs/include/hockey_msgs
[7.906s] -- Up-to-date: /home/ubuntu/PucksInDeep/rosHockey/install/hockey_msgs/include/hockey_msgs/msg
[7.906s] -- Up-to-date: /home/ubuntu/PucksInDeep/rosHockey/install/hockey_msgs/include/hockey_msgs/msg/detail
[7.907s] -- Installing: /home/ubuntu/PucksInDeep/rosHockey/install/hockey_msgs/include/hockey_msgs/msg/detail/mallet_pos__rosidl_typesupport_introspection_c.h
[7.909s] -- Installing: /home/ubuntu/PucksInDeep/rosHockey/install/hockey_msgs/include/hockey_msgs/msg/detail/mallet_pos__type_support.c
[7.910s] -- Installing: /home/ubuntu/PucksInDeep/rosHockey/install/hockey_msgs/include/hockey_msgs/msg/rosidl_typesupport_introspection_c__visibility_control.h
[7.911s] -- Installing: /home/ubuntu/PucksInDeep/rosHockey/install/hockey_msgs/lib/libhockey_msgs__rosidl_typesupport_introspection_c.so
[7.918s] -- Set runtime path of "/home/ubuntu/PucksInDeep/rosHockey/install/hockey_msgs/lib/libhockey_msgs__rosidl_typesupport_introspection_c.so" to ""
[7.920s] -- Installing: /home/ubuntu/PucksInDeep/rosHockey/install/hockey_msgs/lib/libhockey_msgs__rosidl_typesupport_c.so
[7.923s] -- Set runtime path of "/home/ubuntu/PucksInDeep/rosHockey/install/hockey_msgs/lib/libhockey_msgs__rosidl_typesupport_c.so" to ""
[7.927s] -- Up-to-date: /home/ubuntu/PucksInDeep/rosHockey/install/hockey_msgs/include/hockey_msgs
[7.928s] -- Up-to-date: /home/ubuntu/PucksInDeep/rosHockey/install/hockey_msgs/include/hockey_msgs/msg
[7.932s] -- Up-to-date: /home/ubuntu/PucksInDeep/rosHockey/install/hockey_msgs/include/hockey_msgs/msg/detail
[7.940s] -- Installing: /home/ubuntu/PucksInDeep/rosHockey/install/hockey_msgs/include/hockey_msgs/msg/detail/mallet_pos__traits.hpp
[7.942s] -- Installing: /home/ubuntu/PucksInDeep/rosHockey/install/hockey_msgs/include/hockey_msgs/msg/detail/mallet_pos__struct.hpp
[7.942s] -- Installing: /home/ubuntu/PucksInDeep/rosHockey/install/hockey_msgs/include/hockey_msgs/msg/detail/mallet_pos__builder.hpp
[7.943s] -- Installing: /home/ubuntu/PucksInDeep/rosHockey/install/hockey_msgs/include/hockey_msgs/msg/mallet_pos.hpp
[7.944s] -- Up-to-date: /home/ubuntu/PucksInDeep/rosHockey/install/hockey_msgs/include/hockey_msgs
[7.944s] -- Up-to-date: /home/ubuntu/PucksInDeep/rosHockey/install/hockey_msgs/include/hockey_msgs/msg
[7.948s] -- Up-to-date: /home/ubuntu/PucksInDeep/rosHockey/install/hockey_msgs/include/hockey_msgs/msg/detail
[7.949s] -- Installing: /home/ubuntu/PucksInDeep/rosHockey/install/hockey_msgs/include/hockey_msgs/msg/detail/mallet_pos__type_support.cpp
[7.950s] -- Installing: /home/ubuntu/PucksInDeep/rosHockey/install/hockey_msgs/include/hockey_msgs/msg/detail/mallet_pos__rosidl_typesupport_introspection_cpp.hpp
[7.955s] -- Installing: /home/ubuntu/PucksInDeep/rosHockey/install/hockey_msgs/lib/libhockey_msgs__rosidl_typesupport_introspection_cpp.so
[7.958s] -- Set runtime path of "/home/ubuntu/PucksInDeep/rosHockey/install/hockey_msgs/lib/libhockey_msgs__rosidl_typesupport_introspection_cpp.so" to ""
[7.960s] -- Installing: /home/ubuntu/PucksInDeep/rosHockey/install/hockey_msgs/lib/libhockey_msgs__rosidl_typesupport_cpp.so
[7.963s] -- Set runtime path of "/home/ubuntu/PucksInDeep/rosHockey/install/hockey_msgs/lib/libhockey_msgs__rosidl_typesupport_cpp.so" to ""
[7.972s] -- Installing: /home/ubuntu/PucksInDeep/rosHockey/install/hockey_msgs/share/hockey_msgs/environment/pythonpath.sh
[7.973s] -- Installing: /home/ubuntu/PucksInDeep/rosHockey/install/hockey_msgs/share/hockey_msgs/environment/pythonpath.dsv
[7.974s] -- Installing: /home/ubuntu/PucksInDeep/rosHockey/install/hockey_msgs/lib/python3.8/site-packages/hockey_msgs/__init__.py
[8.407s] Compiling '/home/ubuntu/PucksInDeep/rosHockey/install/hockey_msgs/lib/python3.8/site-packages/hockey_msgs/__init__.py'...
[8.527s] -- Installing: /home/ubuntu/PucksInDeep/rosHockey/install/hockey_msgs/lib/python3.8/site-packages/hockey_msgs/msg
[8.528s] -- Installing: /home/ubuntu/PucksInDeep/rosHockey/install/hockey_msgs/lib/python3.8/site-packages/hockey_msgs/msg/__init__.py
[8.530s] -- Installing: /home/ubuntu/PucksInDeep/rosHockey/install/hockey_msgs/lib/python3.8/site-packages/hockey_msgs/msg/_mallet_pos_s.c
[8.532s] -- Installing: /home/ubuntu/PucksInDeep/rosHockey/install/hockey_msgs/lib/python3.8/site-packages/hockey_msgs/msg/_mallet_pos.py
[8.535s] -- Installing: /home/ubuntu/PucksInDeep/rosHockey/install/hockey_msgs/lib/python3.8/site-packages/hockey_msgs/hockey_msgs_s__rosidl_typesupport_fastrtps_c.cpython-38-aarch64-linux-gnu.so
[8.542s] -- Set runtime path of "/home/ubuntu/PucksInDeep/rosHockey/install/hockey_msgs/lib/python3.8/site-packages/hockey_msgs/hockey_msgs_s__rosidl_typesupport_fastrtps_c.cpython-38-aarch64-linux-gnu.so" to ""
[8.546s] -- Installing: /home/ubuntu/PucksInDeep/rosHockey/install/hockey_msgs/lib/python3.8/site-packages/hockey_msgs/hockey_msgs_s__rosidl_typesupport_introspection_c.cpython-38-aarch64-linux-gnu.so
[8.563s] -- Set runtime path of "/home/ubuntu/PucksInDeep/rosHockey/install/hockey_msgs/lib/python3.8/site-packages/hockey_msgs/hockey_msgs_s__rosidl_typesupport_introspection_c.cpython-38-aarch64-linux-gnu.so" to ""
[8.566s] -- Installing: /home/ubuntu/PucksInDeep/rosHockey/install/hockey_msgs/lib/python3.8/site-packages/hockey_msgs/hockey_msgs_s__rosidl_typesupport_c.cpython-38-aarch64-linux-gnu.so
[8.572s] -- Set runtime path of "/home/ubuntu/PucksInDeep/rosHockey/install/hockey_msgs/lib/python3.8/site-packages/hockey_msgs/hockey_msgs_s__rosidl_typesupport_c.cpython-38-aarch64-linux-gnu.so" to ""
[8.576s] -- Installing: /home/ubuntu/PucksInDeep/rosHockey/install/hockey_msgs/lib/libhockey_msgs__python.so
[8.595s] -- Set runtime path of "/home/ubuntu/PucksInDeep/rosHockey/install/hockey_msgs/lib/libhockey_msgs__python.so" to ""
[8.599s] -- Installing: /home/ubuntu/PucksInDeep/rosHockey/install/hockey_msgs/share/hockey_msgs/msg/MalletPos.idl
[8.603s] -- Installing: /home/ubuntu/PucksInDeep/rosHockey/install/hockey_msgs/share/hockey_msgs/msg/MalletPos.msg
[8.606s] -- Installing: /home/ubuntu/PucksInDeep/rosHockey/install/hockey_msgs/share/ament_index/resource_index/package_run_dependencies/hockey_msgs
[8.611s] -- Installing: /home/ubuntu/PucksInDeep/rosHockey/install/hockey_msgs/share/ament_index/resource_index/parent_prefix_path/hockey_msgs
[8.615s] -- Installing: /home/ubuntu/PucksInDeep/rosHockey/install/hockey_msgs/share/hockey_msgs/environment/ament_prefix_path.sh
[8.627s] -- Installing: /home/ubuntu/PucksInDeep/rosHockey/install/hockey_msgs/share/hockey_msgs/environment/ament_prefix_path.dsv
[8.630s] -- Installing: /home/ubuntu/PucksInDeep/rosHockey/install/hockey_msgs/share/hockey_msgs/environment/path.sh
[8.634s] -- Installing: /home/ubuntu/PucksInDeep/rosHockey/install/hockey_msgs/share/hockey_msgs/environment/path.dsv
[8.652s] -- Installing: /home/ubuntu/PucksInDeep/rosHockey/install/hockey_msgs/share/hockey_msgs/local_setup.bash
[8.658s] -- Installing: /home/ubuntu/PucksInDeep/rosHockey/install/hockey_msgs/share/hockey_msgs/local_setup.sh
[8.661s] -- Installing: /home/ubuntu/PucksInDeep/rosHockey/install/hockey_msgs/share/hockey_msgs/local_setup.zsh
[8.665s] -- Installing: /home/ubuntu/PucksInDeep/rosHockey/install/hockey_msgs/share/hockey_msgs/local_setup.dsv
[8.670s] -- Installing: /home/ubuntu/PucksInDeep/rosHockey/install/hockey_msgs/share/hockey_msgs/package.dsv
[8.676s] -- Installing: /home/ubuntu/PucksInDeep/rosHockey/install/hockey_msgs/share/ament_index/resource_index/packages/hockey_msgs
[8.685s] -- Installing: /home/ubuntu/PucksInDeep/rosHockey/install/hockey_msgs/share/hockey_msgs/cmake/hockey_msgs__rosidl_generator_cExport.cmake
[8.691s] -- Installing: /home/ubuntu/PucksInDeep/rosHockey/install/hockey_msgs/share/hockey_msgs/cmake/hockey_msgs__rosidl_generator_cExport-noconfig.cmake
[8.703s] -- Installing: /home/ubuntu/PucksInDeep/rosHockey/install/hockey_msgs/share/hockey_msgs/cmake/hockey_msgs__rosidl_typesupport_introspection_cExport.cmake
[8.708s] -- Installing: /home/ubuntu/PucksInDeep/rosHockey/install/hockey_msgs/share/hockey_msgs/cmake/hockey_msgs__rosidl_typesupport_introspection_cExport-noconfig.cmake
[8.718s] -- Installing: /home/ubuntu/PucksInDeep/rosHockey/install/hockey_msgs/share/hockey_msgs/cmake/hockey_msgs__rosidl_typesupport_cExport.cmake
[8.733s] -- Installing: /home/ubuntu/PucksInDeep/rosHockey/install/hockey_msgs/share/hockey_msgs/cmake/hockey_msgs__rosidl_typesupport_cExport-noconfig.cmake
[8.742s] -- Installing: /home/ubuntu/PucksInDeep/rosHockey/install/hockey_msgs/share/hockey_msgs/cmake/hockey_msgs__rosidl_generator_cppExport.cmake
[8.750s] -- Installing: /home/ubuntu/PucksInDeep/rosHockey/install/hockey_msgs/share/hockey_msgs/cmake/hockey_msgs__rosidl_typesupport_introspection_cppExport.cmake
[8.755s] -- Installing: /home/ubuntu/PucksInDeep/rosHockey/install/hockey_msgs/share/hockey_msgs/cmake/hockey_msgs__rosidl_typesupport_introspection_cppExport-noconfig.cmake
[8.766s] -- Installing: /home/ubuntu/PucksInDeep/rosHockey/install/hockey_msgs/share/hockey_msgs/cmake/hockey_msgs__rosidl_typesupport_cppExport.cmake
[8.779s] -- Installing: /home/ubuntu/PucksInDeep/rosHockey/install/hockey_msgs/share/hockey_msgs/cmake/hockey_msgs__rosidl_typesupport_cppExport-noconfig.cmake
[8.783s] -- Installing: /home/ubuntu/PucksInDeep/rosHockey/install/hockey_msgs/share/hockey_msgs/cmake/rosidl_cmake-extras.cmake
[8.787s] -- Installing: /home/ubuntu/PucksInDeep/rosHockey/install/hockey_msgs/share/hockey_msgs/cmake/ament_cmake_export_dependencies-extras.cmake
[8.791s] -- Installing: /home/ubuntu/PucksInDeep/rosHockey/install/hockey_msgs/share/hockey_msgs/cmake/ament_cmake_export_libraries-extras.cmake
[8.796s] -- Installing: /home/ubuntu/PucksInDeep/rosHockey/install/hockey_msgs/share/hockey_msgs/cmake/ament_cmake_export_targets-extras.cmake
[8.806s] -- Installing: /home/ubuntu/PucksInDeep/rosHockey/install/hockey_msgs/share/hockey_msgs/cmake/ament_cmake_export_include_directories-extras.cmake
[8.812s] -- Installing: /home/ubuntu/PucksInDeep/rosHockey/install/hockey_msgs/share/hockey_msgs/cmake/rosidl_cmake_export_typesupport_libraries-extras.cmake
[8.819s] -- Installing: /home/ubuntu/PucksInDeep/rosHockey/install/hockey_msgs/share/hockey_msgs/cmake/rosidl_cmake_export_typesupport_targets-extras.cmake
[8.828s] -- Installing: /home/ubuntu/PucksInDeep/rosHockey/install/hockey_msgs/share/hockey_msgs/cmake/hockey_msgsConfig.cmake
[8.839s] -- Installing: /home/ubuntu/PucksInDeep/rosHockey/install/hockey_msgs/share/hockey_msgs/cmake/hockey_msgsConfig-version.cmake
[8.848s] -- Installing: /home/ubuntu/PucksInDeep/rosHockey/install/hockey_msgs/share/hockey_msgs/package.xml
[8.885s] Invoked command in '/home/ubuntu/PucksInDeep/rosHockey/build/hockey_msgs' returned '0': BYOBU_DATE=%Y-%m-%d CMAKE_PREFIX_PATH=/opt/ros/foxy /usr/bin/cmake --install /home/ubuntu/PucksInDeep/rosHockey/build/hockey_msgs
