[0.240s] Invoking command in '/home/ubuntu/PucksInDeep/rosHockey/build/hockey_msgs': CMAKE_PREFIX_PATH=/opt/ros/foxy /usr/bin/cmake --build /home/ubuntu/PucksInDeep/rosHockey/build/hockey_msgs -- -j4 -l4
[5.135s] [  9%] Built target hockey_msgs__rosidl_generator_c
[5.137s] [ 12%] Built target hockey_msgs__cpp
[5.139s] [ 22%] Built target hockey_msgs__rosidl_typesupport_c
[5.140s] [ 32%] Built target hockey_msgs__rosidl_typesupport_introspection_c
[5.143s] [ 41%] Built target hockey_msgs__rosidl_typesupport_introspection_cpp
[5.145s] [ 51%] Built target hockey_msgs__rosidl_typesupport_cpp
[5.146s] [ 61%] Built target hockey_msgs__rosidl_typesupport_fastrtps_cpp
[5.152s] [ 70%] Built target hockey_msgs__rosidl_typesupport_fastrtps_c
[5.154s] [ 70%] Built target hockey_msgs
[5.156s] [ 74%] Built target hockey_msgs__py
[5.157s] [ 80%] Built target hockey_msgs__python
[5.158s] [ 87%] Built target hockey_msgs__rosidl_typesupport_c__pyext
[5.159s] [ 93%] Built target hockey_msgs__rosidl_typesupport_introspection_c__pyext
[5.160s] [100%] Built target hockey_msgs__rosidl_typesupport_fastrtps_c__pyext
[5.161s] Invoked command in '/home/ubuntu/PucksInDeep/rosHockey/build/hockey_msgs' returned '0': CMAKE_PREFIX_PATH=/opt/ros/foxy /usr/bin/cmake --build /home/ubuntu/PucksInDeep/rosHockey/build/hockey_msgs -- -j4 -l4
[7.002s] Invoking command in '/home/ubuntu/PucksInDeep/rosHockey/build/hockey_msgs': CMAKE_PREFIX_PATH=/opt/ros/foxy /usr/bin/cmake --install /home/ubuntu/PucksInDeep/rosHockey/build/hockey_msgs
[7.175s] -- Install configuration: ""
[7.179s] -- Up-to-date: /home/ubuntu/PucksInDeep/rosHockey/install/hockey_msgs/share/ament_index/resource_index/rosidl_interfaces/hockey_msgs
[7.181s] -- Up-to-date: /home/ubuntu/PucksInDeep/rosHockey/install/hockey_msgs/include/hockey_msgs
[7.182s] -- Up-to-date: /home/ubuntu/PucksInDeep/rosHockey/install/hockey_msgs/include/hockey_msgs/msg
[7.183s] -- Up-to-date: /home/ubuntu/PucksInDeep/rosHockey/install/hockey_msgs/include/hockey_msgs/msg/detail
[7.184s] -- Up-to-date: /home/ubuntu/PucksInDeep/rosHockey/install/hockey_msgs/include/hockey_msgs/msg/detail/mallet_pos__type_support.h
[7.186s] -- Up-to-date: /home/ubuntu/PucksInDeep/rosHockey/install/hockey_msgs/include/hockey_msgs/msg/detail/mallet_pos__struct.h
[7.197s] -- Up-to-date: /home/ubuntu/PucksInDeep/rosHockey/install/hockey_msgs/include/hockey_msgs/msg/detail/mallet_pos__functions.h
[7.197s] -- Up-to-date: /home/ubuntu/PucksInDeep/rosHockey/install/hockey_msgs/include/hockey_msgs/msg/detail/mallet_pos__functions.c
[7.198s] -- Up-to-date: /home/ubuntu/PucksInDeep/rosHockey/install/hockey_msgs/include/hockey_msgs/msg/rosidl_generator_c__visibility_control.h
[7.199s] -- Up-to-date: /home/ubuntu/PucksInDeep/rosHockey/install/hockey_msgs/include/hockey_msgs/msg/mallet_pos.h
[7.200s] -- Up-to-date: /home/ubuntu/PucksInDeep/rosHockey/install/hockey_msgs/share/hockey_msgs/environment/library_path.sh
[7.201s] -- Up-to-date: /home/ubuntu/PucksInDeep/rosHockey/install/hockey_msgs/share/hockey_msgs/environment/library_path.dsv
[7.210s] -- Up-to-date: /home/ubuntu/PucksInDeep/rosHockey/install/hockey_msgs/lib/libhockey_msgs__rosidl_generator_c.so
[7.212s] -- Up-to-date: /home/ubuntu/PucksInDeep/rosHockey/install/hockey_msgs/include/hockey_msgs
[7.213s] -- Up-to-date: /home/ubuntu/PucksInDeep/rosHockey/install/hockey_msgs/include/hockey_msgs/msg
[7.214s] -- Up-to-date: /home/ubuntu/PucksInDeep/rosHockey/install/hockey_msgs/include/hockey_msgs/msg/detail
[7.215s] -- Up-to-date: /home/ubuntu/PucksInDeep/rosHockey/install/hockey_msgs/include/hockey_msgs/msg/detail/mallet_pos__rosidl_typesupport_fastrtps_c.h
[7.215s] -- Up-to-date: /home/ubuntu/PucksInDeep/rosHockey/install/hockey_msgs/include/hockey_msgs/msg/rosidl_typesupport_fastrtps_c__visibility_control.h
[7.217s] -- Up-to-date: /home/ubuntu/PucksInDeep/rosHockey/install/hockey_msgs/lib/libhockey_msgs__rosidl_typesupport_fastrtps_c.so
[7.222s] -- Up-to-date: /home/ubuntu/PucksInDeep/rosHockey/install/hockey_msgs/include/hockey_msgs
[7.232s] -- Up-to-date: /home/ubuntu/PucksInDeep/rosHockey/install/hockey_msgs/include/hockey_msgs/msg
[7.233s] -- Up-to-date: /home/ubuntu/PucksInDeep/rosHockey/install/hockey_msgs/include/hockey_msgs/msg/detail
[7.234s] -- Up-to-date: /home/ubuntu/PucksInDeep/rosHockey/install/hockey_msgs/include/hockey_msgs/msg/detail/dds_fastrtps
[7.235s] -- Up-to-date: /home/ubuntu/PucksInDeep/rosHockey/install/hockey_msgs/include/hockey_msgs/msg/detail/mallet_pos__rosidl_typesupport_fastrtps_cpp.hpp
[7.236s] -- Up-to-date: /home/ubuntu/PucksInDeep/rosHockey/install/hockey_msgs/include/hockey_msgs/msg/rosidl_typesupport_fastrtps_cpp__visibility_control.h
[7.238s] -- Up-to-date: /home/ubuntu/PucksInDeep/rosHockey/install/hockey_msgs/lib/libhockey_msgs__rosidl_typesupport_fastrtps_cpp.so
[7.253s] -- Up-to-date: /home/ubuntu/PucksInDeep/rosHockey/install/hockey_msgs/include/hockey_msgs
[7.254s] -- Up-to-date: /home/ubuntu/PucksInDeep/rosHockey/install/hockey_msgs/include/hockey_msgs/msg
[7.263s] -- Up-to-date: /home/ubuntu/PucksInDeep/rosHockey/install/hockey_msgs/include/hockey_msgs/msg/detail
[7.264s] -- Up-to-date: /home/ubuntu/PucksInDeep/rosHockey/install/hockey_msgs/include/hockey_msgs/msg/detail/mallet_pos__rosidl_typesupport_introspection_c.h
[7.265s] -- Up-to-date: /home/ubuntu/PucksInDeep/rosHockey/install/hockey_msgs/include/hockey_msgs/msg/detail/mallet_pos__type_support.c
[7.266s] -- Up-to-date: /home/ubuntu/PucksInDeep/rosHockey/install/hockey_msgs/include/hockey_msgs/msg/rosidl_typesupport_introspection_c__visibility_control.h
[7.278s] -- Up-to-date: /home/ubuntu/PucksInDeep/rosHockey/install/hockey_msgs/lib/libhockey_msgs__rosidl_typesupport_introspection_c.so
[7.285s] -- Up-to-date: /home/ubuntu/PucksInDeep/rosHockey/install/hockey_msgs/lib/libhockey_msgs__rosidl_typesupport_c.so
[7.287s] -- Up-to-date: /home/ubuntu/PucksInDeep/rosHockey/install/hockey_msgs/include/hockey_msgs
[7.289s] -- Up-to-date: /home/ubuntu/PucksInDeep/rosHockey/install/hockey_msgs/include/hockey_msgs/msg
[7.290s] -- Up-to-date: /home/ubuntu/PucksInDeep/rosHockey/install/hockey_msgs/include/hockey_msgs/msg/detail
[7.297s] -- Up-to-date: /home/ubuntu/PucksInDeep/rosHockey/install/hockey_msgs/include/hockey_msgs/msg/detail/mallet_pos__traits.hpp
[7.298s] -- Up-to-date: /home/ubuntu/PucksInDeep/rosHockey/install/hockey_msgs/include/hockey_msgs/msg/detail/mallet_pos__struct.hpp
[7.304s] -- Up-to-date: /home/ubuntu/PucksInDeep/rosHockey/install/hockey_msgs/include/hockey_msgs/msg/detail/mallet_pos__builder.hpp
[7.305s] -- Up-to-date: /home/ubuntu/PucksInDeep/rosHockey/install/hockey_msgs/include/hockey_msgs/msg/mallet_pos.hpp
[7.306s] -- Up-to-date: /home/ubuntu/PucksInDeep/rosHockey/install/hockey_msgs/include/hockey_msgs
[7.306s] -- Up-to-date: /home/ubuntu/PucksInDeep/rosHockey/install/hockey_msgs/include/hockey_msgs/msg
[7.307s] -- Up-to-date: /home/ubuntu/PucksInDeep/rosHockey/install/hockey_msgs/include/hockey_msgs/msg/detail
[7.307s] -- Up-to-date: /home/ubuntu/PucksInDeep/rosHockey/install/hockey_msgs/include/hockey_msgs/msg/detail/mallet_pos__type_support.cpp
[7.308s] -- Up-to-date: /home/ubuntu/PucksInDeep/rosHockey/install/hockey_msgs/include/hockey_msgs/msg/detail/mallet_pos__rosidl_typesupport_introspection_cpp.hpp
[7.310s] -- Up-to-date: /home/ubuntu/PucksInDeep/rosHockey/install/hockey_msgs/lib/libhockey_msgs__rosidl_typesupport_introspection_cpp.so
[7.319s] -- Up-to-date: /home/ubuntu/PucksInDeep/rosHockey/install/hockey_msgs/lib/libhockey_msgs__rosidl_typesupport_cpp.so
[7.327s] -- Up-to-date: /home/ubuntu/PucksInDeep/rosHockey/install/hockey_msgs/share/hockey_msgs/environment/pythonpath.sh
[7.329s] -- Up-to-date: /home/ubuntu/PucksInDeep/rosHockey/install/hockey_msgs/share/hockey_msgs/environment/pythonpath.dsv
[7.330s] -- Up-to-date: /home/ubuntu/PucksInDeep/rosHockey/install/hockey_msgs/lib/python3.8/site-packages/hockey_msgs/__init__.py
[7.910s] -- Up-to-date: /home/ubuntu/PucksInDeep/rosHockey/install/hockey_msgs/lib/python3.8/site-packages/hockey_msgs/msg
[7.911s] -- Up-to-date: /home/ubuntu/PucksInDeep/rosHockey/install/hockey_msgs/lib/python3.8/site-packages/hockey_msgs/msg/__init__.py
[7.914s] -- Up-to-date: /home/ubuntu/PucksInDeep/rosHockey/install/hockey_msgs/lib/python3.8/site-packages/hockey_msgs/msg/_mallet_pos_s.c
[7.915s] -- Up-to-date: /home/ubuntu/PucksInDeep/rosHockey/install/hockey_msgs/lib/python3.8/site-packages/hockey_msgs/msg/_mallet_pos.py
[7.920s] -- Up-to-date: /home/ubuntu/PucksInDeep/rosHockey/install/hockey_msgs/lib/python3.8/site-packages/hockey_msgs/hockey_msgs_s__rosidl_typesupport_fastrtps_c.cpython-38-aarch64-linux-gnu.so
[7.939s] -- Up-to-date: /home/ubuntu/PucksInDeep/rosHockey/install/hockey_msgs/lib/python3.8/site-packages/hockey_msgs/hockey_msgs_s__rosidl_typesupport_introspection_c.cpython-38-aarch64-linux-gnu.so
[7.946s] -- Up-to-date: /home/ubuntu/PucksInDeep/rosHockey/install/hockey_msgs/lib/python3.8/site-packages/hockey_msgs/hockey_msgs_s__rosidl_typesupport_c.cpython-38-aarch64-linux-gnu.so
[7.950s] -- Up-to-date: /home/ubuntu/PucksInDeep/rosHockey/install/hockey_msgs/lib/libhockey_msgs__python.so
[7.955s] -- Up-to-date: /home/ubuntu/PucksInDeep/rosHockey/install/hockey_msgs/share/hockey_msgs/msg/MalletPos.idl
[7.956s] -- Up-to-date: /home/ubuntu/PucksInDeep/rosHockey/install/hockey_msgs/share/hockey_msgs/msg/MalletPos.msg
[7.958s] -- Up-to-date: /home/ubuntu/PucksInDeep/rosHockey/install/hockey_msgs/share/ament_index/resource_index/package_run_dependencies/hockey_msgs
[7.961s] -- Up-to-date: /home/ubuntu/PucksInDeep/rosHockey/install/hockey_msgs/share/ament_index/resource_index/parent_prefix_path/hockey_msgs
[7.962s] -- Up-to-date: /home/ubuntu/PucksInDeep/rosHockey/install/hockey_msgs/share/hockey_msgs/environment/ament_prefix_path.sh
[7.963s] -- Up-to-date: /home/ubuntu/PucksInDeep/rosHockey/install/hockey_msgs/share/hockey_msgs/environment/ament_prefix_path.dsv
[7.965s] -- Up-to-date: /home/ubuntu/PucksInDeep/rosHockey/install/hockey_msgs/share/hockey_msgs/environment/path.sh
[7.970s] -- Up-to-date: /home/ubuntu/PucksInDeep/rosHockey/install/hockey_msgs/share/hockey_msgs/environment/path.dsv
[7.970s] -- Up-to-date: /home/ubuntu/PucksInDeep/rosHockey/install/hockey_msgs/share/hockey_msgs/local_setup.bash
[7.973s] -- Up-to-date: /home/ubuntu/PucksInDeep/rosHockey/install/hockey_msgs/share/hockey_msgs/local_setup.sh
[7.974s] -- Up-to-date: /home/ubuntu/PucksInDeep/rosHockey/install/hockey_msgs/share/hockey_msgs/local_setup.zsh
[7.980s] -- Up-to-date: /home/ubuntu/PucksInDeep/rosHockey/install/hockey_msgs/share/hockey_msgs/local_setup.dsv
[7.986s] -- Installing: /home/ubuntu/PucksInDeep/rosHockey/install/hockey_msgs/share/hockey_msgs/package.dsv
[7.989s] -- Up-to-date: /home/ubuntu/PucksInDeep/rosHockey/install/hockey_msgs/share/ament_index/resource_index/packages/hockey_msgs
[7.992s] -- Up-to-date: /home/ubuntu/PucksInDeep/rosHockey/install/hockey_msgs/share/hockey_msgs/cmake/hockey_msgs__rosidl_generator_cExport.cmake
[8.004s] -- Up-to-date: /home/ubuntu/PucksInDeep/rosHockey/install/hockey_msgs/share/hockey_msgs/cmake/hockey_msgs__rosidl_generator_cExport-noconfig.cmake
[8.013s] -- Up-to-date: /home/ubuntu/PucksInDeep/rosHockey/install/hockey_msgs/share/hockey_msgs/cmake/hockey_msgs__rosidl_typesupport_introspection_cExport.cmake
[8.016s] -- Up-to-date: /home/ubuntu/PucksInDeep/rosHockey/install/hockey_msgs/share/hockey_msgs/cmake/hockey_msgs__rosidl_typesupport_introspection_cExport-noconfig.cmake
[8.025s] -- Up-to-date: /home/ubuntu/PucksInDeep/rosHockey/install/hockey_msgs/share/hockey_msgs/cmake/hockey_msgs__rosidl_typesupport_cExport.cmake
[8.027s] -- Up-to-date: /home/ubuntu/PucksInDeep/rosHockey/install/hockey_msgs/share/hockey_msgs/cmake/hockey_msgs__rosidl_typesupport_cExport-noconfig.cmake
[8.027s] -- Up-to-date: /home/ubuntu/PucksInDeep/rosHockey/install/hockey_msgs/share/hockey_msgs/cmake/hockey_msgs__rosidl_generator_cppExport.cmake
[8.028s] -- Up-to-date: /home/ubuntu/PucksInDeep/rosHockey/install/hockey_msgs/share/hockey_msgs/cmake/hockey_msgs__rosidl_typesupport_introspection_cppExport.cmake
[8.030s] -- Up-to-date: /home/ubuntu/PucksInDeep/rosHockey/install/hockey_msgs/share/hockey_msgs/cmake/hockey_msgs__rosidl_typesupport_introspection_cppExport-noconfig.cmake
[8.032s] -- Up-to-date: /home/ubuntu/PucksInDeep/rosHockey/install/hockey_msgs/share/hockey_msgs/cmake/hockey_msgs__rosidl_typesupport_cppExport.cmake
[8.037s] -- Up-to-date: /home/ubuntu/PucksInDeep/rosHockey/install/hockey_msgs/share/hockey_msgs/cmake/hockey_msgs__rosidl_typesupport_cppExport-noconfig.cmake
[8.038s] -- Up-to-date: /home/ubuntu/PucksInDeep/rosHockey/install/hockey_msgs/share/hockey_msgs/cmake/rosidl_cmake-extras.cmake
[8.039s] -- Up-to-date: /home/ubuntu/PucksInDeep/rosHockey/install/hockey_msgs/share/hockey_msgs/cmake/ament_cmake_export_dependencies-extras.cmake
[8.040s] -- Up-to-date: /home/ubuntu/PucksInDeep/rosHockey/install/hockey_msgs/share/hockey_msgs/cmake/ament_cmake_export_libraries-extras.cmake
[8.042s] -- Up-to-date: /home/ubuntu/PucksInDeep/rosHockey/install/hockey_msgs/share/hockey_msgs/cmake/ament_cmake_export_targets-extras.cmake
[8.053s] -- Up-to-date: /home/ubuntu/PucksInDeep/rosHockey/install/hockey_msgs/share/hockey_msgs/cmake/ament_cmake_export_include_directories-extras.cmake
[8.054s] -- Up-to-date: /home/ubuntu/PucksInDeep/rosHockey/install/hockey_msgs/share/hockey_msgs/cmake/rosidl_cmake_export_typesupport_libraries-extras.cmake
[8.055s] -- Up-to-date: /home/ubuntu/PucksInDeep/rosHockey/install/hockey_msgs/share/hockey_msgs/cmake/rosidl_cmake_export_typesupport_targets-extras.cmake
[8.056s] -- Up-to-date: /home/ubuntu/PucksInDeep/rosHockey/install/hockey_msgs/share/hockey_msgs/cmake/hockey_msgsConfig.cmake
[8.057s] -- Up-to-date: /home/ubuntu/PucksInDeep/rosHockey/install/hockey_msgs/share/hockey_msgs/cmake/hockey_msgsConfig-version.cmake
[8.061s] -- Up-to-date: /home/ubuntu/PucksInDeep/rosHockey/install/hockey_msgs/share/hockey_msgs/package.xml
[8.093s] Invoked command in '/home/ubuntu/PucksInDeep/rosHockey/build/hockey_msgs' returned '0': CMAKE_PREFIX_PATH=/opt/ros/foxy /usr/bin/cmake --install /home/ubuntu/PucksInDeep/rosHockey/build/hockey_msgs
