[5.886s] Invoking command in '/home/ubuntu/PucksInDeep/rosHockey/position_publisher': PYTHONPATH=/home/ubuntu/PucksInDeep/rosHockey/install/position_publisher/lib/python3.8/site-packages:${PYTHONPATH} /usr/bin/python3 setup.py egg_info --egg-base ../build/position_publisher build --build-base /home/ubuntu/PucksInDeep/rosHockey/build/position_publisher/build install --prefix /home/ubuntu/PucksInDeep/rosHockey/install/position_publisher --record /home/ubuntu/PucksInDeep/rosHockey/build/position_publisher/install.log --single-version-externally-managed
[9.811s] running egg_info
[9.816s] writing ../build/position_publisher/position_publisher.egg-info/PKG-INFO
[9.821s] writing dependency_links to ../build/position_publisher/position_publisher.egg-info/dependency_links.txt
[9.829s] writing entry points to ../build/position_publisher/position_publisher.egg-info/entry_points.txt
[9.834s] writing requirements to ../build/position_publisher/position_publisher.egg-info/requires.txt
[9.836s] writing top-level names to ../build/position_publisher/position_publisher.egg-info/top_level.txt
[10.192s] reading manifest file '../build/position_publisher/position_publisher.egg-info/SOURCES.txt'
[10.201s] writing manifest file '../build/position_publisher/position_publisher.egg-info/SOURCES.txt'
[10.206s] running build
[10.209s] running build_py
[10.228s] copying position_publisher/encoder.py -> /home/ubuntu/PucksInDeep/rosHockey/build/position_publisher/build/lib/position_publisher
[10.242s] copying position_publisher/position_publisher.py -> /home/ubuntu/PucksInDeep/rosHockey/build/position_publisher/build/lib/position_publisher
[10.259s] running install
[10.270s] running install_lib
[10.302s] copying /home/ubuntu/PucksInDeep/rosHockey/build/position_publisher/build/lib/position_publisher/encoder.py -> /home/ubuntu/PucksInDeep/rosHockey/install/position_publisher/lib/python3.8/site-packages/position_publisher
[10.305s] copying /home/ubuntu/PucksInDeep/rosHockey/build/position_publisher/build/lib/position_publisher/position_publisher.py -> /home/ubuntu/PucksInDeep/rosHockey/install/position_publisher/lib/python3.8/site-packages/position_publisher
[10.308s] byte-compiling /home/ubuntu/PucksInDeep/rosHockey/install/position_publisher/lib/python3.8/site-packages/position_publisher/encoder.py to encoder.cpython-38.pyc
[10.318s] byte-compiling /home/ubuntu/PucksInDeep/rosHockey/install/position_publisher/lib/python3.8/site-packages/position_publisher/position_publisher.py to position_publisher.cpython-38.pyc
[10.322s] running install_data
[10.331s] running install_egg_info
[10.332s] removing '/home/ubuntu/PucksInDeep/rosHockey/install/position_publisher/lib/python3.8/site-packages/position_publisher-0.0.0-py3.8.egg-info' (and everything under it)
[10.333s] Copying ../build/position_publisher/position_publisher.egg-info to /home/ubuntu/PucksInDeep/rosHockey/install/position_publisher/lib/python3.8/site-packages/position_publisher-0.0.0-py3.8.egg-info
[10.340s] running install_scripts
[10.600s] Installing position_publisher script to /home/ubuntu/PucksInDeep/rosHockey/install/position_publisher/lib/position_publisher
[10.603s] writing list of installed files to '/home/ubuntu/PucksInDeep/rosHockey/build/position_publisher/install.log'
[10.898s] Invoked command in '/home/ubuntu/PucksInDeep/rosHockey/position_publisher' returned '0': PYTHONPATH=/home/ubuntu/PucksInDeep/rosHockey/install/position_publisher/lib/python3.8/site-packages:${PYTHONPATH} /usr/bin/python3 setup.py egg_info --egg-base ../build/position_publisher build --build-base /home/ubuntu/PucksInDeep/rosHockey/build/position_publisher/build install --prefix /home/ubuntu/PucksInDeep/rosHockey/install/position_publisher --record /home/ubuntu/PucksInDeep/rosHockey/build/position_publisher/install.log --single-version-externally-managed
