[0.289s] Invoking command in '/home/ubuntu/PucksInDeep/rosHockey/build/hockey_msgs': CMAKE_PREFIX_PATH=${CMAKE_PREFIX_PATH}:/home/ubuntu/PucksInDeep/rosHockey/install/visualizer:/home/ubuntu/PucksInDeep/rosHockey/install/position_publisher:/home/ubuntu/PucksInDeep/rosHockey/install/keyboard_control:/opt/ros/foxy /usr/bin/cmake --build /home/ubuntu/PucksInDeep/rosHockey/build/hockey_msgs -- -j4 -l4
[4.690s] [  9%] Built target hockey_msgs__rosidl_generator_c
[4.696s] [ 12%] Built target hockey_msgs__cpp
[4.698s] [ 22%] Built target hockey_msgs__rosidl_typesupport_c
[4.704s] [ 32%] Built target hockey_msgs__rosidl_typesupport_introspection_c
[4.705s] [ 41%] Built target hockey_msgs__rosidl_typesupport_cpp
[4.706s] [ 51%] Built target hockey_msgs__rosidl_typesupport_fastrtps_cpp
[4.706s] [ 61%] Built target hockey_msgs__rosidl_typesupport_introspection_cpp
[4.707s] [ 70%] Built target hockey_msgs__rosidl_typesupport_fastrtps_c
[4.707s] [ 70%] Built target hockey_msgs
[4.708s] [ 74%] Built target hockey_msgs__py
[4.708s] [ 80%] Built target hockey_msgs__python
[4.709s] [ 87%] Built target hockey_msgs__rosidl_typesupport_fastrtps_c__pyext
[4.710s] [ 93%] Built target hockey_msgs__rosidl_typesupport_c__pyext
[4.710s] [100%] Built target hockey_msgs__rosidl_typesupport_introspection_c__pyext
[5.953s] Invoked command in '/home/ubuntu/PucksInDeep/rosHockey/build/hockey_msgs' returned '0': CMAKE_PREFIX_PATH=${CMAKE_PREFIX_PATH}:/home/ubuntu/PucksInDeep/rosHockey/install/visualizer:/home/ubuntu/PucksInDeep/rosHockey/install/position_publisher:/home/ubuntu/PucksInDeep/rosHockey/install/keyboard_control:/opt/ros/foxy /usr/bin/cmake --build /home/ubuntu/PucksInDeep/rosHockey/build/hockey_msgs -- -j4 -l4
[7.971s] Invoking command in '/home/ubuntu/PucksInDeep/rosHockey/build/hockey_msgs': CMAKE_PREFIX_PATH=${CMAKE_PREFIX_PATH}:/home/ubuntu/PucksInDeep/rosHockey/install/visualizer:/home/ubuntu/PucksInDeep/rosHockey/install/position_publisher:/home/ubuntu/PucksInDeep/rosHockey/install/keyboard_control:/opt/ros/foxy /usr/bin/cmake --install /home/ubuntu/PucksInDeep/rosHockey/build/hockey_msgs
[8.158s] -- Install configuration: ""
[8.165s] -- Up-to-date: /home/ubuntu/PucksInDeep/rosHockey/install/hockey_msgs/share/ament_index/resource_index/rosidl_interfaces/hockey_msgs
[8.166s] -- Up-to-date: /home/ubuntu/PucksInDeep/rosHockey/install/hockey_msgs/include/hockey_msgs
[8.171s] -- Up-to-date: /home/ubuntu/PucksInDeep/rosHockey/install/hockey_msgs/include/hockey_msgs/msg
[8.179s] -- Up-to-date: /home/ubuntu/PucksInDeep/rosHockey/install/hockey_msgs/include/hockey_msgs/msg/detail
[8.183s] -- Up-to-date: /home/ubuntu/PucksInDeep/rosHockey/install/hockey_msgs/include/hockey_msgs/msg/detail/mallet_pos__type_support.h
[8.187s] -- Up-to-date: /home/ubuntu/PucksInDeep/rosHockey/install/hockey_msgs/include/hockey_msgs/msg/detail/mallet_pos__struct.h
[8.188s] -- Up-to-date: /home/ubuntu/PucksInDeep/rosHockey/install/hockey_msgs/include/hockey_msgs/msg/detail/mallet_pos__functions.h
[8.189s] -- Up-to-date: /home/ubuntu/PucksInDeep/rosHockey/install/hockey_msgs/include/hockey_msgs/msg/detail/mallet_pos__functions.c
[8.193s] -- Up-to-date: /home/ubuntu/PucksInDeep/rosHockey/install/hockey_msgs/include/hockey_msgs/msg/rosidl_generator_c__visibility_control.h
[8.194s] -- Up-to-date: /home/ubuntu/PucksInDeep/rosHockey/install/hockey_msgs/include/hockey_msgs/msg/mallet_pos.h
[8.201s] -- Up-to-date: /home/ubuntu/PucksInDeep/rosHockey/install/hockey_msgs/share/hockey_msgs/environment/library_path.sh
[8.203s] -- Up-to-date: /home/ubuntu/PucksInDeep/rosHockey/install/hockey_msgs/share/hockey_msgs/environment/library_path.dsv
[8.211s] -- Up-to-date: /home/ubuntu/PucksInDeep/rosHockey/install/hockey_msgs/lib/libhockey_msgs__rosidl_generator_c.so
[8.218s] -- Up-to-date: /home/ubuntu/PucksInDeep/rosHockey/install/hockey_msgs/include/hockey_msgs
[8.219s] -- Up-to-date: /home/ubuntu/PucksInDeep/rosHockey/install/hockey_msgs/include/hockey_msgs/msg
[8.220s] -- Up-to-date: /home/ubuntu/PucksInDeep/rosHockey/install/hockey_msgs/include/hockey_msgs/msg/detail
[8.224s] -- Up-to-date: /home/ubuntu/PucksInDeep/rosHockey/install/hockey_msgs/include/hockey_msgs/msg/detail/mallet_pos__rosidl_typesupport_fastrtps_c.h
[8.225s] -- Up-to-date: /home/ubuntu/PucksInDeep/rosHockey/install/hockey_msgs/include/hockey_msgs/msg/rosidl_typesupport_fastrtps_c__visibility_control.h
[8.232s] -- Up-to-date: /home/ubuntu/PucksInDeep/rosHockey/install/hockey_msgs/lib/libhockey_msgs__rosidl_typesupport_fastrtps_c.so
[8.240s] -- Up-to-date: /home/ubuntu/PucksInDeep/rosHockey/install/hockey_msgs/include/hockey_msgs
[8.248s] -- Up-to-date: /home/ubuntu/PucksInDeep/rosHockey/install/hockey_msgs/include/hockey_msgs/msg
[8.249s] -- Up-to-date: /home/ubuntu/PucksInDeep/rosHockey/install/hockey_msgs/include/hockey_msgs/msg/detail
[8.251s] -- Up-to-date: /home/ubuntu/PucksInDeep/rosHockey/install/hockey_msgs/include/hockey_msgs/msg/detail/dds_fastrtps
[8.253s] -- Up-to-date: /home/ubuntu/PucksInDeep/rosHockey/install/hockey_msgs/include/hockey_msgs/msg/detail/mallet_pos__rosidl_typesupport_fastrtps_cpp.hpp
[8.254s] -- Up-to-date: /home/ubuntu/PucksInDeep/rosHockey/install/hockey_msgs/include/hockey_msgs/msg/rosidl_typesupport_fastrtps_cpp__visibility_control.h
[8.257s] -- Up-to-date: /home/ubuntu/PucksInDeep/rosHockey/install/hockey_msgs/lib/libhockey_msgs__rosidl_typesupport_fastrtps_cpp.so
[8.260s] -- Up-to-date: /home/ubuntu/PucksInDeep/rosHockey/install/hockey_msgs/include/hockey_msgs
[8.264s] -- Up-to-date: /home/ubuntu/PucksInDeep/rosHockey/install/hockey_msgs/include/hockey_msgs/msg
[8.276s] -- Up-to-date: /home/ubuntu/PucksInDeep/rosHockey/install/hockey_msgs/include/hockey_msgs/msg/detail
[8.278s] -- Up-to-date: /home/ubuntu/PucksInDeep/rosHockey/install/hockey_msgs/include/hockey_msgs/msg/detail/mallet_pos__rosidl_typesupport_introspection_c.h
[8.279s] -- Up-to-date: /home/ubuntu/PucksInDeep/rosHockey/install/hockey_msgs/include/hockey_msgs/msg/detail/mallet_pos__type_support.c
[8.281s] -- Up-to-date: /home/ubuntu/PucksInDeep/rosHockey/install/hockey_msgs/include/hockey_msgs/msg/rosidl_typesupport_introspection_c__visibility_control.h
[8.284s] -- Up-to-date: /home/ubuntu/PucksInDeep/rosHockey/install/hockey_msgs/lib/libhockey_msgs__rosidl_typesupport_introspection_c.so
[8.288s] -- Up-to-date: /home/ubuntu/PucksInDeep/rosHockey/install/hockey_msgs/lib/libhockey_msgs__rosidl_typesupport_c.so
[8.293s] -- Up-to-date: /home/ubuntu/PucksInDeep/rosHockey/install/hockey_msgs/include/hockey_msgs
[8.294s] -- Up-to-date: /home/ubuntu/PucksInDeep/rosHockey/install/hockey_msgs/include/hockey_msgs/msg
[8.305s] -- Up-to-date: /home/ubuntu/PucksInDeep/rosHockey/install/hockey_msgs/include/hockey_msgs/msg/detail
[8.307s] -- Up-to-date: /home/ubuntu/PucksInDeep/rosHockey/install/hockey_msgs/include/hockey_msgs/msg/detail/mallet_pos__traits.hpp
[8.309s] -- Up-to-date: /home/ubuntu/PucksInDeep/rosHockey/install/hockey_msgs/include/hockey_msgs/msg/detail/mallet_pos__struct.hpp
[8.310s] -- Up-to-date: /home/ubuntu/PucksInDeep/rosHockey/install/hockey_msgs/include/hockey_msgs/msg/detail/mallet_pos__builder.hpp
[8.312s] -- Up-to-date: /home/ubuntu/PucksInDeep/rosHockey/install/hockey_msgs/include/hockey_msgs/msg/mallet_pos.hpp
[8.314s] -- Up-to-date: /home/ubuntu/PucksInDeep/rosHockey/install/hockey_msgs/include/hockey_msgs
[8.315s] -- Up-to-date: /home/ubuntu/PucksInDeep/rosHockey/install/hockey_msgs/include/hockey_msgs/msg
[8.317s] -- Up-to-date: /home/ubuntu/PucksInDeep/rosHockey/install/hockey_msgs/include/hockey_msgs/msg/detail
[8.319s] -- Up-to-date: /home/ubuntu/PucksInDeep/rosHockey/install/hockey_msgs/include/hockey_msgs/msg/detail/mallet_pos__type_support.cpp
[8.321s] -- Up-to-date: /home/ubuntu/PucksInDeep/rosHockey/install/hockey_msgs/include/hockey_msgs/msg/detail/mallet_pos__rosidl_typesupport_introspection_cpp.hpp
[8.324s] -- Up-to-date: /home/ubuntu/PucksInDeep/rosHockey/install/hockey_msgs/lib/libhockey_msgs__rosidl_typesupport_introspection_cpp.so
[8.328s] -- Up-to-date: /home/ubuntu/PucksInDeep/rosHockey/install/hockey_msgs/lib/libhockey_msgs__rosidl_typesupport_cpp.so
[8.331s] -- Up-to-date: /home/ubuntu/PucksInDeep/rosHockey/install/hockey_msgs/share/hockey_msgs/environment/pythonpath.sh
[8.334s] -- Up-to-date: /home/ubuntu/PucksInDeep/rosHockey/install/hockey_msgs/share/hockey_msgs/environment/pythonpath.dsv
[8.336s] -- Up-to-date: /home/ubuntu/PucksInDeep/rosHockey/install/hockey_msgs/lib/python3.8/site-packages/hockey_msgs/__init__.py
[8.656s] -- Up-to-date: /home/ubuntu/PucksInDeep/rosHockey/install/hockey_msgs/lib/python3.8/site-packages/hockey_msgs/msg
[8.658s] -- Up-to-date: /home/ubuntu/PucksInDeep/rosHockey/install/hockey_msgs/lib/python3.8/site-packages/hockey_msgs/msg/__init__.py
[8.659s] -- Up-to-date: /home/ubuntu/PucksInDeep/rosHockey/install/hockey_msgs/lib/python3.8/site-packages/hockey_msgs/msg/_mallet_pos_s.c
[8.660s] -- Up-to-date: /home/ubuntu/PucksInDeep/rosHockey/install/hockey_msgs/lib/python3.8/site-packages/hockey_msgs/msg/_mallet_pos.py
[8.662s] -- Up-to-date: /home/ubuntu/PucksInDeep/rosHockey/install/hockey_msgs/lib/python3.8/site-packages/hockey_msgs/hockey_msgs_s__rosidl_typesupport_fastrtps_c.cpython-38-aarch64-linux-gnu.so
[8.666s] -- Up-to-date: /home/ubuntu/PucksInDeep/rosHockey/install/hockey_msgs/lib/python3.8/site-packages/hockey_msgs/hockey_msgs_s__rosidl_typesupport_introspection_c.cpython-38-aarch64-linux-gnu.so
[8.674s] -- Up-to-date: /home/ubuntu/PucksInDeep/rosHockey/install/hockey_msgs/lib/python3.8/site-packages/hockey_msgs/hockey_msgs_s__rosidl_typesupport_c.cpython-38-aarch64-linux-gnu.so
[8.679s] -- Up-to-date: /home/ubuntu/PucksInDeep/rosHockey/install/hockey_msgs/lib/libhockey_msgs__python.so
[8.681s] -- Up-to-date: /home/ubuntu/PucksInDeep/rosHockey/install/hockey_msgs/share/hockey_msgs/msg/MalletPos.idl
[8.683s] -- Up-to-date: /home/ubuntu/PucksInDeep/rosHockey/install/hockey_msgs/share/hockey_msgs/msg/MalletPos.msg
[8.685s] -- Up-to-date: /home/ubuntu/PucksInDeep/rosHockey/install/hockey_msgs/share/ament_index/resource_index/package_run_dependencies/hockey_msgs
[8.687s] -- Up-to-date: /home/ubuntu/PucksInDeep/rosHockey/install/hockey_msgs/share/ament_index/resource_index/parent_prefix_path/hockey_msgs
[8.688s] -- Up-to-date: /home/ubuntu/PucksInDeep/rosHockey/install/hockey_msgs/share/hockey_msgs/environment/ament_prefix_path.sh
[8.688s] -- Up-to-date: /home/ubuntu/PucksInDeep/rosHockey/install/hockey_msgs/share/hockey_msgs/environment/ament_prefix_path.dsv
[8.689s] -- Up-to-date: /home/ubuntu/PucksInDeep/rosHockey/install/hockey_msgs/share/hockey_msgs/environment/path.sh
[8.690s] -- Up-to-date: /home/ubuntu/PucksInDeep/rosHockey/install/hockey_msgs/share/hockey_msgs/environment/path.dsv
[8.709s] -- Up-to-date: /home/ubuntu/PucksInDeep/rosHockey/install/hockey_msgs/share/hockey_msgs/local_setup.bash
[8.710s] -- Up-to-date: /home/ubuntu/PucksInDeep/rosHockey/install/hockey_msgs/share/hockey_msgs/local_setup.sh
[8.711s] -- Up-to-date: /home/ubuntu/PucksInDeep/rosHockey/install/hockey_msgs/share/hockey_msgs/local_setup.zsh
[8.717s] -- Up-to-date: /home/ubuntu/PucksInDeep/rosHockey/install/hockey_msgs/share/hockey_msgs/local_setup.dsv
[8.724s] -- Installing: /home/ubuntu/PucksInDeep/rosHockey/install/hockey_msgs/share/hockey_msgs/package.dsv
[8.725s] -- Up-to-date: /home/ubuntu/PucksInDeep/rosHockey/install/hockey_msgs/share/ament_index/resource_index/packages/hockey_msgs
[8.726s] -- Up-to-date: /home/ubuntu/PucksInDeep/rosHockey/install/hockey_msgs/share/hockey_msgs/cmake/hockey_msgs__rosidl_generator_cExport.cmake
[8.727s] -- Up-to-date: /home/ubuntu/PucksInDeep/rosHockey/install/hockey_msgs/share/hockey_msgs/cmake/hockey_msgs__rosidl_generator_cExport-noconfig.cmake
[8.728s] -- Up-to-date: /home/ubuntu/PucksInDeep/rosHockey/install/hockey_msgs/share/hockey_msgs/cmake/hockey_msgs__rosidl_typesupport_introspection_cExport.cmake
[8.729s] -- Up-to-date: /home/ubuntu/PucksInDeep/rosHockey/install/hockey_msgs/share/hockey_msgs/cmake/hockey_msgs__rosidl_typesupport_introspection_cExport-noconfig.cmake
[8.755s] -- Up-to-date: /home/ubuntu/PucksInDeep/rosHockey/install/hockey_msgs/share/hockey_msgs/cmake/hockey_msgs__rosidl_typesupport_cExport.cmake
[8.756s] -- Up-to-date: /home/ubuntu/PucksInDeep/rosHockey/install/hockey_msgs/share/hockey_msgs/cmake/hockey_msgs__rosidl_typesupport_cExport-noconfig.cmake
[8.757s] -- Up-to-date: /home/ubuntu/PucksInDeep/rosHockey/install/hockey_msgs/share/hockey_msgs/cmake/hockey_msgs__rosidl_generator_cppExport.cmake
[8.758s] -- Up-to-date: /home/ubuntu/PucksInDeep/rosHockey/install/hockey_msgs/share/hockey_msgs/cmake/hockey_msgs__rosidl_typesupport_introspection_cppExport.cmake
[8.759s] -- Up-to-date: /home/ubuntu/PucksInDeep/rosHockey/install/hockey_msgs/share/hockey_msgs/cmake/hockey_msgs__rosidl_typesupport_introspection_cppExport-noconfig.cmake
[8.794s] -- Up-to-date: /home/ubuntu/PucksInDeep/rosHockey/install/hockey_msgs/share/hockey_msgs/cmake/hockey_msgs__rosidl_typesupport_cppExport.cmake
[8.795s] -- Up-to-date: /home/ubuntu/PucksInDeep/rosHockey/install/hockey_msgs/share/hockey_msgs/cmake/hockey_msgs__rosidl_typesupport_cppExport-noconfig.cmake
[8.796s] -- Up-to-date: /home/ubuntu/PucksInDeep/rosHockey/install/hockey_msgs/share/hockey_msgs/cmake/rosidl_cmake-extras.cmake
[8.797s] -- Up-to-date: /home/ubuntu/PucksInDeep/rosHockey/install/hockey_msgs/share/hockey_msgs/cmake/ament_cmake_export_dependencies-extras.cmake
[8.798s] -- Up-to-date: /home/ubuntu/PucksInDeep/rosHockey/install/hockey_msgs/share/hockey_msgs/cmake/ament_cmake_export_libraries-extras.cmake
[8.798s] -- Up-to-date: /home/ubuntu/PucksInDeep/rosHockey/install/hockey_msgs/share/hockey_msgs/cmake/ament_cmake_export_targets-extras.cmake
[8.799s] -- Up-to-date: /home/ubuntu/PucksInDeep/rosHockey/install/hockey_msgs/share/hockey_msgs/cmake/ament_cmake_export_include_directories-extras.cmake
[8.800s] -- Up-to-date: /home/ubuntu/PucksInDeep/rosHockey/install/hockey_msgs/share/hockey_msgs/cmake/rosidl_cmake_export_typesupport_libraries-extras.cmake
[8.801s] -- Up-to-date: /home/ubuntu/PucksInDeep/rosHockey/install/hockey_msgs/share/hockey_msgs/cmake/rosidl_cmake_export_typesupport_targets-extras.cmake
[8.802s] -- Up-to-date: /home/ubuntu/PucksInDeep/rosHockey/install/hockey_msgs/share/hockey_msgs/cmake/hockey_msgsConfig.cmake
[8.814s] -- Up-to-date: /home/ubuntu/PucksInDeep/rosHockey/install/hockey_msgs/share/hockey_msgs/cmake/hockey_msgsConfig-version.cmake
[8.815s] -- Up-to-date: /home/ubuntu/PucksInDeep/rosHockey/install/hockey_msgs/share/hockey_msgs/package.xml
[8.817s] Invoked command in '/home/ubuntu/PucksInDeep/rosHockey/build/hockey_msgs' returned '0': CMAKE_PREFIX_PATH=${CMAKE_PREFIX_PATH}:/home/ubuntu/PucksInDeep/rosHockey/install/visualizer:/home/ubuntu/PucksInDeep/rosHockey/install/position_publisher:/home/ubuntu/PucksInDeep/rosHockey/install/keyboard_control:/opt/ros/foxy /usr/bin/cmake --install /home/ubuntu/PucksInDeep/rosHockey/build/hockey_msgs
